===== System Information =====
Time: 2025-11-03T05:01:34.917
App: vDisplayManager
App Version: 3.2.0.1103
Qt Version: 6.5.3
OS: macOS 15.4
CPU Arch: arm64
Screen[0] Name: Built-in Retina Display
Screen[0] Size: 1800 x 1169 px
Screen[0] DPI: 72
Screen[0] Physical Size: 300.789mm x 195.346mm
Screen[1] Name: VG2748a
Screen[1] Size: 1920 x 1080 px
Screen[1] DPI: 72
Screen[1] Physical Size: 602.074mm x 338.667mm
==============================
[05:01:34.918]  [T:0x00e62] I: [ initialize ] CAppRunningNotifier server is running
[05:01:34.918]  [T:0x00e62] D: [LanguageManager] initSystemLanguage: loaded "en_US"
[05:01:35.326]  [T:0x00e62] I: [ loadGoogleInterFonts ] [Font] Loaded: ":/Resources/fonts/Inter-Regular.ttf" -> families: "Inter"
[05:01:35.328]  [T:0x00e62] I: [ loadGoogleInterFonts ] [Font] Loaded: ":/Resources/fonts/Inter-Medium.ttf" -> families: "Inter"
[05:01:35.330]  [T:0x00e62] I: [ loadGoogleInterFonts ] [Font] Loaded: ":/Resources/fonts/Inter-SemiBold.ttf" -> families: "Inter"
[05:01:35.764]  [T:0x00e62] I: [ CVsAiSensorManager ] VsAiSensor version: "1.0.8.0"
[05:01:35.785]  [T:0x00e62] I: [ importConfig ] "userConfigPath:/Users/pmsd/Library/Application Support/vDisplay Manager"
[05:01:36.219]  [T:0x00e62] I: [ init ] Initialize DisplayControl
[05:01:37.477]  [T:0x00e62] D: modelName =  "VG2748a"
[05:01:38.241]  [T:0x00e62] I: [ catchMonitors ] Monitor index:  1 / SN: "WTJ242500000" / Model Name: "VG2748a"
[05:01:38.242]  [T:0x00e62] I: [ catchMonitors ] Monitor position: 1800 / Monitor position y: 0
[05:01:38.242]  [T:0x00e62] I: [ catchMonitors ] Resolution is: 1920  *  1080
[05:01:38.242]  [T:0x00e62] I: [ catchMonitors ] Firmware version is: "M001"
[05:01:39.704]  [T:0x00e62] I: [ setVCPValue ] "Set VCP Name: Video Signal Auto Detect => 0x33, VCP value: On"
[05:01:39.705]  [T:0x00e62] I: [ syncMonitorsAction ] Sync monitor:  "VG2748a"
[05:01:39.921]  [T:0x00e62] I: [ getVCPValue ] VCP Description is  "Input Selection" VCP value is  17 VCP option name: "Digital Video (TMDS) 3 HDMI 1"
[05:01:40.242]  [T:0x00e62] I: [ getVCPValue ] VCP Description is  "Video Signal Auto Detect" VCP value is  2 VCP option name: "On"
[05:01:40.562]  [T:0x00e62] I: [ getVCPValue ] VCP Description is  "Display Application" VCP value is  0 VCP option name: "Off"
[05:01:40.879]  [T:0x00e62] I: [ getVCPValue ] VCP Description is  "Power Indicator" VCP value is  2 VCP option name: "On"
[05:01:41.198]  [T:0x00e62] I: [ getVCPValue ] VCP Description is  "Audio Mute" VCP value is  2 VCP option name: "Un-Mute the audio"
[05:01:41.517]  [T:0x00e62] I: [ getVCPValue ] VCP Description is  "Sharpness" VCP value is  2
[05:01:41.834]  [T:0x00e62] I: [ getVCPValue ] VCP Description is  "Blue Light Filter" VCP value is  0
[05:01:42.152]  [T:0x00e62] I: [ getVCPValue ] VCP Description is  "Signal Source List" VCP value is  16385
[05:01:42.475]  [T:0x00e62] I: [ getVCPValue ] VCP Description is  "Volume" VCP value is  50
[05:01:42.792]  [T:0x00e62] I: [ getVCPValue ] VCP Description is  "Brightness" VCP value is  90
[05:01:43.110]  [T:0x00e62] I: [ getVCPValue ] VCP Description is  "Battery Information" VCP value is  65535
[05:01:43.430]  [T:0x00e62] I: [ getVCPValue ] VCP Description is  "Contrast" VCP value is  70
[05:01:43.746]  [T:0x00e62] I: [ getVCPValue ] VCP Description is  "Advanced DCR" VCP value is  0 VCP option name: "Advanced DCR Off"
[05:01:44.062]  [T:0x00e62] I: [ getVCPValue ] VCP Description is  "Restore Factory Defaults" VCP value is  0
[05:01:44.164]  [T:0x00e62] W: [ getData ] Failed to get data, data is empty CDisplayDatabaseCommand::DisplayDatabaseElements::AllMonitorVCPXORMap
[05:01:44.164]  [T:0x00e62] W: [ getData ] Failed to get data, data is empty CDisplayDatabaseCommand::DisplayDatabaseElements::ALLMonitorVCPOptionMap
[05:01:44.165]  [T:0x00e62] I: [ initializeAutoScreenPivot ] connectedMonitorSet:  QSet("VG2748a,WTJ242500000")
[05:01:44.165]  [T:0x00e62] I: [ initializeAutoScreenPivot ] mAutoMonitorSet:  QSet()
[05:01:44.165]  [T:0x00e62] I: [ operator() ] Register DisplayChangeEventHandler and set callback function
[05:01:44.166]  [T:0x00e62] I: [ CMacWakeUpEventHandler ] Successful creation of WakeUp Event Handler
[05:01:44.167]  [T:0x00e62] I: [ getValue ] No such key in JSON object:  std::vector("focused_attention", "enable")
[05:01:44.168]  [T:0x00e62] I: [ setCConfigModule ] mEnableDetect from config: false
[05:01:44.168]  [T:0x00e62] D: [ convertToRegexPatternAppVersion ] "[ GA4 ] Error         : RegexAppVerion Validate FAIL - Invalid format: [3.2.0.1103]"
[05:01:44.168]  [T:0x00e62] D: [ convertToRegexPatternAppVersion ] "[ GA4 ] OK            : RegexAppVerion Validate OK: [v3.2.0.1103]"
[05:01:44.389]  [T:0x00e62] I: [ getVCPValue ] VCP Description is  "Input Selection" VCP value is  17 VCP option name: "Digital Video (TMDS) 3 HDMI 1"
[05:01:44.389]  [T:0x00e62] D: [ convertToRegexPatternCommon ] "[ GA4 ] Error         : RegexCommon Validate FAIL - Invalid format: [Digital Video (TMDS) 3 HDMI 1]"
[05:01:44.389]  [T:0x00e62] D: [ convertToRegexPatternCommon ] "[ GA4 ] Fix           : Remove unmatch characters - format: [DigitalVideoTMDS3HDMI1]"
[05:01:44.390]  [T:0x00e62] D: [ logJsonToFile ] [ GA4 ] Measurement ID: "G-KKDK7WGP01"
[05:01:44.390]  [T:0x00e62] D: [ logJsonToFile ] [ GA4 ] API Secret    : "fPUEw5twT0m0JCHyRiP-Ww"
[05:01:44.390]  [T:0x00e62] D: [ logJsonToFile ] [ GA4 ] Client ID     : "b018b7099fc58c7beb053768e111032f2e57938d601230ca1d1c528f8d063088"
[05:01:44.390]  [T:0x00e62] D: [ logJsonToFile ] [ GA4 ] Payload       :
: "{\n    \"client_id\": \"b018b7099fc58c7beb053768e111032f2e57938d601230ca1d1c528f8d063088\",\n    \"events\": [\n        {\n            \"name\": \"app_open\",\n            \"params\": {\n                \"OS_version\": \"Mac\",\n                \"app_version\": \"v3.2.0.1103\",\n                \"connected_monitor\": \"VG2748a\",\n                \"video_port\": \"DigitalVideoTMDS3HDMI1\"\n            }\n        }\n    ]\n}\n"
[05:01:44.666]  [T:0x00e62] D: [ logJsonToFile ] [ GA4 ] Measurement ID: "G-KKDK7WGP01"
[05:01:44.666]  [T:0x00e62] D: [ logJsonToFile ] [ GA4 ] API Secret    : "fPUEw5twT0m0JCHyRiP-Ww"
[05:01:44.666]  [T:0x00e62] D: [ logJsonToFile ] [ GA4 ] Client ID     : "b018b7099fc58c7beb053768e111032f2e57938d601230ca1d1c528f8d063088"
[05:01:44.666]  [T:0x00e62] D: [ logJsonToFile ] [ GA4 ] Payload       :
: "{\n    \"client_id\": \"b018b7099fc58c7beb053768e111032f2e57938d601230ca1d1c528f8d063088\",\n    \"events\": [\n        {\n            \"name\": \"select_monitor\",\n            \"params\": {\n                \"OS_version\": \"Mac\",\n                \"monitor_model\": \"VG2748a\"\n            }\n        }\n    ]\n}\n"
[05:01:44.666]  [T:0x00e62] D: [ convertToRegexPatternCommon ] "[ GA4 ] Error         : RegexCommon Validate FAIL - Invalid format: [Digital Video (TMDS) 3 HDMI 1]"
[05:01:44.666]  [T:0x00e62] D: [ convertToRegexPatternCommon ] "[ GA4 ] Fix           : Remove unmatch characters - format: [DigitalVideoTMDS3HDMI1]"
[05:01:44.666]  [T:0x00e62] D: [ logJsonToFile ] [ GA4 ] Measurement ID: "G-KKDK7WGP01"
[05:01:44.666]  [T:0x00e62] D: [ logJsonToFile ] [ GA4 ] API Secret    : "fPUEw5twT0m0JCHyRiP-Ww"
[05:01:44.666]  [T:0x00e62] D: [ logJsonToFile ] [ GA4 ] Client ID     : "b018b7099fc58c7beb053768e111032f2e57938d601230ca1d1c528f8d063088"
[05:01:44.666]  [T:0x00e62] D: [ logJsonToFile ] [ GA4 ] Payload       :
: "{\n    \"client_id\": \"b018b7099fc58c7beb053768e111032f2e57938d601230ca1d1c528f8d063088\",\n    \"events\": [\n        {\n            \"name\": \"input_source\",\n            \"params\": {\n                \"OS_version\": \"Mac\",\n                \"auto_input_source\": \"on\",\n                \"manual_input_source\": \"DigitalVideoTMDS3HDMI1\"\n            }\n        }\n    ]\n}\n"
[05:01:44.666]  [T:0x00e62] D: [ logJsonToFile ] [ GA4 ] Measurement ID: "G-KKDK7WGP01"
[05:01:44.666]  [T:0x00e62] D: [ logJsonToFile ] [ GA4 ] API Secret    : "fPUEw5twT0m0JCHyRiP-Ww"
[05:01:44.666]  [T:0x00e62] D: [ logJsonToFile ] [ GA4 ] Client ID     : "b018b7099fc58c7beb053768e111032f2e57938d601230ca1d1c528f8d063088"
[05:01:44.666]  [T:0x00e62] D: [ logJsonToFile ] [ GA4 ] Payload       :
: "{\n    \"client_id\": \"b018b7099fc58c7beb053768e111032f2e57938d601230ca1d1c528f8d063088\",\n    \"events\": [\n        {\n            \"name\": \"screen_pivot\",\n            \"params\": {\n                \"OS_version\": \"Mac\",\n                \"auto_pivot\": \"off\"\n            }\n        }\n    ]\n}\n"
[05:01:44.666]  [T:0x00e62] D: [ convertToRegexPatternCommon ] "[ GA4 ] Error         : RegexCommon Validate FAIL - Invalid format: [Off]"
[05:01:44.666]  [T:0x00e62] D: [ convertToRegexPatternCommon ] "[ GA4 ] Fix           : Remove unmatch characters - format: [Off]"
[05:01:44.666]  [T:0x00e62] D: [ logJsonToFile ] [ GA4 ] Measurement ID: "G-KKDK7WGP01"
[05:01:44.666]  [T:0x00e62] D: [ logJsonToFile ] [ GA4 ] API Secret    : "fPUEw5twT0m0JCHyRiP-Ww"
[05:01:44.666]  [T:0x00e62] D: [ logJsonToFile ] [ GA4 ] Client ID     : "b018b7099fc58c7beb053768e111032f2e57938d601230ca1d1c528f8d063088"
[05:01:44.666]  [T:0x00e62] D: [ logJsonToFile ] [ GA4 ] Payload       :
: "{\n    \"client_id\": \"b018b7099fc58c7beb053768e111032f2e57938d601230ca1d1c528f8d063088\",\n    \"events\": [\n        {\n            \"name\": \"view_mode\",\n            \"params\": {\n                \"OS_version\": \"Mac\",\n                \"view_mode\": \"Off\"\n            }\n        }\n    ]\n}\n"
[05:01:45.144]  [T:0x00e62] D: AppScale.scaleFactor: 1
[05:01:45.144]  [T:0x00e62] D: AppScale.windowHeight: 787
[05:01:45.240]  [T:0x00e62] W: Layer-backing is always enabled.  QT_MAC_WANTS_LAYER/_q_mac_wantsLayer has no effect.
[05:01:45.245]  [T:0x00e62] D: intellgenceCondition: false
[05:01:45.245]  [T:0x00e62] D: Width: 1000
[05:01:45.245]  [T:0x00e62] D: Height: 787
[05:01:45.245]  [T:0x00e62] D: Minimum Width: 1000
[05:01:45.245]  [T:0x00e62] D: Minimum Height: 787
[05:01:45.245]  [T:0x00e62] D: _mainApplicationWindow.x: 400
[05:01:45.245]  [T:0x00e62] D: _mainApplicationWindow.y: 170
[05:01:45.249]  [T:0x00e62] W: [ getVCPValue ] No VCP value
[05:01:45.249]  [T:0x00e62] W: [ getData ] Data type is wrong CDisplayDatabaseCommand::DisplayDatabaseElements::VCPValue QVariant(QVariantList, QList(QVariant(int, 0), QVariant(QString, "Color Temperature")))
[05:01:45.249]  [T:0x00e62] W: [ getVCPValueByIndex ] Failed to get VCP value "Color Temperature" QVariant(int, 0)
[05:01:45.249]  [T:0x00e62] W: [ VDMCustomComboBox.qml::_selfRectangle::updateUI() ], Get wrong vcp value, value is empty, description is: Color Temperature
[05:01:45.249]  [T:0x00e62] W: [ getVCPValueByMonitorIndex ] No VCP value
[05:01:45.249]  [T:0x00e62] W: [ getData ] Data type is wrong CDisplayDatabaseCommand::DisplayDatabaseElements::VCPValueByMonitorIndex QVariant(QVariantList, QList(QVariant(int, 0), QVariant(QString, "Color Temperature")))
[05:01:45.444]  [T:0x00e62] D: [VDMCustomSlider] updateUI OK, description = Brightness
[05:01:45.444]  [T:0x00e62] D: [VDMCustomSlider] updateUI OK, description = Contrast
[05:01:45.445]  [T:0x00e62] D: [VDMCustomSlider] updateUI OK, description = Sharpness
[05:01:45.445]  [T:0x00e62] D: [VDMCustomSlider] updateUI OK, description = Blue Light Filter
[05:01:45.445]  [T:0x00e62] D: [VDMCustomSlider] updateUI OK, description = Volume
[05:01:45.563]  [T:0x55018] I: [ setVCPValue ] "Set VCP Name: Video Signal Auto Detect => 0x33, VCP value: On"
[05:01:45.564]  [T:0x00e62] D: [VDMCustomSlider] updateUI OK, description = Brightness
[05:01:45.564]  [T:0x00e62] D: [VDMCustomSlider] updateUI OK, description = Contrast
[05:01:45.564]  [T:0x00e62] D: [VDMCustomSlider] updateUI OK, description = Sharpness
[05:01:45.564]  [T:0x00e62] D: [VDMCustomSlider] updateUI OK, description = Blue Light Filter
[05:01:45.564]  [T:0x00e62] D: [VDMCustomSlider] updateUI OK, description = Volume
[05:01:45.564]  [T:0x00e62] W: [ getVCPValue ] No VCP value
[05:01:45.564]  [T:0x00e62] W: [ getData ] Data type is wrong CDisplayDatabaseCommand::DisplayDatabaseElements::VCPValue QVariant(QVariantList, QList(QVariant(int, 0), QVariant(QString, "Color Temperature")))
[05:01:45.564]  [T:0x00e62] W: [ getVCPValueByIndex ] Failed to get VCP value "Color Temperature" QVariant(int, 0)
[05:01:45.565]  [T:0x00e62] W: [ VDMCustomComboBox.qml::_selfRectangle::updateUI() ], Get wrong vcp value, value is empty, description is: Color Temperature
[05:01:45.565]  [T:0x00e62] W: [ getVCPValueByMonitorIndex ] No VCP value
[05:01:45.565]  [T:0x00e62] W: [ getData ] Data type is wrong CDisplayDatabaseCommand::DisplayDatabaseElements::VCPValueByMonitorIndex QVariant(QVariantList, QList(QVariant(int, 0), QVariant(QString, "Color Temperature")))
[05:01:45.828]  [T:0x00e62] D: isSupportAIMode:false
[05:01:45.828]  [T:0x00e62] D: isSupportAIMode:false
[05:01:45.843]  [T:0x00e62] D: [ operator() ] "[ GA4 ] OK            : GA4 event [screen_pivot] sent successfully. Response: "
[05:01:45.844]  [T:0x00e62] D: [ operator() ] "[ GA4 ] OK            : GA4 event [view_mode] sent successfully. Response: "
[05:01:45.844]  [T:0x00e62] D: [ operator() ] "[ GA4 ] OK            : GA4 event [input_source] sent successfully. Response: "
[05:01:45.844]  [T:0x00e62] D: [ operator() ] "[ GA4 ] OK            : GA4 event [app_open] sent successfully. Response: "
[05:01:45.844]  [T:0x00e62] D: [ operator() ] "[ GA4 ] OK            : GA4 event [select_monitor] sent successfully. Response: "
[05:02:11.770]  [T:0x55018] I: [ setVCPValue ] "Set VCP Name: Video Signal Auto Detect => 0x33, VCP value: Off"
[05:02:11.771]  [T:0x00e62] D: [VDMCustomSlider] updateUI OK, description = Brightness
[05:02:11.771]  [T:0x00e62] D: [VDMCustomSlider] updateUI OK, description = Contrast
[05:02:11.771]  [T:0x00e62] D: [VDMCustomSlider] updateUI OK, description = Sharpness
[05:02:11.771]  [T:0x00e62] D: [VDMCustomSlider] updateUI OK, description = Blue Light Filter
[05:02:11.771]  [T:0x00e62] D: [VDMCustomSlider] updateUI OK, description = Volume
[05:02:11.772]  [T:0x00e62] W: [ getVCPValue ] No VCP value
[05:02:11.772]  [T:0x00e62] W: [ getData ] Data type is wrong CDisplayDatabaseCommand::DisplayDatabaseElements::VCPValue QVariant(QVariantList, QList(QVariant(int, 0), QVariant(QString, "Color Temperature")))
[05:02:11.772]  [T:0x00e62] W: [ getVCPValueByIndex ] Failed to get VCP value "Color Temperature" QVariant(int, 0)
[05:02:11.772]  [T:0x00e62] W: [ VDMCustomComboBox.qml::_selfRectangle::updateUI() ], Get wrong vcp value, value is empty, description is: Color Temperature
[05:02:11.772]  [T:0x00e62] W: [ getVCPValueByMonitorIndex ] No VCP value
[05:02:11.772]  [T:0x00e62] W: [ getData ] Data type is wrong CDisplayDatabaseCommand::DisplayDatabaseElements::VCPValueByMonitorIndex QVariant(QVariantList, QList(QVariant(int, 0), QVariant(QString, "Color Temperature")))
[05:02:11.772]  [T:0x00e62] D: [ convertToRegexPatternCommon ] "[ GA4 ] Error         : RegexCommon Validate FAIL - Invalid format: [Digital Video (TMDS) 3 HDMI 1]"
[05:02:11.772]  [T:0x00e62] D: [ convertToRegexPatternCommon ] "[ GA4 ] Fix           : Remove unmatch characters - format: [DigitalVideoTMDS3HDMI1]"
[05:02:11.772]  [T:0x00e62] D: [ logJsonToFile ] [ GA4 ] Measurement ID: "G-KKDK7WGP01"
[05:02:11.772]  [T:0x00e62] D: [ logJsonToFile ] [ GA4 ] API Secret    : "fPUEw5twT0m0JCHyRiP-Ww"
[05:02:11.772]  [T:0x00e62] D: [ logJsonToFile ] [ GA4 ] Client ID     : "b018b7099fc58c7beb053768e111032f2e57938d601230ca1d1c528f8d063088"
[05:02:11.772]  [T:0x00e62] D: [ logJsonToFile ] [ GA4 ] Payload       :
: "{\n    \"client_id\": \"b018b7099fc58c7beb053768e111032f2e57938d601230ca1d1c528f8d063088\",\n    \"events\": [\n        {\n            \"name\": \"input_source\",\n            \"params\": {\n                \"OS_version\": \"Mac\",\n                \"auto_input_source\": \"off\",\n                \"manual_input_source\": \"DigitalVideoTMDS3HDMI1\"\n            }\n        }\n    ]\n}\n"
[05:02:11.780]  [T:0x00e62] D: [ operator() ] "[ GA4 ] OK            : GA4 event [input_source] sent successfully. Response: "
[05:02:41.872]  [T:0x00e62] I: [ setAutoPivotThread ] AutoPivotWorkThread stopped
[05:02:43.607]  [T:0x931e0] I: [ setVCPValue ] "Set VCP Name: Restore Factory Defaults => 0x4, VCP value: 1"
[05:02:48.711]  [T:0x931e0] I: [ waitForResetMonitorReady ] reset monitor is not connect : 0
[05:02:48.711]  [T:0x931e0] I: [ init ] Initialize DisplayControl
[05:02:50.122]  [T:0x931e0] I: [ syncMonitorsAction ] Sync monitor:  "VG2748a"
[05:02:50.379]  [T:0x931e0] I: [ getVCPValue ] VCP Description is  "Input Selection" VCP value is  17 VCP option name: "Digital Video (TMDS) 3 HDMI 1"
[05:02:50.690]  [T:0x931e0] I: [ getVCPValue ] VCP Description is  "Video Signal Auto Detect" VCP value is  2 VCP option name: "On"
[05:02:50.995]  [T:0x931e0] I: [ getVCPValue ] VCP Description is  "Display Application" VCP value is  0 VCP option name: "Off"
[05:02:51.298]  [T:0x931e0] I: [ getVCPValue ] VCP Description is  "Power Indicator" VCP value is  2 VCP option name: "On"
[05:02:51.602]  [T:0x931e0] I: [ getVCPValue ] VCP Description is  "Audio Mute" VCP value is  2 VCP option name: "Un-Mute the audio"
[05:02:51.906]  [T:0x931e0] I: [ getVCPValue ] VCP Description is  "Sharpness" VCP value is  2
[05:02:52.211]  [T:0x931e0] I: [ getVCPValue ] VCP Description is  "Blue Light Filter" VCP value is  0
[05:02:52.517]  [T:0x931e0] I: [ getVCPValue ] VCP Description is  "Signal Source List" VCP value is  16385
[05:02:52.828]  [T:0x931e0] I: [ getVCPValue ] VCP Description is  "Volume" VCP value is  50
[05:02:53.134]  [T:0x931e0] I: [ getVCPValue ] VCP Description is  "Brightness" VCP value is  90
[05:02:53.442]  [T:0x931e0] I: [ getVCPValue ] VCP Description is  "Battery Information" VCP value is  65535
[05:02:53.748]  [T:0x931e0] I: [ getVCPValue ] VCP Description is  "Contrast" VCP value is  70
[05:02:54.054]  [T:0x931e0] I: [ getVCPValue ] VCP Description is  "Advanced DCR" VCP value is  0 VCP option name: "Advanced DCR Off"
[05:02:54.365]  [T:0x931e0] I: [ getVCPValue ] VCP Description is  "Restore Factory Defaults" VCP value is  0
[05:02:54.466]  [T:0x00e62] D: [VDMCustomSlider] updateUI OK, description = Brightness
[05:02:54.466]  [T:0x00e62] D: [VDMCustomSlider] updateUI OK, description = Contrast
[05:02:54.466]  [T:0x00e62] D: [VDMCustomSlider] updateUI OK, description = Sharpness
[05:02:54.466]  [T:0x00e62] D: [VDMCustomSlider] updateUI OK, description = Blue Light Filter
[05:02:54.466]  [T:0x00e62] D: [VDMCustomSlider] updateUI OK, description = Volume
[05:02:54.466]  [T:0x00e62] W: [ getVCPValue ] No VCP value
[05:02:54.466]  [T:0x00e62] W: [ getData ] Data type is wrong CDisplayDatabaseCommand::DisplayDatabaseElements::VCPValue QVariant(QVariantList, QList(QVariant(int, 0), QVariant(QString, "Color Temperature")))
[05:02:54.466]  [T:0x00e62] W: [ getVCPValueByIndex ] Failed to get VCP value "Color Temperature" QVariant(int, 0)
[05:02:54.466]  [T:0x00e62] W: [ VDMCustomComboBox.qml::_selfRectangle::updateUI() ], Get wrong vcp value, value is empty, description is: Color Temperature
[05:02:54.466]  [T:0x00e62] W: [ getVCPValueByMonitorIndex ] No VCP value
[05:02:54.467]  [T:0x00e62] W: [ getData ] Data type is wrong CDisplayDatabaseCommand::DisplayDatabaseElements::VCPValueByMonitorIndex QVariant(QVariantList, QList(QVariant(int, 0), QVariant(QString, "Color Temperature")))
[05:02:54.774]  [T:0x931e0] I: [ setVCPValue ] "Set VCP Name: Video Signal Auto Detect => 0x33, VCP value: On"
[05:02:54.775]  [T:0x00e62] D: [VDMCustomSlider] updateUI OK, description = Brightness
[05:02:54.775]  [T:0x00e62] D: [VDMCustomSlider] updateUI OK, description = Contrast
[05:02:54.775]  [T:0x00e62] D: [VDMCustomSlider] updateUI OK, description = Sharpness
[05:02:54.775]  [T:0x00e62] D: [VDMCustomSlider] updateUI OK, description = Blue Light Filter
[05:02:54.775]  [T:0x00e62] D: [VDMCustomSlider] updateUI OK, description = Volume
[05:02:54.775]  [T:0x00e62] W: [ getVCPValue ] No VCP value
[05:02:54.775]  [T:0x00e62] W: [ getData ] Data type is wrong CDisplayDatabaseCommand::DisplayDatabaseElements::VCPValue QVariant(QVariantList, QList(QVariant(int, 0), QVariant(QString, "Color Temperature")))
[05:02:54.775]  [T:0x00e62] W: [ getVCPValueByIndex ] Failed to get VCP value "Color Temperature" QVariant(int, 0)
[05:02:54.775]  [T:0x00e62] W: [ VDMCustomComboBox.qml::_selfRectangle::updateUI() ], Get wrong vcp value, value is empty, description is: Color Temperature
[05:02:54.775]  [T:0x00e62] W: [ getVCPValueByMonitorIndex ] No VCP value
[05:02:54.775]  [T:0x00e62] W: [ getData ] Data type is wrong CDisplayDatabaseCommand::DisplayDatabaseElements::VCPValueByMonitorIndex QVariant(QVariantList, QList(QVariant(int, 0), QVariant(QString, "Color Temperature")))
[05:02:54.775]  [T:0x00e62] D: [ convertToRegexPatternCommon ] "[ GA4 ] Error         : RegexCommon Validate FAIL - Invalid format: [Digital Video (TMDS) 3 HDMI 1]"
[05:02:54.775]  [T:0x00e62] D: [ convertToRegexPatternCommon ] "[ GA4 ] Fix           : Remove unmatch characters - format: [DigitalVideoTMDS3HDMI1]"
[05:02:54.776]  [T:0x00e62] D: [ logJsonToFile ] [ GA4 ] Measurement ID: "G-KKDK7WGP01"
[05:02:54.776]  [T:0x00e62] D: [ logJsonToFile ] [ GA4 ] API Secret    : "fPUEw5twT0m0JCHyRiP-Ww"
[05:02:54.776]  [T:0x00e62] D: [ logJsonToFile ] [ GA4 ] Client ID     : "b018b7099fc58c7beb053768e111032f2e57938d601230ca1d1c528f8d063088"
[05:02:54.776]  [T:0x00e62] D: [ logJsonToFile ] [ GA4 ] Payload       :
: "{\n    \"client_id\": \"b018b7099fc58c7beb053768e111032f2e57938d601230ca1d1c528f8d063088\",\n    \"events\": [\n        {\n            \"name\": \"input_source\",\n            \"params\": {\n                \"OS_version\": \"Mac\",\n                \"auto_input_source\": \"on\",\n                \"manual_input_source\": \"DigitalVideoTMDS3HDMI1\"\n            }\n        }\n    ]\n}\n"
[05:02:55.041]  [T:0x00e62] D: [VDMCustomSlider] updateUI OK, description = Brightness
[05:02:55.042]  [T:0x00e62] D: [VDMCustomSlider] updateUI OK, description = Contrast
[05:02:55.042]  [T:0x00e62] D: [VDMCustomSlider] updateUI OK, description = Sharpness
[05:02:55.042]  [T:0x00e62] D: [VDMCustomSlider] updateUI OK, description = Blue Light Filter
[05:02:55.043]  [T:0x00e62] D: [VDMCustomSlider] updateUI OK, description = Volume
[05:02:55.043]  [T:0x00e62] W: [ getVCPValue ] No VCP value
[05:02:55.043]  [T:0x00e62] W: [ getData ] Data type is wrong CDisplayDatabaseCommand::DisplayDatabaseElements::VCPValue QVariant(QVariantList, QList(QVariant(int, 0), QVariant(QString, "Color Temperature")))
[05:02:55.043]  [T:0x00e62] W: [ getVCPValueByIndex ] Failed to get VCP value "Color Temperature" QVariant(int, 0)
[05:02:55.043]  [T:0x00e62] W: [ VDMCustomComboBox.qml::_selfRectangle::updateUI() ], Get wrong vcp value, value is empty, description is: Color Temperature
[05:02:55.044]  [T:0x00e62] W: [ getVCPValueByMonitorIndex ] No VCP value
[05:02:55.044]  [T:0x00e62] W: [ getData ] Data type is wrong CDisplayDatabaseCommand::DisplayDatabaseElements::VCPValueByMonitorIndex QVariant(QVariantList, QList(QVariant(int, 0), QVariant(QString, "Color Temperature")))
[05:02:55.044]  [T:0x00e62] D: intellgenceCondition: false
[05:02:55.049]  [T:0x00e62] W: [ getVCPValue ] No VCP value
[05:02:55.050]  [T:0x00e62] W: [ getData ] Data type is wrong CDisplayDatabaseCommand::DisplayDatabaseElements::VCPValue QVariant(QVariantList, QList(QVariant(int, 0), QVariant(QString, "Color Temperature")))
[05:02:55.050]  [T:0x00e62] W: [ getVCPValueByIndex ] Failed to get VCP value "Color Temperature" QVariant(int, 0)
[05:02:55.050]  [T:0x00e62] W: [ VDMCustomComboBox.qml::_selfRectangle::updateUI() ], Get wrong vcp value, value is empty, description is: Color Temperature
[05:02:55.050]  [T:0x00e62] W: [ getVCPValueByMonitorIndex ] No VCP value
[05:02:55.050]  [T:0x00e62] W: [ getData ] Data type is wrong CDisplayDatabaseCommand::DisplayDatabaseElements::VCPValueByMonitorIndex QVariant(QVariantList, QList(QVariant(int, 0), QVariant(QString, "Color Temperature")))
[05:02:55.050]  [T:0x00e62] D: isSupportAIMode:false
[05:02:55.050]  [T:0x00e62] D: [VDMCustomSlider] updateUI OK, description = Brightness
[05:02:55.050]  [T:0x00e62] D: [VDMCustomSlider] updateUI OK, description = Contrast
[05:02:55.051]  [T:0x00e62] D: [VDMCustomSlider] updateUI OK, description = Sharpness
[05:02:55.051]  [T:0x00e62] D: [VDMCustomSlider] updateUI OK, description = Blue Light Filter
[05:02:55.051]  [T:0x00e62] D: [VDMCustomSlider] updateUI OK, description = Volume
[05:02:55.051]  [T:0x00e62] W: [ getVCPValue ] No VCP value
[05:02:55.051]  [T:0x00e62] W: [ getData ] Data type is wrong CDisplayDatabaseCommand::DisplayDatabaseElements::VCPValue QVariant(QVariantList, QList(QVariant(int, 0), QVariant(QString, "Color Temperature")))
[05:02:55.051]  [T:0x00e62] W: [ getVCPValueByIndex ] Failed to get VCP value "Color Temperature" QVariant(int, 0)
[05:02:55.051]  [T:0x00e62] W: [ VDMCustomComboBox.qml::_selfRectangle::updateUI() ], Get wrong vcp value, value is empty, description is: Color Temperature
[05:02:55.052]  [T:0x00e62] W: [ getVCPValueByMonitorIndex ] No VCP value
[05:02:55.052]  [T:0x00e62] W: [ getData ] Data type is wrong CDisplayDatabaseCommand::DisplayDatabaseElements::VCPValueByMonitorIndex QVariant(QVariantList, QList(QVariant(int, 0), QVariant(QString, "Color Temperature")))
[05:02:55.307]  [T:0x00e62] D: [VDMCustomSlider] updateUI OK, description = Brightness
[05:02:55.308]  [T:0x00e62] D: [VDMCustomSlider] updateUI OK, description = Contrast
[05:02:55.308]  [T:0x00e62] D: [VDMCustomSlider] updateUI OK, description = Sharpness
[05:02:55.308]  [T:0x00e62] D: [VDMCustomSlider] updateUI OK, description = Blue Light Filter
[05:02:55.309]  [T:0x00e62] D: [VDMCustomSlider] updateUI OK, description = Volume
[05:02:55.309]  [T:0x00e62] W: [ getVCPValue ] No VCP value
[05:02:55.309]  [T:0x00e62] W: [ getData ] Data type is wrong CDisplayDatabaseCommand::DisplayDatabaseElements::VCPValue QVariant(QVariantList, QList(QVariant(int, 0), QVariant(QString, "Color Temperature")))
[05:02:55.309]  [T:0x00e62] W: [ getVCPValueByIndex ] Failed to get VCP value "Color Temperature" QVariant(int, 0)
[05:02:55.309]  [T:0x00e62] W: [ VDMCustomComboBox.qml::_selfRectangle::updateUI() ], Get wrong vcp value, value is empty, description is: Color Temperature
[05:02:55.310]  [T:0x00e62] W: [ getVCPValueByMonitorIndex ] No VCP value
[05:02:55.310]  [T:0x00e62] W: [ getData ] Data type is wrong CDisplayDatabaseCommand::DisplayDatabaseElements::VCPValueByMonitorIndex QVariant(QVariantList, QList(QVariant(int, 0), QVariant(QString, "Color Temperature")))
[05:02:55.310]  [T:0x00e62] D: intellgenceCondition: false
[05:02:55.312]  [T:0x00e62] D: [VDMCustomSlider] updateUI OK, description = Brightness
[05:02:55.312]  [T:0x00e62] D: [VDMCustomSlider] updateUI OK, description = Contrast
[05:02:55.312]  [T:0x00e62] D: [VDMCustomSlider] updateUI OK, description = Sharpness
[05:02:55.312]  [T:0x00e62] D: [VDMCustomSlider] updateUI OK, description = Blue Light Filter
[05:02:55.312]  [T:0x00e62] D: [VDMCustomSlider] updateUI OK, description = Volume
[05:02:55.318]  [T:0x00e62] D: [ operator() ] "[ GA4 ] OK            : GA4 event [input_source] sent successfully. Response: "
[05:03:47.233]  [T:0x00e62] D: [ logJsonToFile ] [ GA4 ] Measurement ID: "G-KKDK7WGP01"
[05:03:47.233]  [T:0x00e62] D: [ logJsonToFile ] [ GA4 ] API Secret    : "fPUEw5twT0m0JCHyRiP-Ww"
[05:03:47.233]  [T:0x00e62] D: [ logJsonToFile ] [ GA4 ] Client ID     : "b018b7099fc58c7beb053768e111032f2e57938d601230ca1d1c528f8d063088"
[05:03:47.233]  [T:0x00e62] D: [ logJsonToFile ] [ GA4 ] Payload       :
: "{\n    \"client_id\": \"b018b7099fc58c7beb053768e111032f2e57938d601230ca1d1c528f8d063088\",\n    \"events\": [\n        {\n            \"name\": \"display_control\",\n            \"params\": {\n                \"OS_version\": \"Mac\",\n                \"brightness\": 1\n            }\n        }\n    ]\n}\n"
[05:03:47.242]  [T:0x00e62] D: [ operator() ] "[ GA4 ] OK            : GA4 event [display_control] sent successfully. Response: "
[05:03:47.334]  [T:0x931e0] I: SoftwareDimming is on, software_dimming_value =  0
[05:03:47.654]  [T:0x931e0] I: [ setVCPValue ] "Set VCP Name: Brightness => 0x10, VCP value: 0"
[05:03:47.654]  [T:0x931e0] I: [Write DB VCPValue] "90" Value =  "0"
[05:03:47.654]  [T:0x00e62] D: [VDMCustomSlider] updateUI OK, description = Brightness
[05:03:47.654]  [T:0x00e62] D: [VDMCustomSlider] updateUI OK, description = Contrast
[05:03:47.654]  [T:0x00e62] D: [VDMCustomSlider] updateUI OK, description = Sharpness
[05:03:47.654]  [T:0x00e62] D: [VDMCustomSlider] updateUI OK, description = Blue Light Filter
[05:03:47.654]  [T:0x00e62] D: [VDMCustomSlider] updateUI OK, description = Volume
[05:03:47.655]  [T:0x00e62] W: [ getVCPValue ] No VCP value
[05:03:47.655]  [T:0x00e62] W: [ getData ] Data type is wrong CDisplayDatabaseCommand::DisplayDatabaseElements::VCPValue QVariant(QVariantList, QList(QVariant(int, 0), QVariant(QString, "Color Temperature")))
[05:03:47.655]  [T:0x00e62] W: [ getVCPValueByIndex ] Failed to get VCP value "Color Temperature" QVariant(int, 0)
[05:03:47.655]  [T:0x00e62] W: [ VDMCustomComboBox.qml::_selfRectangle::updateUI() ], Get wrong vcp value, value is empty, description is: Color Temperature
[05:03:47.655]  [T:0x00e62] W: [ getVCPValueByMonitorIndex ] No VCP value
[05:03:47.655]  [T:0x00e62] W: [ getData ] Data type is wrong CDisplayDatabaseCommand::DisplayDatabaseElements::VCPValueByMonitorIndex QVariant(QVariantList, QList(QVariant(int, 0), QVariant(QString, "Color Temperature")))
[05:04:08.447]  [T:0x00e62] D: [ logJsonToFile ] [ GA4 ] Measurement ID: "G-KKDK7WGP01"
[05:04:08.449]  [T:0x00e62] D: [ logJsonToFile ] [ GA4 ] API Secret    : "fPUEw5twT0m0JCHyRiP-Ww"
[05:04:08.449]  [T:0x00e62] D: [ logJsonToFile ] [ GA4 ] Client ID     : "b018b7099fc58c7beb053768e111032f2e57938d601230ca1d1c528f8d063088"
[05:04:08.449]  [T:0x00e62] D: [ logJsonToFile ] [ GA4 ] Payload       :
: "{\n    \"client_id\": \"b018b7099fc58c7beb053768e111032f2e57938d601230ca1d1c528f8d063088\",\n    \"events\": [\n        {\n            \"name\": \"display_control\",\n            \"params\": {\n                \"OS_version\": \"Mac\",\n                \"contrast\": 1\n            }\n        }\n    ]\n}\n"
[05:04:08.457]  [T:0x00e62] D: [ operator() ] "[ GA4 ] OK            : GA4 event [display_control] sent successfully. Response: "
[05:04:08.864]  [T:0x931e0] I: [ setVCPValue ] "Set VCP Name: Contrast => 0x12, VCP value: 0"
[05:04:08.865]  [T:0x00e62] D: [VDMCustomSlider] updateUI OK, description = Brightness
[05:04:08.865]  [T:0x00e62] D: [VDMCustomSlider] updateUI OK, description = Contrast
[05:04:08.865]  [T:0x00e62] D: [VDMCustomSlider] updateUI OK, description = Sharpness
[05:04:08.865]  [T:0x00e62] D: [VDMCustomSlider] updateUI OK, description = Blue Light Filter
[05:04:08.865]  [T:0x00e62] D: [VDMCustomSlider] updateUI OK, description = Volume
[05:04:08.865]  [T:0x00e62] W: [ getVCPValue ] No VCP value
[05:04:08.865]  [T:0x00e62] W: [ getData ] Data type is wrong CDisplayDatabaseCommand::DisplayDatabaseElements::VCPValue QVariant(QVariantList, QList(QVariant(int, 0), QVariant(QString, "Color Temperature")))
[05:04:08.865]  [T:0x00e62] W: [ getVCPValueByIndex ] Failed to get VCP value "Color Temperature" QVariant(int, 0)
[05:04:08.865]  [T:0x00e62] W: [ VDMCustomComboBox.qml::_selfRectangle::updateUI() ], Get wrong vcp value, value is empty, description is: Color Temperature
[05:04:08.865]  [T:0x00e62] W: [ getVCPValueByMonitorIndex ] No VCP value
[05:04:08.865]  [T:0x00e62] W: [ getData ] Data type is wrong CDisplayDatabaseCommand::DisplayDatabaseElements::VCPValueByMonitorIndex QVariant(QVariantList, QList(QVariant(int, 0), QVariant(QString, "Color Temperature")))
[05:05:32.551]  [T:0x931e0] I: [ setVCPValue ] "Set VCP Name: Video Signal Auto Detect => 0x33, VCP value: Off"
[05:05:32.553]  [T:0x00e62] D: [VDMCustomSlider] updateUI OK, description = Brightness
[05:05:32.553]  [T:0x00e62] D: [VDMCustomSlider] updateUI OK, description = Contrast
[05:05:32.553]  [T:0x00e62] D: [VDMCustomSlider] updateUI OK, description = Sharpness
[05:05:32.553]  [T:0x00e62] D: [VDMCustomSlider] updateUI OK, description = Blue Light Filter
[05:05:32.553]  [T:0x00e62] D: [VDMCustomSlider] updateUI OK, description = Volume
[05:05:32.553]  [T:0x00e62] W: [ getVCPValue ] No VCP value
[05:05:32.553]  [T:0x00e62] W: [ getData ] Data type is wrong CDisplayDatabaseCommand::DisplayDatabaseElements::VCPValue QVariant(QVariantList, QList(QVariant(int, 0), QVariant(QString, "Color Temperature")))
[05:05:32.554]  [T:0x00e62] W: [ getVCPValueByIndex ] Failed to get VCP value "Color Temperature" QVariant(int, 0)
[05:05:32.554]  [T:0x00e62] W: [ VDMCustomComboBox.qml::_selfRectangle::updateUI() ], Get wrong vcp value, value is empty, description is: Color Temperature
[05:05:32.554]  [T:0x00e62] W: [ getVCPValueByMonitorIndex ] No VCP value
[05:05:32.554]  [T:0x00e62] W: [ getData ] Data type is wrong CDisplayDatabaseCommand::DisplayDatabaseElements::VCPValueByMonitorIndex QVariant(QVariantList, QList(QVariant(int, 0), QVariant(QString, "Color Temperature")))
[05:05:32.554]  [T:0x00e62] D: [ convertToRegexPatternCommon ] "[ GA4 ] Error         : RegexCommon Validate FAIL - Invalid format: [Digital Video (TMDS) 3 HDMI 1]"
[05:05:32.554]  [T:0x00e62] D: [ convertToRegexPatternCommon ] "[ GA4 ] Fix           : Remove unmatch characters - format: [DigitalVideoTMDS3HDMI1]"
[05:05:32.554]  [T:0x00e62] D: [ logJsonToFile ] [ GA4 ] Measurement ID: "G-KKDK7WGP01"
[05:05:32.554]  [T:0x00e62] D: [ logJsonToFile ] [ GA4 ] API Secret    : "fPUEw5twT0m0JCHyRiP-Ww"
[05:05:32.554]  [T:0x00e62] D: [ logJsonToFile ] [ GA4 ] Client ID     : "b018b7099fc58c7beb053768e111032f2e57938d601230ca1d1c528f8d063088"
[05:05:32.554]  [T:0x00e62] D: [ logJsonToFile ] [ GA4 ] Payload       :
: "{\n    \"client_id\": \"b018b7099fc58c7beb053768e111032f2e57938d601230ca1d1c528f8d063088\",\n    \"events\": [\n        {\n            \"name\": \"input_source\",\n            \"params\": {\n                \"OS_version\": \"Mac\",\n                \"auto_input_source\": \"off\",\n                \"manual_input_source\": \"DigitalVideoTMDS3HDMI1\"\n            }\n        }\n    ]\n}\n"
[05:05:32.561]  [T:0x00e62] D: [ operator() ] "[ GA4 ] OK            : GA4 event [input_source] sent successfully. Response: "
[05:06:03.003]  [T:0x00e62] I: [ setAutoPivotThread ] AutoPivotWorkThread stopped
[05:06:04.752]  [T:0x931e0] I: [ setVCPValue ] "Set VCP Name: Restore Factory Defaults => 0x4, VCP value: 1"
[05:06:09.858]  [T:0x931e0] I: [ waitForResetMonitorReady ] reset monitor is not connect : 0
[05:06:09.858]  [T:0x931e0] I: [ init ] Initialize DisplayControl
[05:06:11.270]  [T:0x931e0] I: [ syncMonitorsAction ] Sync monitor:  "VG2748a"
[05:06:11.523]  [T:0x931e0] I: [ getVCPValue ] VCP Description is  "Input Selection" VCP value is  17 VCP option name: "Digital Video (TMDS) 3 HDMI 1"
[05:06:11.835]  [T:0x931e0] I: [ getVCPValue ] VCP Description is  "Video Signal Auto Detect" VCP value is  2 VCP option name: "On"
[05:06:12.150]  [T:0x931e0] I: [ getVCPValue ] VCP Description is  "Display Application" VCP value is  0 VCP option name: "Off"
[05:06:12.457]  [T:0x931e0] I: [ getVCPValue ] VCP Description is  "Power Indicator" VCP value is  2 VCP option name: "On"
[05:06:12.761]  [T:0x931e0] I: [ getVCPValue ] VCP Description is  "Audio Mute" VCP value is  2 VCP option name: "Un-Mute the audio"
[05:06:13.064]  [T:0x931e0] I: [ getVCPValue ] VCP Description is  "Sharpness" VCP value is  2
[05:06:13.373]  [T:0x931e0] I: [ getVCPValue ] VCP Description is  "Blue Light Filter" VCP value is  0
[05:06:13.678]  [T:0x931e0] I: [ getVCPValue ] VCP Description is  "Signal Source List" VCP value is  16385
[05:06:13.992]  [T:0x931e0] I: [ getVCPValue ] VCP Description is  "Volume" VCP value is  50
[05:06:14.307]  [T:0x931e0] I: [ getVCPValue ] VCP Description is  "Brightness" VCP value is  90
[05:06:14.614]  [T:0x931e0] I: [ getVCPValue ] VCP Description is  "Battery Information" VCP value is  65535
[05:06:14.924]  [T:0x931e0] I: [ getVCPValue ] VCP Description is  "Contrast" VCP value is  70
[05:06:15.232]  [T:0x931e0] I: [ getVCPValue ] VCP Description is  "Advanced DCR" VCP value is  0 VCP option name: "Advanced DCR Off"
[05:06:15.541]  [T:0x931e0] I: [ getVCPValue ] VCP Description is  "Restore Factory Defaults" VCP value is  0
[05:06:15.641]  [T:0x00e62] D: [VDMCustomSlider] updateUI OK, description = Brightness
[05:06:15.642]  [T:0x00e62] D: [VDMCustomSlider] updateUI OK, description = Contrast
[05:06:15.642]  [T:0x00e62] D: [VDMCustomSlider] updateUI OK, description = Sharpness
[05:06:15.642]  [T:0x00e62] D: [VDMCustomSlider] updateUI OK, description = Blue Light Filter
[05:06:15.643]  [T:0x00e62] D: [VDMCustomSlider] updateUI OK, description = Volume
[05:06:15.643]  [T:0x00e62] W: [ getVCPValue ] No VCP value
[05:06:15.643]  [T:0x00e62] W: [ getData ] Data type is wrong CDisplayDatabaseCommand::DisplayDatabaseElements::VCPValue QVariant(QVariantList, QList(QVariant(int, 0), QVariant(QString, "Color Temperature")))
[05:06:15.643]  [T:0x00e62] W: [ getVCPValueByIndex ] Failed to get VCP value "Color Temperature" QVariant(int, 0)
[05:06:15.643]  [T:0x00e62] W: [ VDMCustomComboBox.qml::_selfRectangle::updateUI() ], Get wrong vcp value, value is empty, description is: Color Temperature
[05:06:15.643]  [T:0x00e62] W: [ getVCPValueByMonitorIndex ] No VCP value
[05:06:15.643]  [T:0x00e62] W: [ getData ] Data type is wrong CDisplayDatabaseCommand::DisplayDatabaseElements::VCPValueByMonitorIndex QVariant(QVariantList, QList(QVariant(int, 0), QVariant(QString, "Color Temperature")))
[05:06:15.947]  [T:0x931e0] I: [ setVCPValue ] "Set VCP Name: Video Signal Auto Detect => 0x33, VCP value: On"
[05:06:15.948]  [T:0x00e62] D: [VDMCustomSlider] updateUI OK, description = Brightness
[05:06:15.948]  [T:0x00e62] D: [VDMCustomSlider] updateUI OK, description = Contrast
[05:06:15.948]  [T:0x00e62] D: [VDMCustomSlider] updateUI OK, description = Sharpness
[05:06:15.948]  [T:0x00e62] D: [VDMCustomSlider] updateUI OK, description = Blue Light Filter
[05:06:15.948]  [T:0x00e62] D: [VDMCustomSlider] updateUI OK, description = Volume
[05:06:15.948]  [T:0x00e62] W: [ getVCPValue ] No VCP value
[05:06:15.948]  [T:0x00e62] W: [ getData ] Data type is wrong CDisplayDatabaseCommand::DisplayDatabaseElements::VCPValue QVariant(QVariantList, QList(QVariant(int, 0), QVariant(QString, "Color Temperature")))
[05:06:15.948]  [T:0x00e62] W: [ getVCPValueByIndex ] Failed to get VCP value "Color Temperature" QVariant(int, 0)
[05:06:15.948]  [T:0x00e62] W: [ VDMCustomComboBox.qml::_selfRectangle::updateUI() ], Get wrong vcp value, value is empty, description is: Color Temperature
[05:06:15.948]  [T:0x00e62] W: [ getVCPValueByMonitorIndex ] No VCP value
[05:06:15.948]  [T:0x00e62] W: [ getData ] Data type is wrong CDisplayDatabaseCommand::DisplayDatabaseElements::VCPValueByMonitorIndex QVariant(QVariantList, QList(QVariant(int, 0), QVariant(QString, "Color Temperature")))
[05:06:15.948]  [T:0x00e62] D: [ convertToRegexPatternCommon ] "[ GA4 ] Error         : RegexCommon Validate FAIL - Invalid format: [Digital Video (TMDS) 3 HDMI 1]"
[05:06:15.949]  [T:0x00e62] D: [ convertToRegexPatternCommon ] "[ GA4 ] Fix           : Remove unmatch characters - format: [DigitalVideoTMDS3HDMI1]"
[05:06:15.949]  [T:0x00e62] D: [ logJsonToFile ] [ GA4 ] Measurement ID: "G-KKDK7WGP01"
[05:06:15.949]  [T:0x00e62] D: [ logJsonToFile ] [ GA4 ] API Secret    : "fPUEw5twT0m0JCHyRiP-Ww"
[05:06:15.949]  [T:0x00e62] D: [ logJsonToFile ] [ GA4 ] Client ID     : "b018b7099fc58c7beb053768e111032f2e57938d601230ca1d1c528f8d063088"
[05:06:15.949]  [T:0x00e62] D: [ logJsonToFile ] [ GA4 ] Payload       :
: "{\n    \"client_id\": \"b018b7099fc58c7beb053768e111032f2e57938d601230ca1d1c528f8d063088\",\n    \"events\": [\n        {\n            \"name\": \"input_source\",\n            \"params\": {\n                \"OS_version\": \"Mac\",\n                \"auto_input_source\": \"on\",\n                \"manual_input_source\": \"DigitalVideoTMDS3HDMI1\"\n            }\n        }\n    ]\n}\n"
[05:06:16.200]  [T:0x00e62] D: [VDMCustomSlider] updateUI OK, description = Brightness
[05:06:16.201]  [T:0x00e62] D: [VDMCustomSlider] updateUI OK, description = Contrast
[05:06:16.201]  [T:0x00e62] D: [VDMCustomSlider] updateUI OK, description = Sharpness
[05:06:16.202]  [T:0x00e62] D: [VDMCustomSlider] updateUI OK, description = Blue Light Filter
[05:06:16.202]  [T:0x00e62] D: [VDMCustomSlider] updateUI OK, description = Volume
[05:06:16.203]  [T:0x00e62] W: [ getVCPValue ] No VCP value
[05:06:16.203]  [T:0x00e62] W: [ getData ] Data type is wrong CDisplayDatabaseCommand::DisplayDatabaseElements::VCPValue QVariant(QVariantList, QList(QVariant(int, 0), QVariant(QString, "Color Temperature")))
[05:06:16.203]  [T:0x00e62] W: [ getVCPValueByIndex ] Failed to get VCP value "Color Temperature" QVariant(int, 0)
[05:06:16.203]  [T:0x00e62] W: [ VDMCustomComboBox.qml::_selfRectangle::updateUI() ], Get wrong vcp value, value is empty, description is: Color Temperature
[05:06:16.203]  [T:0x00e62] W: [ getVCPValueByMonitorIndex ] No VCP value
[05:06:16.204]  [T:0x00e62] W: [ getData ] Data type is wrong CDisplayDatabaseCommand::DisplayDatabaseElements::VCPValueByMonitorIndex QVariant(QVariantList, QList(QVariant(int, 0), QVariant(QString, "Color Temperature")))
[05:06:16.204]  [T:0x00e62] D: intellgenceCondition: false
[05:06:16.209]  [T:0x00e62] W: [ getVCPValue ] No VCP value
[05:06:16.210]  [T:0x00e62] W: [ getData ] Data type is wrong CDisplayDatabaseCommand::DisplayDatabaseElements::VCPValue QVariant(QVariantList, QList(QVariant(int, 0), QVariant(QString, "Color Temperature")))
[05:06:16.210]  [T:0x00e62] W: [ getVCPValueByIndex ] Failed to get VCP value "Color Temperature" QVariant(int, 0)
[05:06:16.210]  [T:0x00e62] W: [ VDMCustomComboBox.qml::_selfRectangle::updateUI() ], Get wrong vcp value, value is empty, description is: Color Temperature
[05:06:16.210]  [T:0x00e62] W: [ getVCPValueByMonitorIndex ] No VCP value
[05:06:16.210]  [T:0x00e62] W: [ getData ] Data type is wrong CDisplayDatabaseCommand::DisplayDatabaseElements::VCPValueByMonitorIndex QVariant(QVariantList, QList(QVariant(int, 0), QVariant(QString, "Color Temperature")))
[05:06:16.210]  [T:0x00e62] D: isSupportAIMode:false
[05:06:16.210]  [T:0x00e62] D: [VDMCustomSlider] updateUI OK, description = Brightness
[05:06:16.210]  [T:0x00e62] D: [VDMCustomSlider] updateUI OK, description = Contrast
[05:06:16.210]  [T:0x00e62] D: [VDMCustomSlider] updateUI OK, description = Sharpness
[05:06:16.211]  [T:0x00e62] D: [VDMCustomSlider] updateUI OK, description = Blue Light Filter
[05:06:16.211]  [T:0x00e62] D: [VDMCustomSlider] updateUI OK, description = Volume
[05:06:16.211]  [T:0x00e62] W: [ getVCPValue ] No VCP value
[05:06:16.211]  [T:0x00e62] W: [ getData ] Data type is wrong CDisplayDatabaseCommand::DisplayDatabaseElements::VCPValue QVariant(QVariantList, QList(QVariant(int, 0), QVariant(QString, "Color Temperature")))
[05:06:16.211]  [T:0x00e62] W: [ getVCPValueByIndex ] Failed to get VCP value "Color Temperature" QVariant(int, 0)
[05:06:16.211]  [T:0x00e62] W: [ VDMCustomComboBox.qml::_selfRectangle::updateUI() ], Get wrong vcp value, value is empty, description is: Color Temperature
[05:06:16.211]  [T:0x00e62] W: [ getVCPValueByMonitorIndex ] No VCP value
[05:06:16.211]  [T:0x00e62] W: [ getData ] Data type is wrong CDisplayDatabaseCommand::DisplayDatabaseElements::VCPValueByMonitorIndex QVariant(QVariantList, QList(QVariant(int, 0), QVariant(QString, "Color Temperature")))
[05:06:16.467]  [T:0x00e62] D: [VDMCustomSlider] updateUI OK, description = Brightness
[05:06:16.467]  [T:0x00e62] D: [VDMCustomSlider] updateUI OK, description = Contrast
[05:06:16.467]  [T:0x00e62] D: [VDMCustomSlider] updateUI OK, description = Sharpness
[05:06:16.468]  [T:0x00e62] D: [VDMCustomSlider] updateUI OK, description = Blue Light Filter
[05:06:16.468]  [T:0x00e62] D: [VDMCustomSlider] updateUI OK, description = Volume
[05:06:16.469]  [T:0x00e62] W: [ getVCPValue ] No VCP value
[05:06:16.469]  [T:0x00e62] W: [ getData ] Data type is wrong CDisplayDatabaseCommand::DisplayDatabaseElements::VCPValue QVariant(QVariantList, QList(QVariant(int, 0), QVariant(QString, "Color Temperature")))
[05:06:16.469]  [T:0x00e62] W: [ getVCPValueByIndex ] Failed to get VCP value "Color Temperature" QVariant(int, 0)
[05:06:16.469]  [T:0x00e62] W: [ VDMCustomComboBox.qml::_selfRectangle::updateUI() ], Get wrong vcp value, value is empty, description is: Color Temperature
[05:06:16.470]  [T:0x00e62] W: [ getVCPValueByMonitorIndex ] No VCP value
[05:06:16.470]  [T:0x00e62] W: [ getData ] Data type is wrong CDisplayDatabaseCommand::DisplayDatabaseElements::VCPValueByMonitorIndex QVariant(QVariantList, QList(QVariant(int, 0), QVariant(QString, "Color Temperature")))
[05:06:16.470]  [T:0x00e62] D: intellgenceCondition: false
[05:06:16.472]  [T:0x00e62] D: [VDMCustomSlider] updateUI OK, description = Brightness
[05:06:16.472]  [T:0x00e62] D: [VDMCustomSlider] updateUI OK, description = Contrast
[05:06:16.472]  [T:0x00e62] D: [VDMCustomSlider] updateUI OK, description = Sharpness
[05:06:16.472]  [T:0x00e62] D: [VDMCustomSlider] updateUI OK, description = Blue Light Filter
[05:06:16.472]  [T:0x00e62] D: [VDMCustomSlider] updateUI OK, description = Volume
[05:06:16.478]  [T:0x00e62] D: [ operator() ] "[ GA4 ] OK            : GA4 event [input_source] sent successfully. Response: "
[05:08:23.718]  [T:0x931e0] I: [ setVCPValue ] "Set VCP Name: Video Signal Auto Detect => 0x33, VCP value: Off"
[05:08:23.719]  [T:0x00e62] D: [VDMCustomSlider] updateUI OK, description = Brightness
[05:08:23.720]  [T:0x00e62] D: [VDMCustomSlider] updateUI OK, description = Contrast
[05:08:23.720]  [T:0x00e62] D: [VDMCustomSlider] updateUI OK, description = Sharpness
[05:08:23.720]  [T:0x00e62] D: [VDMCustomSlider] updateUI OK, description = Blue Light Filter
[05:08:23.720]  [T:0x00e62] D: [VDMCustomSlider] updateUI OK, description = Volume
[05:08:23.720]  [T:0x00e62] W: [ getVCPValue ] No VCP value
[05:08:23.720]  [T:0x00e62] W: [ getData ] Data type is wrong CDisplayDatabaseCommand::DisplayDatabaseElements::VCPValue QVariant(QVariantList, QList(QVariant(int, 0), QVariant(QString, "Color Temperature")))
[05:08:23.720]  [T:0x00e62] W: [ getVCPValueByIndex ] Failed to get VCP value "Color Temperature" QVariant(int, 0)
[05:08:23.720]  [T:0x00e62] W: [ VDMCustomComboBox.qml::_selfRectangle::updateUI() ], Get wrong vcp value, value is empty, description is: Color Temperature
[05:08:23.720]  [T:0x00e62] W: [ getVCPValueByMonitorIndex ] No VCP value
[05:08:23.720]  [T:0x00e62] W: [ getData ] Data type is wrong CDisplayDatabaseCommand::DisplayDatabaseElements::VCPValueByMonitorIndex QVariant(QVariantList, QList(QVariant(int, 0), QVariant(QString, "Color Temperature")))
[05:08:23.720]  [T:0x00e62] D: [ convertToRegexPatternCommon ] "[ GA4 ] Error         : RegexCommon Validate FAIL - Invalid format: [Digital Video (TMDS) 3 HDMI 1]"
[05:08:23.720]  [T:0x00e62] D: [ convertToRegexPatternCommon ] "[ GA4 ] Fix           : Remove unmatch characters - format: [DigitalVideoTMDS3HDMI1]"
[05:08:23.720]  [T:0x00e62] D: [ logJsonToFile ] [ GA4 ] Measurement ID: "G-KKDK7WGP01"
[05:08:23.720]  [T:0x00e62] D: [ logJsonToFile ] [ GA4 ] API Secret    : "fPUEw5twT0m0JCHyRiP-Ww"
[05:08:23.720]  [T:0x00e62] D: [ logJsonToFile ] [ GA4 ] Client ID     : "b018b7099fc58c7beb053768e111032f2e57938d601230ca1d1c528f8d063088"
[05:08:23.720]  [T:0x00e62] D: [ logJsonToFile ] [ GA4 ] Payload       :
: "{\n    \"client_id\": \"b018b7099fc58c7beb053768e111032f2e57938d601230ca1d1c528f8d063088\",\n    \"events\": [\n        {\n            \"name\": \"input_source\",\n            \"params\": {\n                \"OS_version\": \"Mac\",\n                \"auto_input_source\": \"off\",\n                \"manual_input_source\": \"DigitalVideoTMDS3HDMI1\"\n            }\n        }\n    ]\n}\n"
[05:08:23.768]  [T:0x00e62] D: [ operator() ] "[ GA4 ] OK            : GA4 event [input_source] sent successfully. Response: "
[05:11:39.057]  [T:0x00e62] D: [ logJsonToFile ] [ GA4 ] Measurement ID: "G-KKDK7WGP01"
[05:11:39.058]  [T:0x00e62] D: [ logJsonToFile ] [ GA4 ] API Secret    : "fPUEw5twT0m0JCHyRiP-Ww"
[05:11:39.058]  [T:0x00e62] D: [ logJsonToFile ] [ GA4 ] Client ID     : "b018b7099fc58c7beb053768e111032f2e57938d601230ca1d1c528f8d063088"
[05:11:39.058]  [T:0x00e62] D: [ logJsonToFile ] [ GA4 ] Payload       :
: "{\n    \"client_id\": \"b018b7099fc58c7beb053768e111032f2e57938d601230ca1d1c528f8d063088\",\n    \"events\": [\n        {\n            \"name\": \"screen_pivot\",\n            \"params\": {\n                \"OS_version\": \"Mac\",\n                \"auto_pivot\": \"off\",\n                \"pivot_angle\": -90\n            }\n        }\n    ]\n}\n"
[05:11:39.058]  [T:0x00e62] D: [ VDMScreenPivotButton.qml::_selfMouseArea::onClicked ] Enter click screen pivot, rotation: -90
[05:11:39.283]  [T:0x00e62] I: [ init ] Initialize DisplayControl
[05:11:40.487]  [T:0x00e62] I: [ syncAllMonitorGeometry ] Monitor index:  0 / SN: "" / Model Name: ""
[05:11:40.488]  [T:0x00e62] I: [ syncAllMonitorGeometry ] Sync monitor position: 0 / Monitor position y: 0
[05:11:40.488]  [T:0x00e62] I: [ syncAllMonitorGeometry ] Sync Resolution: -1759893924  *  1403046912
[05:11:40.488]  [T:0x00e62] I: [ syncAllMonitorGeometry ] Monitor index:  1 / SN: "WTJ242500000" / Model Name: "VG2748a"
[05:11:40.488]  [T:0x00e62] I: [ syncAllMonitorGeometry ] Sync monitor position: 1800 / Monitor position y: 0
[05:11:40.488]  [T:0x00e62] I: [ syncAllMonitorGeometry ] Sync Resolution: 1920  *  1080
[05:11:40.497]  [T:0x00e62] D: [ operator() ] "[ GA4 ] OK            : GA4 event [screen_pivot] sent successfully. Response: "
[05:12:48.000]  [T:0x00e62] D: [ logJsonToFile ] [ GA4 ] Measurement ID: "G-KKDK7WGP01"
[05:12:48.001]  [T:0x00e62] D: [ logJsonToFile ] [ GA4 ] API Secret    : "fPUEw5twT0m0JCHyRiP-Ww"
[05:12:48.001]  [T:0x00e62] D: [ logJsonToFile ] [ GA4 ] Client ID     : "b018b7099fc58c7beb053768e111032f2e57938d601230ca1d1c528f8d063088"
[05:12:48.001]  [T:0x00e62] D: [ logJsonToFile ] [ GA4 ] Payload       :
: "{\n    \"client_id\": \"b018b7099fc58c7beb053768e111032f2e57938d601230ca1d1c528f8d063088\",\n    \"events\": [\n        {\n            \"name\": \"screen_pivot\",\n            \"params\": {\n                \"OS_version\": \"Mac\",\n                \"auto_pivot\": \"off\",\n                \"pivot_angle\": 90\n            }\n        }\n    ]\n}\n"
[05:12:48.001]  [T:0x00e62] D: [ VDMScreenPivotButton.qml::_selfMouseArea::onClicked ] Enter click screen pivot, rotation: 90
[05:12:48.021]  [T:0x00e62] D: [ operator() ] "[ GA4 ] OK            : GA4 event [screen_pivot] sent successfully. Response: "
[05:12:48.166]  [T:0x00e62] I: [ init ] Initialize DisplayControl
[05:12:49.381]  [T:0x00e62] I: [ syncAllMonitorGeometry ] Monitor index:  0 / SN: "" / Model Name: ""
[05:12:49.381]  [T:0x00e62] I: [ syncAllMonitorGeometry ] Sync monitor position: 0 / Monitor position y: 0
[05:12:49.381]  [T:0x00e62] I: [ syncAllMonitorGeometry ] Sync Resolution: -1759893924  *  604176384
[05:12:49.382]  [T:0x00e62] I: [ syncAllMonitorGeometry ] Monitor index:  1 / SN: "WTJ242500000" / Model Name: "VG2748a"
[05:12:49.382]  [T:0x00e62] I: [ syncAllMonitorGeometry ] Sync monitor position: 1800 / Monitor position y: 0
[05:12:49.382]  [T:0x00e62] I: [ syncAllMonitorGeometry ] Sync Resolution: 1920  *  1080
[05:14:22.372]  [T:0x00e62] D: [ logJsonToFile ] [ GA4 ] Measurement ID: "G-KKDK7WGP01"
[05:14:22.372]  [T:0x00e62] D: [ logJsonToFile ] [ GA4 ] API Secret    : "fPUEw5twT0m0JCHyRiP-Ww"
[05:14:22.372]  [T:0x00e62] D: [ logJsonToFile ] [ GA4 ] Client ID     : "b018b7099fc58c7beb053768e111032f2e57938d601230ca1d1c528f8d063088"
[05:14:22.372]  [T:0x00e62] D: [ logJsonToFile ] [ GA4 ] Payload       :
: "{\n    \"client_id\": \"b018b7099fc58c7beb053768e111032f2e57938d601230ca1d1c528f8d063088\",\n    \"events\": [\n        {\n            \"name\": \"screen_pivot\",\n            \"params\": {\n                \"OS_version\": \"Mac\",\n                \"auto_pivot\": \"off\",\n                \"pivot_angle\": 90\n            }\n        }\n    ]\n}\n"
[05:14:22.372]  [T:0x00e62] D: [ VDMScreenPivotButton.qml::_selfMouseArea::onClicked ] Enter click screen pivot, rotation: 90
[05:14:22.394]  [T:0x00e62] D: [ operator() ] "[ GA4 ] OK            : GA4 event [screen_pivot] sent successfully. Response: "
[05:14:22.535]  [T:0x00e62] I: [ init ] Initialize DisplayControl
[05:14:23.745]  [T:0x00e62] I: [ syncAllMonitorGeometry ] Monitor index:  0 / SN: "" / Model Name: ""
[05:14:23.746]  [T:0x00e62] I: [ syncAllMonitorGeometry ] Sync monitor position: 0 / Monitor position y: 0
[05:14:23.746]  [T:0x00e62] I: [ syncAllMonitorGeometry ] Sync Resolution: -1759893924  *  1411185152
[05:14:23.746]  [T:0x00e62] I: [ syncAllMonitorGeometry ] Monitor index:  1 / SN: "WTJ242500000" / Model Name: "VG2748a"
[05:14:23.746]  [T:0x00e62] I: [ syncAllMonitorGeometry ] Sync monitor position: 1800 / Monitor position y: 0
[05:14:23.746]  [T:0x00e62] I: [ syncAllMonitorGeometry ] Sync Resolution: 1920  *  1080
[05:15:47.047]  [T:0x00e62] D: [ logJsonToFile ] [ GA4 ] Measurement ID: "G-KKDK7WGP01"
[05:15:47.048]  [T:0x00e62] D: [ logJsonToFile ] [ GA4 ] API Secret    : "fPUEw5twT0m0JCHyRiP-Ww"
[05:15:47.048]  [T:0x00e62] D: [ logJsonToFile ] [ GA4 ] Client ID     : "b018b7099fc58c7beb053768e111032f2e57938d601230ca1d1c528f8d063088"
[05:15:47.048]  [T:0x00e62] D: [ logJsonToFile ] [ GA4 ] Payload       :
: "{\n    \"client_id\": \"b018b7099fc58c7beb053768e111032f2e57938d601230ca1d1c528f8d063088\",\n    \"events\": [\n        {\n            \"name\": \"screen_pivot\",\n            \"params\": {\n                \"OS_version\": \"Mac\",\n                \"auto_pivot\": \"off\",\n                \"pivot_angle\": 0\n            }\n        }\n    ]\n}\n"
[05:15:47.048]  [T:0x00e62] D: [ VDMScreenPivotButton.qml::_selfMouseArea::onClicked ] Enter click screen pivot, rotation: 0
[05:15:47.057]  [T:0x00e62] D: [ operator() ] "[ GA4 ] OK            : GA4 event [screen_pivot] sent successfully. Response: "
[05:15:47.417]  [T:0x00e62] I: [ init ] Initialize DisplayControl
[05:15:48.638]  [T:0x00e62] I: [ syncAllMonitorGeometry ] Monitor index:  0 / SN: "" / Model Name: ""
[05:15:48.638]  [T:0x00e62] I: [ syncAllMonitorGeometry ] Sync monitor position: 0 / Monitor position y: 0
[05:15:48.638]  [T:0x00e62] I: [ syncAllMonitorGeometry ] Sync Resolution: -1759893924  *  1403063808
[05:15:48.638]  [T:0x00e62] I: [ syncAllMonitorGeometry ] Monitor index:  1 / SN: "WTJ242500000" / Model Name: "VG2748a"
[05:15:48.639]  [T:0x00e62] I: [ syncAllMonitorGeometry ] Sync monitor position: 1800 / Monitor position y: 0
[05:15:48.639]  [T:0x00e62] I: [ syncAllMonitorGeometry ] Sync Resolution: 1920  *  1080
[05:17:20.818]  [T:0x00e62] D: [ logJsonToFile ] [ GA4 ] Measurement ID: "G-KKDK7WGP01"
[05:17:20.818]  [T:0x00e62] D: [ logJsonToFile ] [ GA4 ] API Secret    : "fPUEw5twT0m0JCHyRiP-Ww"
[05:17:20.818]  [T:0x00e62] D: [ logJsonToFile ] [ GA4 ] Client ID     : "b018b7099fc58c7beb053768e111032f2e57938d601230ca1d1c528f8d063088"
[05:17:20.818]  [T:0x00e62] D: [ logJsonToFile ] [ GA4 ] Payload       :
: "{\n    \"client_id\": \"b018b7099fc58c7beb053768e111032f2e57938d601230ca1d1c528f8d063088\",\n    \"events\": [\n        {\n            \"name\": \"screen_pivot\",\n            \"params\": {\n                \"OS_version\": \"Mac\",\n                \"auto_pivot\": \"off\",\n                \"pivot_angle\": -90\n            }\n        }\n    ]\n}\n"
[05:17:20.818]  [T:0x00e62] D: [ VDMScreenPivotButton.qml::_selfMouseArea::onClicked ] Enter click screen pivot, rotation: -90
[05:17:20.844]  [T:0x00e62] D: [ operator() ] "[ GA4 ] OK            : GA4 event [screen_pivot] sent successfully. Response: "
[05:17:20.989]  [T:0x00e62] I: [ init ] Initialize DisplayControl
[05:17:22.199]  [T:0x00e62] I: [ syncAllMonitorGeometry ] Monitor index:  0 / SN: "" / Model Name: ""
[05:17:22.199]  [T:0x00e62] I: [ syncAllMonitorGeometry ] Sync monitor position: 0 / Monitor position y: 0
[05:17:22.199]  [T:0x00e62] I: [ syncAllMonitorGeometry ] Sync Resolution: -1759893924  *  1411185152
[05:17:22.199]  [T:0x00e62] I: [ syncAllMonitorGeometry ] Monitor index:  1 / SN: "WTJ242500000" / Model Name: "VG2748a"
[05:17:22.199]  [T:0x00e62] I: [ syncAllMonitorGeometry ] Sync monitor position: 1800 / Monitor position y: 0
[05:17:22.199]  [T:0x00e62] I: [ syncAllMonitorGeometry ] Sync Resolution: 1920  *  1080
[05:18:54.896]  [T:0x00e62] D: [ logJsonToFile ] [ GA4 ] Measurement ID: "G-KKDK7WGP01"
[05:18:54.897]  [T:0x00e62] D: [ logJsonToFile ] [ GA4 ] API Secret    : "fPUEw5twT0m0JCHyRiP-Ww"
[05:18:54.897]  [T:0x00e62] D: [ logJsonToFile ] [ GA4 ] Client ID     : "b018b7099fc58c7beb053768e111032f2e57938d601230ca1d1c528f8d063088"
[05:18:54.898]  [T:0x00e62] D: [ logJsonToFile ] [ GA4 ] Payload       :
: "{\n    \"client_id\": \"b018b7099fc58c7beb053768e111032f2e57938d601230ca1d1c528f8d063088\",\n    \"events\": [\n        {\n            \"name\": \"screen_pivot\",\n            \"params\": {\n                \"OS_version\": \"Mac\",\n                \"auto_pivot\": \"off\",\n                \"pivot_angle\": -90\n            }\n        }\n    ]\n}\n"
[05:18:54.898]  [T:0x00e62] D: [ VDMScreenPivotButton.qml::_selfMouseArea::onClicked ] Enter click screen pivot, rotation: -90
[05:18:54.922]  [T:0x00e62] D: [ operator() ] "[ GA4 ] OK            : GA4 event [screen_pivot] sent successfully. Response: "
[05:18:55.063]  [T:0x00e62] I: [ init ] Initialize DisplayControl
[05:18:56.271]  [T:0x00e62] I: [ syncAllMonitorGeometry ] Monitor index:  0 / SN: "" / Model Name: ""
[05:18:56.271]  [T:0x00e62] I: [ syncAllMonitorGeometry ] Sync monitor position: 0 / Monitor position y: 0
[05:18:56.271]  [T:0x00e62] I: [ syncAllMonitorGeometry ] Sync Resolution: -1759893924  *  1411365376
[05:18:56.271]  [T:0x00e62] I: [ syncAllMonitorGeometry ] Monitor index:  1 / SN: "WTJ242500000" / Model Name: "VG2748a"
[05:18:56.271]  [T:0x00e62] I: [ syncAllMonitorGeometry ] Sync monitor position: 1800 / Monitor position y: 0
[05:18:56.272]  [T:0x00e62] I: [ syncAllMonitorGeometry ] Sync Resolution: 1920  *  1080
[05:20:19.738]  [T:0x00e62] D: [ logJsonToFile ] [ GA4 ] Measurement ID: "G-KKDK7WGP01"
[05:20:19.739]  [T:0x00e62] D: [ logJsonToFile ] [ GA4 ] API Secret    : "fPUEw5twT0m0JCHyRiP-Ww"
[05:20:19.739]  [T:0x00e62] D: [ logJsonToFile ] [ GA4 ] Client ID     : "b018b7099fc58c7beb053768e111032f2e57938d601230ca1d1c528f8d063088"
[05:20:19.740]  [T:0x00e62] D: [ logJsonToFile ] [ GA4 ] Payload       :
: "{\n    \"client_id\": \"b018b7099fc58c7beb053768e111032f2e57938d601230ca1d1c528f8d063088\",\n    \"events\": [\n        {\n            \"name\": \"screen_pivot\",\n            \"params\": {\n                \"OS_version\": \"Mac\",\n                \"auto_pivot\": \"off\",\n                \"pivot_angle\": 0\n            }\n        }\n    ]\n}\n"
[05:20:19.740]  [T:0x00e62] D: [ VDMScreenPivotButton.qml::_selfMouseArea::onClicked ] Enter click screen pivot, rotation: 0
[05:20:19.749]  [T:0x00e62] D: [ operator() ] "[ GA4 ] OK            : GA4 event [screen_pivot] sent successfully. Response: "
[05:20:20.105]  [T:0x00e62] I: [ init ] Initialize DisplayControl
[05:20:21.333]  [T:0x00e62] I: [ syncAllMonitorGeometry ] Monitor index:  0 / SN: "" / Model Name: ""
[05:20:21.333]  [T:0x00e62] I: [ syncAllMonitorGeometry ] Sync monitor position: 0 / Monitor position y: 0
[05:20:21.334]  [T:0x00e62] I: [ syncAllMonitorGeometry ] Sync Resolution: -1759893924  *  604192768
[05:20:21.334]  [T:0x00e62] I: [ syncAllMonitorGeometry ] Monitor index:  1 / SN: "WTJ242500000" / Model Name: "VG2748a"
[05:20:21.334]  [T:0x00e62] I: [ syncAllMonitorGeometry ] Sync monitor position: 1800 / Monitor position y: 0
[05:20:21.334]  [T:0x00e62] I: [ syncAllMonitorGeometry ] Sync Resolution: 1920  *  1080
[05:22:11.274]  [T:0x00e62] D: [ logJsonToFile ] [ GA4 ] Measurement ID: "G-KKDK7WGP01"
[05:22:11.276]  [T:0x00e62] D: [ logJsonToFile ] [ GA4 ] API Secret    : "fPUEw5twT0m0JCHyRiP-Ww"
[05:22:11.276]  [T:0x00e62] D: [ logJsonToFile ] [ GA4 ] Client ID     : "b018b7099fc58c7beb053768e111032f2e57938d601230ca1d1c528f8d063088"
[05:22:11.276]  [T:0x00e62] D: [ logJsonToFile ] [ GA4 ] Payload       :
: "{\n    \"client_id\": \"b018b7099fc58c7beb053768e111032f2e57938d601230ca1d1c528f8d063088\",\n    \"events\": [\n        {\n            \"name\": \"display_control\",\n            \"params\": {\n                \"OS_version\": \"Mac\",\n                \"brightness\": 1\n            }\n        }\n    ]\n}\n"
[05:22:11.286]  [T:0x00e62] D: [ operator() ] "[ GA4 ] OK            : GA4 event [display_control] sent successfully. Response: "
[05:22:11.378]  [T:0x931e0] I: SoftwareDimming is on, software_dimming_value =  0
[05:22:11.698]  [T:0x931e0] I: [ setVCPValue ] "Set VCP Name: Brightness => 0x10, VCP value: 0"
[05:22:11.698]  [T:0x931e0] I: [Write DB VCPValue] "90" Value =  "0"
[05:22:11.698]  [T:0x00e62] D: [VDMCustomSlider] updateUI OK, description = Brightness
[05:22:11.698]  [T:0x00e62] D: [VDMCustomSlider] updateUI OK, description = Contrast
[05:22:11.698]  [T:0x00e62] D: [VDMCustomSlider] updateUI OK, description = Sharpness
[05:22:11.698]  [T:0x00e62] D: [VDMCustomSlider] updateUI OK, description = Blue Light Filter
[05:22:11.698]  [T:0x00e62] D: [VDMCustomSlider] updateUI OK, description = Volume
[05:22:11.699]  [T:0x00e62] W: [ getVCPValue ] No VCP value
[05:22:11.699]  [T:0x00e62] W: [ getData ] Data type is wrong CDisplayDatabaseCommand::DisplayDatabaseElements::VCPValue QVariant(QVariantList, QList(QVariant(int, 0), QVariant(QString, "Color Temperature")))
[05:22:11.699]  [T:0x00e62] W: [ getVCPValueByIndex ] Failed to get VCP value "Color Temperature" QVariant(int, 0)
[05:22:11.699]  [T:0x00e62] W: [ VDMCustomComboBox.qml::_selfRectangle::updateUI() ], Get wrong vcp value, value is empty, description is: Color Temperature
[05:22:11.699]  [T:0x00e62] W: [ getVCPValueByMonitorIndex ] No VCP value
[05:22:11.699]  [T:0x00e62] W: [ getData ] Data type is wrong CDisplayDatabaseCommand::DisplayDatabaseElements::VCPValueByMonitorIndex QVariant(QVariantList, QList(QVariant(int, 0), QVariant(QString, "Color Temperature")))
[05:23:04.328]  [T:0x00e62] D: [ logJsonToFile ] [ GA4 ] Measurement ID: "G-KKDK7WGP01"
[05:23:04.329]  [T:0x00e62] D: [ logJsonToFile ] [ GA4 ] API Secret    : "fPUEw5twT0m0JCHyRiP-Ww"
[05:23:04.329]  [T:0x00e62] D: [ logJsonToFile ] [ GA4 ] Client ID     : "b018b7099fc58c7beb053768e111032f2e57938d601230ca1d1c528f8d063088"
[05:23:04.329]  [T:0x00e62] D: [ logJsonToFile ] [ GA4 ] Payload       :
: "{\n    \"client_id\": \"b018b7099fc58c7beb053768e111032f2e57938d601230ca1d1c528f8d063088\",\n    \"events\": [\n        {\n            \"name\": \"display_control\",\n            \"params\": {\n                \"OS_version\": \"Mac\",\n                \"brightness\": 1\n            }\n        }\n    ]\n}\n"
[05:23:04.338]  [T:0x00e62] D: [ operator() ] "[ GA4 ] OK            : GA4 event [display_control] sent successfully. Response: "
[05:23:04.431]  [T:0x931e0] I: SoftwareDimming is on, software_dimming_value =  100
[05:23:04.747]  [T:0x931e0] I: [ setVCPValue ] "Set VCP Name: Brightness => 0x10, VCP value: 100"
[05:23:04.747]  [T:0x931e0] I: [Write DB VCPValue] "0" Value =  "100"
[05:23:04.748]  [T:0x00e62] D: [VDMCustomSlider] updateUI OK, description = Brightness
[05:23:04.748]  [T:0x00e62] D: [VDMCustomSlider] updateUI OK, description = Contrast
[05:23:04.748]  [T:0x00e62] D: [VDMCustomSlider] updateUI OK, description = Sharpness
[05:23:04.748]  [T:0x00e62] D: [VDMCustomSlider] updateUI OK, description = Blue Light Filter
[05:23:04.748]  [T:0x00e62] D: [VDMCustomSlider] updateUI OK, description = Volume
[05:23:04.748]  [T:0x00e62] W: [ getVCPValue ] No VCP value
[05:23:04.748]  [T:0x00e62] W: [ getData ] Data type is wrong CDisplayDatabaseCommand::DisplayDatabaseElements::VCPValue QVariant(QVariantList, QList(QVariant(int, 0), QVariant(QString, "Color Temperature")))
[05:23:04.748]  [T:0x00e62] W: [ getVCPValueByIndex ] Failed to get VCP value "Color Temperature" QVariant(int, 0)
[05:23:04.748]  [T:0x00e62] W: [ VDMCustomComboBox.qml::_selfRectangle::updateUI() ], Get wrong vcp value, value is empty, description is: Color Temperature
[05:23:04.748]  [T:0x00e62] W: [ getVCPValueByMonitorIndex ] No VCP value
[05:23:04.748]  [T:0x00e62] W: [ getData ] Data type is wrong CDisplayDatabaseCommand::DisplayDatabaseElements::VCPValueByMonitorIndex QVariant(QVariantList, QList(QVariant(int, 0), QVariant(QString, "Color Temperature")))
[05:23:56.988]  [T:0x00e62] D: [ logJsonToFile ] [ GA4 ] Measurement ID: "G-KKDK7WGP01"
[05:23:56.990]  [T:0x00e62] D: [ logJsonToFile ] [ GA4 ] API Secret    : "fPUEw5twT0m0JCHyRiP-Ww"
[05:23:56.990]  [T:0x00e62] D: [ logJsonToFile ] [ GA4 ] Client ID     : "b018b7099fc58c7beb053768e111032f2e57938d601230ca1d1c528f8d063088"
[05:23:56.990]  [T:0x00e62] D: [ logJsonToFile ] [ GA4 ] Payload       :
: "{\n    \"client_id\": \"b018b7099fc58c7beb053768e111032f2e57938d601230ca1d1c528f8d063088\",\n    \"events\": [\n        {\n            \"name\": \"display_control\",\n            \"params\": {\n                \"OS_version\": \"Mac\",\n                \"contrast\": 1\n            }\n        }\n    ]\n}\n"
[05:23:57.000]  [T:0x00e62] D: [ operator() ] "[ GA4 ] OK            : GA4 event [display_control] sent successfully. Response: "
[05:23:57.419]  [T:0xbe0e1] I: [ setVCPValue ] "Set VCP Name: Contrast => 0x12, VCP value: 0"
[05:23:57.419]  [T:0x00e62] D: [VDMCustomSlider] updateUI OK, description = Brightness
[05:23:57.419]  [T:0x00e62] D: [VDMCustomSlider] updateUI OK, description = Contrast
[05:23:57.419]  [T:0x00e62] D: [VDMCustomSlider] updateUI OK, description = Sharpness
[05:23:57.419]  [T:0x00e62] D: [VDMCustomSlider] updateUI OK, description = Blue Light Filter
[05:23:57.419]  [T:0x00e62] D: [VDMCustomSlider] updateUI OK, description = Volume
[05:23:57.419]  [T:0x00e62] W: [ getVCPValue ] No VCP value
[05:23:57.419]  [T:0x00e62] W: [ getData ] Data type is wrong CDisplayDatabaseCommand::DisplayDatabaseElements::VCPValue QVariant(QVariantList, QList(QVariant(int, 0), QVariant(QString, "Color Temperature")))
[05:23:57.419]  [T:0x00e62] W: [ getVCPValueByIndex ] Failed to get VCP value "Color Temperature" QVariant(int, 0)
[05:23:57.419]  [T:0x00e62] W: [ VDMCustomComboBox.qml::_selfRectangle::updateUI() ], Get wrong vcp value, value is empty, description is: Color Temperature
[05:23:57.419]  [T:0x00e62] W: [ getVCPValueByMonitorIndex ] No VCP value
[05:23:57.419]  [T:0x00e62] W: [ getData ] Data type is wrong CDisplayDatabaseCommand::DisplayDatabaseElements::VCPValueByMonitorIndex QVariant(QVariantList, QList(QVariant(int, 0), QVariant(QString, "Color Temperature")))
[05:24:47.245]  [T:0x00e62] D: [ logJsonToFile ] [ GA4 ] Measurement ID: "G-KKDK7WGP01"
[05:24:47.245]  [T:0x00e62] D: [ logJsonToFile ] [ GA4 ] API Secret    : "fPUEw5twT0m0JCHyRiP-Ww"
[05:24:47.245]  [T:0x00e62] D: [ logJsonToFile ] [ GA4 ] Client ID     : "b018b7099fc58c7beb053768e111032f2e57938d601230ca1d1c528f8d063088"
[05:24:47.245]  [T:0x00e62] D: [ logJsonToFile ] [ GA4 ] Payload       :
: "{\n    \"client_id\": \"b018b7099fc58c7beb053768e111032f2e57938d601230ca1d1c528f8d063088\",\n    \"events\": [\n        {\n            \"name\": \"display_control\",\n            \"params\": {\n                \"OS_version\": \"Mac\",\n                \"contrast\": 1\n            }\n        }\n    ]\n}\n"
[05:24:47.255]  [T:0x00e62] D: [ operator() ] "[ GA4 ] OK            : GA4 event [display_control] sent successfully. Response: "
[05:24:47.666]  [T:0x931e0] I: [ setVCPValue ] "Set VCP Name: Contrast => 0x12, VCP value: 100"
[05:24:47.666]  [T:0x00e62] D: [VDMCustomSlider] updateUI OK, description = Brightness
[05:24:47.666]  [T:0x00e62] D: [VDMCustomSlider] updateUI OK, description = Contrast
[05:24:47.666]  [T:0x00e62] D: [VDMCustomSlider] updateUI OK, description = Sharpness
[05:24:47.666]  [T:0x00e62] D: [VDMCustomSlider] updateUI OK, description = Blue Light Filter
[05:24:47.666]  [T:0x00e62] D: [VDMCustomSlider] updateUI OK, description = Volume
[05:24:47.666]  [T:0x00e62] W: [ getVCPValue ] No VCP value
[05:24:47.666]  [T:0x00e62] W: [ getData ] Data type is wrong CDisplayDatabaseCommand::DisplayDatabaseElements::VCPValue QVariant(QVariantList, QList(QVariant(int, 0), QVariant(QString, "Color Temperature")))
[05:24:47.666]  [T:0x00e62] W: [ getVCPValueByIndex ] Failed to get VCP value "Color Temperature" QVariant(int, 0)
[05:24:47.666]  [T:0x00e62] W: [ VDMCustomComboBox.qml::_selfRectangle::updateUI() ], Get wrong vcp value, value is empty, description is: Color Temperature
[05:24:47.666]  [T:0x00e62] W: [ getVCPValueByMonitorIndex ] No VCP value
[05:24:47.667]  [T:0x00e62] W: [ getData ] Data type is wrong CDisplayDatabaseCommand::DisplayDatabaseElements::VCPValueByMonitorIndex QVariant(QVariantList, QList(QVariant(int, 0), QVariant(QString, "Color Temperature")))
[05:25:37.676]  [T:0x00e62] D: [ logJsonToFile ] [ GA4 ] Measurement ID: "G-KKDK7WGP01"
[05:25:37.676]  [T:0x00e62] D: [ logJsonToFile ] [ GA4 ] API Secret    : "fPUEw5twT0m0JCHyRiP-Ww"
[05:25:37.676]  [T:0x00e62] D: [ logJsonToFile ] [ GA4 ] Client ID     : "b018b7099fc58c7beb053768e111032f2e57938d601230ca1d1c528f8d063088"
[05:25:37.676]  [T:0x00e62] D: [ logJsonToFile ] [ GA4 ] Payload       :
: "{\n    \"client_id\": \"b018b7099fc58c7beb053768e111032f2e57938d601230ca1d1c528f8d063088\",\n    \"events\": [\n        {\n            \"name\": \"display_control\",\n            \"params\": {\n                \"OS_version\": \"Mac\",\n                \"sharpness\": 1\n            }\n        }\n    ]\n}\n"
[05:25:37.685]  [T:0x00e62] D: [ operator() ] "[ GA4 ] OK            : GA4 event [display_control] sent successfully. Response: "
[05:25:38.095]  [T:0xbe0e1] I: [ setVCPValue ] "Set VCP Name: Sharpness => 0x87, VCP value: 0"
[05:25:38.095]  [T:0x00e62] D: [VDMCustomSlider] updateUI OK, description = Brightness
[05:25:38.096]  [T:0x00e62] D: [VDMCustomSlider] updateUI OK, description = Contrast
[05:25:38.096]  [T:0x00e62] D: [VDMCustomSlider] updateUI OK, description = Sharpness
[05:25:38.096]  [T:0x00e62] D: [VDMCustomSlider] updateUI OK, description = Blue Light Filter
[05:25:38.096]  [T:0x00e62] D: [VDMCustomSlider] updateUI OK, description = Volume
[05:25:38.096]  [T:0x00e62] W: [ getVCPValue ] No VCP value
[05:25:38.096]  [T:0x00e62] W: [ getData ] Data type is wrong CDisplayDatabaseCommand::DisplayDatabaseElements::VCPValue QVariant(QVariantList, QList(QVariant(int, 0), QVariant(QString, "Color Temperature")))
[05:25:38.096]  [T:0x00e62] W: [ getVCPValueByIndex ] Failed to get VCP value "Color Temperature" QVariant(int, 0)
[05:25:38.096]  [T:0x00e62] W: [ VDMCustomComboBox.qml::_selfRectangle::updateUI() ], Get wrong vcp value, value is empty, description is: Color Temperature
[05:25:38.096]  [T:0x00e62] W: [ getVCPValueByMonitorIndex ] No VCP value
[05:25:38.096]  [T:0x00e62] W: [ getData ] Data type is wrong CDisplayDatabaseCommand::DisplayDatabaseElements::VCPValueByMonitorIndex QVariant(QVariantList, QList(QVariant(int, 0), QVariant(QString, "Color Temperature")))
[05:26:28.102]  [T:0x00e62] D: [ logJsonToFile ] [ GA4 ] Measurement ID: "G-KKDK7WGP01"
[05:26:28.103]  [T:0x00e62] D: [ logJsonToFile ] [ GA4 ] API Secret    : "fPUEw5twT0m0JCHyRiP-Ww"
[05:26:28.103]  [T:0x00e62] D: [ logJsonToFile ] [ GA4 ] Client ID     : "b018b7099fc58c7beb053768e111032f2e57938d601230ca1d1c528f8d063088"
[05:26:28.103]  [T:0x00e62] D: [ logJsonToFile ] [ GA4 ] Payload       :
: "{\n    \"client_id\": \"b018b7099fc58c7beb053768e111032f2e57938d601230ca1d1c528f8d063088\",\n    \"events\": [\n        {\n            \"name\": \"display_control\",\n            \"params\": {\n                \"OS_version\": \"Mac\",\n                \"sharpness\": 1\n            }\n        }\n    ]\n}\n"
[05:26:28.113]  [T:0x00e62] D: [ operator() ] "[ GA4 ] OK            : GA4 event [display_control] sent successfully. Response: "
[05:26:28.524]  [T:0xbe0e1] I: [ setVCPValue ] "Set VCP Name: Sharpness => 0x87, VCP value: 4"
[05:26:28.525]  [T:0x00e62] D: [VDMCustomSlider] updateUI OK, description = Brightness
[05:26:28.525]  [T:0x00e62] D: [VDMCustomSlider] updateUI OK, description = Contrast
[05:26:28.525]  [T:0x00e62] D: [VDMCustomSlider] updateUI OK, description = Sharpness
[05:26:28.526]  [T:0x00e62] D: [VDMCustomSlider] updateUI OK, description = Blue Light Filter
[05:26:28.526]  [T:0x00e62] D: [VDMCustomSlider] updateUI OK, description = Volume
[05:26:28.526]  [T:0x00e62] W: [ getVCPValue ] No VCP value
[05:26:28.526]  [T:0x00e62] W: [ getData ] Data type is wrong CDisplayDatabaseCommand::DisplayDatabaseElements::VCPValue QVariant(QVariantList, QList(QVariant(int, 0), QVariant(QString, "Color Temperature")))
[05:26:28.527]  [T:0x00e62] W: [ getVCPValueByIndex ] Failed to get VCP value "Color Temperature" QVariant(int, 0)
[05:26:28.527]  [T:0x00e62] W: [ VDMCustomComboBox.qml::_selfRectangle::updateUI() ], Get wrong vcp value, value is empty, description is: Color Temperature
[05:26:28.527]  [T:0x00e62] W: [ getVCPValueByMonitorIndex ] No VCP value
[05:26:28.527]  [T:0x00e62] W: [ getData ] Data type is wrong CDisplayDatabaseCommand::DisplayDatabaseElements::VCPValueByMonitorIndex QVariant(QVariantList, QList(QVariant(int, 0), QVariant(QString, "Color Temperature")))
[05:28:09.188]  [T:0x00e62] D: [ logJsonToFile ] [ GA4 ] Measurement ID: "G-KKDK7WGP01"
[05:28:09.189]  [T:0x00e62] D: [ logJsonToFile ] [ GA4 ] API Secret    : "fPUEw5twT0m0JCHyRiP-Ww"
[05:28:09.189]  [T:0x00e62] D: [ logJsonToFile ] [ GA4 ] Client ID     : "b018b7099fc58c7beb053768e111032f2e57938d601230ca1d1c528f8d063088"
[05:28:09.189]  [T:0x00e62] D: [ logJsonToFile ] [ GA4 ] Payload       :
: "{\n    \"client_id\": \"b018b7099fc58c7beb053768e111032f2e57938d601230ca1d1c528f8d063088\",\n    \"events\": [\n        {\n            \"name\": \"display_control\",\n            \"params\": {\n                \"OS_version\": \"Mac\",\n                \"blue_light_filter\": 1\n            }\n        }\n    ]\n}\n"
[05:28:09.198]  [T:0x00e62] D: [ operator() ] "[ GA4 ] OK            : GA4 event [display_control] sent successfully. Response: "
[05:28:09.609]  [T:0x0cdd6] I: [ setVCPValue ] "Set VCP Name: Blue Light Filter => 0xE2, VCP value: 100"
[05:28:09.609]  [T:0x00e62] D: [VDMCustomSlider] updateUI OK, description = Brightness
[05:28:09.609]  [T:0x00e62] D: [VDMCustomSlider] updateUI OK, description = Contrast
[05:28:09.609]  [T:0x00e62] D: [VDMCustomSlider] updateUI OK, description = Sharpness
[05:28:09.609]  [T:0x00e62] D: [VDMCustomSlider] updateUI OK, description = Blue Light Filter
[05:28:09.609]  [T:0x00e62] D: [VDMCustomSlider] updateUI OK, description = Volume
[05:28:09.609]  [T:0x00e62] W: [ getVCPValue ] No VCP value
[05:28:09.610]  [T:0x00e62] W: [ getData ] Data type is wrong CDisplayDatabaseCommand::DisplayDatabaseElements::VCPValue QVariant(QVariantList, QList(QVariant(int, 0), QVariant(QString, "Color Temperature")))
[05:28:09.610]  [T:0x00e62] W: [ getVCPValueByIndex ] Failed to get VCP value "Color Temperature" QVariant(int, 0)
[05:28:09.610]  [T:0x00e62] W: [ VDMCustomComboBox.qml::_selfRectangle::updateUI() ], Get wrong vcp value, value is empty, description is: Color Temperature
[05:28:09.610]  [T:0x00e62] W: [ getVCPValueByMonitorIndex ] No VCP value
[05:28:09.610]  [T:0x00e62] W: [ getData ] Data type is wrong CDisplayDatabaseCommand::DisplayDatabaseElements::VCPValueByMonitorIndex QVariant(QVariantList, QList(QVariant(int, 0), QVariant(QString, "Color Temperature")))
[05:29:00.257]  [T:0x00e62] I: [ setVCPValue ] "Set VCP Name: Volume => 0x62, VCP value: "
[05:29:00.677]  [T:0x0cdd6] I: [ setVCPValue ] "Set VCP Name: Volume => 0x62, VCP value: 0"
[05:29:00.677]  [T:0x00e62] D: [VDMCustomSlider] updateUI OK, description = Brightness
[05:29:00.677]  [T:0x00e62] D: [VDMCustomSlider] updateUI OK, description = Contrast
[05:29:00.677]  [T:0x00e62] D: [VDMCustomSlider] updateUI OK, description = Sharpness
[05:29:00.678]  [T:0x00e62] D: [VDMCustomSlider] updateUI OK, description = Blue Light Filter
[05:29:00.678]  [T:0x00e62] D: [VDMCustomSlider] updateUI OK, description = Volume
[05:29:00.678]  [T:0x00e62] W: [ getVCPValue ] No VCP value
[05:29:00.678]  [T:0x00e62] W: [ getData ] Data type is wrong CDisplayDatabaseCommand::DisplayDatabaseElements::VCPValue QVariant(QVariantList, QList(QVariant(int, 0), QVariant(QString, "Color Temperature")))
[05:29:00.678]  [T:0x00e62] W: [ getVCPValueByIndex ] Failed to get VCP value "Color Temperature" QVariant(int, 0)
[05:29:00.678]  [T:0x00e62] W: [ VDMCustomComboBox.qml::_selfRectangle::updateUI() ], Get wrong vcp value, value is empty, description is: Color Temperature
[05:29:00.678]  [T:0x00e62] W: [ getVCPValueByMonitorIndex ] No VCP value
[05:29:00.678]  [T:0x00e62] W: [ getData ] Data type is wrong CDisplayDatabaseCommand::DisplayDatabaseElements::VCPValueByMonitorIndex QVariant(QVariantList, QList(QVariant(int, 0), QVariant(QString, "Color Temperature")))
[05:29:50.506]  [T:0x00e62] I: [ setVCPValue ] "Set VCP Name: Volume => 0x62, VCP value: "
[05:29:50.507]  [T:0x00e62] D: [ logJsonToFile ] [ GA4 ] Measurement ID: "G-KKDK7WGP01"
[05:29:50.507]  [T:0x00e62] D: [ logJsonToFile ] [ GA4 ] API Secret    : "fPUEw5twT0m0JCHyRiP-Ww"
[05:29:50.507]  [T:0x00e62] D: [ logJsonToFile ] [ GA4 ] Client ID     : "b018b7099fc58c7beb053768e111032f2e57938d601230ca1d1c528f8d063088"
[05:29:50.507]  [T:0x00e62] D: [ logJsonToFile ] [ GA4 ] Payload       :
: "{\n    \"client_id\": \"b018b7099fc58c7beb053768e111032f2e57938d601230ca1d1c528f8d063088\",\n    \"events\": [\n        {\n            \"name\": \"display_control\",\n            \"params\": {\n                \"OS_version\": \"Mac\",\n                \"volume\": 1\n            }\n        }\n    ]\n}\n"
[05:29:50.518]  [T:0x00e62] D: [ operator() ] "[ GA4 ] OK            : GA4 event [display_control] sent successfully. Response: "
[05:29:50.923]  [T:0x0cdd6] I: [ setVCPValue ] "Set VCP Name: Volume => 0x62, VCP value: 100"
[05:29:50.923]  [T:0x00e62] D: [VDMCustomSlider] updateUI OK, description = Brightness
[05:29:50.923]  [T:0x00e62] D: [VDMCustomSlider] updateUI OK, description = Contrast
[05:29:50.923]  [T:0x00e62] D: [VDMCustomSlider] updateUI OK, description = Sharpness
[05:29:50.923]  [T:0x00e62] D: [VDMCustomSlider] updateUI OK, description = Blue Light Filter
[05:29:50.923]  [T:0x00e62] D: [VDMCustomSlider] updateUI OK, description = Volume
[05:29:50.923]  [T:0x00e62] W: [ getVCPValue ] No VCP value
[05:29:50.923]  [T:0x00e62] W: [ getData ] Data type is wrong CDisplayDatabaseCommand::DisplayDatabaseElements::VCPValue QVariant(QVariantList, QList(QVariant(int, 0), QVariant(QString, "Color Temperature")))
[05:29:50.923]  [T:0x00e62] W: [ getVCPValueByIndex ] Failed to get VCP value "Color Temperature" QVariant(int, 0)
[05:29:50.923]  [T:0x00e62] W: [ VDMCustomComboBox.qml::_selfRectangle::updateUI() ], Get wrong vcp value, value is empty, description is: Color Temperature
[05:29:50.924]  [T:0x00e62] W: [ getVCPValueByMonitorIndex ] No VCP value
[05:29:50.924]  [T:0x00e62] W: [ getData ] Data type is wrong CDisplayDatabaseCommand::DisplayDatabaseElements::VCPValueByMonitorIndex QVariant(QVariantList, QList(QVariant(int, 0), QVariant(QString, "Color Temperature")))
[05:46:08.019]  [T:0x0cdd6] I: [ setVCPValue ] "Set VCP Name: Video Signal Auto Detect => 0x33, VCP value: On"
[05:46:08.020]  [T:0x00e62] D: [VDMCustomSlider] updateUI OK, description = Brightness
[05:46:08.020]  [T:0x00e62] D: [VDMCustomSlider] updateUI OK, description = Contrast
[05:46:08.020]  [T:0x00e62] D: [VDMCustomSlider] updateUI OK, description = Sharpness
[05:46:08.020]  [T:0x00e62] D: [VDMCustomSlider] updateUI OK, description = Blue Light Filter
[05:46:08.020]  [T:0x00e62] D: [VDMCustomSlider] updateUI OK, description = Volume
[05:46:08.020]  [T:0x00e62] W: [ getVCPValue ] No VCP value
[05:46:08.020]  [T:0x00e62] W: [ getData ] Data type is wrong CDisplayDatabaseCommand::DisplayDatabaseElements::VCPValue QVariant(QVariantList, QList(QVariant(int, 0), QVariant(QString, "Color Temperature")))
[05:46:08.020]  [T:0x00e62] W: [ getVCPValueByIndex ] Failed to get VCP value "Color Temperature" QVariant(int, 0)
[05:46:08.020]  [T:0x00e62] W: [ VDMCustomComboBox.qml::_selfRectangle::updateUI() ], Get wrong vcp value, value is empty, description is: Color Temperature
[05:46:08.020]  [T:0x00e62] W: [ getVCPValueByMonitorIndex ] No VCP value
[05:46:08.020]  [T:0x00e62] W: [ getData ] Data type is wrong CDisplayDatabaseCommand::DisplayDatabaseElements::VCPValueByMonitorIndex QVariant(QVariantList, QList(QVariant(int, 0), QVariant(QString, "Color Temperature")))
[05:46:08.020]  [T:0x00e62] D: [ convertToRegexPatternCommon ] "[ GA4 ] Error         : RegexCommon Validate FAIL - Invalid format: [Digital Video (TMDS) 3 HDMI 1]"
[05:46:08.020]  [T:0x00e62] D: [ convertToRegexPatternCommon ] "[ GA4 ] Fix           : Remove unmatch characters - format: [DigitalVideoTMDS3HDMI1]"
[05:46:08.020]  [T:0x00e62] D: [ logJsonToFile ] [ GA4 ] Measurement ID: "G-KKDK7WGP01"
[05:46:08.020]  [T:0x00e62] D: [ logJsonToFile ] [ GA4 ] API Secret    : "fPUEw5twT0m0JCHyRiP-Ww"
[05:46:08.020]  [T:0x00e62] D: [ logJsonToFile ] [ GA4 ] Client ID     : "b018b7099fc58c7beb053768e111032f2e57938d601230ca1d1c528f8d063088"
[05:46:08.020]  [T:0x00e62] D: [ logJsonToFile ] [ GA4 ] Payload       :
: "{\n    \"client_id\": \"b018b7099fc58c7beb053768e111032f2e57938d601230ca1d1c528f8d063088\",\n    \"events\": [\n        {\n            \"name\": \"input_source\",\n            \"params\": {\n                \"OS_version\": \"Mac\",\n                \"auto_input_source\": \"on\",\n                \"manual_input_source\": \"DigitalVideoTMDS3HDMI1\"\n            }\n        }\n    ]\n}\n"
[05:46:08.064]  [T:0x00e62] D: [ operator() ] "[ GA4 ] OK            : GA4 event [input_source] sent successfully. Response: "
[05:46:38.728]  [T:0x00e62] I: [ setAutoPivotThread ] AutoPivotWorkThread stopped
[05:46:40.471]  [T:0x24255] I: [ setVCPValue ] "Set VCP Name: Restore Factory Defaults => 0x4, VCP value: 1"
[05:46:45.581]  [T:0x24255] I: [ waitForResetMonitorReady ] reset monitor is not connect : 0
[05:46:45.581]  [T:0x24255] I: [ init ] Initialize DisplayControl
[05:46:46.995]  [T:0x24255] I: [ syncMonitorsAction ] Sync monitor:  "VG2748a"
[05:46:47.254]  [T:0x24255] I: [ getVCPValue ] VCP Description is  "Input Selection" VCP value is  17 VCP option name: "Digital Video (TMDS) 3 HDMI 1"
[05:46:47.561]  [T:0x24255] I: [ getVCPValue ] VCP Description is  "Video Signal Auto Detect" VCP value is  2 VCP option name: "On"
[05:46:47.871]  [T:0x24255] I: [ getVCPValue ] VCP Description is  "Display Application" VCP value is  0 VCP option name: "Off"
[05:46:48.183]  [T:0x24255] I: [ getVCPValue ] VCP Description is  "Power Indicator" VCP value is  2 VCP option name: "On"
[05:46:48.485]  [T:0x24255] I: [ getVCPValue ] VCP Description is  "Audio Mute" VCP value is  2 VCP option name: "Un-Mute the audio"
[05:46:48.790]  [T:0x24255] I: [ getVCPValue ] VCP Description is  "Sharpness" VCP value is  2
[05:46:49.096]  [T:0x24255] I: [ getVCPValue ] VCP Description is  "Blue Light Filter" VCP value is  0
[05:46:49.404]  [T:0x24255] I: [ getVCPValue ] VCP Description is  "Signal Source List" VCP value is  16385
[05:46:49.713]  [T:0x24255] I: [ getVCPValue ] VCP Description is  "Volume" VCP value is  50
[05:46:50.024]  [T:0x24255] I: [ getVCPValue ] VCP Description is  "Brightness" VCP value is  90
[05:46:50.335]  [T:0x24255] I: [ getVCPValue ] VCP Description is  "Battery Information" VCP value is  65535
[05:46:50.642]  [T:0x24255] I: [ getVCPValue ] VCP Description is  "Contrast" VCP value is  70
[05:46:50.950]  [T:0x24255] I: [ getVCPValue ] VCP Description is  "Advanced DCR" VCP value is  0 VCP option name: "Advanced DCR Off"
[05:46:51.255]  [T:0x24255] I: [ getVCPValue ] VCP Description is  "Restore Factory Defaults" VCP value is  0
[05:46:51.359]  [T:0x00e62] D: [VDMCustomSlider] updateUI OK, description = Brightness
[05:46:51.359]  [T:0x00e62] D: [VDMCustomSlider] updateUI OK, description = Contrast
[05:46:51.359]  [T:0x00e62] D: [VDMCustomSlider] updateUI OK, description = Sharpness
[05:46:51.359]  [T:0x00e62] D: [VDMCustomSlider] updateUI OK, description = Blue Light Filter
[05:46:51.359]  [T:0x00e62] D: [VDMCustomSlider] updateUI OK, description = Volume
[05:46:51.359]  [T:0x00e62] W: [ getVCPValue ] No VCP value
[05:46:51.359]  [T:0x00e62] W: [ getData ] Data type is wrong CDisplayDatabaseCommand::DisplayDatabaseElements::VCPValue QVariant(QVariantList, QList(QVariant(int, 0), QVariant(QString, "Color Temperature")))
[05:46:51.359]  [T:0x00e62] W: [ getVCPValueByIndex ] Failed to get VCP value "Color Temperature" QVariant(int, 0)
[05:46:51.359]  [T:0x00e62] W: [ VDMCustomComboBox.qml::_selfRectangle::updateUI() ], Get wrong vcp value, value is empty, description is: Color Temperature
[05:46:51.359]  [T:0x00e62] W: [ getVCPValueByMonitorIndex ] No VCP value
[05:46:51.359]  [T:0x00e62] W: [ getData ] Data type is wrong CDisplayDatabaseCommand::DisplayDatabaseElements::VCPValueByMonitorIndex QVariant(QVariantList, QList(QVariant(int, 0), QVariant(QString, "Color Temperature")))
[05:46:51.562]  [T:0x00e62] D: [VDMCustomSlider] updateUI OK, description = Brightness
[05:46:51.563]  [T:0x00e62] D: [VDMCustomSlider] updateUI OK, description = Contrast
[05:46:51.563]  [T:0x00e62] D: [VDMCustomSlider] updateUI OK, description = Sharpness
[05:46:51.563]  [T:0x00e62] D: [VDMCustomSlider] updateUI OK, description = Blue Light Filter
[05:46:51.563]  [T:0x00e62] D: [VDMCustomSlider] updateUI OK, description = Volume
[05:46:51.564]  [T:0x00e62] W: [ getVCPValue ] No VCP value
[05:46:51.564]  [T:0x00e62] W: [ getData ] Data type is wrong CDisplayDatabaseCommand::DisplayDatabaseElements::VCPValue QVariant(QVariantList, QList(QVariant(int, 0), QVariant(QString, "Color Temperature")))
[05:46:51.564]  [T:0x00e62] W: [ getVCPValueByIndex ] Failed to get VCP value "Color Temperature" QVariant(int, 0)
[05:46:51.564]  [T:0x00e62] W: [ VDMCustomComboBox.qml::_selfRectangle::updateUI() ], Get wrong vcp value, value is empty, description is: Color Temperature
[05:46:51.564]  [T:0x00e62] W: [ getVCPValueByMonitorIndex ] No VCP value
[05:46:51.564]  [T:0x00e62] W: [ getData ] Data type is wrong CDisplayDatabaseCommand::DisplayDatabaseElements::VCPValueByMonitorIndex QVariant(QVariantList, QList(QVariant(int, 0), QVariant(QString, "Color Temperature")))
[05:46:51.564]  [T:0x00e62] D: intellgenceCondition: false
[05:46:51.571]  [T:0x00e62] W: [ getVCPValue ] No VCP value
[05:46:51.571]  [T:0x00e62] W: [ getData ] Data type is wrong CDisplayDatabaseCommand::DisplayDatabaseElements::VCPValue QVariant(QVariantList, QList(QVariant(int, 0), QVariant(QString, "Color Temperature")))
[05:46:51.572]  [T:0x00e62] W: [ getVCPValueByIndex ] Failed to get VCP value "Color Temperature" QVariant(int, 0)
[05:46:51.572]  [T:0x00e62] W: [ VDMCustomComboBox.qml::_selfRectangle::updateUI() ], Get wrong vcp value, value is empty, description is: Color Temperature
[05:46:51.572]  [T:0x00e62] W: [ getVCPValueByMonitorIndex ] No VCP value
[05:46:51.572]  [T:0x00e62] W: [ getData ] Data type is wrong CDisplayDatabaseCommand::DisplayDatabaseElements::VCPValueByMonitorIndex QVariant(QVariantList, QList(QVariant(int, 0), QVariant(QString, "Color Temperature")))
[05:46:51.572]  [T:0x00e62] D: isSupportAIMode:false
[05:46:51.572]  [T:0x00e62] D: [VDMCustomSlider] updateUI OK, description = Brightness
[05:46:51.572]  [T:0x00e62] D: [VDMCustomSlider] updateUI OK, description = Contrast
[05:46:51.572]  [T:0x00e62] D: [VDMCustomSlider] updateUI OK, description = Sharpness
[05:46:51.572]  [T:0x00e62] D: [VDMCustomSlider] updateUI OK, description = Blue Light Filter
[05:46:51.572]  [T:0x00e62] D: [VDMCustomSlider] updateUI OK, description = Volume
[05:46:51.573]  [T:0x00e62] W: [ getVCPValue ] No VCP value
[05:46:51.573]  [T:0x00e62] W: [ getData ] Data type is wrong CDisplayDatabaseCommand::DisplayDatabaseElements::VCPValue QVariant(QVariantList, QList(QVariant(int, 0), QVariant(QString, "Color Temperature")))
[05:46:51.573]  [T:0x00e62] W: [ getVCPValueByIndex ] Failed to get VCP value "Color Temperature" QVariant(int, 0)
[05:46:51.573]  [T:0x00e62] W: [ VDMCustomComboBox.qml::_selfRectangle::updateUI() ], Get wrong vcp value, value is empty, description is: Color Temperature
[05:46:51.573]  [T:0x00e62] W: [ getVCPValueByMonitorIndex ] No VCP value
[05:46:51.573]  [T:0x00e62] W: [ getData ] Data type is wrong CDisplayDatabaseCommand::DisplayDatabaseElements::VCPValueByMonitorIndex QVariant(QVariantList, QList(QVariant(int, 0), QVariant(QString, "Color Temperature")))
[05:46:51.826]  [T:0x00e62] D: [VDMCustomSlider] updateUI OK, description = Brightness
[05:46:51.826]  [T:0x00e62] D: [VDMCustomSlider] updateUI OK, description = Contrast
[05:46:51.826]  [T:0x00e62] D: [VDMCustomSlider] updateUI OK, description = Sharpness
[05:46:51.827]  [T:0x00e62] D: [VDMCustomSlider] updateUI OK, description = Blue Light Filter
[05:46:51.827]  [T:0x00e62] D: [VDMCustomSlider] updateUI OK, description = Volume
[05:46:51.828]  [T:0x00e62] W: [ getVCPValue ] No VCP value
[05:46:51.828]  [T:0x00e62] W: [ getData ] Data type is wrong CDisplayDatabaseCommand::DisplayDatabaseElements::VCPValue QVariant(QVariantList, QList(QVariant(int, 0), QVariant(QString, "Color Temperature")))
[05:46:51.828]  [T:0x00e62] W: [ getVCPValueByIndex ] Failed to get VCP value "Color Temperature" QVariant(int, 0)
[05:46:51.828]  [T:0x00e62] W: [ VDMCustomComboBox.qml::_selfRectangle::updateUI() ], Get wrong vcp value, value is empty, description is: Color Temperature
[05:46:51.828]  [T:0x00e62] W: [ getVCPValueByMonitorIndex ] No VCP value
[05:46:51.828]  [T:0x00e62] W: [ getData ] Data type is wrong CDisplayDatabaseCommand::DisplayDatabaseElements::VCPValueByMonitorIndex QVariant(QVariantList, QList(QVariant(int, 0), QVariant(QString, "Color Temperature")))
[05:46:51.828]  [T:0x00e62] D: intellgenceCondition: false
[05:46:51.830]  [T:0x00e62] D: [VDMCustomSlider] updateUI OK, description = Brightness
[05:46:51.830]  [T:0x00e62] D: [VDMCustomSlider] updateUI OK, description = Contrast
[05:46:51.831]  [T:0x00e62] D: [VDMCustomSlider] updateUI OK, description = Sharpness
[05:46:51.831]  [T:0x00e62] D: [VDMCustomSlider] updateUI OK, description = Blue Light Filter
[05:46:51.831]  [T:0x00e62] D: [VDMCustomSlider] updateUI OK, description = Volume
[05:47:26.973]  [T:0x00e62] I: [ setAutoPivotThread ] AutoPivotWorkThread stopped
[05:47:26.976]  [T:0x00e62] I: [ CleanOldLogs ] Clean logs
