===== System Information =====
Time: 2025-10-02T15:17:28.791
App: vDisplayManager
App Version: 3.2.0.1002
Qt Version: 6.5.3
OS: macOS 15.4
CPU Arch: arm64
Screen[0] Name: Built-in Retina Display
Screen[0] Size: 1800 x 1169 px
Screen[0] DPI: 72
Screen[0] Physical Size: 300.789mm x 195.346mm
Screen[1] Name: VG245
Screen[1] Size: 1920 x 1080 px
Screen[1] DPI: 72
Screen[1] Physical Size: 530.087mm x 301.451mm
==============================
[15:17:28.791]  [T:0x62fe9] I: [ initialize ] CAppRunningNotifier server is running
[15:17:28.792]  [T:0x62fe9] D: [LanguageManager] initSystemLanguage: loaded "en_US"
[15:17:29.213]  [T:0x62fe9] I: [ loadGoogleInterFonts ] [Font] Loaded: ":/Resources/fonts/Inter-Regular.ttf" -> families: "Inter"
[15:17:29.214]  [T:0x62fe9] I: [ loadGoogleInterFonts ] [Font] Loaded: ":/Resources/fonts/Inter-Medium.ttf" -> families: "Inter"
[15:17:29.216]  [T:0x62fe9] I: [ loadGoogleInterFonts ] [Font] Loaded: ":/Resources/fonts/Inter-SemiBold.ttf" -> families: "Inter"
[15:17:29.629]  [T:0x62fe9] I: [ CVsAiSensorManager ] VsAiSensor version: "1.0.8.0"
[15:17:29.646]  [T:0x62fe9] I: [ importConfig ] "userConfigPath:/Users/pmsd/Library/Application Support/vDisplay Manager"
[15:17:30.078]  [T:0x62fe9] I: [ init ] Initialize DisplayControl
[15:17:30.788]  [T:0x62fe9] D: modelName =  "VG245"
[15:17:31.001]  [T:0x62fe9] I: [ catchMonitors ] Monitor index:  1 / SN: "XF5241421067" / Model Name: "VG245"
[15:17:31.002]  [T:0x62fe9] I: [ catchMonitors ] Monitor position: 1800 / Monitor position y: 0
[15:17:31.002]  [T:0x62fe9] I: [ catchMonitors ] Resolution is: 1920  *  1080
[15:17:31.002]  [T:0x62fe9] I: [ catchMonitors ] Firmware version is: "M001"
[15:17:32.458]  [T:0x62fe9] I: [ setVCPValue ] "Set VCP Name: Video Signal Auto Detect => 0x33, VCP value: On"
[15:17:32.458]  [T:0x62fe9] I: [ syncMonitorsAction ] Sync monitor:  "VG245"
[15:17:32.673]  [T:0x62fe9] I: [ getVCPValue ] VCP Description is  "Contrast" VCP value is  70
[15:17:32.991]  [T:0x62fe9] I: [ getVCPValue ] VCP Description is  "Battery Information" VCP value is  65535
[15:17:33.307]  [T:0x62fe9] I: [ getVCPValue ] VCP Description is  "Signal Source List" VCP value is  0
[15:17:33.627]  [T:0x62fe9] I: [ getVCPValue ] VCP Description is  "Power Indicator" VCP value is  2 VCP option name: "On"
[15:17:33.942]  [T:0x62fe9] I: [ getVCPValue ] VCP Description is  "Input Selection" VCP value is  23 VCP option name: "Type C 1"
[15:17:34.261]  [T:0x62fe9] I: [ getVCPValue ] VCP Description is  "Blue Light Filter" VCP value is  0
[15:17:34.579]  [T:0x62fe9] I: [ getVCPValue ] VCP Description is  "Audio Mute" VCP value is  2 VCP option name: "Un-Mute the audio"
[15:17:34.899]  [T:0x62fe9] I: [ getVCPValue ] VCP Description is  "Restore Factory Defaults" VCP value is  0
[15:17:35.219]  [T:0x62fe9] I: [ getVCPValue ] VCP Description is  "Video Signal Auto Detect" VCP value is  2 VCP option name: "On"
[15:17:35.535]  [T:0x62fe9] I: [ getVCPValue ] VCP Description is  "Sharpness" VCP value is  2
[15:17:35.848]  [T:0x62fe9] I: [ getVCPValue ] VCP Description is  "Brightness" VCP value is  100
[15:17:36.168]  [T:0x62fe9] I: [ getVCPValue ] VCP Description is  "Advanced DCR" VCP value is  0 VCP option name: "Advanced DCR Off"
[15:17:36.486]  [T:0x62fe9] I: [ getVCPValue ] VCP Description is  "Volume" VCP value is  70
[15:17:36.798]  [T:0x62fe9] I: [ getVCPValue ] VCP Description is  "Display Application" VCP value is  0 VCP option name: "Off"
[15:17:36.900]  [T:0x62fe9] W: [ getData ] Failed to get data, data is empty CDisplayDatabaseCommand::DisplayDatabaseElements::AllMonitorVCPXORMap
[15:17:36.900]  [T:0x62fe9] W: [ getData ] Failed to get data, data is empty CDisplayDatabaseCommand::DisplayDatabaseElements::ALLMonitorVCPOptionMap
[15:17:36.901]  [T:0x62fe9] I: [ initializeAutoScreenPivot ] connectedMonitorSet:  QSet("VG245,XF5241421067")
[15:17:36.901]  [T:0x62fe9] I: [ initializeAutoScreenPivot ] mAutoMonitorSet:  QSet()
[15:17:36.901]  [T:0x62fe9] I: [ operator() ] Register DisplayChangeEventHandler and set callback function
[15:17:36.901]  [T:0x62fe9] I: [ CMacWakeUpEventHandler ] Successful creation of WakeUp Event Handler
[15:17:36.903]  [T:0x62fe9] I: [ getValue ] No such key in JSON object:  std::vector("focused_attention", "enable")
[15:17:36.903]  [T:0x62fe9] I: [ setCConfigModule ] mEnableDetect from config: false
[15:17:36.903]  [T:0x62fe9] D: [ convertToRegexPatternAppVersion ] "[ GA4 ] Error         : RegexAppVerion Validate FAIL - Invalid format: [3.2.0.1002]"
[15:17:36.904]  [T:0x62fe9] D: [ convertToRegexPatternAppVersion ] "[ GA4 ] OK            : RegexAppVerion Validate OK: [v3.2.0.1002]"
[15:17:37.120]  [T:0x62fe9] I: [ getVCPValue ] VCP Description is  "Input Selection" VCP value is  23 VCP option name: "Type C 1"
[15:17:37.121]  [T:0x62fe9] D: [ convertToRegexPatternCommon ] "[ GA4 ] Error         : RegexCommon Validate FAIL - Invalid format: [Type C 1]"
[15:17:37.121]  [T:0x62fe9] D: [ convertToRegexPatternCommon ] "[ GA4 ] Fix           : Remove unmatch characters - format: [TypeC1]"
[15:17:37.121]  [T:0x62fe9] D: [ logJsonToFile ] [ GA4 ] Measurement ID: "G-KKDK7WGP01"
[15:17:37.122]  [T:0x62fe9] D: [ logJsonToFile ] [ GA4 ] API Secret    : "fPUEw5twT0m0JCHyRiP-Ww"
[15:17:37.122]  [T:0x62fe9] D: [ logJsonToFile ] [ GA4 ] Client ID     : "03a96d174f6610cbe0338e0b7c5baeb9fe6c9cbcfbc85027a2e8474f885ed1b1"
[15:17:37.122]  [T:0x62fe9] D: [ logJsonToFile ] [ GA4 ] Payload       :
: "{\n    \"client_id\": \"03a96d174f6610cbe0338e0b7c5baeb9fe6c9cbcfbc85027a2e8474f885ed1b1\",\n    \"events\": [\n        {\n            \"name\": \"app_open\",\n            \"params\": {\n                \"OS_version\": \"Mac\",\n                \"app_version\": \"v3.2.0.1002\",\n                \"connected_monitor\": \"VG245\",\n                \"video_port\": \"TypeC1\"\n            }\n        }\n    ]\n}\n"
[15:17:37.398]  [T:0x62fe9] D: [ logJsonToFile ] [ GA4 ] Measurement ID: "G-KKDK7WGP01"
[15:17:37.398]  [T:0x62fe9] D: [ logJsonToFile ] [ GA4 ] API Secret    : "fPUEw5twT0m0JCHyRiP-Ww"
[15:17:37.398]  [T:0x62fe9] D: [ logJsonToFile ] [ GA4 ] Client ID     : "03a96d174f6610cbe0338e0b7c5baeb9fe6c9cbcfbc85027a2e8474f885ed1b1"
[15:17:37.398]  [T:0x62fe9] D: [ logJsonToFile ] [ GA4 ] Payload       :
: "{\n    \"client_id\": \"03a96d174f6610cbe0338e0b7c5baeb9fe6c9cbcfbc85027a2e8474f885ed1b1\",\n    \"events\": [\n        {\n            \"name\": \"select_monitor\",\n            \"params\": {\n                \"OS_version\": \"Mac\",\n                \"monitor_model\": \"VG245\"\n            }\n        }\n    ]\n}\n"
[15:17:37.398]  [T:0x62fe9] D: [ convertToRegexPatternCommon ] "[ GA4 ] Error         : RegexCommon Validate FAIL - Invalid format: [Type C 1]"
[15:17:37.398]  [T:0x62fe9] D: [ convertToRegexPatternCommon ] "[ GA4 ] Fix           : Remove unmatch characters - format: [TypeC1]"
[15:17:37.398]  [T:0x62fe9] D: [ logJsonToFile ] [ GA4 ] Measurement ID: "G-KKDK7WGP01"
[15:17:37.398]  [T:0x62fe9] D: [ logJsonToFile ] [ GA4 ] API Secret    : "fPUEw5twT0m0JCHyRiP-Ww"
[15:17:37.398]  [T:0x62fe9] D: [ logJsonToFile ] [ GA4 ] Client ID     : "03a96d174f6610cbe0338e0b7c5baeb9fe6c9cbcfbc85027a2e8474f885ed1b1"
[15:17:37.398]  [T:0x62fe9] D: [ logJsonToFile ] [ GA4 ] Payload       :
: "{\n    \"client_id\": \"03a96d174f6610cbe0338e0b7c5baeb9fe6c9cbcfbc85027a2e8474f885ed1b1\",\n    \"events\": [\n        {\n            \"name\": \"input_source\",\n            \"params\": {\n                \"OS_version\": \"Mac\",\n                \"auto_input_source\": \"on\",\n                \"manual_input_source\": \"TypeC1\"\n            }\n        }\n    ]\n}\n"
[15:17:37.398]  [T:0x62fe9] D: [ logJsonToFile ] [ GA4 ] Measurement ID: "G-KKDK7WGP01"
[15:17:37.398]  [T:0x62fe9] D: [ logJsonToFile ] [ GA4 ] API Secret    : "fPUEw5twT0m0JCHyRiP-Ww"
[15:17:37.398]  [T:0x62fe9] D: [ logJsonToFile ] [ GA4 ] Client ID     : "03a96d174f6610cbe0338e0b7c5baeb9fe6c9cbcfbc85027a2e8474f885ed1b1"
[15:17:37.398]  [T:0x62fe9] D: [ logJsonToFile ] [ GA4 ] Payload       :
: "{\n    \"client_id\": \"03a96d174f6610cbe0338e0b7c5baeb9fe6c9cbcfbc85027a2e8474f885ed1b1\",\n    \"events\": [\n        {\n            \"name\": \"screen_pivot\",\n            \"params\": {\n                \"OS_version\": \"Mac\",\n                \"auto_pivot\": \"off\"\n            }\n        }\n    ]\n}\n"
[15:17:37.399]  [T:0x62fe9] D: [ convertToRegexPatternCommon ] "[ GA4 ] Error         : RegexCommon Validate FAIL - Invalid format: [Off]"
[15:17:37.399]  [T:0x62fe9] D: [ convertToRegexPatternCommon ] "[ GA4 ] Fix           : Remove unmatch characters - format: [Off]"
[15:17:37.399]  [T:0x62fe9] D: [ logJsonToFile ] [ GA4 ] Measurement ID: "G-KKDK7WGP01"
[15:17:37.399]  [T:0x62fe9] D: [ logJsonToFile ] [ GA4 ] API Secret    : "fPUEw5twT0m0JCHyRiP-Ww"
[15:17:37.399]  [T:0x62fe9] D: [ logJsonToFile ] [ GA4 ] Client ID     : "03a96d174f6610cbe0338e0b7c5baeb9fe6c9cbcfbc85027a2e8474f885ed1b1"
[15:17:37.399]  [T:0x62fe9] D: [ logJsonToFile ] [ GA4 ] Payload       :
: "{\n    \"client_id\": \"03a96d174f6610cbe0338e0b7c5baeb9fe6c9cbcfbc85027a2e8474f885ed1b1\",\n    \"events\": [\n        {\n            \"name\": \"view_mode\",\n            \"params\": {\n                \"OS_version\": \"Mac\",\n                \"view_mode\": \"Off\"\n            }\n        }\n    ]\n}\n"
[15:17:37.885]  [T:0x62fe9] D: AppScale.scaleFactor: 1
[15:17:37.885]  [T:0x62fe9] D: AppScale.windowHeight: 787
[15:17:37.979]  [T:0x62fe9] W: Layer-backing is always enabled.  QT_MAC_WANTS_LAYER/_q_mac_wantsLayer has no effect.
[15:17:37.986]  [T:0x62fe9] D: intellgenceCondition: false
[15:17:37.986]  [T:0x62fe9] D: Width: 1000
[15:17:37.986]  [T:0x62fe9] D: Height: 787
[15:17:37.986]  [T:0x62fe9] D: Minimum Width: 1000
[15:17:37.986]  [T:0x62fe9] D: Minimum Height: 787
[15:17:37.986]  [T:0x62fe9] D: _mainApplicationWindow.x: 400
[15:17:37.986]  [T:0x62fe9] D: _mainApplicationWindow.y: 170
[15:17:37.990]  [T:0x62fe9] W: [ getVCPValue ] No VCP value
[15:17:37.990]  [T:0x62fe9] W: [ getData ] Data type is wrong CDisplayDatabaseCommand::DisplayDatabaseElements::VCPValue QVariant(QVariantList, QList(QVariant(int, 0), QVariant(QString, "Color Temperature")))
[15:17:37.990]  [T:0x62fe9] W: [ getVCPValueByIndex ] Failed to get VCP value "Color Temperature" QVariant(int, 0)
[15:17:37.990]  [T:0x62fe9] W: [ VDMCustomComboBox.qml::_selfRectangle::updateUI() ], Get wrong vcp value, value is empty, description is: Color Temperature
[15:17:37.990]  [T:0x62fe9] W: [ getVCPValueByMonitorIndex ] No VCP value
[15:17:37.991]  [T:0x62fe9] W: [ getData ] Data type is wrong CDisplayDatabaseCommand::DisplayDatabaseElements::VCPValueByMonitorIndex QVariant(QVariantList, QList(QVariant(int, 0), QVariant(QString, "Color Temperature")))
[15:17:38.128]  [T:0x62fe9] D: [VDMCustomSlider] updateUI OK, description = Brightness
[15:17:38.129]  [T:0x62fe9] D: [VDMCustomSlider] updateUI OK, description = Contrast
[15:17:38.129]  [T:0x62fe9] D: [VDMCustomSlider] updateUI OK, description = Sharpness
[15:17:38.129]  [T:0x62fe9] D: [VDMCustomSlider] updateUI OK, description = Blue Light Filter
[15:17:38.129]  [T:0x62fe9] D: [VDMCustomSlider] updateUI OK, description = Volume
[15:17:38.308]  [T:0x88c13] I: [ setVCPValue ] "Set VCP Name: Video Signal Auto Detect => 0x33, VCP value: On"
[15:17:38.308]  [T:0x62fe9] D: [VDMCustomSlider] updateUI OK, description = Brightness
[15:17:38.308]  [T:0x62fe9] D: [VDMCustomSlider] updateUI OK, description = Contrast
[15:17:38.308]  [T:0x62fe9] D: [VDMCustomSlider] updateUI OK, description = Sharpness
[15:17:38.309]  [T:0x62fe9] D: [VDMCustomSlider] updateUI OK, description = Blue Light Filter
[15:17:38.309]  [T:0x62fe9] D: [VDMCustomSlider] updateUI OK, description = Volume
[15:17:38.309]  [T:0x62fe9] W: [ getVCPValue ] No VCP value
[15:17:38.309]  [T:0x62fe9] W: [ getData ] Data type is wrong CDisplayDatabaseCommand::DisplayDatabaseElements::VCPValue QVariant(QVariantList, QList(QVariant(int, 0), QVariant(QString, "Color Temperature")))
[15:17:38.309]  [T:0x62fe9] W: [ getVCPValueByIndex ] Failed to get VCP value "Color Temperature" QVariant(int, 0)
[15:17:38.309]  [T:0x62fe9] W: [ VDMCustomComboBox.qml::_selfRectangle::updateUI() ], Get wrong vcp value, value is empty, description is: Color Temperature
[15:17:38.309]  [T:0x62fe9] W: [ getVCPValueByMonitorIndex ] No VCP value
[15:17:38.309]  [T:0x62fe9] W: [ getData ] Data type is wrong CDisplayDatabaseCommand::DisplayDatabaseElements::VCPValueByMonitorIndex QVariant(QVariantList, QList(QVariant(int, 0), QVariant(QString, "Color Temperature")))
[15:17:38.576]  [T:0x62fe9] D: isSupportAIMode:false
[15:17:38.576]  [T:0x62fe9] D: isSupportAIMode:false
[15:17:38.595]  [T:0x62fe9] D: [ operator() ] "[ GA4 ] OK            : GA4 event [view_mode] sent successfully. Response: "
[15:17:38.596]  [T:0x62fe9] D: [ operator() ] "[ GA4 ] OK            : GA4 event [app_open] sent successfully. Response: "
[15:17:38.596]  [T:0x62fe9] D: [ operator() ] "[ GA4 ] OK            : GA4 event [select_monitor] sent successfully. Response: "
[15:17:38.596]  [T:0x62fe9] D: [ operator() ] "[ GA4 ] OK            : GA4 event [input_source] sent successfully. Response: "
[15:17:38.596]  [T:0x62fe9] D: [ operator() ] "[ GA4 ] OK            : GA4 event [screen_pivot] sent successfully. Response: "
[15:18:01.717]  [T:0x62fe9] D: [ logJsonToFile ] [ GA4 ] Measurement ID: "G-KKDK7WGP01"
[15:18:01.717]  [T:0x62fe9] D: [ logJsonToFile ] [ GA4 ] API Secret    : "fPUEw5twT0m0JCHyRiP-Ww"
[15:18:01.717]  [T:0x62fe9] D: [ logJsonToFile ] [ GA4 ] Client ID     : "03a96d174f6610cbe0338e0b7c5baeb9fe6c9cbcfbc85027a2e8474f885ed1b1"
[15:18:01.717]  [T:0x62fe9] D: [ logJsonToFile ] [ GA4 ] Payload       :
: "{\n    \"client_id\": \"03a96d174f6610cbe0338e0b7c5baeb9fe6c9cbcfbc85027a2e8474f885ed1b1\",\n    \"events\": [\n        {\n            \"name\": \"display_control\",\n            \"params\": {\n                \"OS_version\": \"Mac\",\n                \"brightness\": 1\n            }\n        }\n    ]\n}\n"
[15:18:01.738]  [T:0x62fe9] D: [ operator() ] "[ GA4 ] OK            : GA4 event [display_control] sent successfully. Response: "
[15:18:02.135]  [T:0x88c13] I: [ setVCPValue ] "Set VCP Name: Brightness => 0x10, VCP value: 0"
[15:18:02.135]  [T:0x62fe9] D: [VDMCustomSlider] updateUI OK, description = Brightness
[15:18:02.136]  [T:0x62fe9] D: [VDMCustomSlider] updateUI OK, description = Contrast
[15:18:02.136]  [T:0x62fe9] D: [VDMCustomSlider] updateUI OK, description = Sharpness
[15:18:02.136]  [T:0x62fe9] D: [VDMCustomSlider] updateUI OK, description = Blue Light Filter
[15:18:02.136]  [T:0x62fe9] D: [VDMCustomSlider] updateUI OK, description = Volume
[15:18:02.136]  [T:0x62fe9] W: [ getVCPValue ] No VCP value
[15:18:02.136]  [T:0x62fe9] W: [ getData ] Data type is wrong CDisplayDatabaseCommand::DisplayDatabaseElements::VCPValue QVariant(QVariantList, QList(QVariant(int, 0), QVariant(QString, "Color Temperature")))
[15:18:02.136]  [T:0x62fe9] W: [ getVCPValueByIndex ] Failed to get VCP value "Color Temperature" QVariant(int, 0)
[15:18:02.136]  [T:0x62fe9] W: [ VDMCustomComboBox.qml::_selfRectangle::updateUI() ], Get wrong vcp value, value is empty, description is: Color Temperature
[15:18:02.136]  [T:0x62fe9] W: [ getVCPValueByMonitorIndex ] No VCP value
[15:18:02.136]  [T:0x62fe9] W: [ getData ] Data type is wrong CDisplayDatabaseCommand::DisplayDatabaseElements::VCPValueByMonitorIndex QVariant(QVariantList, QList(QVariant(int, 0), QVariant(QString, "Color Temperature")))
[15:18:52.782]  [T:0x62fe9] D: [ logJsonToFile ] [ GA4 ] Measurement ID: "G-KKDK7WGP01"
[15:18:52.782]  [T:0x62fe9] D: [ logJsonToFile ] [ GA4 ] API Secret    : "fPUEw5twT0m0JCHyRiP-Ww"
[15:18:52.782]  [T:0x62fe9] D: [ logJsonToFile ] [ GA4 ] Client ID     : "03a96d174f6610cbe0338e0b7c5baeb9fe6c9cbcfbc85027a2e8474f885ed1b1"
[15:18:52.782]  [T:0x62fe9] D: [ logJsonToFile ] [ GA4 ] Payload       :
: "{\n    \"client_id\": \"03a96d174f6610cbe0338e0b7c5baeb9fe6c9cbcfbc85027a2e8474f885ed1b1\",\n    \"events\": [\n        {\n            \"name\": \"display_control\",\n            \"params\": {\n                \"OS_version\": \"Mac\",\n                \"brightness\": 1\n            }\n        }\n    ]\n}\n"
[15:18:52.796]  [T:0x62fe9] D: [ operator() ] "[ GA4 ] OK            : GA4 event [display_control] sent successfully. Response: "
[15:18:53.206]  [T:0xa0ea5] I: [ setVCPValue ] "Set VCP Name: Brightness => 0x10, VCP value: 100"
[15:18:53.206]  [T:0x62fe9] D: [VDMCustomSlider] updateUI OK, description = Brightness
[15:18:53.206]  [T:0x62fe9] D: [VDMCustomSlider] updateUI OK, description = Contrast
[15:18:53.206]  [T:0x62fe9] D: [VDMCustomSlider] updateUI OK, description = Sharpness
[15:18:53.206]  [T:0x62fe9] D: [VDMCustomSlider] updateUI OK, description = Blue Light Filter
[15:18:53.206]  [T:0x62fe9] D: [VDMCustomSlider] updateUI OK, description = Volume
[15:18:53.206]  [T:0x62fe9] W: [ getVCPValue ] No VCP value
[15:18:53.206]  [T:0x62fe9] W: [ getData ] Data type is wrong CDisplayDatabaseCommand::DisplayDatabaseElements::VCPValue QVariant(QVariantList, QList(QVariant(int, 0), QVariant(QString, "Color Temperature")))
[15:18:53.206]  [T:0x62fe9] W: [ getVCPValueByIndex ] Failed to get VCP value "Color Temperature" QVariant(int, 0)
[15:18:53.206]  [T:0x62fe9] W: [ VDMCustomComboBox.qml::_selfRectangle::updateUI() ], Get wrong vcp value, value is empty, description is: Color Temperature
[15:18:53.206]  [T:0x62fe9] W: [ getVCPValueByMonitorIndex ] No VCP value
[15:18:53.206]  [T:0x62fe9] W: [ getData ] Data type is wrong CDisplayDatabaseCommand::DisplayDatabaseElements::VCPValueByMonitorIndex QVariant(QVariantList, QList(QVariant(int, 0), QVariant(QString, "Color Temperature")))
[15:19:36.308]  [T:0x62fe9] I: [ setAutoPivotThread ] AutoPivotWorkThread stopped
[15:19:36.309]  [T:0x62fe9] I: [ CleanOldLogs ] Clean logs
