===== System Information =====
Time: 2025-09-24T13:43:26.326
App: vDisplayManager
App Version: 3.0.2.6
Qt Version: 6.5.3
OS: macOS 15.5
CPU Arch: arm64
Screen[0] Name: Built-in Retina Display
Screen[0] Size: 1800 x 1169 px
Screen[0] DPI: 72
Screen[0] Physical Size: 301.782mm x 195.991mm
==============================
[13:43:26.327]  [T:0xefcfd] I: [ initialize ] CAppRunningNotifier server is running
[13:43:26.328]  [T:0xefcfd] D: [LanguageManager] initSystemLanguage: loaded "en_US"
[13:43:26.401]  [T:0xefcfd] I: [ processStrategy ] CDisplayStrategyInfo::DisplayStrategy::CatchMonitors
[13:43:26.727]  [T:0xefcfd] I: [ init ] Initialize DisplayControl
[13:43:26.993]  [T:0xefcfd] W: [ catchMonitors ] Failed to catch monitor, Monitor is busy
[13:43:26.993]  [T:0xefcfd] W: [ dataTypeGuard ] "catchMonitorsStrategy Output:" Data type is wrong QVariant(int, 0)
[13:43:26.993]  [T:0xefcfd] I: [ processStrategy ] CDisplayStrategyInfo::DisplayStrategy::SaveDataAfterCatchMonitors
[13:43:26.993]  [T:0xefcfd] I: [ processStrategy ] CDisplayStrategyInfo::DisplayStrategy::SetMonitorIndexConvertMap
[13:43:26.993]  [T:0xefcfd] I: [ processStrategy ] CDisplayStrategyInfo::DisplayStrategy::SetRealAndQMLMonitorIndexInitial
[13:43:26.993]  [T:0xefcfd] I: [ processStrategy ] CDisplayStrategyInfo::DisplayStrategy::SetInitialInputSelectToAuto
[13:43:26.993]  [T:0xefcfd] W: [ catchMonitors ] Failed to catch monitors
[13:43:26.993]  [T:0xefcfd] I: [ processStrategy ] CDisplayStrategyInfo::DisplayStrategy::SyncAllMonitorsPollingMaxTimer5Sec
[13:43:26.993]  [T:0xefcfd] W: [ getData ] Failed to get data, data is empty CDisplayDatabaseCommand::DisplayDatabaseElements::MonitorModelMap
[13:43:26.993]  [T:0xefcfd] I: [ processStrategy ] CDisplayStrategyInfo::DisplayStrategy::CheckXORRules
[13:43:26.993]  [T:0xefcfd] W: [ getData ] Failed to get data, data is empty CDisplayDatabaseCommand::DisplayDatabaseElements::AllMonitorVCPXORMap
[13:43:26.993]  [T:0xefcfd] W: [ getData ] Failed to get data, data is empty CDisplayDatabaseCommand::DisplayDatabaseElements::ALLMonitorVCPOptionMap
[13:43:26.993]  [T:0xefcfd] W: [ getData ] Failed to get data, data is empty CDisplayDatabaseCommand::DisplayDatabaseElements::MonitorModelMap
[13:43:26.994]  [T:0xefcfd] W: [ getData ] Failed to get data, data is empty CDisplayDatabaseCommand::DisplayDatabaseElements::MonitorIndexConvertMap
[13:43:26.994]  [T:0xefcfd] W: [ getMonitorConvertMap ] Failed to convert data QVariant(int, 0)
[13:43:26.994]  [T:0xefcfd] I: [ initializeAutoScreenPivot ] connectedMonitorSet:  QSet()
[13:43:26.994]  [T:0xefcfd] I: [ initializeAutoScreenPivot ] mAutoMonitorSet:  QSet()
[13:43:26.994]  [T:0xefcfd] I: [ operator() ] Register DisplayChangeEventHandler and set callback function
[13:43:26.994]  [T:0xefcfd] I: [ CMacWakeUpEventHandler ] Successful creation of WakeUp Event Handler
[13:43:27.148]  [T:0xefcfd] W: qrc:/Resources/VDM/VDMSettingBar.qml:162:13: QML Rectangle: Binding loop detected for property "width"
[13:43:27.162]  [T:0xefcfd] W: Layer-backing is always enabled.  QT_MAC_WANTS_LAYER/_q_mac_wantsLayer has no effect.
[13:43:27.169]  [T:0xefcfd] W: [ getData ] Failed to get data, data is empty CDisplayDatabaseCommand::DisplayDatabaseElements::CurrentModel
[13:43:27.169]  [T:0xefcfd] W: [ getData ] Failed to get data, data is empty CDisplayDatabaseCommand::DisplayDatabaseElements::CurrentModel
[13:43:27.169]  [T:0xefcfd] I: [ processStrategy ] CDisplayStrategyInfo::DisplayStrategy::GetColortemeratureInfoHasNotSupportByModelName
[13:43:27.170]  [T:0xefcfd] W: [ getData ] Failed to get data, data is empty CDisplayDatabaseCommand::DisplayDatabaseElements::CurrentModel
[13:43:27.170]  [T:0xefcfd] W: [ getData ] Failed to get data, data is empty CDisplayDatabaseCommand::DisplayDatabaseElements::CurrentModel
[13:43:27.170]  [T:0xefcfd] W: [ getData ] Failed to get data, data is empty CDisplayDatabaseCommand::DisplayDatabaseElements::CurrentModel
[13:43:27.170]  [T:0xefcfd] I: [ processStrategy ] CDisplayStrategyInfo::DisplayStrategy::IsVCPInMonitor
[13:43:27.170]  [T:0xefcfd] W: [ getData ] Failed to get data, data is empty CDisplayDatabaseCommand::DisplayDatabaseElements::CurrentRealMonitorIndex
[13:43:27.170]  [T:0xefcfd] W: [ getData ] Failed to get data, data is empty CDisplayDatabaseCommand::DisplayDatabaseElements::CurrentModel
[13:43:27.170]  [T:0xefcfd] W: [ getData ] Failed to get data, data is empty CDisplayDatabaseCommand::DisplayDatabaseElements::CurrentModel
[13:43:27.171]  [T:0xefcfd] W: [ getData ] Failed to get data, data is empty CDisplayDatabaseCommand::DisplayDatabaseElements::CurrentModel
[13:43:27.171]  [T:0xefcfd] I: [ processStrategy ] CDisplayStrategyInfo::DisplayStrategy::IsVCPInMonitor
[13:43:27.171]  [T:0xefcfd] W: [ getData ] Failed to get data, data is empty CDisplayDatabaseCommand::DisplayDatabaseElements::CurrentRealMonitorIndex
[13:43:27.171]  [T:0xefcfd] W: [ getData ] Failed to get data, data is empty CDisplayDatabaseCommand::DisplayDatabaseElements::CurrentModel
[13:43:27.171]  [T:0xefcfd] W: [ getData ] Failed to get data, data is empty CDisplayDatabaseCommand::DisplayDatabaseElements::CurrentModel
[13:43:27.171]  [T:0xefcfd] W: [ getData ] Failed to get data, data is empty CDisplayDatabaseCommand::DisplayDatabaseElements::CurrentModel
[13:43:27.171]  [T:0xefcfd] I: [ processStrategy ] CDisplayStrategyInfo::DisplayStrategy::IsVCPInMonitor
[13:43:27.171]  [T:0xefcfd] W: [ getData ] Failed to get data, data is empty CDisplayDatabaseCommand::DisplayDatabaseElements::CurrentRealMonitorIndex
[13:43:27.171]  [T:0xefcfd] W: [ getData ] Failed to get data, data is empty CDisplayDatabaseCommand::DisplayDatabaseElements::CurrentModel
[13:43:27.171]  [T:0xefcfd] W: [ getData ] Failed to get data, data is empty CDisplayDatabaseCommand::DisplayDatabaseElements::CurrentModel
[13:43:27.171]  [T:0xefcfd] W: [ getData ] Failed to get data, data is empty CDisplayDatabaseCommand::DisplayDatabaseElements::CurrentModel
[13:43:27.171]  [T:0xefcfd] I: [ processStrategy ] CDisplayStrategyInfo::DisplayStrategy::IsVCPInMonitor
[13:43:27.171]  [T:0xefcfd] W: [ getData ] Failed to get data, data is empty CDisplayDatabaseCommand::DisplayDatabaseElements::CurrentRealMonitorIndex
[13:43:27.171]  [T:0xefcfd] W: [ getData ] Failed to get data, data is empty CDisplayDatabaseCommand::DisplayDatabaseElements::CurrentModel
[13:43:27.171]  [T:0xefcfd] W: [ getData ] Failed to get data, data is empty CDisplayDatabaseCommand::DisplayDatabaseElements::CurrentModel
[13:43:27.171]  [T:0xefcfd] W: [ getData ] Failed to get data, data is empty CDisplayDatabaseCommand::DisplayDatabaseElements::CurrentModel
[13:43:27.171]  [T:0xefcfd] I: [ processStrategy ] CDisplayStrategyInfo::DisplayStrategy::IsVCPInMonitor
[13:43:27.172]  [T:0xefcfd] W: [ getData ] Failed to get data, data is empty CDisplayDatabaseCommand::DisplayDatabaseElements::CurrentRealMonitorIndex
[13:43:27.172]  [T:0xefcfd] W: [ getData ] Failed to get data, data is empty CDisplayDatabaseCommand::DisplayDatabaseElements::CurrentModel
[13:43:27.172]  [T:0xefcfd] W: [ VDMCustomComboBox.qml::_selfRectangle::updateUI() ], Get wrong vcp value, value is empty, description is: Display Application
[13:43:27.172]  [T:0xefcfd] W: [ getData ] Failed to get data, data is empty CDisplayDatabaseCommand::DisplayDatabaseElements::CurrentModel
[13:43:27.172]  [T:0xefcfd] W: [ VDMCustomComboBox.qml::_selfRectangle::updateUI() ], Get wrong vcp value, value is empty, description is: Color Temperature
[13:43:27.172]  [T:0xefcfd] W: [ getData ] Failed to get data, data is empty CDisplayDatabaseCommand::DisplayDatabaseElements::CurrentModel
[13:43:27.173]  [T:0xefcfd] W: [ getData ] Failed to get data, data is empty CDisplayDatabaseCommand::DisplayDatabaseElements::CurrentModel
[13:43:27.173]  [T:0xefcfd] I: [ processStrategy ] CDisplayStrategyInfo::DisplayStrategy::IsVCPInMonitor
[13:43:27.173]  [T:0xefcfd] W: [ getData ] Data type is wrong CDisplayDatabaseCommand::DisplayDatabaseElements::CurrentRealMonitorIndex QVariant(Invalid)
[13:43:27.173]  [T:0xefcfd] W: [ VDMCustomComboBox.qml::_selfRectangle::updateUI() ], Get wrong vcp value, value is empty, description is: Input Selection
[13:43:27.173]  [T:0xefcfd] W: [ getData ] Failed to get data, data is empty CDisplayDatabaseCommand::DisplayDatabaseElements::CurrentModel
[13:43:27.173]  [T:0xefcfd] W: [ getData ] Failed to get data, data is empty CDisplayDatabaseCommand::DisplayDatabaseElements::CurrentModel
[13:43:27.173]  [T:0xefcfd] I: [ processStrategy ] CDisplayStrategyInfo::DisplayStrategy::IsVCPInMonitor
[13:43:27.173]  [T:0xefcfd] W: [ getData ] Data type is wrong CDisplayDatabaseCommand::DisplayDatabaseElements::CurrentRealMonitorIndex QVariant(Invalid)
[13:43:27.174]  [T:0xefcfd] W: [ getData ] Failed to get data, data is empty CDisplayDatabaseCommand::DisplayDatabaseElements::CurrentModel
[13:43:27.174]  [T:0xefcfd] W: [ getData ] Failed to get data, data is empty CDisplayDatabaseCommand::DisplayDatabaseElements::CurrentModel
[13:43:27.175]  [T:0xefcfd] W: [ getData ] Failed to get data, data is empty CDisplayDatabaseCommand::DisplayDatabaseElements::CurrentModel
[13:43:27.175]  [T:0xefcfd] W: [ getData ] Failed to get data, data is empty CDisplayDatabaseCommand::DisplayDatabaseElements::CurrentModel
[13:43:27.175]  [T:0xefcfd] W: [VDMCustomComboBox] SKIP updateUI: desc="", object=MonitorSelectCombo
[13:43:27.175]  [T:0xefcfd] W: [ getData ] Failed to get data, data is empty CDisplayDatabaseCommand::DisplayDatabaseElements::CurrentModel
[13:43:27.175]  [T:0xefcfd] I: [ processStrategy ] CDisplayStrategyInfo::DisplayStrategy::GetBatteryInfoSupportByModelName
[13:43:27.175]  [T:0xefcfd] I: [ processStrategy ] CDisplayStrategyInfo::DisplayStrategy::GetIntelligentSensingSupportByModelName
[13:43:27.175]  [T:0xefcfd] D: isSupportAIMode:false
[13:43:27.175]  [T:0xefcfd] W: [ getData ] Failed to get data, data is empty CDisplayDatabaseCommand::DisplayDatabaseElements::CurrentModel
[13:43:27.175]  [T:0xefcfd] I: [ processStrategy ] CDisplayStrategyInfo::DisplayStrategy::GetBatteryInfoSupportByModelName
[13:43:27.175]  [T:0xefcfd] I: [ processStrategy ] CDisplayStrategyInfo::DisplayStrategy::GetIntelligentSensingSupportByModelName
[13:43:27.175]  [T:0xefcfd] D: isSupportAIMode:false
[13:43:27.192]  [T:0xefcfd] D: [VDMCustomSlider] updateUI OK, description = Brightness
[13:43:27.193]  [T:0xefcfd] W: [ getData ] Failed to get data, data is empty CDisplayDatabaseCommand::DisplayDatabaseElements::CurrentModel
[13:43:27.193]  [T:0xefcfd] W: [ getData ] Failed to get data, data is empty CDisplayDatabaseCommand::DisplayDatabaseElements::CurrentModel
[13:43:27.193]  [T:0xefcfd] D: [VDMCustomSlider] updateUI OK, description = Contrast
[13:43:27.193]  [T:0xefcfd] W: [ getData ] Failed to get data, data is empty CDisplayDatabaseCommand::DisplayDatabaseElements::CurrentModel
[13:43:27.193]  [T:0xefcfd] W: [ getData ] Failed to get data, data is empty CDisplayDatabaseCommand::DisplayDatabaseElements::CurrentModel
[13:43:27.193]  [T:0xefcfd] D: [VDMCustomSlider] updateUI OK, description = Sharpness
[13:43:27.193]  [T:0xefcfd] W: [ getData ] Failed to get data, data is empty CDisplayDatabaseCommand::DisplayDatabaseElements::CurrentModel
[13:43:27.193]  [T:0xefcfd] W: [ getData ] Failed to get data, data is empty CDisplayDatabaseCommand::DisplayDatabaseElements::CurrentModel
[13:43:27.193]  [T:0xefcfd] D: [VDMCustomSlider] updateUI OK, description = Blue Light Filter
[13:43:27.193]  [T:0xefcfd] W: [ getData ] Failed to get data, data is empty CDisplayDatabaseCommand::DisplayDatabaseElements::CurrentModel
[13:43:27.193]  [T:0xefcfd] W: [ getData ] Failed to get data, data is empty CDisplayDatabaseCommand::DisplayDatabaseElements::CurrentModel
[13:43:27.193]  [T:0xefcfd] D: [VDMCustomSlider] updateUI OK, description = Volume
[13:43:27.193]  [T:0xefcfd] W: [ getData ] Failed to get data, data is empty CDisplayDatabaseCommand::DisplayDatabaseElements::CurrentModel
[13:43:27.193]  [T:0xefcfd] W: [ getData ] Failed to get data, data is empty CDisplayDatabaseCommand::DisplayDatabaseElements::CurrentModel
[13:43:27.193]  [T:0xefcfd] W: [ getMute ] No monitors catched, but getVCPValue
[13:43:43.521]  [T:0xefcfd] W: [ getData ] Failed to get data, data is empty CDisplayDatabaseCommand::DisplayDatabaseElements::CurrentModel
[13:43:43.522]  [T:0xefcfd] I: [ setAutoPivotThread ] AutoPivotWorkThread stopped
[13:43:43.523]  [T:0x33cdb] I: [ processStrategy ] CDisplayStrategyInfo::DisplayStrategy::CleanMonitorInfoAdaptorData
[13:43:43.524]  [T:0x33cdb] I: [ processStrategy ] CDisplayStrategyInfo::DisplayStrategy::CleanDatabaseData
[13:43:43.524]  [T:0x33cdb] I: [ processStrategy ] CDisplayStrategyInfo::DisplayStrategy::CatchMonitors
[13:43:43.525]  [T:0x33cdb] I: [ init ] Initialize DisplayControl
[13:43:44.326]  [T:0x33cdb] D: modelName =  "VG245"
[13:43:44.699]  [T:0x33cdb] I: [ catchMonitors ] Monitor index:  1 / SN: "XF5241421067" / Model Name: "VG245"
[13:43:44.699]  [T:0x33cdb] I: [ catchMonitors ] Monitor position: 1800 / Monitor position y: 0
[13:43:44.699]  [T:0x33cdb] I: [ catchMonitors ] Resolution is: 1920  *  1080
[13:43:44.699]  [T:0x33cdb] I: [ catchMonitors ] Firmware version is: "M001"
[13:43:44.699]  [T:0x33cdb] I: [ processStrategy ] CDisplayStrategyInfo::DisplayStrategy::SaveDataAfterCatchMonitors
[13:43:44.699]  [T:0x33cdb] I: [ processStrategy ] CDisplayStrategyInfo::DisplayStrategy::SetMonitorIndexConvertMap
[13:43:44.699]  [T:0x33cdb] I: [ processStrategy ] CDisplayStrategyInfo::DisplayStrategy::SetRealAndQMLMonitorIndexInitial
[13:43:44.700]  [T:0x33cdb] I: [ processStrategy ] CDisplayStrategyInfo::DisplayStrategy::SetInitialInputSelectToAuto
[13:43:47.534]  [T:0x33cdb] I: [ setVCPValue ] "Set VCP Name: Video Signal Auto Detect => 0x33, VCP value: On"
[13:43:47.534]  [T:0x33cdb] I: [ processStrategy ] CDisplayStrategyInfo::DisplayStrategy::SyncAllMonitorsPollingMaxTimer5Sec
[13:43:47.535]  [T:0x33cdb] I: [ syncAllMonitorsAction ] Sync monitor:  "VG245"
[13:43:47.852]  [T:0x33cdb] I: [ getVCPValue ] VCP Description is  "Sharpness" VCP value is  2
[13:43:48.276]  [T:0x33cdb] I: [ getVCPValue ] VCP Description is  "Power Indicator" VCP value is  2 VCP option name: "On"
[13:43:48.699]  [T:0x33cdb] I: [ getVCPValue ] VCP Description is  "Battery Information" VCP value is  65535
[13:43:49.118]  [T:0x33cdb] I: [ getVCPValue ] VCP Description is  "Blue Light Filter" VCP value is  0
[13:43:49.541]  [T:0x33cdb] I: [ getVCPValue ] VCP Description is  "Video Signal Auto Detect" VCP value is  2 VCP option name: "On"
[13:43:49.964]  [T:0x33cdb] I: [ getVCPValue ] VCP Description is  "Input Selection" VCP value is  23 VCP option name: "Type C 1"
[13:43:50.386]  [T:0x33cdb] I: [ getVCPValue ] VCP Description is  "Restore Factory Defaults" VCP value is  0
[13:43:50.809]  [T:0x33cdb] I: [ getVCPValue ] VCP Description is  "Audio Mute" VCP value is  2 VCP option name: "Un-Mute the audio"
[13:43:51.228]  [T:0x33cdb] I: [ getVCPValue ] VCP Description is  "Volume" VCP value is  70
[13:43:51.652]  [T:0x33cdb] I: [ getVCPValue ] VCP Description is  "Signal Source List" VCP value is  0
[13:43:52.075]  [T:0x33cdb] I: [ getVCPValue ] VCP Description is  "Display Application" VCP value is  0 VCP option name: "Off"
[13:43:52.497]  [T:0x33cdb] I: [ getVCPValue ] VCP Description is  "Brightness" VCP value is  100
[13:43:52.920]  [T:0x33cdb] I: [ getVCPValue ] VCP Description is  "Contrast" VCP value is  70
[13:43:53.022]  [T:0x33cdb] I: [ processStrategy ] CDisplayStrategyInfo::DisplayStrategy::CheckXORRules
[13:43:53.022]  [T:0x33cdb] W: [ getData ] Failed to get data, data is empty CDisplayDatabaseCommand::DisplayDatabaseElements::AllMonitorVCPXORMap
[13:43:53.022]  [T:0x33cdb] W: [ getData ] Failed to get data, data is empty CDisplayDatabaseCommand::DisplayDatabaseElements::ALLMonitorVCPOptionMap
[13:43:53.022]  [T:0xefcfd] I: [ operator() ] Initialize Auto Screen Pivot Module again after screen change event
[13:43:53.022]  [T:0xefcfd] I: [ resumeAutoScreenPivot ] connectedMonitorSet:  QSet("VG245,XF5241421067")
[13:43:53.023]  [T:0xefcfd] I: [ resumeAutoScreenPivot ] mAutoMonitorSet:  QSet()
[13:43:53.023]  [T:0xefcfd] W: [VDMCustomComboBox] SKIP updateUI: desc="", object=MonitorSelectCombo
[13:43:53.023]  [T:0xefcfd] D: [VDMCustomSlider] updateUI OK, description = Brightness
[13:43:53.023]  [T:0xefcfd] I: [ processStrategy ] CDisplayStrategyInfo::DisplayStrategy::GetVCPDisabledByXORVCPMap
[13:43:53.023]  [T:0xefcfd] D: [VDMCustomSlider] updateUI OK, description = Contrast
[13:43:53.023]  [T:0xefcfd] I: [ processStrategy ] CDisplayStrategyInfo::DisplayStrategy::GetVCPDisabledByXORVCPMap
[13:43:53.023]  [T:0xefcfd] D: [VDMCustomSlider] updateUI OK, description = Sharpness
[13:43:53.023]  [T:0xefcfd] I: [ processStrategy ] CDisplayStrategyInfo::DisplayStrategy::GetVCPDisabledByXORVCPMap
[13:43:53.023]  [T:0xefcfd] D: [VDMCustomSlider] updateUI OK, description = Blue Light Filter
[13:43:53.023]  [T:0xefcfd] I: [ processStrategy ] CDisplayStrategyInfo::DisplayStrategy::GetVCPDisabledByXORVCPMap
[13:43:53.023]  [T:0xefcfd] D: [VDMCustomSlider] updateUI OK, description = Volume
[13:43:53.023]  [T:0xefcfd] I: [ processStrategy ] CDisplayStrategyInfo::DisplayStrategy::GetVCPDisabledByXORVCPMap
[13:43:53.023]  [T:0xefcfd] I: [ processStrategy ] CDisplayStrategyInfo::DisplayStrategy::GetMuteSupportByModelName
[13:43:53.023]  [T:0xefcfd] I: [ processStrategy ] CDisplayStrategyInfo::DisplayStrategy::GetVCPDisabledByXORVCPMap
[13:43:53.024]  [T:0xefcfd] W: [ getVCPValue ] No VCP value
[13:43:53.024]  [T:0xefcfd] W: [ getData ] Data type is wrong CDisplayDatabaseCommand::DisplayDatabaseElements::VCPValue QVariant(QVariantList, QList(QVariant(int, 0), QVariant(QString, "Color Temperature")))
[13:43:53.024]  [T:0xefcfd] W: [ getVCPValueByIndex ] Failed to get VCP value "Color Temperature" QVariant(int, 0)
[13:43:53.024]  [T:0xefcfd] W: [ VDMCustomComboBox.qml::_selfRectangle::updateUI() ], Get wrong vcp value, value is empty, description is: Color Temperature
[13:43:53.024]  [T:0xefcfd] I: [ processStrategy ] CDisplayStrategyInfo::DisplayStrategy::GetVCPDisabledByXORVCPMap
[13:43:53.024]  [T:0xefcfd] I: [ processStrategy ] CDisplayStrategyInfo::DisplayStrategy::GetVCPDisabledByXORVCPMap
[13:43:53.024]  [T:0xefcfd] I: [ processStrategy ] CDisplayStrategyInfo::DisplayStrategy::IsVCPInMonitor
[13:43:53.024]  [T:0xefcfd] I: [ processStrategy ] CDisplayStrategyInfo::DisplayStrategy::IsVCPInMonitor
[13:43:53.024]  [T:0x33cdb] I: [ processStrategy ] CDisplayStrategyInfo::DisplayStrategy::ConvertSharpness
[13:43:53.024]  [T:0x33cdb] I: [ processStrategy ] CDisplayStrategyInfo::DisplayStrategy::SetVCPByIndex
[13:43:53.657]  [T:0x33cdb] I: [ setVCPValue ] "Set VCP Name: Video Signal Auto Detect => 0x33, VCP value: On"
[13:43:53.657]  [T:0x33cdb] I: [ processStrategy ] CDisplayStrategyInfo::DisplayStrategy::CheckXORRules
[13:43:53.657]  [T:0xefcfd] W: [VDMCustomComboBox] SKIP updateUI: desc="", object=MonitorSelectCombo
[13:43:53.657]  [T:0xefcfd] D: [VDMCustomSlider] updateUI OK, description = Brightness
[13:43:53.658]  [T:0xefcfd] I: [ processStrategy ] CDisplayStrategyInfo::DisplayStrategy::GetVCPDisabledByXORVCPMap
[13:43:53.658]  [T:0xefcfd] D: [VDMCustomSlider] updateUI OK, description = Contrast
[13:43:53.658]  [T:0xefcfd] I: [ processStrategy ] CDisplayStrategyInfo::DisplayStrategy::GetVCPDisabledByXORVCPMap
[13:43:53.658]  [T:0xefcfd] D: [VDMCustomSlider] updateUI OK, description = Sharpness
[13:43:53.658]  [T:0xefcfd] I: [ processStrategy ] CDisplayStrategyInfo::DisplayStrategy::GetVCPDisabledByXORVCPMap
[13:43:53.658]  [T:0xefcfd] D: [VDMCustomSlider] updateUI OK, description = Blue Light Filter
[13:43:53.658]  [T:0xefcfd] I: [ processStrategy ] CDisplayStrategyInfo::DisplayStrategy::GetVCPDisabledByXORVCPMap
[13:43:53.658]  [T:0xefcfd] D: [VDMCustomSlider] updateUI OK, description = Volume
[13:43:53.658]  [T:0xefcfd] I: [ processStrategy ] CDisplayStrategyInfo::DisplayStrategy::GetVCPDisabledByXORVCPMap
[13:43:53.658]  [T:0xefcfd] I: [ processStrategy ] CDisplayStrategyInfo::DisplayStrategy::GetMuteSupportByModelName
[13:43:53.658]  [T:0xefcfd] I: [ processStrategy ] CDisplayStrategyInfo::DisplayStrategy::GetVCPDisabledByXORVCPMap
[13:43:53.658]  [T:0xefcfd] W: [ getVCPValue ] No VCP value
[13:43:53.658]  [T:0xefcfd] W: [ getData ] Data type is wrong CDisplayDatabaseCommand::DisplayDatabaseElements::VCPValue QVariant(QVariantList, QList(QVariant(int, 0), QVariant(QString, "Color Temperature")))
[13:43:53.658]  [T:0xefcfd] W: [ getVCPValueByIndex ] Failed to get VCP value "Color Temperature" QVariant(int, 0)
[13:43:53.658]  [T:0xefcfd] W: [ VDMCustomComboBox.qml::_selfRectangle::updateUI() ], Get wrong vcp value, value is empty, description is: Color Temperature
[13:43:53.658]  [T:0xefcfd] I: [ processStrategy ] CDisplayStrategyInfo::DisplayStrategy::GetVCPDisabledByXORVCPMap
[13:43:53.658]  [T:0xefcfd] I: [ processStrategy ] CDisplayStrategyInfo::DisplayStrategy::GetVCPDisabledByXORVCPMap
[13:43:53.659]  [T:0xefcfd] I: [ processStrategy ] CDisplayStrategyInfo::DisplayStrategy::GetVerticalFrequency
[13:43:54.029]  [T:0xefcfd] I: [ processStrategy ] CDisplayStrategyInfo::DisplayStrategy::GetRecommendedResolutionFromEDID
[13:43:54.030]  [T:0xefcfd] I: [ processStrategy ] CDisplayStrategyInfo::DisplayStrategy::IsVCPInMonitor
[13:43:54.030]  [T:0xefcfd] D: [VDMCustomSlider] updateUI OK, description = Brightness
[13:43:54.030]  [T:0xefcfd] I: [ processStrategy ] CDisplayStrategyInfo::DisplayStrategy::GetVCPDisabledByXORVCPMap
[13:43:54.030]  [T:0xefcfd] I: [ processStrategy ] CDisplayStrategyInfo::DisplayStrategy::IsVCPInMonitor
[13:43:54.030]  [T:0xefcfd] D: [VDMCustomSlider] updateUI OK, description = Contrast
[13:43:54.031]  [T:0xefcfd] I: [ processStrategy ] CDisplayStrategyInfo::DisplayStrategy::GetVCPDisabledByXORVCPMap
[13:43:54.031]  [T:0xefcfd] I: [ processStrategy ] CDisplayStrategyInfo::DisplayStrategy::IsVCPInMonitor
[13:43:54.031]  [T:0xefcfd] D: [VDMCustomSlider] updateUI OK, description = Sharpness
[13:43:54.031]  [T:0xefcfd] I: [ processStrategy ] CDisplayStrategyInfo::DisplayStrategy::GetVCPDisabledByXORVCPMap
[13:43:54.031]  [T:0xefcfd] I: [ processStrategy ] CDisplayStrategyInfo::DisplayStrategy::IsVCPInMonitor
[13:43:54.031]  [T:0xefcfd] D: [VDMCustomSlider] updateUI OK, description = Blue Light Filter
[13:43:54.031]  [T:0xefcfd] I: [ processStrategy ] CDisplayStrategyInfo::DisplayStrategy::GetVCPDisabledByXORVCPMap
[13:43:54.031]  [T:0xefcfd] I: [ processStrategy ] CDisplayStrategyInfo::DisplayStrategy::IsVCPInMonitor
[13:43:54.032]  [T:0xefcfd] D: [VDMCustomSlider] updateUI OK, description = Volume
[13:43:54.032]  [T:0xefcfd] I: [ processStrategy ] CDisplayStrategyInfo::DisplayStrategy::GetVCPDisabledByXORVCPMap
[13:43:54.032]  [T:0xefcfd] I: [ processStrategy ] CDisplayStrategyInfo::DisplayStrategy::GetMuteSupportByModelName
[13:43:54.032]  [T:0xefcfd] I: [ processStrategy ] CDisplayStrategyInfo::DisplayStrategy::GetVCPDisabledByXORVCPMap
[13:43:54.032]  [T:0xefcfd] W: [ getVCPValue ] No VCP value
[13:43:54.032]  [T:0xefcfd] W: [ getData ] Data type is wrong CDisplayDatabaseCommand::DisplayDatabaseElements::VCPValue QVariant(QVariantList, QList(QVariant(int, 0), QVariant(QString, "Color Temperature")))
[13:43:54.032]  [T:0xefcfd] W: [ getVCPValueByIndex ] Failed to get VCP value "Color Temperature" QVariant(int, 0)
[13:43:54.032]  [T:0xefcfd] W: [ VDMCustomComboBox.qml::_selfRectangle::updateUI() ], Get wrong vcp value, value is empty, description is: Color Temperature
[13:43:54.032]  [T:0xefcfd] I: [ processStrategy ] CDisplayStrategyInfo::DisplayStrategy::GetVCPDisabledByXORVCPMap
[13:43:54.033]  [T:0xefcfd] I: [ processStrategy ] CDisplayStrategyInfo::DisplayStrategy::GetIntelligentSensingSupportByModelName
[13:43:54.033]  [T:0xefcfd] I: [ processStrategy ] CDisplayStrategyInfo::DisplayStrategy::GetColortemeratureInfoHasNotSupportByModelName
[13:43:54.034]  [T:0xefcfd] I: [ processStrategy ] CDisplayStrategyInfo::DisplayStrategy::IsVCPInMonitor
[13:43:54.034]  [T:0xefcfd] I: [ processStrategy ] CDisplayStrategyInfo::DisplayStrategy::IsVCPInMonitor
[13:43:54.034]  [T:0xefcfd] I: [ processStrategy ] CDisplayStrategyInfo::DisplayStrategy::IsVCPInMonitor
[13:43:54.034]  [T:0xefcfd] I: [ processStrategy ] CDisplayStrategyInfo::DisplayStrategy::IsVCPInMonitor
[13:43:54.034]  [T:0xefcfd] I: [ processStrategy ] CDisplayStrategyInfo::DisplayStrategy::IsVCPInMonitor
[13:43:54.035]  [T:0xefcfd] I: [ processStrategy ] CDisplayStrategyInfo::DisplayStrategy::GetVCPDisabledByXORVCPMap
[13:43:54.036]  [T:0xefcfd] W: [ getVCPValue ] No VCP value
[13:43:54.036]  [T:0xefcfd] W: [ getData ] Data type is wrong CDisplayDatabaseCommand::DisplayDatabaseElements::VCPValue QVariant(QVariantList, QList(QVariant(int, 0), QVariant(QString, "Color Temperature")))
[13:43:54.036]  [T:0xefcfd] W: [ getVCPValueByIndex ] Failed to get VCP value "Color Temperature" QVariant(int, 0)
[13:43:54.036]  [T:0xefcfd] W: [ VDMCustomComboBox.qml::_selfRectangle::updateUI() ], Get wrong vcp value, value is empty, description is: Color Temperature
[13:43:54.036]  [T:0xefcfd] I: [ processStrategy ] CDisplayStrategyInfo::DisplayStrategy::GetVCPDisabledByXORVCPMap
[13:43:54.036]  [T:0xefcfd] I: [ processStrategy ] CDisplayStrategyInfo::DisplayStrategy::GetBatteryInfoSupportByModelName
[13:43:54.036]  [T:0xefcfd] I: [ processStrategy ] CDisplayStrategyInfo::DisplayStrategy::GetIntelligentSensingSupportByModelName
[13:43:54.036]  [T:0xefcfd] D: isSupportAIMode:false
[13:43:54.037]  [T:0xefcfd] D: [VDMCustomSlider] updateUI OK, description = Brightness
[13:43:54.037]  [T:0xefcfd] I: [ processStrategy ] CDisplayStrategyInfo::DisplayStrategy::GetVCPDisabledByXORVCPMap
[13:43:54.038]  [T:0xefcfd] D: [VDMCustomSlider] updateUI OK, description = Contrast
[13:43:54.038]  [T:0xefcfd] I: [ processStrategy ] CDisplayStrategyInfo::DisplayStrategy::GetVCPDisabledByXORVCPMap
[13:43:54.038]  [T:0xefcfd] D: [VDMCustomSlider] updateUI OK, description = Sharpness
[13:43:54.038]  [T:0xefcfd] I: [ processStrategy ] CDisplayStrategyInfo::DisplayStrategy::GetVCPDisabledByXORVCPMap
[13:43:54.038]  [T:0xefcfd] D: [VDMCustomSlider] updateUI OK, description = Blue Light Filter
[13:43:54.038]  [T:0xefcfd] I: [ processStrategy ] CDisplayStrategyInfo::DisplayStrategy::GetVCPDisabledByXORVCPMap
[13:43:54.038]  [T:0xefcfd] D: [VDMCustomSlider] updateUI OK, description = Volume
[13:43:54.038]  [T:0xefcfd] I: [ processStrategy ] CDisplayStrategyInfo::DisplayStrategy::GetVCPDisabledByXORVCPMap
[13:43:54.038]  [T:0xefcfd] I: [ processStrategy ] CDisplayStrategyInfo::DisplayStrategy::GetMuteSupportByModelName
[13:44:00.468]  [T:0x33cdb] I: [ processStrategy ] CDisplayStrategyInfo::DisplayStrategy::ConvertSharpness
[13:44:00.469]  [T:0x33cdb] I: [ processStrategy ] CDisplayStrategyInfo::DisplayStrategy::SetVCPByIndex
[13:44:01.103]  [T:0x33cdb] I: [ setVCPValue ] "Set VCP Name: Brightness => 0x10, VCP value: 0"
[13:44:01.103]  [T:0x33cdb] I: [ processStrategy ] CDisplayStrategyInfo::DisplayStrategy::CheckXORRules
[13:44:01.104]  [T:0xefcfd] W: [VDMCustomComboBox] SKIP updateUI: desc="", object=MonitorSelectCombo
[13:44:01.104]  [T:0xefcfd] I: [ processStrategy ] CDisplayStrategyInfo::DisplayStrategy::GetVCPDisabledByXORVCPMap
[13:44:01.104]  [T:0xefcfd] D: [VDMCustomSlider] updateUI OK, description = Brightness
[13:44:01.104]  [T:0xefcfd] I: [ processStrategy ] CDisplayStrategyInfo::DisplayStrategy::GetVCPDisabledByXORVCPMap
[13:44:01.104]  [T:0xefcfd] D: [VDMCustomSlider] updateUI OK, description = Contrast
[13:44:01.104]  [T:0xefcfd] I: [ processStrategy ] CDisplayStrategyInfo::DisplayStrategy::GetVCPDisabledByXORVCPMap
[13:44:01.104]  [T:0xefcfd] D: [VDMCustomSlider] updateUI OK, description = Sharpness
[13:44:01.104]  [T:0xefcfd] I: [ processStrategy ] CDisplayStrategyInfo::DisplayStrategy::GetVCPDisabledByXORVCPMap
[13:44:01.104]  [T:0xefcfd] D: [VDMCustomSlider] updateUI OK, description = Blue Light Filter
[13:44:01.104]  [T:0xefcfd] I: [ processStrategy ] CDisplayStrategyInfo::DisplayStrategy::GetVCPDisabledByXORVCPMap
[13:44:01.104]  [T:0xefcfd] D: [VDMCustomSlider] updateUI OK, description = Volume
[13:44:01.104]  [T:0xefcfd] I: [ processStrategy ] CDisplayStrategyInfo::DisplayStrategy::GetVCPDisabledByXORVCPMap
[13:44:01.104]  [T:0xefcfd] I: [ processStrategy ] CDisplayStrategyInfo::DisplayStrategy::GetMuteSupportByModelName
[13:44:01.104]  [T:0xefcfd] I: [ processStrategy ] CDisplayStrategyInfo::DisplayStrategy::GetVCPDisabledByXORVCPMap
[13:44:01.104]  [T:0xefcfd] W: [ getVCPValue ] No VCP value
[13:44:01.104]  [T:0xefcfd] W: [ getData ] Data type is wrong CDisplayDatabaseCommand::DisplayDatabaseElements::VCPValue QVariant(QVariantList, QList(QVariant(int, 0), QVariant(QString, "Color Temperature")))
[13:44:01.104]  [T:0xefcfd] W: [ getVCPValueByIndex ] Failed to get VCP value "Color Temperature" QVariant(int, 0)
[13:44:01.105]  [T:0xefcfd] W: [ VDMCustomComboBox.qml::_selfRectangle::updateUI() ], Get wrong vcp value, value is empty, description is: Color Temperature
[13:44:01.105]  [T:0xefcfd] I: [ processStrategy ] CDisplayStrategyInfo::DisplayStrategy::GetVCPDisabledByXORVCPMap
[13:44:51.072]  [T:0x66054] I: [ processStrategy ] CDisplayStrategyInfo::DisplayStrategy::ConvertSharpness
[13:44:51.072]  [T:0x66054] I: [ processStrategy ] CDisplayStrategyInfo::DisplayStrategy::SetVCPByIndex
[13:44:51.712]  [T:0x66054] I: [ setVCPValue ] "Set VCP Name: Brightness => 0x10, VCP value: 100"
[13:44:51.712]  [T:0x66054] I: [ processStrategy ] CDisplayStrategyInfo::DisplayStrategy::CheckXORRules
[13:44:51.712]  [T:0xefcfd] W: [VDMCustomComboBox] SKIP updateUI: desc="", object=MonitorSelectCombo
[13:44:51.712]  [T:0xefcfd] I: [ processStrategy ] CDisplayStrategyInfo::DisplayStrategy::GetVCPDisabledByXORVCPMap
[13:44:51.712]  [T:0xefcfd] D: [VDMCustomSlider] updateUI OK, description = Brightness
[13:44:51.712]  [T:0xefcfd] I: [ processStrategy ] CDisplayStrategyInfo::DisplayStrategy::GetVCPDisabledByXORVCPMap
[13:44:51.712]  [T:0xefcfd] D: [VDMCustomSlider] updateUI OK, description = Contrast
[13:44:51.712]  [T:0xefcfd] I: [ processStrategy ] CDisplayStrategyInfo::DisplayStrategy::GetVCPDisabledByXORVCPMap
[13:44:51.712]  [T:0xefcfd] D: [VDMCustomSlider] updateUI OK, description = Sharpness
[13:44:51.713]  [T:0xefcfd] I: [ processStrategy ] CDisplayStrategyInfo::DisplayStrategy::GetVCPDisabledByXORVCPMap
[13:44:51.713]  [T:0xefcfd] D: [VDMCustomSlider] updateUI OK, description = Blue Light Filter
[13:44:51.713]  [T:0xefcfd] I: [ processStrategy ] CDisplayStrategyInfo::DisplayStrategy::GetVCPDisabledByXORVCPMap
[13:44:51.713]  [T:0xefcfd] D: [VDMCustomSlider] updateUI OK, description = Volume
[13:44:51.713]  [T:0xefcfd] I: [ processStrategy ] CDisplayStrategyInfo::DisplayStrategy::GetVCPDisabledByXORVCPMap
[13:44:51.713]  [T:0xefcfd] I: [ processStrategy ] CDisplayStrategyInfo::DisplayStrategy::GetMuteSupportByModelName
[13:44:51.713]  [T:0xefcfd] I: [ processStrategy ] CDisplayStrategyInfo::DisplayStrategy::GetVCPDisabledByXORVCPMap
[13:44:51.713]  [T:0xefcfd] W: [ getVCPValue ] No VCP value
[13:44:51.713]  [T:0xefcfd] W: [ getData ] Data type is wrong CDisplayDatabaseCommand::DisplayDatabaseElements::VCPValue QVariant(QVariantList, QList(QVariant(int, 0), QVariant(QString, "Color Temperature")))
[13:44:51.713]  [T:0xefcfd] W: [ getVCPValueByIndex ] Failed to get VCP value "Color Temperature" QVariant(int, 0)
[13:44:51.713]  [T:0xefcfd] W: [ VDMCustomComboBox.qml::_selfRectangle::updateUI() ], Get wrong vcp value, value is empty, description is: Color Temperature
[13:44:51.713]  [T:0xefcfd] I: [ processStrategy ] CDisplayStrategyInfo::DisplayStrategy::GetVCPDisabledByXORVCPMap
[14:22:49.700]  [T:0xefcfd] I: [ setAutoPivotThread ] AutoPivotWorkThread stopped
[14:22:49.702]  [T:0x33cdb] I: [ processStrategy ] CDisplayStrategyInfo::DisplayStrategy::CleanMonitorInfoAdaptorData
[14:22:49.707]  [T:0x33cdb] I: [ processStrategy ] CDisplayStrategyInfo::DisplayStrategy::CleanDatabaseData
[14:22:49.707]  [T:0x33cdb] I: [ processStrategy ] CDisplayStrategyInfo::DisplayStrategy::CatchMonitors
[14:22:49.708]  [T:0x33cdb] I: [ init ] Initialize DisplayControl
[14:22:49.946]  [T:0x33cdb] W: [ catchMonitors ] Failed to catch monitor, Monitor is busy
[14:22:49.946]  [T:0x33cdb] W: [ dataTypeGuard ] "catchMonitorsStrategy Output:" Data type is wrong QVariant(int, 0)
[14:22:49.946]  [T:0x33cdb] I: [ processStrategy ] CDisplayStrategyInfo::DisplayStrategy::SaveDataAfterCatchMonitors
[14:22:49.946]  [T:0x33cdb] I: [ processStrategy ] CDisplayStrategyInfo::DisplayStrategy::SetMonitorIndexConvertMap
[14:22:49.946]  [T:0x33cdb] I: [ processStrategy ] CDisplayStrategyInfo::DisplayStrategy::SetRealAndQMLMonitorIndexInitial
[14:22:49.946]  [T:0x33cdb] I: [ processStrategy ] CDisplayStrategyInfo::DisplayStrategy::SetInitialInputSelectToAuto
[14:22:49.946]  [T:0x33cdb] W: [ catchMonitors ] Failed to catch monitors
[14:22:49.946]  [T:0xefcfd] I: [ operator() ] No monitors detected
[14:22:49.946]  [T:0xefcfd] W: [ getData ] Failed to get data, data is empty CDisplayDatabaseCommand::DisplayDatabaseElements::MonitorIndexConvertMap
[14:22:49.946]  [T:0xefcfd] I: [ processStrategy ] CDisplayStrategyInfo::DisplayStrategy::ChangeMonitorIndex
[14:22:49.946]  [T:0xefcfd] W: [VDMCustomComboBox] SKIP updateUI: desc="", object=MonitorSelectCombo
[14:22:49.947]  [T:0xefcfd] W: [ VDMCustomComboBox.qml::_selfRectangle::updateUI() ], Get wrong vcp value, value is empty, description is: Input Selection
[14:22:49.947]  [T:0xefcfd] D: [VDMCustomSlider] updateUI OK, description = Brightness
[14:22:49.947]  [T:0xefcfd] W: [ getData ] Failed to get data, data is empty CDisplayDatabaseCommand::DisplayDatabaseElements::CurrentModel
[14:22:49.947]  [T:0xefcfd] W: [ getData ] Failed to get data, data is empty CDisplayDatabaseCommand::DisplayDatabaseElements::CurrentModel
[14:22:49.947]  [T:0xefcfd] D: [VDMCustomSlider] updateUI OK, description = Contrast
[14:22:49.947]  [T:0xefcfd] W: [ getData ] Failed to get data, data is empty CDisplayDatabaseCommand::DisplayDatabaseElements::CurrentModel
[14:22:49.947]  [T:0xefcfd] W: [ getData ] Failed to get data, data is empty CDisplayDatabaseCommand::DisplayDatabaseElements::CurrentModel
[14:22:49.947]  [T:0xefcfd] D: [VDMCustomSlider] updateUI OK, description = Sharpness
[14:22:49.947]  [T:0xefcfd] W: [ getData ] Failed to get data, data is empty CDisplayDatabaseCommand::DisplayDatabaseElements::CurrentModel
[14:22:49.947]  [T:0xefcfd] W: [ getData ] Failed to get data, data is empty CDisplayDatabaseCommand::DisplayDatabaseElements::CurrentModel
[14:22:49.947]  [T:0xefcfd] D: [VDMCustomSlider] updateUI OK, description = Blue Light Filter
[14:22:49.947]  [T:0xefcfd] W: [ getData ] Failed to get data, data is empty CDisplayDatabaseCommand::DisplayDatabaseElements::CurrentModel
[14:22:49.947]  [T:0xefcfd] W: [ getData ] Failed to get data, data is empty CDisplayDatabaseCommand::DisplayDatabaseElements::CurrentModel
[14:22:49.947]  [T:0xefcfd] D: [VDMCustomSlider] updateUI OK, description = Volume
[14:22:49.947]  [T:0xefcfd] W: [ getData ] Failed to get data, data is empty CDisplayDatabaseCommand::DisplayDatabaseElements::CurrentModel
[14:22:49.947]  [T:0xefcfd] W: [ getData ] Failed to get data, data is empty CDisplayDatabaseCommand::DisplayDatabaseElements::CurrentModel
[14:22:49.947]  [T:0xefcfd] W: [ getMute ] No monitors catched, but getVCPValue
[14:22:49.947]  [T:0xefcfd] W: [ VDMCustomComboBox.qml::_selfRectangle::updateUI() ], Get wrong vcp value, value is empty, description is: Display Application
[14:22:49.947]  [T:0xefcfd] W: [ VDMCustomComboBox.qml::_selfRectangle::updateUI() ], Get wrong vcp value, value is empty, description is: Color Temperature
[14:22:49.947]  [T:0xefcfd] W: [ getData ] Failed to get data, data is empty CDisplayDatabaseCommand::DisplayDatabaseElements::CurrentModel
[14:22:49.947]  [T:0xefcfd] I: [ processStrategy ] CDisplayStrategyInfo::DisplayStrategy::GetIntelligentSensingSupportByModelName
[14:22:49.948]  [T:0xefcfd] W: [ getData ] Failed to get data, data is empty CDisplayDatabaseCommand::DisplayDatabaseElements::CurrentModel
[14:22:49.948]  [T:0xefcfd] W: qrc:/Resources/VDM/VDisplayManagerPanel.qml:16: TypeError: Cannot read property 'count' of null
[14:22:49.948]  [T:0xefcfd] W: [ getData ] Failed to get data, data is empty CDisplayDatabaseCommand::DisplayDatabaseElements::CurrentModel
[14:22:49.948]  [T:0xefcfd] W: qrc:/Resources/VDM/VDMCardItem.qml:51: TypeError: Cannot read property 'item' of null
[14:22:49.948]  [T:0xefcfd] W: [ getData ] Failed to get data, data is empty CDisplayDatabaseCommand::DisplayDatabaseElements::CurrentModel
[14:22:49.948]  [T:0xefcfd] W: qrc:/Resources/VDM/VDMCardItem.qml:51: TypeError: Cannot read property 'item' of null
[14:22:49.948]  [T:0xefcfd] W: [ getData ] Failed to get data, data is empty CDisplayDatabaseCommand::DisplayDatabaseElements::CurrentModel
[14:22:49.948]  [T:0xefcfd] W: qrc:/Resources/VDM/VDMCardItem.qml:51: TypeError: Cannot read property 'item' of null
[14:22:49.948]  [T:0xefcfd] W: [ getData ] Failed to get data, data is empty CDisplayDatabaseCommand::DisplayDatabaseElements::CurrentModel
[14:22:49.948]  [T:0xefcfd] I: [ processStrategy ] CDisplayStrategyInfo::DisplayStrategy::GetColortemeratureInfoHasNotSupportByModelName
[14:22:49.949]  [T:0xefcfd] W: [ getData ] Failed to get data, data is empty CDisplayDatabaseCommand::DisplayDatabaseElements::CurrentModel
[14:22:49.949]  [T:0xefcfd] W: [ getData ] Failed to get data, data is empty CDisplayDatabaseCommand::DisplayDatabaseElements::CurrentModel
[14:22:49.949]  [T:0xefcfd] W: [ getData ] Failed to get data, data is empty CDisplayDatabaseCommand::DisplayDatabaseElements::CurrentModel
[14:22:49.949]  [T:0xefcfd] I: [ processStrategy ] CDisplayStrategyInfo::DisplayStrategy::IsVCPInMonitor
[14:22:49.949]  [T:0xefcfd] W: [ getData ] Failed to get data, data is empty CDisplayDatabaseCommand::DisplayDatabaseElements::AllMonitorVCPMap
[14:22:49.949]  [T:0xefcfd] W: [ getData ] Failed to get data, data is empty CDisplayDatabaseCommand::DisplayDatabaseElements::CurrentModel
[14:22:49.949]  [T:0xefcfd] W: [ getData ] Failed to get data, data is empty CDisplayDatabaseCommand::DisplayDatabaseElements::CurrentModel
[14:22:49.949]  [T:0xefcfd] W: [ getData ] Failed to get data, data is empty CDisplayDatabaseCommand::DisplayDatabaseElements::CurrentModel
[14:22:49.949]  [T:0xefcfd] I: [ processStrategy ] CDisplayStrategyInfo::DisplayStrategy::IsVCPInMonitor
[14:22:49.949]  [T:0xefcfd] W: [ getData ] Failed to get data, data is empty CDisplayDatabaseCommand::DisplayDatabaseElements::AllMonitorVCPMap
[14:22:49.949]  [T:0xefcfd] W: [ getData ] Failed to get data, data is empty CDisplayDatabaseCommand::DisplayDatabaseElements::CurrentModel
[14:22:49.949]  [T:0xefcfd] W: [ getData ] Failed to get data, data is empty CDisplayDatabaseCommand::DisplayDatabaseElements::CurrentModel
[14:22:49.949]  [T:0xefcfd] W: [ getData ] Failed to get data, data is empty CDisplayDatabaseCommand::DisplayDatabaseElements::CurrentModel
[14:22:49.949]  [T:0xefcfd] I: [ processStrategy ] CDisplayStrategyInfo::DisplayStrategy::IsVCPInMonitor
[14:22:49.949]  [T:0xefcfd] W: [ getData ] Failed to get data, data is empty CDisplayDatabaseCommand::DisplayDatabaseElements::AllMonitorVCPMap
[14:22:49.949]  [T:0xefcfd] W: [ getData ] Failed to get data, data is empty CDisplayDatabaseCommand::DisplayDatabaseElements::CurrentModel
[14:22:49.949]  [T:0xefcfd] W: [ getData ] Failed to get data, data is empty CDisplayDatabaseCommand::DisplayDatabaseElements::CurrentModel
[14:22:49.950]  [T:0xefcfd] W: [ getData ] Failed to get data, data is empty CDisplayDatabaseCommand::DisplayDatabaseElements::CurrentModel
[14:22:49.950]  [T:0xefcfd] I: [ processStrategy ] CDisplayStrategyInfo::DisplayStrategy::IsVCPInMonitor
[14:22:49.950]  [T:0xefcfd] W: [ getData ] Failed to get data, data is empty CDisplayDatabaseCommand::DisplayDatabaseElements::AllMonitorVCPMap
[14:22:49.950]  [T:0xefcfd] W: [ getData ] Failed to get data, data is empty CDisplayDatabaseCommand::DisplayDatabaseElements::CurrentModel
[14:22:49.950]  [T:0xefcfd] W: [ getData ] Failed to get data, data is empty CDisplayDatabaseCommand::DisplayDatabaseElements::CurrentModel
[14:22:49.950]  [T:0xefcfd] W: [ getData ] Failed to get data, data is empty CDisplayDatabaseCommand::DisplayDatabaseElements::CurrentModel
[14:22:49.950]  [T:0xefcfd] I: [ processStrategy ] CDisplayStrategyInfo::DisplayStrategy::IsVCPInMonitor
[14:22:49.950]  [T:0xefcfd] W: [ getData ] Failed to get data, data is empty CDisplayDatabaseCommand::DisplayDatabaseElements::AllMonitorVCPMap
[14:22:49.950]  [T:0xefcfd] W: [ getData ] Failed to get data, data is empty CDisplayDatabaseCommand::DisplayDatabaseElements::CurrentModel
[14:22:49.950]  [T:0xefcfd] W: [ VDMCustomComboBox.qml::_selfRectangle::updateUI() ], Get wrong vcp value, value is empty, description is: Display Application
[14:22:49.950]  [T:0xefcfd] W: [ getData ] Failed to get data, data is empty CDisplayDatabaseCommand::DisplayDatabaseElements::CurrentModel
[14:22:49.951]  [T:0xefcfd] W: [ VDMCustomComboBox.qml::_selfRectangle::updateUI() ], Get wrong vcp value, value is empty, description is: Color Temperature
[14:22:49.951]  [T:0xefcfd] W: [ getData ] Failed to get data, data is empty CDisplayDatabaseCommand::DisplayDatabaseElements::CurrentModel
[14:22:49.951]  [T:0xefcfd] W: [ getData ] Failed to get data, data is empty CDisplayDatabaseCommand::DisplayDatabaseElements::CurrentModel
[14:22:49.951]  [T:0xefcfd] I: [ processStrategy ] CDisplayStrategyInfo::DisplayStrategy::IsVCPInMonitor
[14:22:49.951]  [T:0xefcfd] W: [ getData ] Failed to get data, data is empty CDisplayDatabaseCommand::DisplayDatabaseElements::AllMonitorVCPMap
[14:22:49.951]  [T:0xefcfd] W: [ getData ] Failed to get data, data is empty CDisplayDatabaseCommand::DisplayDatabaseElements::CurrentModel
[14:22:49.951]  [T:0xefcfd] W: [ getData ] Failed to get data, data is empty CDisplayDatabaseCommand::DisplayDatabaseElements::CurrentModel
[14:22:49.951]  [T:0xefcfd] I: [ processStrategy ] CDisplayStrategyInfo::DisplayStrategy::IsVCPInMonitor
[14:22:49.951]  [T:0xefcfd] W: [ getData ] Failed to get data, data is empty CDisplayDatabaseCommand::DisplayDatabaseElements::AllMonitorVCPMap
[14:22:49.951]  [T:0xefcfd] W: [ getData ] Failed to get data, data is empty CDisplayDatabaseCommand::DisplayDatabaseElements::CurrentModel
[14:22:49.951]  [T:0xefcfd] W: [ getData ] Failed to get data, data is empty CDisplayDatabaseCommand::DisplayDatabaseElements::CurrentModel
[14:22:49.951]  [T:0xefcfd] W: [ getData ] Failed to get data, data is empty CDisplayDatabaseCommand::DisplayDatabaseElements::CurrentModel
[14:22:49.951]  [T:0xefcfd] W: [ getData ] Failed to get data, data is empty CDisplayDatabaseCommand::DisplayDatabaseElements::CurrentModel
[14:22:49.951]  [T:0xefcfd] W: [ getData ] Failed to get data, data is empty CDisplayDatabaseCommand::DisplayDatabaseElements::CurrentModel
[14:22:49.951]  [T:0xefcfd] I: [ processStrategy ] CDisplayStrategyInfo::DisplayStrategy::GetBatteryInfoSupportByModelName
[14:22:49.951]  [T:0xefcfd] I: [ processStrategy ] CDisplayStrategyInfo::DisplayStrategy::GetIntelligentSensingSupportByModelName
[14:22:49.951]  [T:0xefcfd] D: isSupportAIMode:false
[14:22:49.951]  [T:0xefcfd] W: [ getData ] Failed to get data, data is empty CDisplayDatabaseCommand::DisplayDatabaseElements::CurrentModel
[14:22:49.951]  [T:0xefcfd] I: [ processStrategy ] CDisplayStrategyInfo::DisplayStrategy::GetBatteryInfoSupportByModelName
[14:22:49.951]  [T:0xefcfd] I: [ processStrategy ] CDisplayStrategyInfo::DisplayStrategy::GetIntelligentSensingSupportByModelName
[14:22:49.951]  [T:0xefcfd] D: isSupportAIMode:false
[14:22:49.951]  [T:0xefcfd] W: [ getData ] Failed to get data, data is empty CDisplayDatabaseCommand::DisplayDatabaseElements::CurrentModel
[14:22:49.951]  [T:0xefcfd] I: [ processStrategy ] CDisplayStrategyInfo::DisplayStrategy::IsVCPInMonitor
[14:22:49.951]  [T:0xefcfd] W: [ getData ] Failed to get data, data is empty CDisplayDatabaseCommand::DisplayDatabaseElements::AllMonitorVCPMap
[14:22:49.951]  [T:0xefcfd] W: [ getData ] Failed to get data, data is empty CDisplayDatabaseCommand::DisplayDatabaseElements::CurrentModel
[14:22:49.951]  [T:0xefcfd] I: [ processStrategy ] CDisplayStrategyInfo::DisplayStrategy::IsVCPInMonitor
[14:22:49.951]  [T:0xefcfd] W: [ getData ] Failed to get data, data is empty CDisplayDatabaseCommand::DisplayDatabaseElements::AllMonitorVCPMap
[14:22:49.951]  [T:0xefcfd] W: [ getData ] Failed to get data, data is empty CDisplayDatabaseCommand::DisplayDatabaseElements::CurrentModel
[14:22:49.952]  [T:0xefcfd] I: [ processStrategy ] CDisplayStrategyInfo::DisplayStrategy::IsVCPInMonitor
[14:22:49.952]  [T:0xefcfd] W: [ getData ] Failed to get data, data is empty CDisplayDatabaseCommand::DisplayDatabaseElements::AllMonitorVCPMap
[14:22:49.952]  [T:0xefcfd] W: [ getData ] Failed to get data, data is empty CDisplayDatabaseCommand::DisplayDatabaseElements::CurrentModel
[14:22:49.952]  [T:0xefcfd] I: [ processStrategy ] CDisplayStrategyInfo::DisplayStrategy::IsVCPInMonitor
[14:22:49.952]  [T:0xefcfd] W: [ getData ] Failed to get data, data is empty CDisplayDatabaseCommand::DisplayDatabaseElements::AllMonitorVCPMap
[14:22:49.952]  [T:0xefcfd] W: [ getData ] Failed to get data, data is empty CDisplayDatabaseCommand::DisplayDatabaseElements::CurrentModel
[14:22:49.952]  [T:0xefcfd] I: [ processStrategy ] CDisplayStrategyInfo::DisplayStrategy::IsVCPInMonitor
[14:22:49.952]  [T:0xefcfd] W: [ getData ] Failed to get data, data is empty CDisplayDatabaseCommand::DisplayDatabaseElements::AllMonitorVCPMap
[14:22:49.952]  [T:0xefcfd] W: [ getData ] Failed to get data, data is empty CDisplayDatabaseCommand::DisplayDatabaseElements::CurrentModel
[14:22:49.952]  [T:0xefcfd] W: [ getData ] Failed to get data, data is empty CDisplayDatabaseCommand::DisplayDatabaseElements::CurrentModel
[14:22:49.952]  [T:0xefcfd] W: [ getData ] Failed to get data, data is empty CDisplayDatabaseCommand::DisplayDatabaseElements::CurrentModel
[14:22:49.952]  [T:0xefcfd] I: [ operator() ] Initialize Auto Screen Pivot Module again after screen change event
[14:22:49.952]  [T:0xefcfd] W: [ getData ] Data type is wrong CDisplayDatabaseCommand::DisplayDatabaseElements::MonitorIndexConvertMap QVariant(Invalid)
[14:22:49.952]  [T:0xefcfd] W: [ getMonitorConvertMap ] Failed to convert data QVariant(int, 0)
[14:22:49.952]  [T:0xefcfd] I: [ resumeAutoScreenPivot ] connectedMonitorSet:  QSet()
[14:22:49.952]  [T:0xefcfd] I: [ resumeAutoScreenPivot ] mAutoMonitorSet:  QSet()
[14:22:49.952]  [T:0xefcfd] W: [VDMCustomComboBox] SKIP updateUI: desc="", object=MonitorSelectCombo
[14:22:49.952]  [T:0xefcfd] W: [ VDMCustomComboBox.qml::_selfRectangle::updateUI() ], Get wrong vcp value, value is empty, description is: Input Selection
[14:22:49.952]  [T:0xefcfd] D: [VDMCustomSlider] updateUI OK, description = Brightness
[14:22:49.952]  [T:0xefcfd] W: [ getData ] Failed to get data, data is empty CDisplayDatabaseCommand::DisplayDatabaseElements::CurrentModel
[14:22:49.952]  [T:0xefcfd] W: [ getData ] Failed to get data, data is empty CDisplayDatabaseCommand::DisplayDatabaseElements::CurrentModel
[14:22:49.952]  [T:0xefcfd] D: [VDMCustomSlider] updateUI OK, description = Contrast
[14:22:49.952]  [T:0xefcfd] W: [ getData ] Failed to get data, data is empty CDisplayDatabaseCommand::DisplayDatabaseElements::CurrentModel
[14:22:49.952]  [T:0xefcfd] W: [ getData ] Failed to get data, data is empty CDisplayDatabaseCommand::DisplayDatabaseElements::CurrentModel
[14:22:49.952]  [T:0xefcfd] D: [VDMCustomSlider] updateUI OK, description = Sharpness
[14:22:49.952]  [T:0xefcfd] W: [ getData ] Failed to get data, data is empty CDisplayDatabaseCommand::DisplayDatabaseElements::CurrentModel
[14:22:49.952]  [T:0xefcfd] W: [ getData ] Failed to get data, data is empty CDisplayDatabaseCommand::DisplayDatabaseElements::CurrentModel
[14:22:49.952]  [T:0xefcfd] D: [VDMCustomSlider] updateUI OK, description = Blue Light Filter
[14:22:49.952]  [T:0xefcfd] W: [ getData ] Failed to get data, data is empty CDisplayDatabaseCommand::DisplayDatabaseElements::CurrentModel
[14:22:49.952]  [T:0xefcfd] W: [ getData ] Failed to get data, data is empty CDisplayDatabaseCommand::DisplayDatabaseElements::CurrentModel
[14:22:49.952]  [T:0xefcfd] D: [VDMCustomSlider] updateUI OK, description = Volume
[14:22:49.952]  [T:0xefcfd] W: [ getData ] Failed to get data, data is empty CDisplayDatabaseCommand::DisplayDatabaseElements::CurrentModel
[14:22:49.952]  [T:0xefcfd] W: [ getData ] Failed to get data, data is empty CDisplayDatabaseCommand::DisplayDatabaseElements::CurrentModel
[14:22:49.952]  [T:0xefcfd] W: [ getMute ] No monitors catched, but getVCPValue
[14:22:49.952]  [T:0xefcfd] W: [ VDMCustomComboBox.qml::_selfRectangle::updateUI() ], Get wrong vcp value, value is empty, description is: Display Application
[14:22:49.952]  [T:0xefcfd] W: [ VDMCustomComboBox.qml::_selfRectangle::updateUI() ], Get wrong vcp value, value is empty, description is: Color Temperature
[14:22:49.952]  [T:0xefcfd] W: [ getData ] Failed to get data, data is empty CDisplayDatabaseCommand::DisplayDatabaseElements::CurrentModel
[14:22:49.953]  [T:0xefcfd] W: [ getData ] Failed to get data, data is empty CDisplayDatabaseCommand::DisplayDatabaseElements::CurrentModel
[14:22:49.953]  [T:0xefcfd] I: [ processStrategy ] CDisplayStrategyInfo::DisplayStrategy::IsVCPInMonitor
[14:22:49.953]  [T:0xefcfd] W: [ getData ] Failed to get data, data is empty CDisplayDatabaseCommand::DisplayDatabaseElements::AllMonitorVCPMap
[14:22:49.953]  [T:0xefcfd] W: [ getData ] Failed to get data, data is empty CDisplayDatabaseCommand::DisplayDatabaseElements::CurrentModel
[14:22:49.953]  [T:0xefcfd] I: [ processStrategy ] CDisplayStrategyInfo::DisplayStrategy::IsVCPInMonitor
[14:22:49.953]  [T:0xefcfd] W: [ getData ] Failed to get data, data is empty CDisplayDatabaseCommand::DisplayDatabaseElements::AllMonitorVCPMap
[14:22:49.953]  [T:0xefcfd] W: [ getData ] Failed to get data, data is empty CDisplayDatabaseCommand::DisplayDatabaseElements::CurrentModel
[14:22:49.953]  [T:0xefcfd] W: [ getData ] Failed to get data, data is empty CDisplayDatabaseCommand::DisplayDatabaseElements::CurrentModel
[14:22:49.953]  [T:0xefcfd] W: [ getData ] Failed to get data, data is empty CDisplayDatabaseCommand::DisplayDatabaseElements::CurrentModel
[14:22:49.953]  [T:0xefcfd] W: [ getData ] Failed to get data, data is empty CDisplayDatabaseCommand::DisplayDatabaseElements::CurrentModel
[14:22:49.953]  [T:0xefcfd] W: [ getData ] Failed to get data, data is empty CDisplayDatabaseCommand::DisplayDatabaseElements::CurrentModel
[14:22:49.953]  [T:0xefcfd] W: [ getData ] Failed to get data, data is empty CDisplayDatabaseCommand::DisplayDatabaseElements::CurrentModel
[14:22:49.953]  [T:0xefcfd] I: [ processStrategy ] CDisplayStrategyInfo::DisplayStrategy::IsVCPInMonitor
[14:22:49.953]  [T:0xefcfd] W: [ getData ] Failed to get data, data is empty CDisplayDatabaseCommand::DisplayDatabaseElements::AllMonitorVCPMap
[14:22:49.953]  [T:0xefcfd] W: [ getData ] Failed to get data, data is empty CDisplayDatabaseCommand::DisplayDatabaseElements::CurrentModel
[14:22:49.953]  [T:0xefcfd] I: [ processStrategy ] CDisplayStrategyInfo::DisplayStrategy::IsVCPInMonitor
[14:22:49.953]  [T:0xefcfd] W: [ getData ] Failed to get data, data is empty CDisplayDatabaseCommand::DisplayDatabaseElements::AllMonitorVCPMap
[14:22:49.953]  [T:0xefcfd] W: [ getData ] Failed to get data, data is empty CDisplayDatabaseCommand::DisplayDatabaseElements::CurrentModel
[14:22:49.953]  [T:0xefcfd] I: [ processStrategy ] CDisplayStrategyInfo::DisplayStrategy::IsVCPInMonitor
[14:22:49.953]  [T:0xefcfd] W: [ getData ] Failed to get data, data is empty CDisplayDatabaseCommand::DisplayDatabaseElements::AllMonitorVCPMap
[14:22:49.953]  [T:0xefcfd] W: [ getData ] Failed to get data, data is empty CDisplayDatabaseCommand::DisplayDatabaseElements::CurrentModel
[14:22:49.953]  [T:0xefcfd] I: [ processStrategy ] CDisplayStrategyInfo::DisplayStrategy::IsVCPInMonitor
[14:22:49.953]  [T:0xefcfd] W: [ getData ] Failed to get data, data is empty CDisplayDatabaseCommand::DisplayDatabaseElements::AllMonitorVCPMap
[14:22:49.953]  [T:0xefcfd] W: [ getData ] Failed to get data, data is empty CDisplayDatabaseCommand::DisplayDatabaseElements::CurrentModel
[14:22:49.953]  [T:0xefcfd] I: [ processStrategy ] CDisplayStrategyInfo::DisplayStrategy::IsVCPInMonitor
[14:22:49.953]  [T:0xefcfd] W: [ getData ] Failed to get data, data is empty CDisplayDatabaseCommand::DisplayDatabaseElements::AllMonitorVCPMap
[14:22:49.953]  [T:0xefcfd] W: [ getData ] Failed to get data, data is empty CDisplayDatabaseCommand::DisplayDatabaseElements::CurrentModel
[14:22:49.953]  [T:0xefcfd] W: [ VDMCustomComboBox.qml::_selfRectangle::updateUI() ], Get wrong vcp value, value is empty, description is: Display Application
[14:22:49.953]  [T:0xefcfd] W: [ getData ] Failed to get data, data is empty CDisplayDatabaseCommand::DisplayDatabaseElements::CurrentModel
[14:22:49.953]  [T:0xefcfd] W: [ VDMCustomComboBox.qml::_selfRectangle::updateUI() ], Get wrong vcp value, value is empty, description is: Color Temperature
[14:22:49.953]  [T:0xefcfd] W: [ getData ] Failed to get data, data is empty CDisplayDatabaseCommand::DisplayDatabaseElements::CurrentModel
[14:22:49.953]  [T:0xefcfd] I: [ processStrategy ] CDisplayStrategyInfo::DisplayStrategy::GetIntelligentSensingSupportByModelName
[14:22:49.953]  [T:0xefcfd] W: [ getData ] Failed to get data, data is empty CDisplayDatabaseCommand::DisplayDatabaseElements::CurrentModel
[14:22:49.953]  [T:0xefcfd] I: [ processStrategy ] CDisplayStrategyInfo::DisplayStrategy::GetColortemeratureInfoHasNotSupportByModelName
[14:22:49.954]  [T:0xefcfd] W: [ getData ] Failed to get data, data is empty CDisplayDatabaseCommand::DisplayDatabaseElements::CurrentModel
[14:22:49.954]  [T:0xefcfd] W: [ getData ] Failed to get data, data is empty CDisplayDatabaseCommand::DisplayDatabaseElements::CurrentModel
[14:22:49.954]  [T:0xefcfd] W: [ getData ] Failed to get data, data is empty CDisplayDatabaseCommand::DisplayDatabaseElements::CurrentModel
[14:22:49.954]  [T:0xefcfd] I: [ processStrategy ] CDisplayStrategyInfo::DisplayStrategy::IsVCPInMonitor
[14:22:49.954]  [T:0xefcfd] W: [ getData ] Failed to get data, data is empty CDisplayDatabaseCommand::DisplayDatabaseElements::AllMonitorVCPMap
[14:22:49.954]  [T:0xefcfd] W: [ getData ] Failed to get data, data is empty CDisplayDatabaseCommand::DisplayDatabaseElements::CurrentModel
[14:22:49.954]  [T:0xefcfd] W: [ getData ] Failed to get data, data is empty CDisplayDatabaseCommand::DisplayDatabaseElements::CurrentModel
[14:22:49.954]  [T:0xefcfd] W: [ getData ] Failed to get data, data is empty CDisplayDatabaseCommand::DisplayDatabaseElements::CurrentModel
[14:22:49.954]  [T:0xefcfd] I: [ processStrategy ] CDisplayStrategyInfo::DisplayStrategy::IsVCPInMonitor
[14:22:49.954]  [T:0xefcfd] W: [ getData ] Failed to get data, data is empty CDisplayDatabaseCommand::DisplayDatabaseElements::AllMonitorVCPMap
[14:22:49.954]  [T:0xefcfd] W: [ getData ] Failed to get data, data is empty CDisplayDatabaseCommand::DisplayDatabaseElements::CurrentModel
[14:22:49.954]  [T:0xefcfd] W: [ getData ] Failed to get data, data is empty CDisplayDatabaseCommand::DisplayDatabaseElements::CurrentModel
[14:22:49.954]  [T:0xefcfd] W: [ getData ] Failed to get data, data is empty CDisplayDatabaseCommand::DisplayDatabaseElements::CurrentModel
[14:22:49.954]  [T:0xefcfd] I: [ processStrategy ] CDisplayStrategyInfo::DisplayStrategy::IsVCPInMonitor
[14:22:49.954]  [T:0xefcfd] W: [ getData ] Failed to get data, data is empty CDisplayDatabaseCommand::DisplayDatabaseElements::AllMonitorVCPMap
[14:22:49.955]  [T:0xefcfd] W: [ getData ] Failed to get data, data is empty CDisplayDatabaseCommand::DisplayDatabaseElements::CurrentModel
[14:22:49.955]  [T:0xefcfd] W: [ getData ] Failed to get data, data is empty CDisplayDatabaseCommand::DisplayDatabaseElements::CurrentModel
[14:22:49.955]  [T:0xefcfd] W: [ getData ] Failed to get data, data is empty CDisplayDatabaseCommand::DisplayDatabaseElements::CurrentModel
[14:22:49.955]  [T:0xefcfd] I: [ processStrategy ] CDisplayStrategyInfo::DisplayStrategy::IsVCPInMonitor
[14:22:49.955]  [T:0xefcfd] W: [ getData ] Failed to get data, data is empty CDisplayDatabaseCommand::DisplayDatabaseElements::AllMonitorVCPMap
[14:22:49.955]  [T:0xefcfd] W: [ getData ] Failed to get data, data is empty CDisplayDatabaseCommand::DisplayDatabaseElements::CurrentModel
[14:22:49.955]  [T:0xefcfd] W: [ getData ] Failed to get data, data is empty CDisplayDatabaseCommand::DisplayDatabaseElements::CurrentModel
[14:22:49.955]  [T:0xefcfd] W: [ getData ] Failed to get data, data is empty CDisplayDatabaseCommand::DisplayDatabaseElements::CurrentModel
[14:22:49.955]  [T:0xefcfd] I: [ processStrategy ] CDisplayStrategyInfo::DisplayStrategy::IsVCPInMonitor
[14:22:49.955]  [T:0xefcfd] W: [ getData ] Failed to get data, data is empty CDisplayDatabaseCommand::DisplayDatabaseElements::AllMonitorVCPMap
[14:22:49.955]  [T:0xefcfd] W: [ getData ] Failed to get data, data is empty CDisplayDatabaseCommand::DisplayDatabaseElements::CurrentModel
[14:22:49.955]  [T:0xefcfd] W: [ VDMCustomComboBox.qml::_selfRectangle::updateUI() ], Get wrong vcp value, value is empty, description is: Display Application
[14:22:49.955]  [T:0xefcfd] W: [ getData ] Failed to get data, data is empty CDisplayDatabaseCommand::DisplayDatabaseElements::CurrentModel
[14:22:49.956]  [T:0xefcfd] W: [ VDMCustomComboBox.qml::_selfRectangle::updateUI() ], Get wrong vcp value, value is empty, description is: Color Temperature
[14:22:49.956]  [T:0xefcfd] W: [ getData ] Failed to get data, data is empty CDisplayDatabaseCommand::DisplayDatabaseElements::CurrentModel
[14:22:49.956]  [T:0xefcfd] W: [ getData ] Failed to get data, data is empty CDisplayDatabaseCommand::DisplayDatabaseElements::CurrentModel
[14:22:49.956]  [T:0xefcfd] I: [ processStrategy ] CDisplayStrategyInfo::DisplayStrategy::GetBatteryInfoSupportByModelName
[14:22:49.956]  [T:0xefcfd] I: [ processStrategy ] CDisplayStrategyInfo::DisplayStrategy::GetIntelligentSensingSupportByModelName
[14:22:49.956]  [T:0xefcfd] D: isSupportAIMode:false
[14:22:49.956]  [T:0xefcfd] W: QQmlVMEMetaObject: Internal error - attempted to evaluate a function in an invalid context
[14:22:49.956]  [T:0xefcfd] W: qrc:/Resources/VDM/VDMCustomSlider.qml:164: TypeError: Property 'updateUI' of object VDMCustomSlider_QMLTYPE_51(0x6000005eddc0) is not a function (exception occurred during delayed function evaluation)
[14:22:49.956]  [T:0xefcfd] W: QQmlVMEMetaObject: Internal error - attempted to evaluate a function in an invalid context
[14:22:49.956]  [T:0xefcfd] W: qrc:/Resources/VDM/VDMCustomSlider.qml:164: TypeError: Property 'updateUI' of object VDMCustomSlider_QMLTYPE_51(0x6000005eea00) is not a function (exception occurred during delayed function evaluation)
[14:22:49.956]  [T:0xefcfd] W: QQmlVMEMetaObject: Internal error - attempted to evaluate a function in an invalid context
[14:22:49.956]  [T:0xefcfd] W: qrc:/Resources/VDM/VDMCustomSlider.qml:164: TypeError: Property 'updateUI' of object VDMCustomSlider_QMLTYPE_51(0x6000005ef640) is not a function (exception occurred during delayed function evaluation)
[14:22:49.956]  [T:0xefcfd] W: QQmlVMEMetaObject: Internal error - attempted to evaluate a function in an invalid context
[14:22:49.956]  [T:0xefcfd] W: qrc:/Resources/VDM/VDMCustomSlider.qml:164: TypeError: Property 'updateUI' of object VDMCustomSlider_QMLTYPE_51(0x6000005fd260) is not a function (exception occurred during delayed function evaluation)
[14:22:49.956]  [T:0xefcfd] W: QQmlVMEMetaObject: Internal error - attempted to evaluate a function in an invalid context
[14:22:49.956]  [T:0xefcfd] W: qrc:/Resources/VDM/VDMCustomSlider.qml:164: TypeError: Property 'updateUI' of object VDMCustomSlider_QMLTYPE_51(0x6000005fd880) is not a function (exception occurred during delayed function evaluation)
[14:22:49.956]  [T:0xefcfd] D: [VDMCustomSlider] updateUI OK, description = Brightness
[14:22:49.956]  [T:0xefcfd] W: [ getData ] Failed to get data, data is empty CDisplayDatabaseCommand::DisplayDatabaseElements::CurrentModel
[14:22:49.956]  [T:0xefcfd] W: [ getData ] Failed to get data, data is empty CDisplayDatabaseCommand::DisplayDatabaseElements::CurrentModel
[14:22:49.956]  [T:0xefcfd] D: [VDMCustomSlider] updateUI OK, description = Contrast
[14:22:49.956]  [T:0xefcfd] W: [ getData ] Failed to get data, data is empty CDisplayDatabaseCommand::DisplayDatabaseElements::CurrentModel
[14:22:49.956]  [T:0xefcfd] W: [ getData ] Failed to get data, data is empty CDisplayDatabaseCommand::DisplayDatabaseElements::CurrentModel
[14:22:49.956]  [T:0xefcfd] D: [VDMCustomSlider] updateUI OK, description = Sharpness
[14:22:49.956]  [T:0xefcfd] W: [ getData ] Failed to get data, data is empty CDisplayDatabaseCommand::DisplayDatabaseElements::CurrentModel
[14:22:49.956]  [T:0xefcfd] W: [ getData ] Failed to get data, data is empty CDisplayDatabaseCommand::DisplayDatabaseElements::CurrentModel
[14:22:49.956]  [T:0xefcfd] D: [VDMCustomSlider] updateUI OK, description = Blue Light Filter
[14:22:49.957]  [T:0xefcfd] W: [ getData ] Failed to get data, data is empty CDisplayDatabaseCommand::DisplayDatabaseElements::CurrentModel
[14:22:49.957]  [T:0xefcfd] W: [ getData ] Failed to get data, data is empty CDisplayDatabaseCommand::DisplayDatabaseElements::CurrentModel
[14:22:49.957]  [T:0xefcfd] D: [VDMCustomSlider] updateUI OK, description = Volume
[14:22:49.957]  [T:0xefcfd] W: [ getData ] Failed to get data, data is empty CDisplayDatabaseCommand::DisplayDatabaseElements::CurrentModel
[14:22:49.957]  [T:0xefcfd] W: [ getData ] Failed to get data, data is empty CDisplayDatabaseCommand::DisplayDatabaseElements::CurrentModel
[14:22:49.957]  [T:0xefcfd] W: [ getMute ] No monitors catched, but getVCPValue
[16:25:56.225]  [T:0xefcfd] I: [ CMacWakeUpEventHandlerPrivate_block_invoke ] Successfully wake up from sleep and proceed to callbacks
[16:25:57.227]  [T:0xefcfd] I: [ setAutoPivotThread ] AutoPivotWorkThread stopped
[16:25:57.228]  [T:0x33cdb] I: [ processStrategy ] CDisplayStrategyInfo::DisplayStrategy::CleanMonitorInfoAdaptorData
[16:25:57.229]  [T:0x33cdb] I: [ processStrategy ] CDisplayStrategyInfo::DisplayStrategy::CleanDatabaseData
[16:25:57.229]  [T:0x33cdb] I: [ processStrategy ] CDisplayStrategyInfo::DisplayStrategy::CatchMonitors
[16:25:57.229]  [T:0x33cdb] I: [ init ] Initialize DisplayControl
[16:25:57.462]  [T:0x33cdb] W: [ catchMonitors ] Failed to catch monitor, Monitor is busy
[16:25:57.462]  [T:0x33cdb] W: [ dataTypeGuard ] "catchMonitorsStrategy Output:" Data type is wrong QVariant(int, 0)
[16:25:57.462]  [T:0x33cdb] I: [ processStrategy ] CDisplayStrategyInfo::DisplayStrategy::SaveDataAfterCatchMonitors
[16:25:57.462]  [T:0x33cdb] I: [ processStrategy ] CDisplayStrategyInfo::DisplayStrategy::SetMonitorIndexConvertMap
[16:25:57.462]  [T:0x33cdb] I: [ processStrategy ] CDisplayStrategyInfo::DisplayStrategy::SetRealAndQMLMonitorIndexInitial
[16:25:57.462]  [T:0x33cdb] I: [ processStrategy ] CDisplayStrategyInfo::DisplayStrategy::SetInitialInputSelectToAuto
[16:25:57.462]  [T:0x33cdb] W: [ catchMonitors ] Failed to catch monitors
[13:16:53.812]  [T:0xefcfd] I: [ CMacWakeUpEventHandlerPrivate_block_invoke ] Successfully wake up from sleep and proceed to callbacks
[13:16:54.816]  [T:0xefcfd] I: [ setAutoPivotThread ] AutoPivotWorkThread stopped
[13:16:54.816]  [T:0xc6da0] I: [ processStrategy ] CDisplayStrategyInfo::DisplayStrategy::CleanMonitorInfoAdaptorData
[13:16:54.817]  [T:0xc6da0] I: [ processStrategy ] CDisplayStrategyInfo::DisplayStrategy::CleanDatabaseData
[13:16:54.818]  [T:0xc6da0] I: [ processStrategy ] CDisplayStrategyInfo::DisplayStrategy::CatchMonitors
[13:16:54.818]  [T:0xc6da0] I: [ init ] Initialize DisplayControl
[13:16:55.052]  [T:0xc6da0] W: [ catchMonitors ] Failed to catch monitor, Monitor is busy
[13:16:55.052]  [T:0xc6da0] W: [ dataTypeGuard ] "catchMonitorsStrategy Output:" Data type is wrong QVariant(int, 0)
[13:16:55.052]  [T:0xc6da0] I: [ processStrategy ] CDisplayStrategyInfo::DisplayStrategy::SaveDataAfterCatchMonitors
[13:16:55.052]  [T:0xc6da0] I: [ processStrategy ] CDisplayStrategyInfo::DisplayStrategy::SetMonitorIndexConvertMap
[13:16:55.052]  [T:0xc6da0] I: [ processStrategy ] CDisplayStrategyInfo::DisplayStrategy::SetRealAndQMLMonitorIndexInitial
[13:16:55.052]  [T:0xc6da0] I: [ processStrategy ] CDisplayStrategyInfo::DisplayStrategy::SetInitialInputSelectToAuto
[13:16:55.052]  [T:0xc6da0] W: [ catchMonitors ] Failed to catch monitors
[14:45:53.602]  [T:0xefcfd] I: [ CMacWakeUpEventHandlerPrivate_block_invoke ] Successfully wake up from sleep and proceed to callbacks
[14:45:54.604]  [T:0xefcfd] I: [ setAutoPivotThread ] AutoPivotWorkThread stopped
[14:45:54.604]  [T:0x33cdb] I: [ processStrategy ] CDisplayStrategyInfo::DisplayStrategy::CleanMonitorInfoAdaptorData
[14:45:54.605]  [T:0x33cdb] I: [ processStrategy ] CDisplayStrategyInfo::DisplayStrategy::CleanDatabaseData
[14:45:54.605]  [T:0x33cdb] I: [ processStrategy ] CDisplayStrategyInfo::DisplayStrategy::CatchMonitors
[14:45:54.605]  [T:0x33cdb] I: [ init ] Initialize DisplayControl
[14:45:54.918]  [T:0x33cdb] W: [ catchMonitors ] Failed to catch monitor, Monitor is busy
[14:45:54.922]  [T:0x33cdb] W: [ dataTypeGuard ] "catchMonitorsStrategy Output:" Data type is wrong QVariant(int, 0)
[14:45:54.922]  [T:0x33cdb] I: [ processStrategy ] CDisplayStrategyInfo::DisplayStrategy::SaveDataAfterCatchMonitors
[14:45:54.922]  [T:0x33cdb] I: [ processStrategy ] CDisplayStrategyInfo::DisplayStrategy::SetMonitorIndexConvertMap
[14:45:54.923]  [T:0x33cdb] I: [ processStrategy ] CDisplayStrategyInfo::DisplayStrategy::SetRealAndQMLMonitorIndexInitial
[14:45:54.923]  [T:0x33cdb] I: [ processStrategy ] CDisplayStrategyInfo::DisplayStrategy::SetInitialInputSelectToAuto
[14:45:54.923]  [T:0x33cdb] W: [ catchMonitors ] Failed to catch monitors
[10:01:35.180]  [T:0xefcfd] I: [ CMacWakeUpEventHandlerPrivate_block_invoke ] Successfully wake up from sleep and proceed to callbacks
[10:01:36.184]  [T:0xefcfd] I: [ setAutoPivotThread ] AutoPivotWorkThread stopped
[10:01:36.186]  [T:0xc6da0] I: [ processStrategy ] CDisplayStrategyInfo::DisplayStrategy::CleanMonitorInfoAdaptorData
[10:01:36.187]  [T:0xc6da0] I: [ processStrategy ] CDisplayStrategyInfo::DisplayStrategy::CleanDatabaseData
[10:01:36.188]  [T:0xc6da0] I: [ processStrategy ] CDisplayStrategyInfo::DisplayStrategy::CatchMonitors
[10:01:36.188]  [T:0xc6da0] I: [ init ] Initialize DisplayControl
[10:01:36.475]  [T:0xc6da0] W: [ catchMonitors ] Failed to catch monitor, Monitor is busy
[10:01:36.476]  [T:0xc6da0] W: [ dataTypeGuard ] "catchMonitorsStrategy Output:" Data type is wrong QVariant(int, 0)
[10:01:36.476]  [T:0xc6da0] I: [ processStrategy ] CDisplayStrategyInfo::DisplayStrategy::SaveDataAfterCatchMonitors
[10:01:36.476]  [T:0xc6da0] I: [ processStrategy ] CDisplayStrategyInfo::DisplayStrategy::SetMonitorIndexConvertMap
[10:01:36.476]  [T:0xc6da0] I: [ processStrategy ] CDisplayStrategyInfo::DisplayStrategy::SetRealAndQMLMonitorIndexInitial
[10:01:36.476]  [T:0xc6da0] I: [ processStrategy ] CDisplayStrategyInfo::DisplayStrategy::SetInitialInputSelectToAuto
[10:01:36.477]  [T:0xc6da0] W: [ catchMonitors ] Failed to catch monitors
[10:03:25.333]  [T:0xefcfd] I: [ CMacWakeUpEventHandlerPrivate_block_invoke ] Successfully wake up from sleep and proceed to callbacks
[10:03:26.334]  [T:0xefcfd] I: [ setAutoPivotThread ] AutoPivotWorkThread stopped
[10:03:26.335]  [T:0xc6da0] I: [ processStrategy ] CDisplayStrategyInfo::DisplayStrategy::CleanMonitorInfoAdaptorData
[10:03:26.336]  [T:0xc6da0] I: [ processStrategy ] CDisplayStrategyInfo::DisplayStrategy::CleanDatabaseData
[10:03:26.337]  [T:0xc6da0] I: [ processStrategy ] CDisplayStrategyInfo::DisplayStrategy::CatchMonitors
[10:03:26.337]  [T:0xc6da0] I: [ init ] Initialize DisplayControl
[10:03:26.633]  [T:0xc6da0] W: [ catchMonitors ] Failed to catch monitor, Monitor is busy
[10:03:26.633]  [T:0xc6da0] W: [ dataTypeGuard ] "catchMonitorsStrategy Output:" Data type is wrong QVariant(int, 0)
[10:03:26.634]  [T:0xc6da0] I: [ processStrategy ] CDisplayStrategyInfo::DisplayStrategy::SaveDataAfterCatchMonitors
[10:03:26.634]  [T:0xc6da0] I: [ processStrategy ] CDisplayStrategyInfo::DisplayStrategy::SetMonitorIndexConvertMap
[10:03:26.635]  [T:0xc6da0] I: [ processStrategy ] CDisplayStrategyInfo::DisplayStrategy::SetRealAndQMLMonitorIndexInitial
[10:03:26.635]  [T:0xc6da0] I: [ processStrategy ] CDisplayStrategyInfo::DisplayStrategy::SetInitialInputSelectToAuto
[10:03:26.636]  [T:0xc6da0] W: [ catchMonitors ] Failed to catch monitors
[11:46:55.281]  [T:0xefcfd] I: [ CMacWakeUpEventHandlerPrivate_block_invoke ] Successfully wake up from sleep and proceed to callbacks
[11:46:56.287]  [T:0xefcfd] I: [ setAutoPivotThread ] AutoPivotWorkThread stopped
[11:46:56.288]  [T:0xc6da0] I: [ processStrategy ] CDisplayStrategyInfo::DisplayStrategy::CleanMonitorInfoAdaptorData
[11:46:56.290]  [T:0xc6da0] I: [ processStrategy ] CDisplayStrategyInfo::DisplayStrategy::CleanDatabaseData
[11:46:56.290]  [T:0xc6da0] I: [ processStrategy ] CDisplayStrategyInfo::DisplayStrategy::CatchMonitors
[11:46:56.291]  [T:0xc6da0] I: [ init ] Initialize DisplayControl
[11:46:56.588]  [T:0xc6da0] W: [ catchMonitors ] Failed to catch monitor, Monitor is busy
[11:46:56.588]  [T:0xc6da0] W: [ dataTypeGuard ] "catchMonitorsStrategy Output:" Data type is wrong QVariant(int, 0)
[11:46:56.589]  [T:0xc6da0] I: [ processStrategy ] CDisplayStrategyInfo::DisplayStrategy::SaveDataAfterCatchMonitors
[11:46:56.589]  [T:0xc6da0] I: [ processStrategy ] CDisplayStrategyInfo::DisplayStrategy::SetMonitorIndexConvertMap
[11:46:56.590]  [T:0xc6da0] I: [ processStrategy ] CDisplayStrategyInfo::DisplayStrategy::SetRealAndQMLMonitorIndexInitial
[11:46:56.590]  [T:0xc6da0] I: [ processStrategy ] CDisplayStrategyInfo::DisplayStrategy::SetInitialInputSelectToAuto
[11:46:56.590]  [T:0xc6da0] W: [ catchMonitors ] Failed to catch monitors
[14:43:24.501]  [T:0xefcfd] I: [ setAutoPivotThread ] AutoPivotWorkThread stopped
[14:43:24.502]  [T:0xefcfd] I: [ CleanOldLogs ] Clean logs
