===== System Information =====
Time: 2025-10-15T17:08:09.618
App: vDisplayManager
App Version: 3.2.0.1015
Qt Version: 6.5.3
OS: macOS 15.5
CPU Arch: arm64
Screen[0] Name: Built-in Retina Display
Screen[0] Size: 1800 x 1169 px
Screen[0] DPI: 72
Screen[0] Physical Size: 301.782mm x 195.991mm
Screen[1] Name: VG2748A
Screen[1] Size: 1920 x 1080 px
Screen[1] DPI: 72
Screen[1] Physical Size: 602.074mm x 338.667mm
==============================
[17:08:09.619]  [T:0xefcfd] I: [ initialize ] CAppRunningNotifier server is running
[17:08:09.619]  [T:0xefcfd] D: [LanguageManager] initSystemLanguage: loaded "en_US"
[17:08:09.658]  [T:0xefcfd] I: [ loadGoogleInterFonts ] [Font] Loaded: ":/Resources/fonts/Inter-Regular.ttf" -> families: "Inter"
[17:08:09.660]  [T:0xefcfd] I: [ loadGoogleInterFonts ] [Font] Loaded: ":/Resources/fonts/Inter-Medium.ttf" -> families: "Inter"
[17:08:09.662]  [T:0xefcfd] I: [ loadGoogleInterFonts ] [Font] Loaded: ":/Resources/fonts/Inter-SemiBold.ttf" -> families: "Inter"
[17:08:10.088]  [T:0xefcfd] I: [ CVsAiSensorManager ] VsAiSensor version: "1.0.8.0"
[17:08:10.100]  [T:0xefcfd] I: [ importConfig ] "userConfigPath:/Users/huangme/Library/Application Support/vDisplay Manager"
[17:08:10.431]  [T:0xefcfd] I: [ init ] Initialize DisplayControl
[17:08:11.745]  [T:0xefcfd] D: modelName =  "VG2748A"
[17:08:12.512]  [T:0xefcfd] I: [ catchMonitors ] Monitor index:  1 / SN: "TBC211800028" / Model Name: "VG2748A"
[17:08:12.512]  [T:0xefcfd] I: [ catchMonitors ] Monitor position: 1800 / Monitor position y: 0
[17:08:12.513]  [T:0xefcfd] I: [ catchMonitors ] Resolution is: 1920  *  1080
[17:08:12.513]  [T:0xefcfd] I: [ catchMonitors ] Firmware version is: "M001"
[17:08:13.983]  [T:0xefcfd] I: [ setVCPValue ] "Set VCP Name: Video Signal Auto Detect => 0x33, VCP value: On"
[17:08:13.984]  [T:0xefcfd] I: [ syncMonitorsAction ] Sync monitor:  "VG2748A"
[17:08:14.211]  [T:0xefcfd] I: [ getVCPValue ] VCP Description is  "Power Indicator" VCP value is  2 VCP option name: "On"
[17:08:14.532]  [T:0xefcfd] I: [ getVCPValue ] VCP Description is  "Volume" VCP value is  70
[17:08:14.856]  [T:0xefcfd] I: [ getVCPValue ] VCP Description is  "Input Selection" VCP value is  17 VCP option name: "Digital Video (TMDS) 3 HDMI 1"
[17:08:15.183]  [T:0xefcfd] I: [ getVCPValue ] VCP Description is  "Blue Light Filter" VCP value is  0
[17:08:15.512]  [T:0xefcfd] I: [ getVCPValue ] VCP Description is  "Restore Factory Defaults" VCP value is  0
[17:08:15.833]  [T:0xefcfd] I: [ getVCPValue ] VCP Description is  "Advanced DCR" VCP value is  0 VCP option name: "Advanced DCR Off"
[17:08:16.159]  [T:0xefcfd] I: [ getVCPValue ] VCP Description is  "Sharpness" VCP value is  2
[17:08:16.492]  [T:0xefcfd] I: [ getVCPValue ] VCP Description is  "Battery Information" VCP value is  65535
[17:08:16.819]  [T:0xefcfd] I: [ getVCPValue ] VCP Description is  "Brightness" VCP value is  70
[17:08:17.139]  [T:0xefcfd] I: [ getVCPValue ] VCP Description is  "Contrast" VCP value is  70
[17:08:17.467]  [T:0xefcfd] I: [ getVCPValue ] VCP Description is  "Display Application" VCP value is  0 VCP option name: "Off"
[17:08:17.793]  [T:0xefcfd] I: [ getVCPValue ] VCP Description is  "Signal Source List" VCP value is  0
[17:08:18.118]  [T:0xefcfd] I: [ getVCPValue ] VCP Description is  "Audio Mute" VCP value is  2 VCP option name: "Un-Mute the audio"
[17:08:18.438]  [T:0xefcfd] I: [ getVCPValue ] VCP Description is  "Video Signal Auto Detect" VCP value is  2 VCP option name: "On"
[17:08:18.539]  [T:0xefcfd] W: [ getData ] Failed to get data, data is empty CDisplayDatabaseCommand::DisplayDatabaseElements::AllMonitorVCPXORMap
[17:08:18.540]  [T:0xefcfd] W: [ getData ] Failed to get data, data is empty CDisplayDatabaseCommand::DisplayDatabaseElements::ALLMonitorVCPOptionMap
[17:08:18.541]  [T:0xefcfd] I: [ initializeAutoScreenPivot ] connectedMonitorSet:  QSet("VG2748A,TBC211800028")
[17:08:18.541]  [T:0xefcfd] I: [ initializeAutoScreenPivot ] mAutoMonitorSet:  QSet()
[17:08:18.542]  [T:0xefcfd] I: [ operator() ] Register DisplayChangeEventHandler and set callback function
[17:08:18.543]  [T:0xefcfd] I: [ CMacWakeUpEventHandler ] Successful creation of WakeUp Event Handler
[17:08:18.544]  [T:0xefcfd] I: [ getValue ] No such key in JSON object:  std::vector("focused_attention", "enable")
[17:08:18.545]  [T:0xefcfd] I: [ setCConfigModule ] mEnableDetect from config: false
[17:08:18.547]  [T:0xefcfd] D: [ convertToRegexPatternAppVersion ] "[ GA4 ] Error         : RegexAppVerion Validate FAIL - Invalid format: [3.2.0.1015]"
[17:08:18.547]  [T:0xefcfd] D: [ convertToRegexPatternAppVersion ] "[ GA4 ] OK            : RegexAppVerion Validate OK: [v3.2.0.1015]"
[17:08:18.764]  [T:0xefcfd] I: [ getVCPValue ] VCP Description is  "Input Selection" VCP value is  17 VCP option name: "Digital Video (TMDS) 3 HDMI 1"
[17:08:18.765]  [T:0xefcfd] D: [ convertToRegexPatternCommon ] "[ GA4 ] Error         : RegexCommon Validate FAIL - Invalid format: [Digital Video (TMDS) 3 HDMI 1]"
[17:08:18.765]  [T:0xefcfd] D: [ convertToRegexPatternCommon ] "[ GA4 ] Fix           : Remove unmatch characters - format: [DigitalVideoTMDS3HDMI1]"
[17:08:18.766]  [T:0xefcfd] D: [ logJsonToFile ] [ GA4 ] Measurement ID: "G-KKDK7WGP01"
[17:08:18.767]  [T:0xefcfd] D: [ logJsonToFile ] [ GA4 ] API Secret    : "fPUEw5twT0m0JCHyRiP-Ww"
[17:08:18.767]  [T:0xefcfd] D: [ logJsonToFile ] [ GA4 ] Client ID     : "a8f5bfa5e82d88c4bf84185325895f274176fd6acb3d68fc653edf7da4622463"
[17:08:18.767]  [T:0xefcfd] D: [ logJsonToFile ] [ GA4 ] Payload       :
: "{\n    \"client_id\": \"a8f5bfa5e82d88c4bf84185325895f274176fd6acb3d68fc653edf7da4622463\",\n    \"events\": [\n        {\n            \"name\": \"app_open\",\n            \"params\": {\n                \"OS_version\": \"Mac\",\n                \"app_version\": \"v3.2.0.1015\",\n                \"connected_monitor\": \"VG2748A\",\n                \"video_port\": \"DigitalVideoTMDS3HDMI1\"\n            }\n        }\n    ]\n}\n"
[17:08:18.901]  [T:0xefcfd] D: [ logJsonToFile ] [ GA4 ] Measurement ID: "G-KKDK7WGP01"
[17:08:18.901]  [T:0xefcfd] D: [ logJsonToFile ] [ GA4 ] API Secret    : "fPUEw5twT0m0JCHyRiP-Ww"
[17:08:18.901]  [T:0xefcfd] D: [ logJsonToFile ] [ GA4 ] Client ID     : "a8f5bfa5e82d88c4bf84185325895f274176fd6acb3d68fc653edf7da4622463"
[17:08:18.901]  [T:0xefcfd] D: [ logJsonToFile ] [ GA4 ] Payload       :
: "{\n    \"client_id\": \"a8f5bfa5e82d88c4bf84185325895f274176fd6acb3d68fc653edf7da4622463\",\n    \"events\": [\n        {\n            \"name\": \"select_monitor\",\n            \"params\": {\n                \"OS_version\": \"Mac\",\n                \"monitor_model\": \"VG2748A\"\n            }\n        }\n    ]\n}\n"
[17:08:18.901]  [T:0xefcfd] D: [ convertToRegexPatternCommon ] "[ GA4 ] Error         : RegexCommon Validate FAIL - Invalid format: [Digital Video (TMDS) 3 HDMI 1]"
[17:08:18.901]  [T:0xefcfd] D: [ convertToRegexPatternCommon ] "[ GA4 ] Fix           : Remove unmatch characters - format: [DigitalVideoTMDS3HDMI1]"
[17:08:18.901]  [T:0xefcfd] D: [ logJsonToFile ] [ GA4 ] Measurement ID: "G-KKDK7WGP01"
[17:08:18.901]  [T:0xefcfd] D: [ logJsonToFile ] [ GA4 ] API Secret    : "fPUEw5twT0m0JCHyRiP-Ww"
[17:08:18.901]  [T:0xefcfd] D: [ logJsonToFile ] [ GA4 ] Client ID     : "a8f5bfa5e82d88c4bf84185325895f274176fd6acb3d68fc653edf7da4622463"
[17:08:18.901]  [T:0xefcfd] D: [ logJsonToFile ] [ GA4 ] Payload       :
: "{\n    \"client_id\": \"a8f5bfa5e82d88c4bf84185325895f274176fd6acb3d68fc653edf7da4622463\",\n    \"events\": [\n        {\n            \"name\": \"input_source\",\n            \"params\": {\n                \"OS_version\": \"Mac\",\n                \"auto_input_source\": \"on\",\n                \"manual_input_source\": \"DigitalVideoTMDS3HDMI1\"\n            }\n        }\n    ]\n}\n"
[17:08:18.902]  [T:0xefcfd] D: [ logJsonToFile ] [ GA4 ] Measurement ID: "G-KKDK7WGP01"
[17:08:18.902]  [T:0xefcfd] D: [ logJsonToFile ] [ GA4 ] API Secret    : "fPUEw5twT0m0JCHyRiP-Ww"
[17:08:18.902]  [T:0xefcfd] D: [ logJsonToFile ] [ GA4 ] Client ID     : "a8f5bfa5e82d88c4bf84185325895f274176fd6acb3d68fc653edf7da4622463"
[17:08:18.902]  [T:0xefcfd] D: [ logJsonToFile ] [ GA4 ] Payload       :
: "{\n    \"client_id\": \"a8f5bfa5e82d88c4bf84185325895f274176fd6acb3d68fc653edf7da4622463\",\n    \"events\": [\n        {\n            \"name\": \"screen_pivot\",\n            \"params\": {\n                \"OS_version\": \"Mac\",\n                \"auto_pivot\": \"off\"\n            }\n        }\n    ]\n}\n"
[17:08:18.902]  [T:0xefcfd] D: [ convertToRegexPatternCommon ] "[ GA4 ] Error         : RegexCommon Validate FAIL - Invalid format: [Off]"
[17:08:18.902]  [T:0xefcfd] D: [ convertToRegexPatternCommon ] "[ GA4 ] Fix           : Remove unmatch characters - format: [Off]"
[17:08:18.902]  [T:0xefcfd] D: [ logJsonToFile ] [ GA4 ] Measurement ID: "G-KKDK7WGP01"
[17:08:18.902]  [T:0xefcfd] D: [ logJsonToFile ] [ GA4 ] API Secret    : "fPUEw5twT0m0JCHyRiP-Ww"
[17:08:18.902]  [T:0xefcfd] D: [ logJsonToFile ] [ GA4 ] Client ID     : "a8f5bfa5e82d88c4bf84185325895f274176fd6acb3d68fc653edf7da4622463"
[17:08:18.902]  [T:0xefcfd] D: [ logJsonToFile ] [ GA4 ] Payload       :
: "{\n    \"client_id\": \"a8f5bfa5e82d88c4bf84185325895f274176fd6acb3d68fc653edf7da4622463\",\n    \"events\": [\n        {\n            \"name\": \"view_mode\",\n            \"params\": {\n                \"OS_version\": \"Mac\",\n                \"view_mode\": \"Off\"\n            }\n        }\n    ]\n}\n"
[17:08:18.963]  [T:0xefcfd] D: AppScale.scaleFactor: 1
[17:08:18.963]  [T:0xefcfd] D: AppScale.windowHeight: 787
[17:08:19.031]  [T:0xefcfd] W: Layer-backing is always enabled.  QT_MAC_WANTS_LAYER/_q_mac_wantsLayer has no effect.
[17:08:19.036]  [T:0xefcfd] D: intellgenceCondition: false
[17:08:19.036]  [T:0xefcfd] D: Width: 1000
[17:08:19.036]  [T:0xefcfd] D: Height: 787
[17:08:19.036]  [T:0xefcfd] D: Minimum Width: 1000
[17:08:19.036]  [T:0xefcfd] D: Minimum Height: 787
[17:08:19.036]  [T:0xefcfd] D: _mainApplicationWindow.x: 400
[17:08:19.036]  [T:0xefcfd] D: _mainApplicationWindow.y: 172
[17:08:19.041]  [T:0xefcfd] W: [ getVCPValue ] No VCP value
[17:08:19.041]  [T:0xefcfd] W: [ getData ] Data type is wrong CDisplayDatabaseCommand::DisplayDatabaseElements::VCPValue QVariant(QVariantList, QList(QVariant(int, 0), QVariant(QString, "Color Temperature")))
[17:08:19.041]  [T:0xefcfd] W: [ getVCPValueByIndex ] Failed to get VCP value "Color Temperature" QVariant(int, 0)
[17:08:19.041]  [T:0xefcfd] W: [ VDMCustomComboBox.qml::_selfRectangle::updateUI() ], Get wrong vcp value, value is empty, description is: Color Temperature
[17:08:19.041]  [T:0xefcfd] W: [ getVCPValueByMonitorIndex ] No VCP value
[17:08:19.041]  [T:0xefcfd] W: [ getData ] Data type is wrong CDisplayDatabaseCommand::DisplayDatabaseElements::VCPValueByMonitorIndex QVariant(QVariantList, QList(QVariant(int, 0), QVariant(QString, "Color Temperature")))
[17:08:19.117]  [T:0xefcfd] D: [VDMCustomSlider] updateUI OK, description = Brightness
[17:08:19.117]  [T:0xefcfd] D: [VDMCustomSlider] updateUI OK, description = Contrast
[17:08:19.117]  [T:0xefcfd] D: [VDMCustomSlider] updateUI OK, description = Sharpness
[17:08:19.117]  [T:0xefcfd] D: [VDMCustomSlider] updateUI OK, description = Blue Light Filter
[17:08:19.117]  [T:0xefcfd] D: [VDMCustomSlider] updateUI OK, description = Volume
[17:08:19.208]  [T:0xefcfd] D: [ operator() ] "[ GA4 ] OK            : GA4 event [app_open] sent successfully. Response: "
[17:08:19.208]  [T:0xefcfd] D: [ operator() ] "[ GA4 ] OK            : GA4 event [select_monitor] sent successfully. Response: "
[17:08:19.208]  [T:0xefcfd] D: [ operator() ] "[ GA4 ] OK            : GA4 event [input_source] sent successfully. Response: "
[17:08:19.209]  [T:0xefcfd] D: [ operator() ] "[ GA4 ] OK            : GA4 event [screen_pivot] sent successfully. Response: "
[17:08:19.209]  [T:0xefcfd] D: [ operator() ] "[ GA4 ] OK            : GA4 event [view_mode] sent successfully. Response: "
[17:08:19.359]  [T:0x2b39e] I: [ setVCPValue ] "Set VCP Name: Video Signal Auto Detect => 0x33, VCP value: On"
[17:08:19.359]  [T:0xefcfd] D: [VDMCustomSlider] updateUI OK, description = Brightness
[17:08:19.359]  [T:0xefcfd] D: [VDMCustomSlider] updateUI OK, description = Contrast
[17:08:19.359]  [T:0xefcfd] D: [VDMCustomSlider] updateUI OK, description = Sharpness
[17:08:19.359]  [T:0xefcfd] D: [VDMCustomSlider] updateUI OK, description = Blue Light Filter
[17:08:19.360]  [T:0xefcfd] D: [VDMCustomSlider] updateUI OK, description = Volume
[17:08:19.360]  [T:0xefcfd] W: [ getVCPValue ] No VCP value
[17:08:19.360]  [T:0xefcfd] W: [ getData ] Data type is wrong CDisplayDatabaseCommand::DisplayDatabaseElements::VCPValue QVariant(QVariantList, QList(QVariant(int, 0), QVariant(QString, "Color Temperature")))
[17:08:19.360]  [T:0xefcfd] W: [ getVCPValueByIndex ] Failed to get VCP value "Color Temperature" QVariant(int, 0)
[17:08:19.360]  [T:0xefcfd] W: [ VDMCustomComboBox.qml::_selfRectangle::updateUI() ], Get wrong vcp value, value is empty, description is: Color Temperature
[17:08:19.360]  [T:0xefcfd] W: [ getVCPValueByMonitorIndex ] No VCP value
[17:08:19.360]  [T:0xefcfd] W: [ getData ] Data type is wrong CDisplayDatabaseCommand::DisplayDatabaseElements::VCPValueByMonitorIndex QVariant(QVariantList, QList(QVariant(int, 0), QVariant(QString, "Color Temperature")))
[17:08:19.625]  [T:0xefcfd] D: isSupportAIMode:false
[17:08:19.625]  [T:0xefcfd] D: isSupportAIMode:false
[17:08:28.571]  [T:0xefcfd] D: [ logJsonToFile ] [ GA4 ] Measurement ID: "G-KKDK7WGP01"
[17:08:28.572]  [T:0xefcfd] D: [ logJsonToFile ] [ GA4 ] API Secret    : "fPUEw5twT0m0JCHyRiP-Ww"
[17:08:28.572]  [T:0xefcfd] D: [ logJsonToFile ] [ GA4 ] Client ID     : "a8f5bfa5e82d88c4bf84185325895f274176fd6acb3d68fc653edf7da4622463"
[17:08:28.572]  [T:0xefcfd] D: [ logJsonToFile ] [ GA4 ] Payload       :
: "{\n    \"client_id\": \"a8f5bfa5e82d88c4bf84185325895f274176fd6acb3d68fc653edf7da4622463\",\n    \"events\": [\n        {\n            \"name\": \"display_control\",\n            \"params\": {\n                \"OS_version\": \"Mac\",\n                \"brightness\": 1\n            }\n        }\n    ]\n}\n"
[17:08:28.590]  [T:0xefcfd] D: [ operator() ] "[ GA4 ] OK            : GA4 event [display_control] sent successfully. Response: "
[17:08:28.976]  [T:0xefcfd] W: Layer-backing is always enabled.  QT_MAC_WANTS_LAYER/_q_mac_wantsLayer has no effect.
[17:08:28.992]  [T:0x2b39e] I: [ setVCPValue ] "Set VCP Name: Brightness => 0x10, VCP value: 0"
[17:08:28.992]  [T:0xefcfd] D: [VDMCustomSlider] updateUI OK, description = Brightness
[17:08:28.992]  [T:0xefcfd] D: [VDMCustomSlider] updateUI OK, description = Contrast
[17:08:28.992]  [T:0xefcfd] D: [VDMCustomSlider] updateUI OK, description = Sharpness
[17:08:28.993]  [T:0xefcfd] D: [VDMCustomSlider] updateUI OK, description = Blue Light Filter
[17:08:28.993]  [T:0xefcfd] D: [VDMCustomSlider] updateUI OK, description = Volume
[17:08:28.993]  [T:0xefcfd] W: [ getVCPValue ] No VCP value
[17:08:28.993]  [T:0xefcfd] W: [ getData ] Data type is wrong CDisplayDatabaseCommand::DisplayDatabaseElements::VCPValue QVariant(QVariantList, QList(QVariant(int, 0), QVariant(QString, "Color Temperature")))
[17:08:28.993]  [T:0xefcfd] W: [ getVCPValueByIndex ] Failed to get VCP value "Color Temperature" QVariant(int, 0)
[17:08:28.993]  [T:0xefcfd] W: [ VDMCustomComboBox.qml::_selfRectangle::updateUI() ], Get wrong vcp value, value is empty, description is: Color Temperature
[17:08:28.993]  [T:0xefcfd] W: [ getVCPValueByMonitorIndex ] No VCP value
[17:08:28.993]  [T:0xefcfd] W: [ getData ] Data type is wrong CDisplayDatabaseCommand::DisplayDatabaseElements::VCPValueByMonitorIndex QVariant(QVariantList, QList(QVariant(int, 0), QVariant(QString, "Color Temperature")))
[17:08:32.688]  [T:0x2b39e] I: [ setVCPValue ] "Set VCP Name: Video Signal Auto Detect => 0x33, VCP value: Off"
[17:08:32.688]  [T:0xefcfd] D: [VDMCustomSlider] updateUI OK, description = Brightness
[17:08:32.688]  [T:0xefcfd] D: [VDMCustomSlider] updateUI OK, description = Contrast
[17:08:32.688]  [T:0xefcfd] D: [VDMCustomSlider] updateUI OK, description = Sharpness
[17:08:32.688]  [T:0xefcfd] D: [VDMCustomSlider] updateUI OK, description = Blue Light Filter
[17:08:32.688]  [T:0xefcfd] D: [VDMCustomSlider] updateUI OK, description = Volume
[17:08:32.688]  [T:0xefcfd] W: [ getVCPValue ] No VCP value
[17:08:32.689]  [T:0xefcfd] W: [ getData ] Data type is wrong CDisplayDatabaseCommand::DisplayDatabaseElements::VCPValue QVariant(QVariantList, QList(QVariant(int, 0), QVariant(QString, "Color Temperature")))
[17:08:32.689]  [T:0xefcfd] W: [ getVCPValueByIndex ] Failed to get VCP value "Color Temperature" QVariant(int, 0)
[17:08:32.689]  [T:0xefcfd] W: [ VDMCustomComboBox.qml::_selfRectangle::updateUI() ], Get wrong vcp value, value is empty, description is: Color Temperature
[17:08:32.689]  [T:0xefcfd] W: [ getVCPValueByMonitorIndex ] No VCP value
[17:08:32.689]  [T:0xefcfd] W: [ getData ] Data type is wrong CDisplayDatabaseCommand::DisplayDatabaseElements::VCPValueByMonitorIndex QVariant(QVariantList, QList(QVariant(int, 0), QVariant(QString, "Color Temperature")))
[17:08:32.689]  [T:0xefcfd] D: [ convertToRegexPatternCommon ] "[ GA4 ] Error         : RegexCommon Validate FAIL - Invalid format: [Digital Video (TMDS) 3 HDMI 1]"
[17:08:32.689]  [T:0xefcfd] D: [ convertToRegexPatternCommon ] "[ GA4 ] Fix           : Remove unmatch characters - format: [DigitalVideoTMDS3HDMI1]"
[17:08:32.689]  [T:0xefcfd] D: [ logJsonToFile ] [ GA4 ] Measurement ID: "G-KKDK7WGP01"
[17:08:32.689]  [T:0xefcfd] D: [ logJsonToFile ] [ GA4 ] API Secret    : "fPUEw5twT0m0JCHyRiP-Ww"
[17:08:32.689]  [T:0xefcfd] D: [ logJsonToFile ] [ GA4 ] Client ID     : "a8f5bfa5e82d88c4bf84185325895f274176fd6acb3d68fc653edf7da4622463"
[17:08:32.689]  [T:0xefcfd] D: [ logJsonToFile ] [ GA4 ] Payload       :
: "{\n    \"client_id\": \"a8f5bfa5e82d88c4bf84185325895f274176fd6acb3d68fc653edf7da4622463\",\n    \"events\": [\n        {\n            \"name\": \"input_source\",\n            \"params\": {\n                \"OS_version\": \"Mac\",\n                \"auto_input_source\": \"off\",\n                \"manual_input_source\": \"DigitalVideoTMDS3HDMI1\"\n            }\n        }\n    ]\n}\n"
[17:08:32.717]  [T:0x9e833] W: stream 13 finished with error: "Connection closed"
[17:08:32.717]  [T:0xefcfd] D: [ operator() ] "[ GA4 ] ERROR         : GA4 event [input_source] failed. Error 2: Connection closed"
[17:08:53.126]  [T:0xefcfd] I: [ setAutoPivotThread ] AutoPivotWorkThread stopped
[17:08:53.126]  [T:0xefcfd] I: [ CleanOldLogs ] Clean logs
