===== System Information =====
Time: 2025-10-09T05:02:37.369
App: vDisplayManager
App Version: 3.2.0.1009
Qt Version: 6.5.3
OS: macOS 15.4
CPU Arch: arm64
Screen[0] Name: Built-in Retina Display
Screen[0] Size: 1800 x 1169 px
Screen[0] DPI: 72
Screen[0] Physical Size: 300.789mm x 195.346mm
Screen[1] Name: VG2748a
Screen[1] Size: 1920 x 1080 px
Screen[1] DPI: 72
Screen[1] Physical Size: 602.074mm x 338.667mm
==============================
[05:02:37.369]  [T:0x62fe9] I: [ initialize ] CAppRunningNotifier server is running
[05:02:37.370]  [T:0x62fe9] D: [LanguageManager] initSystemLanguage: loaded "en_US"
[05:02:37.781]  [T:0x62fe9] I: [ loadGoogleInterFonts ] [Font] Loaded: ":/Resources/fonts/Inter-Regular.ttf" -> families: "Inter"
[05:02:37.783]  [T:0x62fe9] I: [ loadGoogleInterFonts ] [Font] Loaded: ":/Resources/fonts/Inter-Medium.ttf" -> families: "Inter"
[05:02:37.784]  [T:0x62fe9] I: [ loadGoogleInterFonts ] [Font] Loaded: ":/Resources/fonts/Inter-SemiBold.ttf" -> families: "Inter"
[05:02:38.219]  [T:0x62fe9] I: [ CVsAiSensorManager ] VsAiSensor version: "1.0.8.0"
[05:02:38.240]  [T:0x62fe9] I: [ importConfig ] "userConfigPath:/Users/pmsd/Library/Application Support/vDisplay Manager"
[05:02:38.675]  [T:0x62fe9] I: [ init ] Initialize DisplayControl
[05:02:40.157]  [T:0x62fe9] D: modelName =  "VG2748a"
[05:02:40.430]  [T:0x62fe9] I: [ catchMonitors ] Monitor index:  1 / SN: "WTJ242500000" / Model Name: "VG2748a"
[05:02:40.431]  [T:0x62fe9] I: [ catchMonitors ] Monitor position: 1800 / Monitor position y: 0
[05:02:40.431]  [T:0x62fe9] I: [ catchMonitors ] Resolution is: 1920  *  1080
[05:02:40.431]  [T:0x62fe9] I: [ catchMonitors ] Firmware version is: "M001"
[05:02:41.886]  [T:0x62fe9] I: [ setVCPValue ] "Set VCP Name: Video Signal Auto Detect => 0x33, VCP value: On"
[05:02:41.886]  [T:0x62fe9] I: [ syncMonitorsAction ] Sync monitor:  "VG2748a"
[05:02:42.104]  [T:0x62fe9] I: [ getVCPValue ] VCP Description is  "Signal Source List" VCP value is  0
[05:02:42.421]  [T:0x62fe9] I: [ getVCPValue ] VCP Description is  "Battery Information" VCP value is  65535
[05:02:42.743]  [T:0x62fe9] I: [ getVCPValue ] VCP Description is  "Input Selection" VCP value is  17 VCP option name: "Digital Video (TMDS) 3 HDMI 1"
[05:02:43.065]  [T:0x62fe9] I: [ getVCPValue ] VCP Description is  "Advanced DCR" VCP value is  0 VCP option name: "Advanced DCR Off"
[05:02:43.387]  [T:0x62fe9] I: [ getVCPValue ] VCP Description is  "Power Indicator" VCP value is  2 VCP option name: "On"
[05:02:43.703]  [T:0x62fe9] I: [ getVCPValue ] VCP Description is  "Restore Factory Defaults" VCP value is  0
[05:02:44.025]  [T:0x62fe9] I: [ getVCPValue ] VCP Description is  "Sharpness" VCP value is  2
[05:02:44.348]  [T:0x62fe9] I: [ getVCPValue ] VCP Description is  "Video Signal Auto Detect" VCP value is  2 VCP option name: "On"
[05:02:44.672]  [T:0x62fe9] I: [ getVCPValue ] VCP Description is  "Contrast" VCP value is  70
[05:02:44.990]  [T:0x62fe9] I: [ getVCPValue ] VCP Description is  "Brightness" VCP value is  100
[05:02:45.309]  [T:0x62fe9] I: [ getVCPValue ] VCP Description is  "Volume" VCP value is  50
[05:02:45.630]  [T:0x62fe9] I: [ getVCPValue ] VCP Description is  "Blue Light Filter" VCP value is  0
[05:02:45.948]  [T:0x62fe9] I: [ getVCPValue ] VCP Description is  "Audio Mute" VCP value is  2 VCP option name: "Un-Mute the audio"
[05:02:46.266]  [T:0x62fe9] I: [ getVCPValue ] VCP Description is  "Display Application" VCP value is  0 VCP option name: "Off"
[05:02:46.368]  [T:0x62fe9] W: [ getData ] Failed to get data, data is empty CDisplayDatabaseCommand::DisplayDatabaseElements::AllMonitorVCPXORMap
[05:02:46.369]  [T:0x62fe9] W: [ getData ] Failed to get data, data is empty CDisplayDatabaseCommand::DisplayDatabaseElements::ALLMonitorVCPOptionMap
[05:02:46.369]  [T:0x62fe9] I: [ initializeAutoScreenPivot ] connectedMonitorSet:  QSet("VG2748a,WTJ242500000")
[05:02:46.369]  [T:0x62fe9] I: [ initializeAutoScreenPivot ] mAutoMonitorSet:  QSet()
[05:02:46.370]  [T:0x62fe9] I: [ operator() ] Register DisplayChangeEventHandler and set callback function
[05:02:46.370]  [T:0x62fe9] I: [ CMacWakeUpEventHandler ] Successful creation of WakeUp Event Handler
[05:02:46.371]  [T:0x62fe9] I: [ getValue ] No such key in JSON object:  std::vector("focused_attention", "enable")
[05:02:46.371]  [T:0x62fe9] I: [ setCConfigModule ] mEnableDetect from config: false
[05:02:46.372]  [T:0x62fe9] D: [ convertToRegexPatternAppVersion ] "[ GA4 ] Error         : RegexAppVerion Validate FAIL - Invalid format: [3.2.0.1009]"
[05:02:46.372]  [T:0x62fe9] D: [ convertToRegexPatternAppVersion ] "[ GA4 ] OK            : RegexAppVerion Validate OK: [v3.2.0.1009]"
[05:02:46.594]  [T:0x62fe9] I: [ getVCPValue ] VCP Description is  "Input Selection" VCP value is  17 VCP option name: "Digital Video (TMDS) 3 HDMI 1"
[05:02:46.595]  [T:0x62fe9] D: [ convertToRegexPatternCommon ] "[ GA4 ] Error         : RegexCommon Validate FAIL - Invalid format: [Digital Video (TMDS) 3 HDMI 1]"
[05:02:46.595]  [T:0x62fe9] D: [ convertToRegexPatternCommon ] "[ GA4 ] Fix           : Remove unmatch characters - format: [DigitalVideoTMDS3HDMI1]"
[05:02:46.596]  [T:0x62fe9] D: [ logJsonToFile ] [ GA4 ] Measurement ID: "G-KKDK7WGP01"
[05:02:46.596]  [T:0x62fe9] D: [ logJsonToFile ] [ GA4 ] API Secret    : "fPUEw5twT0m0JCHyRiP-Ww"
[05:02:46.596]  [T:0x62fe9] D: [ logJsonToFile ] [ GA4 ] Client ID     : "03a96d174f6610cbe0338e0b7c5baeb9fe6c9cbcfbc85027a2e8474f885ed1b1"
[05:02:46.596]  [T:0x62fe9] D: [ logJsonToFile ] [ GA4 ] Payload       :
: "{\n    \"client_id\": \"03a96d174f6610cbe0338e0b7c5baeb9fe6c9cbcfbc85027a2e8474f885ed1b1\",\n    \"events\": [\n        {\n            \"name\": \"app_open\",\n            \"params\": {\n                \"OS_version\": \"Mac\",\n                \"app_version\": \"v3.2.0.1009\",\n                \"connected_monitor\": \"VG2748a\",\n                \"video_port\": \"DigitalVideoTMDS3HDMI1\"\n            }\n        }\n    ]\n}\n"
[05:02:46.873]  [T:0x62fe9] D: [ logJsonToFile ] [ GA4 ] Measurement ID: "G-KKDK7WGP01"
[05:02:46.873]  [T:0x62fe9] D: [ logJsonToFile ] [ GA4 ] API Secret    : "fPUEw5twT0m0JCHyRiP-Ww"
[05:02:46.873]  [T:0x62fe9] D: [ logJsonToFile ] [ GA4 ] Client ID     : "03a96d174f6610cbe0338e0b7c5baeb9fe6c9cbcfbc85027a2e8474f885ed1b1"
[05:02:46.873]  [T:0x62fe9] D: [ logJsonToFile ] [ GA4 ] Payload       :
: "{\n    \"client_id\": \"03a96d174f6610cbe0338e0b7c5baeb9fe6c9cbcfbc85027a2e8474f885ed1b1\",\n    \"events\": [\n        {\n            \"name\": \"select_monitor\",\n            \"params\": {\n                \"OS_version\": \"Mac\",\n                \"monitor_model\": \"VG2748a\"\n            }\n        }\n    ]\n}\n"
[05:02:46.873]  [T:0x62fe9] D: [ convertToRegexPatternCommon ] "[ GA4 ] Error         : RegexCommon Validate FAIL - Invalid format: [Digital Video (TMDS) 3 HDMI 1]"
[05:02:46.873]  [T:0x62fe9] D: [ convertToRegexPatternCommon ] "[ GA4 ] Fix           : Remove unmatch characters - format: [DigitalVideoTMDS3HDMI1]"
[05:02:46.873]  [T:0x62fe9] D: [ logJsonToFile ] [ GA4 ] Measurement ID: "G-KKDK7WGP01"
[05:02:46.873]  [T:0x62fe9] D: [ logJsonToFile ] [ GA4 ] API Secret    : "fPUEw5twT0m0JCHyRiP-Ww"
[05:02:46.873]  [T:0x62fe9] D: [ logJsonToFile ] [ GA4 ] Client ID     : "03a96d174f6610cbe0338e0b7c5baeb9fe6c9cbcfbc85027a2e8474f885ed1b1"
[05:02:46.873]  [T:0x62fe9] D: [ logJsonToFile ] [ GA4 ] Payload       :
: "{\n    \"client_id\": \"03a96d174f6610cbe0338e0b7c5baeb9fe6c9cbcfbc85027a2e8474f885ed1b1\",\n    \"events\": [\n        {\n            \"name\": \"input_source\",\n            \"params\": {\n                \"OS_version\": \"Mac\",\n                \"auto_input_source\": \"on\",\n                \"manual_input_source\": \"DigitalVideoTMDS3HDMI1\"\n            }\n        }\n    ]\n}\n"
[05:02:46.873]  [T:0x62fe9] D: [ logJsonToFile ] [ GA4 ] Measurement ID: "G-KKDK7WGP01"
[05:02:46.873]  [T:0x62fe9] D: [ logJsonToFile ] [ GA4 ] API Secret    : "fPUEw5twT0m0JCHyRiP-Ww"
[05:02:46.873]  [T:0x62fe9] D: [ logJsonToFile ] [ GA4 ] Client ID     : "03a96d174f6610cbe0338e0b7c5baeb9fe6c9cbcfbc85027a2e8474f885ed1b1"
[05:02:46.873]  [T:0x62fe9] D: [ logJsonToFile ] [ GA4 ] Payload       :
: "{\n    \"client_id\": \"03a96d174f6610cbe0338e0b7c5baeb9fe6c9cbcfbc85027a2e8474f885ed1b1\",\n    \"events\": [\n        {\n            \"name\": \"screen_pivot\",\n            \"params\": {\n                \"OS_version\": \"Mac\",\n                \"auto_pivot\": \"off\"\n            }\n        }\n    ]\n}\n"
[05:02:46.874]  [T:0x62fe9] D: [ convertToRegexPatternCommon ] "[ GA4 ] Error         : RegexCommon Validate FAIL - Invalid format: [Off]"
[05:02:46.874]  [T:0x62fe9] D: [ convertToRegexPatternCommon ] "[ GA4 ] Fix           : Remove unmatch characters - format: [Off]"
[05:02:46.874]  [T:0x62fe9] D: [ logJsonToFile ] [ GA4 ] Measurement ID: "G-KKDK7WGP01"
[05:02:46.874]  [T:0x62fe9] D: [ logJsonToFile ] [ GA4 ] API Secret    : "fPUEw5twT0m0JCHyRiP-Ww"
[05:02:46.874]  [T:0x62fe9] D: [ logJsonToFile ] [ GA4 ] Client ID     : "03a96d174f6610cbe0338e0b7c5baeb9fe6c9cbcfbc85027a2e8474f885ed1b1"
[05:02:46.874]  [T:0x62fe9] D: [ logJsonToFile ] [ GA4 ] Payload       :
: "{\n    \"client_id\": \"03a96d174f6610cbe0338e0b7c5baeb9fe6c9cbcfbc85027a2e8474f885ed1b1\",\n    \"events\": [\n        {\n            \"name\": \"view_mode\",\n            \"params\": {\n                \"OS_version\": \"Mac\",\n                \"view_mode\": \"Off\"\n            }\n        }\n    ]\n}\n"
[05:02:47.343]  [T:0x62fe9] D: AppScale.scaleFactor: 1
[05:02:47.344]  [T:0x62fe9] D: AppScale.windowHeight: 787
[05:02:47.442]  [T:0x62fe9] W: Layer-backing is always enabled.  QT_MAC_WANTS_LAYER/_q_mac_wantsLayer has no effect.
[05:02:47.449]  [T:0x62fe9] D: intellgenceCondition: false
[05:02:47.449]  [T:0x62fe9] D: Width: 1000
[05:02:47.449]  [T:0x62fe9] D: Height: 787
[05:02:47.449]  [T:0x62fe9] D: Minimum Width: 1000
[05:02:47.449]  [T:0x62fe9] D: Minimum Height: 787
[05:02:47.449]  [T:0x62fe9] D: _mainApplicationWindow.x: 400
[05:02:47.449]  [T:0x62fe9] D: _mainApplicationWindow.y: 170
[05:02:47.453]  [T:0x62fe9] W: [ getVCPValue ] No VCP value
[05:02:47.453]  [T:0x62fe9] W: [ getData ] Data type is wrong CDisplayDatabaseCommand::DisplayDatabaseElements::VCPValue QVariant(QVariantList, QList(QVariant(int, 0), QVariant(QString, "Color Temperature")))
[05:02:47.453]  [T:0x62fe9] W: [ getVCPValueByIndex ] Failed to get VCP value "Color Temperature" QVariant(int, 0)
[05:02:47.453]  [T:0x62fe9] W: [ VDMCustomComboBox.qml::_selfRectangle::updateUI() ], Get wrong vcp value, value is empty, description is: Color Temperature
[05:02:47.453]  [T:0x62fe9] W: [ getVCPValueByMonitorIndex ] No VCP value
[05:02:47.453]  [T:0x62fe9] W: [ getData ] Data type is wrong CDisplayDatabaseCommand::DisplayDatabaseElements::VCPValueByMonitorIndex QVariant(QVariantList, QList(QVariant(int, 0), QVariant(QString, "Color Temperature")))
[05:02:47.644]  [T:0x62fe9] D: [VDMCustomSlider] updateUI OK, description = Brightness
[05:02:47.644]  [T:0x62fe9] D: [VDMCustomSlider] updateUI OK, description = Contrast
[05:02:47.644]  [T:0x62fe9] D: [VDMCustomSlider] updateUI OK, description = Sharpness
[05:02:47.645]  [T:0x62fe9] D: [VDMCustomSlider] updateUI OK, description = Blue Light Filter
[05:02:47.645]  [T:0x62fe9] D: [VDMCustomSlider] updateUI OK, description = Volume
[05:02:47.708]  [T:0x62fe9] D: [ operator() ] "[ GA4 ] OK            : GA4 event [screen_pivot] sent successfully. Response: "
[05:02:47.709]  [T:0x62fe9] D: [ operator() ] "[ GA4 ] OK            : GA4 event [view_mode] sent successfully. Response: "
[05:02:47.710]  [T:0x62fe9] D: [ operator() ] "[ GA4 ] OK            : GA4 event [input_source] sent successfully. Response: "
[05:02:47.711]  [T:0x62fe9] D: [ operator() ] "[ GA4 ] OK            : GA4 event [select_monitor] sent successfully. Response: "
[05:02:47.723]  [T:0x62fe9] D: [ operator() ] "[ GA4 ] OK            : GA4 event [app_open] sent successfully. Response: "
[05:02:47.771]  [T:0x2d733] I: [ setVCPValue ] "Set VCP Name: Video Signal Auto Detect => 0x33, VCP value: On"
[05:02:47.773]  [T:0x62fe9] D: [VDMCustomSlider] updateUI OK, description = Brightness
[05:02:47.774]  [T:0x62fe9] D: [VDMCustomSlider] updateUI OK, description = Contrast
[05:02:47.774]  [T:0x62fe9] D: [VDMCustomSlider] updateUI OK, description = Sharpness
[05:02:47.774]  [T:0x62fe9] D: [VDMCustomSlider] updateUI OK, description = Blue Light Filter
[05:02:47.774]  [T:0x62fe9] D: [VDMCustomSlider] updateUI OK, description = Volume
[05:02:47.774]  [T:0x62fe9] W: [ getVCPValue ] No VCP value
[05:02:47.774]  [T:0x62fe9] W: [ getData ] Data type is wrong CDisplayDatabaseCommand::DisplayDatabaseElements::VCPValue QVariant(QVariantList, QList(QVariant(int, 0), QVariant(QString, "Color Temperature")))
[05:02:47.774]  [T:0x62fe9] W: [ getVCPValueByIndex ] Failed to get VCP value "Color Temperature" QVariant(int, 0)
[05:02:47.774]  [T:0x62fe9] W: [ VDMCustomComboBox.qml::_selfRectangle::updateUI() ], Get wrong vcp value, value is empty, description is: Color Temperature
[05:02:47.774]  [T:0x62fe9] W: [ getVCPValueByMonitorIndex ] No VCP value
[05:02:47.774]  [T:0x62fe9] W: [ getData ] Data type is wrong CDisplayDatabaseCommand::DisplayDatabaseElements::VCPValueByMonitorIndex QVariant(QVariantList, QList(QVariant(int, 0), QVariant(QString, "Color Temperature")))
[05:02:48.037]  [T:0x62fe9] D: isSupportAIMode:false
[05:02:48.037]  [T:0x62fe9] D: isSupportAIMode:false
[05:03:10.250]  [T:0x62fe9] D: [ logJsonToFile ] [ GA4 ] Measurement ID: "G-KKDK7WGP01"
[05:03:10.251]  [T:0x62fe9] D: [ logJsonToFile ] [ GA4 ] API Secret    : "fPUEw5twT0m0JCHyRiP-Ww"
[05:03:10.251]  [T:0x62fe9] D: [ logJsonToFile ] [ GA4 ] Client ID     : "03a96d174f6610cbe0338e0b7c5baeb9fe6c9cbcfbc85027a2e8474f885ed1b1"
[05:03:10.251]  [T:0x62fe9] D: [ logJsonToFile ] [ GA4 ] Payload       :
: "{\n    \"client_id\": \"03a96d174f6610cbe0338e0b7c5baeb9fe6c9cbcfbc85027a2e8474f885ed1b1\",\n    \"events\": [\n        {\n            \"name\": \"display_control\",\n            \"params\": {\n                \"OS_version\": \"Mac\",\n                \"brightness\": 1\n            }\n        }\n    ]\n}\n"
[05:03:10.281]  [T:0x62fe9] D: [ operator() ] "[ GA4 ] OK            : GA4 event [display_control] sent successfully. Response: "
[05:03:10.675]  [T:0x2d733] I: [ setVCPValue ] "Set VCP Name: Brightness => 0x10, VCP value: 0"
[05:03:10.676]  [T:0x62fe9] D: [VDMCustomSlider] updateUI OK, description = Brightness
[05:03:10.676]  [T:0x62fe9] D: [VDMCustomSlider] updateUI OK, description = Contrast
[05:03:10.676]  [T:0x62fe9] D: [VDMCustomSlider] updateUI OK, description = Sharpness
[05:03:10.676]  [T:0x62fe9] D: [VDMCustomSlider] updateUI OK, description = Blue Light Filter
[05:03:10.676]  [T:0x62fe9] D: [VDMCustomSlider] updateUI OK, description = Volume
[05:03:10.676]  [T:0x62fe9] W: [ getVCPValue ] No VCP value
[05:03:10.676]  [T:0x62fe9] W: [ getData ] Data type is wrong CDisplayDatabaseCommand::DisplayDatabaseElements::VCPValue QVariant(QVariantList, QList(QVariant(int, 0), QVariant(QString, "Color Temperature")))
[05:03:10.676]  [T:0x62fe9] W: [ getVCPValueByIndex ] Failed to get VCP value "Color Temperature" QVariant(int, 0)
[05:03:10.676]  [T:0x62fe9] W: [ VDMCustomComboBox.qml::_selfRectangle::updateUI() ], Get wrong vcp value, value is empty, description is: Color Temperature
[05:03:10.676]  [T:0x62fe9] W: [ getVCPValueByMonitorIndex ] No VCP value
[05:03:10.676]  [T:0x62fe9] W: [ getData ] Data type is wrong CDisplayDatabaseCommand::DisplayDatabaseElements::VCPValueByMonitorIndex QVariant(QVariantList, QList(QVariant(int, 0), QVariant(QString, "Color Temperature")))
[05:04:01.042]  [T:0x62fe9] D: [ logJsonToFile ] [ GA4 ] Measurement ID: "G-KKDK7WGP01"
[05:04:01.043]  [T:0x62fe9] D: [ logJsonToFile ] [ GA4 ] API Secret    : "fPUEw5twT0m0JCHyRiP-Ww"
[05:04:01.043]  [T:0x62fe9] D: [ logJsonToFile ] [ GA4 ] Client ID     : "03a96d174f6610cbe0338e0b7c5baeb9fe6c9cbcfbc85027a2e8474f885ed1b1"
[05:04:01.043]  [T:0x62fe9] D: [ logJsonToFile ] [ GA4 ] Payload       :
: "{\n    \"client_id\": \"03a96d174f6610cbe0338e0b7c5baeb9fe6c9cbcfbc85027a2e8474f885ed1b1\",\n    \"events\": [\n        {\n            \"name\": \"display_control\",\n            \"params\": {\n                \"OS_version\": \"Mac\",\n                \"brightness\": 1\n            }\n        }\n    ]\n}\n"
[05:04:01.063]  [T:0x62fe9] D: [ operator() ] "[ GA4 ] OK            : GA4 event [display_control] sent successfully. Response: "
[05:04:01.465]  [T:0xc2ef7] I: [ setVCPValue ] "Set VCP Name: Brightness => 0x10, VCP value: 100"
[05:04:01.466]  [T:0x62fe9] D: [VDMCustomSlider] updateUI OK, description = Brightness
[05:04:01.466]  [T:0x62fe9] D: [VDMCustomSlider] updateUI OK, description = Contrast
[05:04:01.466]  [T:0x62fe9] D: [VDMCustomSlider] updateUI OK, description = Sharpness
[05:04:01.466]  [T:0x62fe9] D: [VDMCustomSlider] updateUI OK, description = Blue Light Filter
[05:04:01.466]  [T:0x62fe9] D: [VDMCustomSlider] updateUI OK, description = Volume
[05:04:01.466]  [T:0x62fe9] W: [ getVCPValue ] No VCP value
[05:04:01.466]  [T:0x62fe9] W: [ getData ] Data type is wrong CDisplayDatabaseCommand::DisplayDatabaseElements::VCPValue QVariant(QVariantList, QList(QVariant(int, 0), QVariant(QString, "Color Temperature")))
[05:04:01.466]  [T:0x62fe9] W: [ getVCPValueByIndex ] Failed to get VCP value "Color Temperature" QVariant(int, 0)
[05:04:01.466]  [T:0x62fe9] W: [ VDMCustomComboBox.qml::_selfRectangle::updateUI() ], Get wrong vcp value, value is empty, description is: Color Temperature
[05:04:01.466]  [T:0x62fe9] W: [ getVCPValueByMonitorIndex ] No VCP value
[05:04:01.466]  [T:0x62fe9] W: [ getData ] Data type is wrong CDisplayDatabaseCommand::DisplayDatabaseElements::VCPValueByMonitorIndex QVariant(QVariantList, QList(QVariant(int, 0), QVariant(QString, "Color Temperature")))
[05:04:44.977]  [T:0x62fe9] I: [ setAutoPivotThread ] AutoPivotWorkThread stopped
[05:04:44.978]  [T:0x62fe9] I: [ CleanOldLogs ] Clean logs
