===== System Information =====
Time: 2025-10-03T09:49:19.252
App: vDisplayManager
App Version: 3.2.0.1003
Qt Version: 6.5.3
OS: macOS 15.4
CPU Arch: arm64
Screen[0] Name: Built-in Retina Display
Screen[0] Size: 1800 x 1169 px
Screen[0] DPI: 72
Screen[0] Physical Size: 300.789mm x 195.346mm
Screen[1] Name: VG245
Screen[1] Size: 1920 x 1080 px
Screen[1] DPI: 72
Screen[1] Physical Size: 530.087mm x 301.451mm
==============================
[09:49:19.252]  [T:0x62fe9] I: [ initialize ] CAppRunningNotifier server is running
[09:49:19.253]  [T:0x62fe9] D: [LanguageManager] initSystemLanguage: loaded "en_US"
[09:49:19.669]  [T:0x62fe9] I: [ loadGoogleInterFonts ] [Font] Loaded: ":/Resources/fonts/Inter-Regular.ttf" -> families: "Inter"
[09:49:19.671]  [T:0x62fe9] I: [ loadGoogleInterFonts ] [Font] Loaded: ":/Resources/fonts/Inter-Medium.ttf" -> families: "Inter"
[09:49:19.673]  [T:0x62fe9] I: [ loadGoogleInterFonts ] [Font] Loaded: ":/Resources/fonts/Inter-SemiBold.ttf" -> families: "Inter"
[09:49:20.082]  [T:0x62fe9] I: [ CVsAiSensorManager ] VsAiSensor version: "1.0.8.0"
[09:49:20.104]  [T:0x62fe9] I: [ importConfig ] "userConfigPath:/Users/pmsd/Library/Application Support/vDisplay Manager"
[09:49:20.537]  [T:0x62fe9] I: [ init ] Initialize DisplayControl
[09:49:21.258]  [T:0x62fe9] D: modelName =  "VG245"
[09:49:21.529]  [T:0x62fe9] I: [ catchMonitors ] Monitor index:  1 / SN: "XF5241421067" / Model Name: "VG245"
[09:49:21.529]  [T:0x62fe9] I: [ catchMonitors ] Monitor position: 1800 / Monitor position y: 0
[09:49:21.530]  [T:0x62fe9] I: [ catchMonitors ] Resolution is: 1920  *  1080
[09:49:21.530]  [T:0x62fe9] I: [ catchMonitors ] Firmware version is: "M001"
[09:49:22.989]  [T:0x62fe9] I: [ setVCPValue ] "Set VCP Name: Video Signal Auto Detect => 0x33, VCP value: On"
[09:49:22.990]  [T:0x62fe9] I: [ syncMonitorsAction ] Sync monitor:  "VG245"
[09:49:23.209]  [T:0x62fe9] I: [ getVCPValue ] VCP Description is  "Sharpness" VCP value is  2
[09:49:23.528]  [T:0x62fe9] I: [ getVCPValue ] VCP Description is  "Power Indicator" VCP value is  2 VCP option name: "On"
[09:49:23.852]  [T:0x62fe9] I: [ getVCPValue ] VCP Description is  "Blue Light Filter" VCP value is  0
[09:49:24.172]  [T:0x62fe9] I: [ getVCPValue ] VCP Description is  "Audio Mute" VCP value is  2 VCP option name: "Un-Mute the audio"
[09:49:24.489]  [T:0x62fe9] I: [ getVCPValue ] VCP Description is  "Signal Source List" VCP value is  0
[09:49:24.811]  [T:0x62fe9] I: [ getVCPValue ] VCP Description is  "Brightness" VCP value is  100
[09:49:25.131]  [T:0x62fe9] I: [ getVCPValue ] VCP Description is  "Advanced DCR" VCP value is  0 VCP option name: "Advanced DCR Off"
[09:49:25.451]  [T:0x62fe9] I: [ getVCPValue ] VCP Description is  "Restore Factory Defaults" VCP value is  0
[09:49:25.768]  [T:0x62fe9] I: [ getVCPValue ] VCP Description is  "Volume" VCP value is  70
[09:49:26.092]  [T:0x62fe9] I: [ getVCPValue ] VCP Description is  "Display Application" VCP value is  0 VCP option name: "Off"
[09:49:26.407]  [T:0x62fe9] I: [ getVCPValue ] VCP Description is  "Video Signal Auto Detect" VCP value is  2 VCP option name: "On"
[09:49:26.728]  [T:0x62fe9] I: [ getVCPValue ] VCP Description is  "Input Selection" VCP value is  23 VCP option name: "Type C 1"
[09:49:27.047]  [T:0x62fe9] I: [ getVCPValue ] VCP Description is  "Battery Information" VCP value is  65535
[09:49:27.365]  [T:0x62fe9] I: [ getVCPValue ] VCP Description is  "Contrast" VCP value is  70
[09:49:27.467]  [T:0x62fe9] W: [ getData ] Failed to get data, data is empty CDisplayDatabaseCommand::DisplayDatabaseElements::AllMonitorVCPXORMap
[09:49:27.467]  [T:0x62fe9] W: [ getData ] Failed to get data, data is empty CDisplayDatabaseCommand::DisplayDatabaseElements::ALLMonitorVCPOptionMap
[09:49:27.467]  [T:0x62fe9] I: [ initializeAutoScreenPivot ] connectedMonitorSet:  QSet("VG245,XF5241421067")
[09:49:27.467]  [T:0x62fe9] I: [ initializeAutoScreenPivot ] mAutoMonitorSet:  QSet()
[09:49:27.467]  [T:0x62fe9] I: [ operator() ] Register DisplayChangeEventHandler and set callback function
[09:49:27.467]  [T:0x62fe9] I: [ CMacWakeUpEventHandler ] Successful creation of WakeUp Event Handler
[09:49:27.468]  [T:0x62fe9] I: [ getValue ] No such key in JSON object:  std::vector("focused_attention", "enable")
[09:49:27.469]  [T:0x62fe9] I: [ setCConfigModule ] mEnableDetect from config: false
[09:49:27.469]  [T:0x62fe9] D: [ convertToRegexPatternAppVersion ] "[ GA4 ] Error         : RegexAppVerion Validate FAIL - Invalid format: [3.2.0.1003]"
[09:49:27.469]  [T:0x62fe9] D: [ convertToRegexPatternAppVersion ] "[ GA4 ] OK            : RegexAppVerion Validate OK: [v3.2.0.1003]"
[09:49:27.687]  [T:0x62fe9] I: [ getVCPValue ] VCP Description is  "Input Selection" VCP value is  23 VCP option name: "Type C 1"
[09:49:27.687]  [T:0x62fe9] D: [ convertToRegexPatternCommon ] "[ GA4 ] Error         : RegexCommon Validate FAIL - Invalid format: [Type C 1]"
[09:49:27.688]  [T:0x62fe9] D: [ convertToRegexPatternCommon ] "[ GA4 ] Fix           : Remove unmatch characters - format: [TypeC1]"
[09:49:27.688]  [T:0x62fe9] D: [ logJsonToFile ] [ GA4 ] Measurement ID: "G-KKDK7WGP01"
[09:49:27.688]  [T:0x62fe9] D: [ logJsonToFile ] [ GA4 ] API Secret    : "fPUEw5twT0m0JCHyRiP-Ww"
[09:49:27.689]  [T:0x62fe9] D: [ logJsonToFile ] [ GA4 ] Client ID     : "03a96d174f6610cbe0338e0b7c5baeb9fe6c9cbcfbc85027a2e8474f885ed1b1"
[09:49:27.689]  [T:0x62fe9] D: [ logJsonToFile ] [ GA4 ] Payload       :
: "{\n    \"client_id\": \"03a96d174f6610cbe0338e0b7c5baeb9fe6c9cbcfbc85027a2e8474f885ed1b1\",\n    \"events\": [\n        {\n            \"name\": \"app_open\",\n            \"params\": {\n                \"OS_version\": \"Mac\",\n                \"app_version\": \"v3.2.0.1003\",\n                \"connected_monitor\": \"VG245\",\n                \"video_port\": \"TypeC1\"\n            }\n        }\n    ]\n}\n"
[09:49:27.953]  [T:0x62fe9] D: [ logJsonToFile ] [ GA4 ] Measurement ID: "G-KKDK7WGP01"
[09:49:27.953]  [T:0x62fe9] D: [ logJsonToFile ] [ GA4 ] API Secret    : "fPUEw5twT0m0JCHyRiP-Ww"
[09:49:27.953]  [T:0x62fe9] D: [ logJsonToFile ] [ GA4 ] Client ID     : "03a96d174f6610cbe0338e0b7c5baeb9fe6c9cbcfbc85027a2e8474f885ed1b1"
[09:49:27.954]  [T:0x62fe9] D: [ logJsonToFile ] [ GA4 ] Payload       :
: "{\n    \"client_id\": \"03a96d174f6610cbe0338e0b7c5baeb9fe6c9cbcfbc85027a2e8474f885ed1b1\",\n    \"events\": [\n        {\n            \"name\": \"select_monitor\",\n            \"params\": {\n                \"OS_version\": \"Mac\",\n                \"monitor_model\": \"VG245\"\n            }\n        }\n    ]\n}\n"
[09:49:27.954]  [T:0x62fe9] D: [ convertToRegexPatternCommon ] "[ GA4 ] Error         : RegexCommon Validate FAIL - Invalid format: [Type C 1]"
[09:49:27.954]  [T:0x62fe9] D: [ convertToRegexPatternCommon ] "[ GA4 ] Fix           : Remove unmatch characters - format: [TypeC1]"
[09:49:27.954]  [T:0x62fe9] D: [ logJsonToFile ] [ GA4 ] Measurement ID: "G-KKDK7WGP01"
[09:49:27.954]  [T:0x62fe9] D: [ logJsonToFile ] [ GA4 ] API Secret    : "fPUEw5twT0m0JCHyRiP-Ww"
[09:49:27.954]  [T:0x62fe9] D: [ logJsonToFile ] [ GA4 ] Client ID     : "03a96d174f6610cbe0338e0b7c5baeb9fe6c9cbcfbc85027a2e8474f885ed1b1"
[09:49:27.954]  [T:0x62fe9] D: [ logJsonToFile ] [ GA4 ] Payload       :
: "{\n    \"client_id\": \"03a96d174f6610cbe0338e0b7c5baeb9fe6c9cbcfbc85027a2e8474f885ed1b1\",\n    \"events\": [\n        {\n            \"name\": \"input_source\",\n            \"params\": {\n                \"OS_version\": \"Mac\",\n                \"auto_input_source\": \"on\",\n                \"manual_input_source\": \"TypeC1\"\n            }\n        }\n    ]\n}\n"
[09:49:27.954]  [T:0x62fe9] D: [ logJsonToFile ] [ GA4 ] Measurement ID: "G-KKDK7WGP01"
[09:49:27.954]  [T:0x62fe9] D: [ logJsonToFile ] [ GA4 ] API Secret    : "fPUEw5twT0m0JCHyRiP-Ww"
[09:49:27.954]  [T:0x62fe9] D: [ logJsonToFile ] [ GA4 ] Client ID     : "03a96d174f6610cbe0338e0b7c5baeb9fe6c9cbcfbc85027a2e8474f885ed1b1"
[09:49:27.954]  [T:0x62fe9] D: [ logJsonToFile ] [ GA4 ] Payload       :
: "{\n    \"client_id\": \"03a96d174f6610cbe0338e0b7c5baeb9fe6c9cbcfbc85027a2e8474f885ed1b1\",\n    \"events\": [\n        {\n            \"name\": \"screen_pivot\",\n            \"params\": {\n                \"OS_version\": \"Mac\",\n                \"auto_pivot\": \"off\"\n            }\n        }\n    ]\n}\n"
[09:49:27.954]  [T:0x62fe9] D: [ convertToRegexPatternCommon ] "[ GA4 ] Error         : RegexCommon Validate FAIL - Invalid format: [Off]"
[09:49:27.954]  [T:0x62fe9] D: [ convertToRegexPatternCommon ] "[ GA4 ] Fix           : Remove unmatch characters - format: [Off]"
[09:49:27.954]  [T:0x62fe9] D: [ logJsonToFile ] [ GA4 ] Measurement ID: "G-KKDK7WGP01"
[09:49:27.954]  [T:0x62fe9] D: [ logJsonToFile ] [ GA4 ] API Secret    : "fPUEw5twT0m0JCHyRiP-Ww"
[09:49:27.954]  [T:0x62fe9] D: [ logJsonToFile ] [ GA4 ] Client ID     : "03a96d174f6610cbe0338e0b7c5baeb9fe6c9cbcfbc85027a2e8474f885ed1b1"
[09:49:27.954]  [T:0x62fe9] D: [ logJsonToFile ] [ GA4 ] Payload       :
: "{\n    \"client_id\": \"03a96d174f6610cbe0338e0b7c5baeb9fe6c9cbcfbc85027a2e8474f885ed1b1\",\n    \"events\": [\n        {\n            \"name\": \"view_mode\",\n            \"params\": {\n                \"OS_version\": \"Mac\",\n                \"view_mode\": \"Off\"\n            }\n        }\n    ]\n}\n"
[09:49:28.449]  [T:0x62fe9] D: AppScale.scaleFactor: 1
[09:49:28.449]  [T:0x62fe9] D: AppScale.windowHeight: 787
[09:49:28.540]  [T:0x62fe9] W: Layer-backing is always enabled.  QT_MAC_WANTS_LAYER/_q_mac_wantsLayer has no effect.
[09:49:28.545]  [T:0x62fe9] D: intellgenceCondition: false
[09:49:28.546]  [T:0x62fe9] D: Width: 1000
[09:49:28.546]  [T:0x62fe9] D: Height: 787
[09:49:28.546]  [T:0x62fe9] D: Minimum Width: 1000
[09:49:28.546]  [T:0x62fe9] D: Minimum Height: 787
[09:49:28.546]  [T:0x62fe9] D: _mainApplicationWindow.x: 400
[09:49:28.546]  [T:0x62fe9] D: _mainApplicationWindow.y: 170
[09:49:28.550]  [T:0x62fe9] W: [ getVCPValue ] No VCP value
[09:49:28.550]  [T:0x62fe9] W: [ getData ] Data type is wrong CDisplayDatabaseCommand::DisplayDatabaseElements::VCPValue QVariant(QVariantList, QList(QVariant(int, 0), QVariant(QString, "Color Temperature")))
[09:49:28.550]  [T:0x62fe9] W: [ getVCPValueByIndex ] Failed to get VCP value "Color Temperature" QVariant(int, 0)
[09:49:28.550]  [T:0x62fe9] W: [ VDMCustomComboBox.qml::_selfRectangle::updateUI() ], Get wrong vcp value, value is empty, description is: Color Temperature
[09:49:28.550]  [T:0x62fe9] W: [ getVCPValueByMonitorIndex ] No VCP value
[09:49:28.550]  [T:0x62fe9] W: [ getData ] Data type is wrong CDisplayDatabaseCommand::DisplayDatabaseElements::VCPValueByMonitorIndex QVariant(QVariantList, QList(QVariant(int, 0), QVariant(QString, "Color Temperature")))
[09:49:28.679]  [T:0x62fe9] D: [VDMCustomSlider] updateUI OK, description = Brightness
[09:49:28.680]  [T:0x62fe9] D: [VDMCustomSlider] updateUI OK, description = Contrast
[09:49:28.680]  [T:0x62fe9] D: [VDMCustomSlider] updateUI OK, description = Sharpness
[09:49:28.680]  [T:0x62fe9] D: [VDMCustomSlider] updateUI OK, description = Blue Light Filter
[09:49:28.680]  [T:0x62fe9] D: [VDMCustomSlider] updateUI OK, description = Volume
[09:49:28.788]  [T:0x62fe9] D: [ operator() ] "[ GA4 ] OK            : GA4 event [select_monitor] sent successfully. Response: "
[09:49:28.788]  [T:0x62fe9] D: [ operator() ] "[ GA4 ] OK            : GA4 event [view_mode] sent successfully. Response: "
[09:49:28.789]  [T:0x62fe9] D: [ operator() ] "[ GA4 ] OK            : GA4 event [input_source] sent successfully. Response: "
[09:49:28.789]  [T:0x62fe9] D: [ operator() ] "[ GA4 ] OK            : GA4 event [screen_pivot] sent successfully. Response: "
[09:49:28.807]  [T:0x62fe9] D: [ operator() ] "[ GA4 ] OK            : GA4 event [app_open] sent successfully. Response: "
[09:49:28.865]  [T:0x0fc8d] I: [ setVCPValue ] "Set VCP Name: Video Signal Auto Detect => 0x33, VCP value: On"
[09:49:28.865]  [T:0x62fe9] D: [VDMCustomSlider] updateUI OK, description = Brightness
[09:49:28.865]  [T:0x62fe9] D: [VDMCustomSlider] updateUI OK, description = Contrast
[09:49:28.865]  [T:0x62fe9] D: [VDMCustomSlider] updateUI OK, description = Sharpness
[09:49:28.865]  [T:0x62fe9] D: [VDMCustomSlider] updateUI OK, description = Blue Light Filter
[09:49:28.865]  [T:0x62fe9] D: [VDMCustomSlider] updateUI OK, description = Volume
[09:49:28.865]  [T:0x62fe9] W: [ getVCPValue ] No VCP value
[09:49:28.865]  [T:0x62fe9] W: [ getData ] Data type is wrong CDisplayDatabaseCommand::DisplayDatabaseElements::VCPValue QVariant(QVariantList, QList(QVariant(int, 0), QVariant(QString, "Color Temperature")))
[09:49:28.865]  [T:0x62fe9] W: [ getVCPValueByIndex ] Failed to get VCP value "Color Temperature" QVariant(int, 0)
[09:49:28.865]  [T:0x62fe9] W: [ VDMCustomComboBox.qml::_selfRectangle::updateUI() ], Get wrong vcp value, value is empty, description is: Color Temperature
[09:49:28.865]  [T:0x62fe9] W: [ getVCPValueByMonitorIndex ] No VCP value
[09:49:28.865]  [T:0x62fe9] W: [ getData ] Data type is wrong CDisplayDatabaseCommand::DisplayDatabaseElements::VCPValueByMonitorIndex QVariant(QVariantList, QList(QVariant(int, 0), QVariant(QString, "Color Temperature")))
[09:49:29.134]  [T:0x62fe9] D: isSupportAIMode:false
[09:49:29.134]  [T:0x62fe9] D: isSupportAIMode:false
[09:49:52.167]  [T:0x62fe9] D: [ logJsonToFile ] [ GA4 ] Measurement ID: "G-KKDK7WGP01"
[09:49:52.167]  [T:0x62fe9] D: [ logJsonToFile ] [ GA4 ] API Secret    : "fPUEw5twT0m0JCHyRiP-Ww"
[09:49:52.167]  [T:0x62fe9] D: [ logJsonToFile ] [ GA4 ] Client ID     : "03a96d174f6610cbe0338e0b7c5baeb9fe6c9cbcfbc85027a2e8474f885ed1b1"
[09:49:52.167]  [T:0x62fe9] D: [ logJsonToFile ] [ GA4 ] Payload       :
: "{\n    \"client_id\": \"03a96d174f6610cbe0338e0b7c5baeb9fe6c9cbcfbc85027a2e8474f885ed1b1\",\n    \"events\": [\n        {\n            \"name\": \"display_control\",\n            \"params\": {\n                \"OS_version\": \"Mac\",\n                \"brightness\": 1\n            }\n        }\n    ]\n}\n"
[09:49:52.194]  [T:0x62fe9] D: [ operator() ] "[ GA4 ] OK            : GA4 event [display_control] sent successfully. Response: "
[09:49:52.592]  [T:0x0fc8d] I: [ setVCPValue ] "Set VCP Name: Brightness => 0x10, VCP value: 0"
[09:49:52.592]  [T:0x62fe9] D: [VDMCustomSlider] updateUI OK, description = Brightness
[09:49:52.593]  [T:0x62fe9] D: [VDMCustomSlider] updateUI OK, description = Contrast
[09:49:52.593]  [T:0x62fe9] D: [VDMCustomSlider] updateUI OK, description = Sharpness
[09:49:52.593]  [T:0x62fe9] D: [VDMCustomSlider] updateUI OK, description = Blue Light Filter
[09:49:52.593]  [T:0x62fe9] D: [VDMCustomSlider] updateUI OK, description = Volume
[09:49:52.593]  [T:0x62fe9] W: [ getVCPValue ] No VCP value
[09:49:52.593]  [T:0x62fe9] W: [ getData ] Data type is wrong CDisplayDatabaseCommand::DisplayDatabaseElements::VCPValue QVariant(QVariantList, QList(QVariant(int, 0), QVariant(QString, "Color Temperature")))
[09:49:52.593]  [T:0x62fe9] W: [ getVCPValueByIndex ] Failed to get VCP value "Color Temperature" QVariant(int, 0)
[09:49:52.593]  [T:0x62fe9] W: [ VDMCustomComboBox.qml::_selfRectangle::updateUI() ], Get wrong vcp value, value is empty, description is: Color Temperature
[09:49:52.593]  [T:0x62fe9] W: [ getVCPValueByMonitorIndex ] No VCP value
[09:49:52.593]  [T:0x62fe9] W: [ getData ] Data type is wrong CDisplayDatabaseCommand::DisplayDatabaseElements::VCPValueByMonitorIndex QVariant(QVariantList, QList(QVariant(int, 0), QVariant(QString, "Color Temperature")))
[09:50:42.854]  [T:0x62fe9] D: [ logJsonToFile ] [ GA4 ] Measurement ID: "G-KKDK7WGP01"
[09:50:42.854]  [T:0x62fe9] D: [ logJsonToFile ] [ GA4 ] API Secret    : "fPUEw5twT0m0JCHyRiP-Ww"
[09:50:42.854]  [T:0x62fe9] D: [ logJsonToFile ] [ GA4 ] Client ID     : "03a96d174f6610cbe0338e0b7c5baeb9fe6c9cbcfbc85027a2e8474f885ed1b1"
[09:50:42.854]  [T:0x62fe9] D: [ logJsonToFile ] [ GA4 ] Payload       :
: "{\n    \"client_id\": \"03a96d174f6610cbe0338e0b7c5baeb9fe6c9cbcfbc85027a2e8474f885ed1b1\",\n    \"events\": [\n        {\n            \"name\": \"display_control\",\n            \"params\": {\n                \"OS_version\": \"Mac\",\n                \"brightness\": 1\n            }\n        }\n    ]\n}\n"
[09:50:42.912]  [T:0x62fe9] D: [ operator() ] "[ GA4 ] OK            : GA4 event [display_control] sent successfully. Response: "
[09:50:43.275]  [T:0x812a9] I: [ setVCPValue ] "Set VCP Name: Brightness => 0x10, VCP value: 100"
[09:50:43.276]  [T:0x62fe9] D: [VDMCustomSlider] updateUI OK, description = Brightness
[09:50:43.276]  [T:0x62fe9] D: [VDMCustomSlider] updateUI OK, description = Contrast
[09:50:43.276]  [T:0x62fe9] D: [VDMCustomSlider] updateUI OK, description = Sharpness
[09:50:43.276]  [T:0x62fe9] D: [VDMCustomSlider] updateUI OK, description = Blue Light Filter
[09:50:43.276]  [T:0x62fe9] D: [VDMCustomSlider] updateUI OK, description = Volume
[09:50:43.276]  [T:0x62fe9] W: [ getVCPValue ] No VCP value
[09:50:43.276]  [T:0x62fe9] W: [ getData ] Data type is wrong CDisplayDatabaseCommand::DisplayDatabaseElements::VCPValue QVariant(QVariantList, QList(QVariant(int, 0), QVariant(QString, "Color Temperature")))
[09:50:43.276]  [T:0x62fe9] W: [ getVCPValueByIndex ] Failed to get VCP value "Color Temperature" QVariant(int, 0)
[09:50:43.276]  [T:0x62fe9] W: [ VDMCustomComboBox.qml::_selfRectangle::updateUI() ], Get wrong vcp value, value is empty, description is: Color Temperature
[09:50:43.276]  [T:0x62fe9] W: [ getVCPValueByMonitorIndex ] No VCP value
[09:50:43.276]  [T:0x62fe9] W: [ getData ] Data type is wrong CDisplayDatabaseCommand::DisplayDatabaseElements::VCPValueByMonitorIndex QVariant(QVariantList, QList(QVariant(int, 0), QVariant(QString, "Color Temperature")))
[09:51:26.839]  [T:0x62fe9] I: [ setAutoPivotThread ] AutoPivotWorkThread stopped
[09:51:26.840]  [T:0x62fe9] I: [ CleanOldLogs ] Clean logs
