===== System Information =====
Time: 2025-10-06T15:08:00.874
App: vDisplayManager
App Version: 3.2.0.1006
Qt Version: 6.5.3
OS: macOS 15.4
CPU Arch: arm64
Screen[0] Name: Built-in Retina Display
Screen[0] Size: 1800 x 1169 px
Screen[0] DPI: 72
Screen[0] Physical Size: 300.789mm x 195.346mm
Screen[1] Name: VG2748a
Screen[1] Size: 1920 x 1080 px
Screen[1] DPI: 72
Screen[1] Physical Size: 602.074mm x 338.667mm
==============================
[15:08:00.874]  [T:0x62fe9] I: [ initialize ] CAppRunningNotifier server is running
[15:08:00.875]  [T:0x62fe9] D: [LanguageManager] initSystemLanguage: loaded "en_US"
[15:08:01.288]  [T:0x62fe9] I: [ loadGoogleInterFonts ] [Font] Loaded: ":/Resources/fonts/Inter-Regular.ttf" -> families: "Inter"
[15:08:01.289]  [T:0x62fe9] I: [ loadGoogleInterFonts ] [Font] Loaded: ":/Resources/fonts/Inter-Medium.ttf" -> families: "Inter"
[15:08:01.291]  [T:0x62fe9] I: [ loadGoogleInterFonts ] [Font] Loaded: ":/Resources/fonts/Inter-SemiBold.ttf" -> families: "Inter"
[15:08:01.726]  [T:0x62fe9] I: [ CVsAiSensorManager ] VsAiSensor version: "1.0.8.0"
[15:08:01.742]  [T:0x62fe9] I: [ importConfig ] "userConfigPath:/Users/pmsd/Library/Application Support/vDisplay Manager"
[15:08:02.180]  [T:0x62fe9] I: [ init ] Initialize DisplayControl
[15:08:03.660]  [T:0x62fe9] D: modelName =  "VG2748a"
[15:08:03.927]  [T:0x62fe9] I: [ catchMonitors ] Monitor index:  1 / SN: "WTJ242500000" / Model Name: "VG2748a"
[15:08:03.927]  [T:0x62fe9] I: [ catchMonitors ] Monitor position: 1800 / Monitor position y: 0
[15:08:03.928]  [T:0x62fe9] I: [ catchMonitors ] Resolution is: 1920  *  1080
[15:08:03.928]  [T:0x62fe9] I: [ catchMonitors ] Firmware version is: "M001"
[15:08:05.375]  [T:0x62fe9] I: [ setVCPValue ] "Set VCP Name: Video Signal Auto Detect => 0x33, VCP value: On"
[15:08:05.376]  [T:0x62fe9] I: [ syncMonitorsAction ] Sync monitor:  "VG2748a"
[15:08:05.597]  [T:0x62fe9] I: [ getVCPValue ] VCP Description is  "Video Signal Auto Detect" VCP value is  2 VCP option name: "On"
[15:08:05.914]  [T:0x62fe9] I: [ getVCPValue ] VCP Description is  "Battery Information" VCP value is  65535
[15:08:06.233]  [T:0x62fe9] I: [ getVCPValue ] VCP Description is  "Display Application" VCP value is  0 VCP option name: "Off"
[15:08:06.550]  [T:0x62fe9] I: [ getVCPValue ] VCP Description is  "Power Indicator" VCP value is  2 VCP option name: "On"
[15:08:06.871]  [T:0x62fe9] I: [ getVCPValue ] VCP Description is  "Restore Factory Defaults" VCP value is  0
[15:08:07.184]  [T:0x62fe9] I: [ getVCPValue ] VCP Description is  "Brightness" VCP value is  100
[15:08:07.503]  [T:0x62fe9] I: [ getVCPValue ] VCP Description is  "Volume" VCP value is  50
[15:08:07.821]  [T:0x62fe9] I: [ getVCPValue ] VCP Description is  "Audio Mute" VCP value is  2 VCP option name: "Un-Mute the audio"
[15:08:08.142]  [T:0x62fe9] I: [ getVCPValue ] VCP Description is  "Input Selection" VCP value is  17 VCP option name: "Digital Video (TMDS) 3 HDMI 1"
[15:08:08.458]  [T:0x62fe9] I: [ getVCPValue ] VCP Description is  "Blue Light Filter" VCP value is  0
[15:08:08.775]  [T:0x62fe9] I: [ getVCPValue ] VCP Description is  "Advanced DCR" VCP value is  0 VCP option name: "Advanced DCR Off"
[15:08:09.096]  [T:0x62fe9] I: [ getVCPValue ] VCP Description is  "Contrast" VCP value is  70
[15:08:09.417]  [T:0x62fe9] I: [ getVCPValue ] VCP Description is  "Signal Source List" VCP value is  0
[15:08:09.736]  [T:0x62fe9] I: [ getVCPValue ] VCP Description is  "Sharpness" VCP value is  2
[15:08:09.838]  [T:0x62fe9] W: [ getData ] Failed to get data, data is empty CDisplayDatabaseCommand::DisplayDatabaseElements::AllMonitorVCPXORMap
[15:08:09.838]  [T:0x62fe9] W: [ getData ] Failed to get data, data is empty CDisplayDatabaseCommand::DisplayDatabaseElements::ALLMonitorVCPOptionMap
[15:08:09.839]  [T:0x62fe9] I: [ initializeAutoScreenPivot ] connectedMonitorSet:  QSet("VG2748a,WTJ242500000")
[15:08:09.839]  [T:0x62fe9] I: [ initializeAutoScreenPivot ] mAutoMonitorSet:  QSet()
[15:08:09.839]  [T:0x62fe9] I: [ operator() ] Register DisplayChangeEventHandler and set callback function
[15:08:09.839]  [T:0x62fe9] I: [ CMacWakeUpEventHandler ] Successful creation of WakeUp Event Handler
[15:08:09.841]  [T:0x62fe9] I: [ getValue ] No such key in JSON object:  std::vector("focused_attention", "enable")
[15:08:09.841]  [T:0x62fe9] I: [ setCConfigModule ] mEnableDetect from config: false
[15:08:09.841]  [T:0x62fe9] D: [ convertToRegexPatternAppVersion ] "[ GA4 ] Error         : RegexAppVerion Validate FAIL - Invalid format: [3.2.0.1006]"
[15:08:09.842]  [T:0x62fe9] D: [ convertToRegexPatternAppVersion ] "[ GA4 ] OK            : RegexAppVerion Validate OK: [v3.2.0.1006]"
[15:08:10.058]  [T:0x62fe9] I: [ getVCPValue ] VCP Description is  "Input Selection" VCP value is  17 VCP option name: "Digital Video (TMDS) 3 HDMI 1"
[15:08:10.059]  [T:0x62fe9] D: [ convertToRegexPatternCommon ] "[ GA4 ] Error         : RegexCommon Validate FAIL - Invalid format: [Digital Video (TMDS) 3 HDMI 1]"
[15:08:10.059]  [T:0x62fe9] D: [ convertToRegexPatternCommon ] "[ GA4 ] Fix           : Remove unmatch characters - format: [DigitalVideoTMDS3HDMI1]"
[15:08:10.059]  [T:0x62fe9] D: [ logJsonToFile ] [ GA4 ] Measurement ID: "G-KKDK7WGP01"
[15:08:10.060]  [T:0x62fe9] D: [ logJsonToFile ] [ GA4 ] API Secret    : "fPUEw5twT0m0JCHyRiP-Ww"
[15:08:10.060]  [T:0x62fe9] D: [ logJsonToFile ] [ GA4 ] Client ID     : "03a96d174f6610cbe0338e0b7c5baeb9fe6c9cbcfbc85027a2e8474f885ed1b1"
[15:08:10.060]  [T:0x62fe9] D: [ logJsonToFile ] [ GA4 ] Payload       :
: "{\n    \"client_id\": \"03a96d174f6610cbe0338e0b7c5baeb9fe6c9cbcfbc85027a2e8474f885ed1b1\",\n    \"events\": [\n        {\n            \"name\": \"app_open\",\n            \"params\": {\n                \"OS_version\": \"Mac\",\n                \"app_version\": \"v3.2.0.1006\",\n                \"connected_monitor\": \"VG2748a\",\n                \"video_port\": \"DigitalVideoTMDS3HDMI1\"\n            }\n        }\n    ]\n}\n"
[15:08:10.329]  [T:0x62fe9] D: [ logJsonToFile ] [ GA4 ] Measurement ID: "G-KKDK7WGP01"
[15:08:10.329]  [T:0x62fe9] D: [ logJsonToFile ] [ GA4 ] API Secret    : "fPUEw5twT0m0JCHyRiP-Ww"
[15:08:10.329]  [T:0x62fe9] D: [ logJsonToFile ] [ GA4 ] Client ID     : "03a96d174f6610cbe0338e0b7c5baeb9fe6c9cbcfbc85027a2e8474f885ed1b1"
[15:08:10.329]  [T:0x62fe9] D: [ logJsonToFile ] [ GA4 ] Payload       :
: "{\n    \"client_id\": \"03a96d174f6610cbe0338e0b7c5baeb9fe6c9cbcfbc85027a2e8474f885ed1b1\",\n    \"events\": [\n        {\n            \"name\": \"select_monitor\",\n            \"params\": {\n                \"OS_version\": \"Mac\",\n                \"monitor_model\": \"VG2748a\"\n            }\n        }\n    ]\n}\n"
[15:08:10.329]  [T:0x62fe9] D: [ convertToRegexPatternCommon ] "[ GA4 ] Error         : RegexCommon Validate FAIL - Invalid format: [Digital Video (TMDS) 3 HDMI 1]"
[15:08:10.329]  [T:0x62fe9] D: [ convertToRegexPatternCommon ] "[ GA4 ] Fix           : Remove unmatch characters - format: [DigitalVideoTMDS3HDMI1]"
[15:08:10.329]  [T:0x62fe9] D: [ logJsonToFile ] [ GA4 ] Measurement ID: "G-KKDK7WGP01"
[15:08:10.329]  [T:0x62fe9] D: [ logJsonToFile ] [ GA4 ] API Secret    : "fPUEw5twT0m0JCHyRiP-Ww"
[15:08:10.329]  [T:0x62fe9] D: [ logJsonToFile ] [ GA4 ] Client ID     : "03a96d174f6610cbe0338e0b7c5baeb9fe6c9cbcfbc85027a2e8474f885ed1b1"
[15:08:10.329]  [T:0x62fe9] D: [ logJsonToFile ] [ GA4 ] Payload       :
: "{\n    \"client_id\": \"03a96d174f6610cbe0338e0b7c5baeb9fe6c9cbcfbc85027a2e8474f885ed1b1\",\n    \"events\": [\n        {\n            \"name\": \"input_source\",\n            \"params\": {\n                \"OS_version\": \"Mac\",\n                \"auto_input_source\": \"on\",\n                \"manual_input_source\": \"DigitalVideoTMDS3HDMI1\"\n            }\n        }\n    ]\n}\n"
[15:08:10.329]  [T:0x62fe9] D: [ logJsonToFile ] [ GA4 ] Measurement ID: "G-KKDK7WGP01"
[15:08:10.329]  [T:0x62fe9] D: [ logJsonToFile ] [ GA4 ] API Secret    : "fPUEw5twT0m0JCHyRiP-Ww"
[15:08:10.329]  [T:0x62fe9] D: [ logJsonToFile ] [ GA4 ] Client ID     : "03a96d174f6610cbe0338e0b7c5baeb9fe6c9cbcfbc85027a2e8474f885ed1b1"
[15:08:10.329]  [T:0x62fe9] D: [ logJsonToFile ] [ GA4 ] Payload       :
: "{\n    \"client_id\": \"03a96d174f6610cbe0338e0b7c5baeb9fe6c9cbcfbc85027a2e8474f885ed1b1\",\n    \"events\": [\n        {\n            \"name\": \"screen_pivot\",\n            \"params\": {\n                \"OS_version\": \"Mac\",\n                \"auto_pivot\": \"off\"\n            }\n        }\n    ]\n}\n"
[15:08:10.329]  [T:0x62fe9] D: [ convertToRegexPatternCommon ] "[ GA4 ] Error         : RegexCommon Validate FAIL - Invalid format: [Off]"
[15:08:10.329]  [T:0x62fe9] D: [ convertToRegexPatternCommon ] "[ GA4 ] Fix           : Remove unmatch characters - format: [Off]"
[15:08:10.329]  [T:0x62fe9] D: [ logJsonToFile ] [ GA4 ] Measurement ID: "G-KKDK7WGP01"
[15:08:10.329]  [T:0x62fe9] D: [ logJsonToFile ] [ GA4 ] API Secret    : "fPUEw5twT0m0JCHyRiP-Ww"
[15:08:10.329]  [T:0x62fe9] D: [ logJsonToFile ] [ GA4 ] Client ID     : "03a96d174f6610cbe0338e0b7c5baeb9fe6c9cbcfbc85027a2e8474f885ed1b1"
[15:08:10.329]  [T:0x62fe9] D: [ logJsonToFile ] [ GA4 ] Payload       :
: "{\n    \"client_id\": \"03a96d174f6610cbe0338e0b7c5baeb9fe6c9cbcfbc85027a2e8474f885ed1b1\",\n    \"events\": [\n        {\n            \"name\": \"view_mode\",\n            \"params\": {\n                \"OS_version\": \"Mac\",\n                \"view_mode\": \"Off\"\n            }\n        }\n    ]\n}\n"
[15:08:10.806]  [T:0x62fe9] D: AppScale.scaleFactor: 1
[15:08:10.806]  [T:0x62fe9] D: AppScale.windowHeight: 787
[15:08:10.899]  [T:0x62fe9] W: Layer-backing is always enabled.  QT_MAC_WANTS_LAYER/_q_mac_wantsLayer has no effect.
[15:08:10.910]  [T:0x62fe9] D: intellgenceCondition: false
[15:08:10.911]  [T:0x62fe9] D: Width: 1000
[15:08:10.911]  [T:0x62fe9] D: Height: 787
[15:08:10.911]  [T:0x62fe9] D: Minimum Width: 1000
[15:08:10.911]  [T:0x62fe9] D: Minimum Height: 787
[15:08:10.911]  [T:0x62fe9] D: _mainApplicationWindow.x: 400
[15:08:10.911]  [T:0x62fe9] D: _mainApplicationWindow.y: 170
[15:08:10.916]  [T:0x62fe9] W: [ getVCPValue ] No VCP value
[15:08:10.916]  [T:0x62fe9] W: [ getData ] Data type is wrong CDisplayDatabaseCommand::DisplayDatabaseElements::VCPValue QVariant(QVariantList, QList(QVariant(int, 0), QVariant(QString, "Color Temperature")))
[15:08:10.916]  [T:0x62fe9] W: [ getVCPValueByIndex ] Failed to get VCP value "Color Temperature" QVariant(int, 0)
[15:08:10.916]  [T:0x62fe9] W: [ VDMCustomComboBox.qml::_selfRectangle::updateUI() ], Get wrong vcp value, value is empty, description is: Color Temperature
[15:08:10.917]  [T:0x62fe9] W: [ getVCPValueByMonitorIndex ] No VCP value
[15:08:10.917]  [T:0x62fe9] W: [ getData ] Data type is wrong CDisplayDatabaseCommand::DisplayDatabaseElements::VCPValueByMonitorIndex QVariant(QVariantList, QList(QVariant(int, 0), QVariant(QString, "Color Temperature")))
[15:08:11.140]  [T:0x62fe9] D: [VDMCustomSlider] updateUI OK, description = Brightness
[15:08:11.140]  [T:0x62fe9] D: [VDMCustomSlider] updateUI OK, description = Contrast
[15:08:11.141]  [T:0x62fe9] D: [VDMCustomSlider] updateUI OK, description = Sharpness
[15:08:11.141]  [T:0x62fe9] D: [VDMCustomSlider] updateUI OK, description = Blue Light Filter
[15:08:11.141]  [T:0x62fe9] D: [VDMCustomSlider] updateUI OK, description = Volume
[15:08:11.235]  [T:0xb589c] I: [ setVCPValue ] "Set VCP Name: Video Signal Auto Detect => 0x33, VCP value: On"
[15:08:11.235]  [T:0x62fe9] D: [VDMCustomSlider] updateUI OK, description = Brightness
[15:08:11.235]  [T:0x62fe9] D: [VDMCustomSlider] updateUI OK, description = Contrast
[15:08:11.235]  [T:0x62fe9] D: [VDMCustomSlider] updateUI OK, description = Sharpness
[15:08:11.235]  [T:0x62fe9] D: [VDMCustomSlider] updateUI OK, description = Blue Light Filter
[15:08:11.235]  [T:0x62fe9] D: [VDMCustomSlider] updateUI OK, description = Volume
[15:08:11.235]  [T:0x62fe9] W: [ getVCPValue ] No VCP value
[15:08:11.235]  [T:0x62fe9] W: [ getData ] Data type is wrong CDisplayDatabaseCommand::DisplayDatabaseElements::VCPValue QVariant(QVariantList, QList(QVariant(int, 0), QVariant(QString, "Color Temperature")))
[15:08:11.235]  [T:0x62fe9] W: [ getVCPValueByIndex ] Failed to get VCP value "Color Temperature" QVariant(int, 0)
[15:08:11.236]  [T:0x62fe9] W: [ VDMCustomComboBox.qml::_selfRectangle::updateUI() ], Get wrong vcp value, value is empty, description is: Color Temperature
[15:08:11.236]  [T:0x62fe9] W: [ getVCPValueByMonitorIndex ] No VCP value
[15:08:11.236]  [T:0x62fe9] W: [ getData ] Data type is wrong CDisplayDatabaseCommand::DisplayDatabaseElements::VCPValueByMonitorIndex QVariant(QVariantList, QList(QVariant(int, 0), QVariant(QString, "Color Temperature")))
[15:08:11.501]  [T:0x62fe9] D: isSupportAIMode:false
[15:08:11.501]  [T:0x62fe9] D: isSupportAIMode:false
[15:08:11.523]  [T:0x62fe9] D: [ operator() ] "[ GA4 ] OK            : GA4 event [select_monitor] sent successfully. Response: "
[15:08:11.523]  [T:0x62fe9] D: [ operator() ] "[ GA4 ] OK            : GA4 event [app_open] sent successfully. Response: "
[15:08:11.523]  [T:0x62fe9] D: [ operator() ] "[ GA4 ] OK            : GA4 event [view_mode] sent successfully. Response: "
[15:08:11.523]  [T:0x62fe9] D: [ operator() ] "[ GA4 ] OK            : GA4 event [input_source] sent successfully. Response: "
[15:08:11.523]  [T:0x62fe9] D: [ operator() ] "[ GA4 ] OK            : GA4 event [screen_pivot] sent successfully. Response: "
[15:08:33.752]  [T:0x62fe9] D: [ logJsonToFile ] [ GA4 ] Measurement ID: "G-KKDK7WGP01"
[15:08:33.752]  [T:0x62fe9] D: [ logJsonToFile ] [ GA4 ] API Secret    : "fPUEw5twT0m0JCHyRiP-Ww"
[15:08:33.753]  [T:0x62fe9] D: [ logJsonToFile ] [ GA4 ] Client ID     : "03a96d174f6610cbe0338e0b7c5baeb9fe6c9cbcfbc85027a2e8474f885ed1b1"
[15:08:33.753]  [T:0x62fe9] D: [ logJsonToFile ] [ GA4 ] Payload       :
: "{\n    \"client_id\": \"03a96d174f6610cbe0338e0b7c5baeb9fe6c9cbcfbc85027a2e8474f885ed1b1\",\n    \"events\": [\n        {\n            \"name\": \"display_control\",\n            \"params\": {\n                \"OS_version\": \"Mac\",\n                \"brightness\": 1\n            }\n        }\n    ]\n}\n"
[15:08:33.829]  [T:0x62fe9] D: [ operator() ] "[ GA4 ] OK            : GA4 event [display_control] sent successfully. Response: "
[15:08:34.176]  [T:0xb589c] I: [ setVCPValue ] "Set VCP Name: Brightness => 0x10, VCP value: 0"
[15:08:34.176]  [T:0x62fe9] D: [VDMCustomSlider] updateUI OK, description = Brightness
[15:08:34.176]  [T:0x62fe9] D: [VDMCustomSlider] updateUI OK, description = Contrast
[15:08:34.176]  [T:0x62fe9] D: [VDMCustomSlider] updateUI OK, description = Sharpness
[15:08:34.177]  [T:0x62fe9] D: [VDMCustomSlider] updateUI OK, description = Blue Light Filter
[15:08:34.177]  [T:0x62fe9] D: [VDMCustomSlider] updateUI OK, description = Volume
[15:08:34.177]  [T:0x62fe9] W: [ getVCPValue ] No VCP value
[15:08:34.177]  [T:0x62fe9] W: [ getData ] Data type is wrong CDisplayDatabaseCommand::DisplayDatabaseElements::VCPValue QVariant(QVariantList, QList(QVariant(int, 0), QVariant(QString, "Color Temperature")))
[15:08:34.177]  [T:0x62fe9] W: [ getVCPValueByIndex ] Failed to get VCP value "Color Temperature" QVariant(int, 0)
[15:08:34.177]  [T:0x62fe9] W: [ VDMCustomComboBox.qml::_selfRectangle::updateUI() ], Get wrong vcp value, value is empty, description is: Color Temperature
[15:08:34.177]  [T:0x62fe9] W: [ getVCPValueByMonitorIndex ] No VCP value
[15:08:34.177]  [T:0x62fe9] W: [ getData ] Data type is wrong CDisplayDatabaseCommand::DisplayDatabaseElements::VCPValueByMonitorIndex QVariant(QVariantList, QList(QVariant(int, 0), QVariant(QString, "Color Temperature")))
[15:09:24.282]  [T:0x62fe9] D: [ logJsonToFile ] [ GA4 ] Measurement ID: "G-KKDK7WGP01"
[15:09:24.282]  [T:0x62fe9] D: [ logJsonToFile ] [ GA4 ] API Secret    : "fPUEw5twT0m0JCHyRiP-Ww"
[15:09:24.282]  [T:0x62fe9] D: [ logJsonToFile ] [ GA4 ] Client ID     : "03a96d174f6610cbe0338e0b7c5baeb9fe6c9cbcfbc85027a2e8474f885ed1b1"
[15:09:24.282]  [T:0x62fe9] D: [ logJsonToFile ] [ GA4 ] Payload       :
: "{\n    \"client_id\": \"03a96d174f6610cbe0338e0b7c5baeb9fe6c9cbcfbc85027a2e8474f885ed1b1\",\n    \"events\": [\n        {\n            \"name\": \"display_control\",\n            \"params\": {\n                \"OS_version\": \"Mac\",\n                \"brightness\": 1\n            }\n        }\n    ]\n}\n"
[15:09:24.299]  [T:0x62fe9] D: [ operator() ] "[ GA4 ] OK            : GA4 event [display_control] sent successfully. Response: "
[15:09:24.700]  [T:0x5d2d2] I: [ setVCPValue ] "Set VCP Name: Brightness => 0x10, VCP value: 100"
[15:09:24.700]  [T:0x62fe9] D: [VDMCustomSlider] updateUI OK, description = Brightness
[15:09:24.700]  [T:0x62fe9] D: [VDMCustomSlider] updateUI OK, description = Contrast
[15:09:24.700]  [T:0x62fe9] D: [VDMCustomSlider] updateUI OK, description = Sharpness
[15:09:24.700]  [T:0x62fe9] D: [VDMCustomSlider] updateUI OK, description = Blue Light Filter
[15:09:24.700]  [T:0x62fe9] D: [VDMCustomSlider] updateUI OK, description = Volume
[15:09:24.700]  [T:0x62fe9] W: [ getVCPValue ] No VCP value
[15:09:24.700]  [T:0x62fe9] W: [ getData ] Data type is wrong CDisplayDatabaseCommand::DisplayDatabaseElements::VCPValue QVariant(QVariantList, QList(QVariant(int, 0), QVariant(QString, "Color Temperature")))
[15:09:24.700]  [T:0x62fe9] W: [ getVCPValueByIndex ] Failed to get VCP value "Color Temperature" QVariant(int, 0)
[15:09:24.700]  [T:0x62fe9] W: [ VDMCustomComboBox.qml::_selfRectangle::updateUI() ], Get wrong vcp value, value is empty, description is: Color Temperature
[15:09:24.701]  [T:0x62fe9] W: [ getVCPValueByMonitorIndex ] No VCP value
[15:09:24.701]  [T:0x62fe9] W: [ getData ] Data type is wrong CDisplayDatabaseCommand::DisplayDatabaseElements::VCPValueByMonitorIndex QVariant(QVariantList, QList(QVariant(int, 0), QVariant(QString, "Color Temperature")))
[15:10:08.130]  [T:0x62fe9] I: [ setAutoPivotThread ] AutoPivotWorkThread stopped
[15:10:08.131]  [T:0x62fe9] I: [ CleanOldLogs ] Clean logs
