===== System Information =====
Time: 2025-10-02T14:54:29.893
App: vDisplayManager
App Version: 3.2.0.1002
Qt Version: 6.5.3
OS: macOS 15.4
CPU Arch: arm64
Screen[0] Name: Built-in Retina Display
Screen[0] Size: 1800 x 1169 px
Screen[0] DPI: 72
Screen[0] Physical Size: 300.789mm x 195.346mm
Screen[1] Name: VG245
Screen[1] Size: 1920 x 1080 px
Screen[1] DPI: 72
Screen[1] Physical Size: 530.087mm x 301.451mm
==============================
[14:54:29.893]  [T:0x62fe9] I: [ initialize ] CAppRunningNotifier server is running
[14:54:29.894]  [T:0x62fe9] D: [LanguageManager] initSystemLanguage: loaded "en_US"
[14:54:30.304]  [T:0x62fe9] I: [ loadGoogleInterFonts ] [Font] Loaded: ":/Resources/fonts/Inter-Regular.ttf" -> families: "Inter"
[14:54:30.306]  [T:0x62fe9] I: [ loadGoogleInterFonts ] [Font] Loaded: ":/Resources/fonts/Inter-Medium.ttf" -> families: "Inter"
[14:54:30.307]  [T:0x62fe9] I: [ loadGoogleInterFonts ] [Font] Loaded: ":/Resources/fonts/Inter-SemiBold.ttf" -> families: "Inter"
[14:54:30.767]  [T:0x62fe9] I: [ CVsAiSensorManager ] VsAiSensor version: "1.0.8.0"
[14:54:30.790]  [T:0x62fe9] I: [ importConfig ] "userConfigPath:/Users/pmsd/Library/Application Support/vDisplay Manager"
[14:54:31.223]  [T:0x62fe9] I: [ init ] Initialize DisplayControl
[14:54:31.937]  [T:0x62fe9] D: modelName =  "VG245"
[14:54:32.207]  [T:0x62fe9] I: [ catchMonitors ] Monitor index:  1 / SN: "XF5241421067" / Model Name: "VG245"
[14:54:32.207]  [T:0x62fe9] I: [ catchMonitors ] Monitor position: 1800 / Monitor position y: 0
[14:54:32.208]  [T:0x62fe9] I: [ catchMonitors ] Resolution is: 1920  *  1080
[14:54:32.208]  [T:0x62fe9] I: [ catchMonitors ] Firmware version is: "M001"
[14:54:33.665]  [T:0x62fe9] I: [ setVCPValue ] "Set VCP Name: Video Signal Auto Detect => 0x33, VCP value: On"
[14:54:33.665]  [T:0x62fe9] I: [ syncMonitorsAction ] Sync monitor:  "VG245"
[14:54:33.877]  [T:0x62fe9] I: [ getVCPValue ] VCP Description is  "Power Indicator" VCP value is  2 VCP option name: "On"
[14:54:34.196]  [T:0x62fe9] I: [ getVCPValue ] VCP Description is  "Contrast" VCP value is  70
[14:54:34.506]  [T:0x62fe9] I: [ getVCPValue ] VCP Description is  "Battery Information" VCP value is  65535
[14:54:34.818]  [T:0x62fe9] I: [ getVCPValue ] VCP Description is  "Brightness" VCP value is  100
[14:54:35.135]  [T:0x62fe9] I: [ getVCPValue ] VCP Description is  "Input Selection" VCP value is  23 VCP option name: "Type C 1"
[14:54:35.451]  [T:0x62fe9] I: [ getVCPValue ] VCP Description is  "Restore Factory Defaults" VCP value is  0
[14:54:35.774]  [T:0x62fe9] I: [ getVCPValue ] VCP Description is  "Video Signal Auto Detect" VCP value is  2 VCP option name: "On"
[14:54:36.090]  [T:0x62fe9] I: [ getVCPValue ] VCP Description is  "Blue Light Filter" VCP value is  0
[14:54:36.407]  [T:0x62fe9] I: [ getVCPValue ] VCP Description is  "Volume" VCP value is  70
[14:54:36.719]  [T:0x62fe9] I: [ getVCPValue ] VCP Description is  "Audio Mute" VCP value is  2 VCP option name: "Un-Mute the audio"
[14:54:37.036]  [T:0x62fe9] I: [ getVCPValue ] VCP Description is  "Display Application" VCP value is  0 VCP option name: "Off"
[14:54:37.349]  [T:0x62fe9] I: [ getVCPValue ] VCP Description is  "Sharpness" VCP value is  2
[14:54:37.663]  [T:0x62fe9] I: [ getVCPValue ] VCP Description is  "Signal Source List" VCP value is  0
[14:54:37.980]  [T:0x62fe9] I: [ getVCPValue ] VCP Description is  "Advanced DCR" VCP value is  0 VCP option name: "Advanced DCR Off"
[14:54:38.081]  [T:0x62fe9] W: [ getData ] Failed to get data, data is empty CDisplayDatabaseCommand::DisplayDatabaseElements::AllMonitorVCPXORMap
[14:54:38.082]  [T:0x62fe9] W: [ getData ] Failed to get data, data is empty CDisplayDatabaseCommand::DisplayDatabaseElements::ALLMonitorVCPOptionMap
[14:54:38.082]  [T:0x62fe9] I: [ initializeAutoScreenPivot ] connectedMonitorSet:  QSet("VG245,XF5241421067")
[14:54:38.083]  [T:0x62fe9] I: [ initializeAutoScreenPivot ] mAutoMonitorSet:  QSet()
[14:54:38.083]  [T:0x62fe9] I: [ operator() ] Register DisplayChangeEventHandler and set callback function
[14:54:38.083]  [T:0x62fe9] I: [ CMacWakeUpEventHandler ] Successful creation of WakeUp Event Handler
[14:54:38.084]  [T:0x62fe9] I: [ getValue ] No such key in JSON object:  std::vector("focused_attention", "enable")
[14:54:38.085]  [T:0x62fe9] I: [ setCConfigModule ] mEnableDetect from config: false
[14:54:38.085]  [T:0x62fe9] D: [ convertToRegexPatternAppVersion ] "[ GA4 ] Error         : RegexAppVerion Validate FAIL - Invalid format: [3.2.0.1002]"
[14:54:38.085]  [T:0x62fe9] D: [ convertToRegexPatternAppVersion ] "[ GA4 ] OK            : RegexAppVerion Validate OK: [v3.2.0.1002]"
[14:54:38.300]  [T:0x62fe9] I: [ getVCPValue ] VCP Description is  "Input Selection" VCP value is  23 VCP option name: "Type C 1"
[14:54:38.300]  [T:0x62fe9] D: [ convertToRegexPatternCommon ] "[ GA4 ] Error         : RegexCommon Validate FAIL - Invalid format: [Type C 1]"
[14:54:38.300]  [T:0x62fe9] D: [ convertToRegexPatternCommon ] "[ GA4 ] Fix           : Remove unmatch characters - format: [TypeC1]"
[14:54:38.301]  [T:0x62fe9] D: [ logJsonToFile ] [ GA4 ] Measurement ID: "G-KKDK7WGP01"
[14:54:38.301]  [T:0x62fe9] D: [ logJsonToFile ] [ GA4 ] API Secret    : "fPUEw5twT0m0JCHyRiP-Ww"
[14:54:38.301]  [T:0x62fe9] D: [ logJsonToFile ] [ GA4 ] Client ID     : "03a96d174f6610cbe0338e0b7c5baeb9fe6c9cbcfbc85027a2e8474f885ed1b1"
[14:54:38.301]  [T:0x62fe9] D: [ logJsonToFile ] [ GA4 ] Payload       :
: "{\n    \"client_id\": \"03a96d174f6610cbe0338e0b7c5baeb9fe6c9cbcfbc85027a2e8474f885ed1b1\",\n    \"events\": [\n        {\n            \"name\": \"app_open\",\n            \"params\": {\n                \"OS_version\": \"Mac\",\n                \"app_version\": \"v3.2.0.1002\",\n                \"connected_monitor\": \"VG245\",\n                \"video_port\": \"TypeC1\"\n            }\n        }\n    ]\n}\n"
[14:54:38.568]  [T:0x62fe9] D: [ logJsonToFile ] [ GA4 ] Measurement ID: "G-KKDK7WGP01"
[14:54:38.568]  [T:0x62fe9] D: [ logJsonToFile ] [ GA4 ] API Secret    : "fPUEw5twT0m0JCHyRiP-Ww"
[14:54:38.569]  [T:0x62fe9] D: [ logJsonToFile ] [ GA4 ] Client ID     : "03a96d174f6610cbe0338e0b7c5baeb9fe6c9cbcfbc85027a2e8474f885ed1b1"
[14:54:38.569]  [T:0x62fe9] D: [ logJsonToFile ] [ GA4 ] Payload       :
: "{\n    \"client_id\": \"03a96d174f6610cbe0338e0b7c5baeb9fe6c9cbcfbc85027a2e8474f885ed1b1\",\n    \"events\": [\n        {\n            \"name\": \"select_monitor\",\n            \"params\": {\n                \"OS_version\": \"Mac\",\n                \"monitor_model\": \"VG245\"\n            }\n        }\n    ]\n}\n"
[14:54:38.569]  [T:0x62fe9] D: [ convertToRegexPatternCommon ] "[ GA4 ] Error         : RegexCommon Validate FAIL - Invalid format: [Type C 1]"
[14:54:38.569]  [T:0x62fe9] D: [ convertToRegexPatternCommon ] "[ GA4 ] Fix           : Remove unmatch characters - format: [TypeC1]"
[14:54:38.569]  [T:0x62fe9] D: [ logJsonToFile ] [ GA4 ] Measurement ID: "G-KKDK7WGP01"
[14:54:38.569]  [T:0x62fe9] D: [ logJsonToFile ] [ GA4 ] API Secret    : "fPUEw5twT0m0JCHyRiP-Ww"
[14:54:38.569]  [T:0x62fe9] D: [ logJsonToFile ] [ GA4 ] Client ID     : "03a96d174f6610cbe0338e0b7c5baeb9fe6c9cbcfbc85027a2e8474f885ed1b1"
[14:54:38.569]  [T:0x62fe9] D: [ logJsonToFile ] [ GA4 ] Payload       :
: "{\n    \"client_id\": \"03a96d174f6610cbe0338e0b7c5baeb9fe6c9cbcfbc85027a2e8474f885ed1b1\",\n    \"events\": [\n        {\n            \"name\": \"input_source\",\n            \"params\": {\n                \"OS_version\": \"Mac\",\n                \"auto_input_source\": \"on\",\n                \"manual_input_source\": \"TypeC1\"\n            }\n        }\n    ]\n}\n"
[14:54:38.569]  [T:0x62fe9] D: [ logJsonToFile ] [ GA4 ] Measurement ID: "G-KKDK7WGP01"
[14:54:38.569]  [T:0x62fe9] D: [ logJsonToFile ] [ GA4 ] API Secret    : "fPUEw5twT0m0JCHyRiP-Ww"
[14:54:38.569]  [T:0x62fe9] D: [ logJsonToFile ] [ GA4 ] Client ID     : "03a96d174f6610cbe0338e0b7c5baeb9fe6c9cbcfbc85027a2e8474f885ed1b1"
[14:54:38.569]  [T:0x62fe9] D: [ logJsonToFile ] [ GA4 ] Payload       :
: "{\n    \"client_id\": \"03a96d174f6610cbe0338e0b7c5baeb9fe6c9cbcfbc85027a2e8474f885ed1b1\",\n    \"events\": [\n        {\n            \"name\": \"screen_pivot\",\n            \"params\": {\n                \"OS_version\": \"Mac\",\n                \"auto_pivot\": \"off\"\n            }\n        }\n    ]\n}\n"
[14:54:38.569]  [T:0x62fe9] D: [ convertToRegexPatternCommon ] "[ GA4 ] Error         : RegexCommon Validate FAIL - Invalid format: [Off]"
[14:54:38.569]  [T:0x62fe9] D: [ convertToRegexPatternCommon ] "[ GA4 ] Fix           : Remove unmatch characters - format: [Off]"
[14:54:38.569]  [T:0x62fe9] D: [ logJsonToFile ] [ GA4 ] Measurement ID: "G-KKDK7WGP01"
[14:54:38.569]  [T:0x62fe9] D: [ logJsonToFile ] [ GA4 ] API Secret    : "fPUEw5twT0m0JCHyRiP-Ww"
[14:54:38.569]  [T:0x62fe9] D: [ logJsonToFile ] [ GA4 ] Client ID     : "03a96d174f6610cbe0338e0b7c5baeb9fe6c9cbcfbc85027a2e8474f885ed1b1"
[14:54:38.569]  [T:0x62fe9] D: [ logJsonToFile ] [ GA4 ] Payload       :
: "{\n    \"client_id\": \"03a96d174f6610cbe0338e0b7c5baeb9fe6c9cbcfbc85027a2e8474f885ed1b1\",\n    \"events\": [\n        {\n            \"name\": \"view_mode\",\n            \"params\": {\n                \"OS_version\": \"Mac\",\n                \"view_mode\": \"Off\"\n            }\n        }\n    ]\n}\n"
[14:54:39.092]  [T:0x62fe9] D: AppScale.scaleFactor: 1
[14:54:39.092]  [T:0x62fe9] D: AppScale.windowHeight: 787
[14:54:39.190]  [T:0x62fe9] W: Layer-backing is always enabled.  QT_MAC_WANTS_LAYER/_q_mac_wantsLayer has no effect.
[14:54:39.199]  [T:0x62fe9] D: intellgenceCondition: false
[14:54:39.199]  [T:0x62fe9] D: Width: 1000
[14:54:39.199]  [T:0x62fe9] D: Height: 787
[14:54:39.199]  [T:0x62fe9] D: Minimum Width: 1000
[14:54:39.199]  [T:0x62fe9] D: Minimum Height: 787
[14:54:39.199]  [T:0x62fe9] D: _mainApplicationWindow.x: 400
[14:54:39.199]  [T:0x62fe9] D: _mainApplicationWindow.y: 170
[14:54:39.204]  [T:0x62fe9] W: [ getVCPValue ] No VCP value
[14:54:39.204]  [T:0x62fe9] W: [ getData ] Data type is wrong CDisplayDatabaseCommand::DisplayDatabaseElements::VCPValue QVariant(QVariantList, QList(QVariant(int, 0), QVariant(QString, "Color Temperature")))
[14:54:39.204]  [T:0x62fe9] W: [ getVCPValueByIndex ] Failed to get VCP value "Color Temperature" QVariant(int, 0)
[14:54:39.204]  [T:0x62fe9] W: [ VDMCustomComboBox.qml::_selfRectangle::updateUI() ], Get wrong vcp value, value is empty, description is: Color Temperature
[14:54:39.204]  [T:0x62fe9] W: [ getVCPValueByMonitorIndex ] No VCP value
[14:54:39.204]  [T:0x62fe9] W: [ getData ] Data type is wrong CDisplayDatabaseCommand::DisplayDatabaseElements::VCPValueByMonitorIndex QVariant(QVariantList, QList(QVariant(int, 0), QVariant(QString, "Color Temperature")))
[14:54:39.348]  [T:0x62fe9] D: [VDMCustomSlider] updateUI OK, description = Brightness
[14:54:39.349]  [T:0x62fe9] D: [VDMCustomSlider] updateUI OK, description = Contrast
[14:54:39.349]  [T:0x62fe9] D: [VDMCustomSlider] updateUI OK, description = Sharpness
[14:54:39.349]  [T:0x62fe9] D: [VDMCustomSlider] updateUI OK, description = Blue Light Filter
[14:54:39.349]  [T:0x62fe9] D: [VDMCustomSlider] updateUI OK, description = Volume
[14:54:39.416]  [T:0x62fe9] D: [ operator() ] "[ GA4 ] OK            : GA4 event [view_mode] sent successfully. Response: "
[14:54:39.417]  [T:0x62fe9] D: [ operator() ] "[ GA4 ] OK            : GA4 event [input_source] sent successfully. Response: "
[14:54:39.417]  [T:0x62fe9] D: [ operator() ] "[ GA4 ] OK            : GA4 event [app_open] sent successfully. Response: "
[14:54:39.417]  [T:0x62fe9] D: [ operator() ] "[ GA4 ] OK            : GA4 event [select_monitor] sent successfully. Response: "
[14:54:39.417]  [T:0x62fe9] D: [ operator() ] "[ GA4 ] OK            : GA4 event [screen_pivot] sent successfully. Response: "
[14:54:39.523]  [T:0x85ed4] I: [ setVCPValue ] "Set VCP Name: Video Signal Auto Detect => 0x33, VCP value: On"
[14:54:39.523]  [T:0x62fe9] D: [VDMCustomSlider] updateUI OK, description = Brightness
[14:54:39.523]  [T:0x62fe9] D: [VDMCustomSlider] updateUI OK, description = Contrast
[14:54:39.523]  [T:0x62fe9] D: [VDMCustomSlider] updateUI OK, description = Sharpness
[14:54:39.523]  [T:0x62fe9] D: [VDMCustomSlider] updateUI OK, description = Blue Light Filter
[14:54:39.523]  [T:0x62fe9] D: [VDMCustomSlider] updateUI OK, description = Volume
[14:54:39.523]  [T:0x62fe9] W: [ getVCPValue ] No VCP value
[14:54:39.523]  [T:0x62fe9] W: [ getData ] Data type is wrong CDisplayDatabaseCommand::DisplayDatabaseElements::VCPValue QVariant(QVariantList, QList(QVariant(int, 0), QVariant(QString, "Color Temperature")))
[14:54:39.523]  [T:0x62fe9] W: [ getVCPValueByIndex ] Failed to get VCP value "Color Temperature" QVariant(int, 0)
[14:54:39.523]  [T:0x62fe9] W: [ VDMCustomComboBox.qml::_selfRectangle::updateUI() ], Get wrong vcp value, value is empty, description is: Color Temperature
[14:54:39.523]  [T:0x62fe9] W: [ getVCPValueByMonitorIndex ] No VCP value
[14:54:39.523]  [T:0x62fe9] W: [ getData ] Data type is wrong CDisplayDatabaseCommand::DisplayDatabaseElements::VCPValueByMonitorIndex QVariant(QVariantList, QList(QVariant(int, 0), QVariant(QString, "Color Temperature")))
[14:54:39.794]  [T:0x62fe9] D: isSupportAIMode:false
[14:54:39.794]  [T:0x62fe9] D: isSupportAIMode:false
[14:55:02.939]  [T:0x62fe9] D: [ logJsonToFile ] [ GA4 ] Measurement ID: "G-KKDK7WGP01"
[14:55:02.939]  [T:0x62fe9] D: [ logJsonToFile ] [ GA4 ] API Secret    : "fPUEw5twT0m0JCHyRiP-Ww"
[14:55:02.939]  [T:0x62fe9] D: [ logJsonToFile ] [ GA4 ] Client ID     : "03a96d174f6610cbe0338e0b7c5baeb9fe6c9cbcfbc85027a2e8474f885ed1b1"
[14:55:02.939]  [T:0x62fe9] D: [ logJsonToFile ] [ GA4 ] Payload       :
: "{\n    \"client_id\": \"03a96d174f6610cbe0338e0b7c5baeb9fe6c9cbcfbc85027a2e8474f885ed1b1\",\n    \"events\": [\n        {\n            \"name\": \"display_control\",\n            \"params\": {\n                \"OS_version\": \"Mac\",\n                \"brightness\": 1\n            }\n        }\n    ]\n}\n"
[14:55:02.964]  [T:0x62fe9] D: [ operator() ] "[ GA4 ] OK            : GA4 event [display_control] sent successfully. Response: "
[14:55:03.358]  [T:0x85ed4] I: [ setVCPValue ] "Set VCP Name: Brightness => 0x10, VCP value: 0"
[14:55:03.358]  [T:0x62fe9] D: [VDMCustomSlider] updateUI OK, description = Brightness
[14:55:03.359]  [T:0x62fe9] D: [VDMCustomSlider] updateUI OK, description = Contrast
[14:55:03.359]  [T:0x62fe9] D: [VDMCustomSlider] updateUI OK, description = Sharpness
[14:55:03.359]  [T:0x62fe9] D: [VDMCustomSlider] updateUI OK, description = Blue Light Filter
[14:55:03.359]  [T:0x62fe9] D: [VDMCustomSlider] updateUI OK, description = Volume
[14:55:03.359]  [T:0x62fe9] W: [ getVCPValue ] No VCP value
[14:55:03.359]  [T:0x62fe9] W: [ getData ] Data type is wrong CDisplayDatabaseCommand::DisplayDatabaseElements::VCPValue QVariant(QVariantList, QList(QVariant(int, 0), QVariant(QString, "Color Temperature")))
[14:55:03.359]  [T:0x62fe9] W: [ getVCPValueByIndex ] Failed to get VCP value "Color Temperature" QVariant(int, 0)
[14:55:03.359]  [T:0x62fe9] W: [ VDMCustomComboBox.qml::_selfRectangle::updateUI() ], Get wrong vcp value, value is empty, description is: Color Temperature
[14:55:03.359]  [T:0x62fe9] W: [ getVCPValueByMonitorIndex ] No VCP value
[14:55:03.359]  [T:0x62fe9] W: [ getData ] Data type is wrong CDisplayDatabaseCommand::DisplayDatabaseElements::VCPValueByMonitorIndex QVariant(QVariantList, QList(QVariant(int, 0), QVariant(QString, "Color Temperature")))
[14:55:53.630]  [T:0x62fe9] D: [ logJsonToFile ] [ GA4 ] Measurement ID: "G-KKDK7WGP01"
[14:55:53.631]  [T:0x62fe9] D: [ logJsonToFile ] [ GA4 ] API Secret    : "fPUEw5twT0m0JCHyRiP-Ww"
[14:55:53.631]  [T:0x62fe9] D: [ logJsonToFile ] [ GA4 ] Client ID     : "03a96d174f6610cbe0338e0b7c5baeb9fe6c9cbcfbc85027a2e8474f885ed1b1"
[14:55:53.631]  [T:0x62fe9] D: [ logJsonToFile ] [ GA4 ] Payload       :
: "{\n    \"client_id\": \"03a96d174f6610cbe0338e0b7c5baeb9fe6c9cbcfbc85027a2e8474f885ed1b1\",\n    \"events\": [\n        {\n            \"name\": \"display_control\",\n            \"params\": {\n                \"OS_version\": \"Mac\",\n                \"brightness\": 1\n            }\n        }\n    ]\n}\n"
[14:55:53.655]  [T:0x62fe9] D: [ operator() ] "[ GA4 ] OK            : GA4 event [display_control] sent successfully. Response: "
[14:55:54.048]  [T:0x5158e] I: [ setVCPValue ] "Set VCP Name: Brightness => 0x10, VCP value: 100"
[14:55:54.048]  [T:0x62fe9] D: [VDMCustomSlider] updateUI OK, description = Brightness
[14:55:54.049]  [T:0x62fe9] D: [VDMCustomSlider] updateUI OK, description = Contrast
[14:55:54.049]  [T:0x62fe9] D: [VDMCustomSlider] updateUI OK, description = Sharpness
[14:55:54.049]  [T:0x62fe9] D: [VDMCustomSlider] updateUI OK, description = Blue Light Filter
[14:55:54.049]  [T:0x62fe9] D: [VDMCustomSlider] updateUI OK, description = Volume
[14:55:54.049]  [T:0x62fe9] W: [ getVCPValue ] No VCP value
[14:55:54.049]  [T:0x62fe9] W: [ getData ] Data type is wrong CDisplayDatabaseCommand::DisplayDatabaseElements::VCPValue QVariant(QVariantList, QList(QVariant(int, 0), QVariant(QString, "Color Temperature")))
[14:55:54.049]  [T:0x62fe9] W: [ getVCPValueByIndex ] Failed to get VCP value "Color Temperature" QVariant(int, 0)
[14:55:54.049]  [T:0x62fe9] W: [ VDMCustomComboBox.qml::_selfRectangle::updateUI() ], Get wrong vcp value, value is empty, description is: Color Temperature
[14:55:54.049]  [T:0x62fe9] W: [ getVCPValueByMonitorIndex ] No VCP value
[14:55:54.049]  [T:0x62fe9] W: [ getData ] Data type is wrong CDisplayDatabaseCommand::DisplayDatabaseElements::VCPValueByMonitorIndex QVariant(QVariantList, QList(QVariant(int, 0), QVariant(QString, "Color Temperature")))
[14:56:37.618]  [T:0x62fe9] I: [ setAutoPivotThread ] AutoPivotWorkThread stopped
[14:56:37.619]  [T:0x62fe9] I: [ CleanOldLogs ] Clean logs
