===== System Information =====
Time: 2025-10-06T16:20:07.118
App: vDisplayManager
App Version: 3.2.0.1006
Qt Version: 6.5.3
OS: macOS 15.4
CPU Arch: arm64
Screen[0] Name: Built-in Retina Display
Screen[0] Size: 1800 x 1169 px
Screen[0] DPI: 72
Screen[0] Physical Size: 300.789mm x 195.346mm
Screen[1] Name: VG2748a
Screen[1] Size: 1920 x 1080 px
Screen[1] DPI: 72
Screen[1] Physical Size: 602.074mm x 338.667mm
==============================
[16:20:07.119]  [T:0x62fe9] I: [ initialize ] CAppRunningNotifier server is running
[16:20:07.119]  [T:0x62fe9] D: [LanguageManager] initSystemLanguage: loaded "en_US"
[16:20:07.527]  [T:0x62fe9] I: [ loadGoogleInterFonts ] [Font] Loaded: ":/Resources/fonts/Inter-Regular.ttf" -> families: "Inter"
[16:20:07.528]  [T:0x62fe9] I: [ loadGoogleInterFonts ] [Font] Loaded: ":/Resources/fonts/Inter-Medium.ttf" -> families: "Inter"
[16:20:07.530]  [T:0x62fe9] I: [ loadGoogleInterFonts ] [Font] Loaded: ":/Resources/fonts/Inter-SemiBold.ttf" -> families: "Inter"
[16:20:07.963]  [T:0x62fe9] I: [ CVsAiSensorManager ] VsAiSensor version: "1.0.8.0"
[16:20:07.981]  [T:0x62fe9] I: [ importConfig ] "userConfigPath:/Users/pmsd/Library/Application Support/vDisplay Manager"
[16:20:08.418]  [T:0x62fe9] I: [ init ] Initialize DisplayControl
[16:20:10.003]  [T:0x62fe9] I: [ init ] Initialize DisplayControl
[16:20:11.485]  [T:0x62fe9] I: [ isCatchMonitorsRight ] Test getVCP return : true
[16:20:11.486]  [T:0x62fe9] I: [ isCatchMonitorsRight ] Test getVCP value : 0
[16:20:11.587]  [T:0x62fe9] I: [ init ] Initialize DisplayControl
[16:20:13.072]  [T:0x62fe9] I: [ isCatchMonitorsRight ] Test getVCP return : true
[16:20:13.073]  [T:0x62fe9] I: [ isCatchMonitorsRight ] Test getVCP value : 0
[16:20:13.174]  [T:0x62fe9] I: [ init ] Initialize DisplayControl
[16:20:14.654]  [T:0x62fe9] I: [ isCatchMonitorsRight ] Test getVCP return : true
[16:20:14.655]  [T:0x62fe9] I: [ isCatchMonitorsRight ] Test getVCP value : 0
[16:20:14.756]  [T:0x62fe9] I: [ init ] Initialize DisplayControl
[16:20:16.233]  [T:0x62fe9] I: [ isCatchMonitorsRight ] Test getVCP return : true
[16:20:16.233]  [T:0x62fe9] I: [ isCatchMonitorsRight ] Test getVCP value : 0
[16:20:16.335]  [T:0x62fe9] I: [ init ] Initialize DisplayControl
[16:20:17.804]  [T:0x62fe9] I: [ isCatchMonitorsRight ] Test getVCP return : true
[16:20:17.804]  [T:0x62fe9] I: [ isCatchMonitorsRight ] Test getVCP value : 0
[16:20:17.905]  [T:0x62fe9] I: [ init ] Initialize DisplayControl
[16:20:19.393]  [T:0x62fe9] I: [ isCatchMonitorsRight ] Test getVCP return : true
[16:20:19.394]  [T:0x62fe9] I: [ isCatchMonitorsRight ] Test getVCP value : 0
[16:20:19.495]  [T:0x62fe9] I: [ init ] Initialize DisplayControl
[16:20:20.983]  [T:0x62fe9] I: [ isCatchMonitorsRight ] Test getVCP return : true
[16:20:20.983]  [T:0x62fe9] I: [ isCatchMonitorsRight ] Test getVCP value : 0
[16:20:21.085]  [T:0x62fe9] I: [ init ] Initialize DisplayControl
[16:20:22.568]  [T:0x62fe9] I: [ isCatchMonitorsRight ] Test getVCP return : true
[16:20:22.569]  [T:0x62fe9] I: [ isCatchMonitorsRight ] Test getVCP value : 0
[16:20:22.670]  [T:0x62fe9] I: [ init ] Initialize DisplayControl
[16:20:24.156]  [T:0x62fe9] I: [ isCatchMonitorsRight ] Test getVCP return : true
[16:20:24.156]  [T:0x62fe9] I: [ isCatchMonitorsRight ] Test getVCP value : 0
[16:20:24.258]  [T:0x62fe9] I: [ init ] Initialize DisplayControl
[16:20:25.746]  [T:0x62fe9] I: [ isCatchMonitorsRight ] Test getVCP return : true
[16:20:25.747]  [T:0x62fe9] I: [ isCatchMonitorsRight ] Test getVCP value : 0
[16:20:25.747]  [T:0x62fe9] D: modelName =  "VG2748a"
[16:20:26.019]  [T:0x62fe9] I: [ catchMonitors ] Monitor index:  1 / SN: "WTJ242500000" / Model Name: "VG2748a"
[16:20:26.019]  [T:0x62fe9] I: [ catchMonitors ] Monitor position: 1800 / Monitor position y: 0
[16:20:26.019]  [T:0x62fe9] I: [ catchMonitors ] Resolution is: 1920  *  1080
[16:20:26.019]  [T:0x62fe9] I: [ catchMonitors ] Firmware version is: "M001"
[16:20:27.474]  [T:0x62fe9] I: [ setVCPValue ] "Set VCP Name: Video Signal Auto Detect => 0x33, VCP value: On"
[16:20:27.475]  [T:0x62fe9] I: [ syncMonitorsAction ] Sync monitor:  "VG2748a"
[16:20:27.694]  [T:0x62fe9] I: [ getVCPValue ] VCP Description is  "Audio Mute" VCP value is  2 VCP option name: "Un-Mute the audio"
[16:20:28.012]  [T:0x62fe9] I: [ getVCPValue ] VCP Description is  "Signal Source List" VCP value is  0
[16:20:28.336]  [T:0x62fe9] I: [ getVCPValue ] VCP Description is  "Advanced DCR" VCP value is  0 VCP option name: "Advanced DCR Off"
[16:20:28.658]  [T:0x62fe9] I: [ getVCPValue ] VCP Description is  "Display Application" VCP value is  0 VCP option name: "Off"
[16:20:28.976]  [T:0x62fe9] I: [ getVCPValue ] VCP Description is  "Volume" VCP value is  50
[16:20:29.296]  [T:0x62fe9] I: [ getVCPValue ] VCP Description is  "Blue Light Filter" VCP value is  0
[16:20:29.618]  [T:0x62fe9] I: [ getVCPValue ] VCP Description is  "Contrast" VCP value is  70
[16:20:29.939]  [T:0x62fe9] I: [ getVCPValue ] VCP Description is  "Video Signal Auto Detect" VCP value is  2 VCP option name: "On"
[16:20:30.256]  [T:0x62fe9] I: [ getVCPValue ] VCP Description is  "Power Indicator" VCP value is  2 VCP option name: "On"
[16:20:30.575]  [T:0x62fe9] I: [ getVCPValue ] VCP Description is  "Brightness" VCP value is  0
[16:20:30.846]  [T:0x62fe9] I: [ getVCPValue ] VCP Description is  "Brightness" VCP value is  0
[16:20:31.119]  [T:0x62fe9] I: [ getVCPValue ] VCP Description is  "Brightness" VCP value is  0
[16:20:31.387]  [T:0x62fe9] I: [ getVCPValue ] VCP Description is  "Brightness" VCP value is  0
[16:20:31.660]  [T:0x62fe9] I: [ getVCPValue ] VCP Description is  "Brightness" VCP value is  0
[16:20:31.932]  [T:0x62fe9] I: [ getVCPValue ] VCP Description is  "Brightness" VCP value is  0
[16:20:32.208]  [T:0x62fe9] I: [ getVCPValue ] VCP Description is  "Brightness" VCP value is  0
[16:20:32.429]  [T:0x62fe9] I: [ getVCPValue ] VCP Description is  "Brightness" VCP value is  0
[16:20:32.646]  [T:0x62fe9] I: [ getVCPValue ] VCP Description is  "Brightness" VCP value is  0
[16:20:32.861]  [T:0x62fe9] I: [ getVCPValue ] VCP Description is  "Brightness" VCP value is  0
[16:20:33.132]  [T:0x62fe9] I: [ getVCPValue ] VCP Description is  "Brightness" VCP value is  0
[16:20:33.403]  [T:0x62fe9] I: [ getVCPValue ] VCP Description is  "Brightness" VCP value is  0
[16:20:33.673]  [T:0x62fe9] I: [ getVCPValue ] VCP Description is  "Brightness" VCP value is  0
[16:20:33.891]  [T:0x62fe9] I: [ getVCPValue ] VCP Description is  "Brightness" VCP value is  0
[16:20:34.162]  [T:0x62fe9] I: [ getVCPValue ] VCP Description is  "Brightness" VCP value is  0
[16:20:34.376]  [T:0x62fe9] I: [ getVCPValue ] VCP Description is  "Brightness" VCP value is  0
[16:20:34.649]  [T:0x62fe9] I: [ getVCPValue ] VCP Description is  "Brightness" VCP value is  0
[16:20:34.922]  [T:0x62fe9] I: [ getVCPValue ] VCP Description is  "Brightness" VCP value is  0
[16:20:35.198]  [T:0x62fe9] I: [ getVCPValue ] VCP Description is  "Brightness" VCP value is  0
[16:20:35.467]  [T:0x62fe9] I: [ getVCPValue ] VCP Description is  "Brightness" VCP value is  0
[16:20:35.468]  [T:0x62fe9] W: [ syncOneMonitorsVCPPolling ] Get VCP  "Brightness"  wrong. VCP value is "0"
[16:20:35.785]  [T:0x62fe9] I: [ getVCPValue ] VCP Description is  "Sharpness" VCP value is  2
[16:20:36.106]  [T:0x62fe9] I: [ getVCPValue ] VCP Description is  "Battery Information" VCP value is  65535
[16:20:36.429]  [T:0x62fe9] I: [ getVCPValue ] VCP Description is  "Input Selection" VCP value is  17 VCP option name: "Digital Video (TMDS) 3 HDMI 1"
[16:20:36.746]  [T:0x62fe9] I: [ getVCPValue ] VCP Description is  "Restore Factory Defaults" VCP value is  0
[16:20:36.848]  [T:0x62fe9] W: [ getData ] Failed to get data, data is empty CDisplayDatabaseCommand::DisplayDatabaseElements::AllMonitorVCPXORMap
[16:20:36.849]  [T:0x62fe9] W: [ getData ] Failed to get data, data is empty CDisplayDatabaseCommand::DisplayDatabaseElements::ALLMonitorVCPOptionMap
[16:20:36.849]  [T:0x62fe9] I: [ initializeAutoScreenPivot ] connectedMonitorSet:  QSet("VG2748a,WTJ242500000")
[16:20:36.849]  [T:0x62fe9] I: [ initializeAutoScreenPivot ] mAutoMonitorSet:  QSet()
[16:20:36.849]  [T:0x62fe9] I: [ operator() ] Register DisplayChangeEventHandler and set callback function
[16:20:36.850]  [T:0x62fe9] I: [ CMacWakeUpEventHandler ] Successful creation of WakeUp Event Handler
[16:20:36.851]  [T:0x62fe9] I: [ getValue ] No such key in JSON object:  std::vector("focused_attention", "enable")
[16:20:36.851]  [T:0x62fe9] I: [ setCConfigModule ] mEnableDetect from config: false
[16:20:36.852]  [T:0x62fe9] D: [ convertToRegexPatternAppVersion ] "[ GA4 ] Error         : RegexAppVerion Validate FAIL - Invalid format: [3.2.0.1006]"
[16:20:36.852]  [T:0x62fe9] D: [ convertToRegexPatternAppVersion ] "[ GA4 ] OK            : RegexAppVerion Validate OK: [v3.2.0.1006]"
[16:20:37.067]  [T:0x62fe9] I: [ getVCPValue ] VCP Description is  "Input Selection" VCP value is  17 VCP option name: "Digital Video (TMDS) 3 HDMI 1"
[16:20:37.067]  [T:0x62fe9] D: [ convertToRegexPatternCommon ] "[ GA4 ] Error         : RegexCommon Validate FAIL - Invalid format: [Digital Video (TMDS) 3 HDMI 1]"
[16:20:37.067]  [T:0x62fe9] D: [ convertToRegexPatternCommon ] "[ GA4 ] Fix           : Remove unmatch characters - format: [DigitalVideoTMDS3HDMI1]"
[16:20:37.068]  [T:0x62fe9] D: [ logJsonToFile ] [ GA4 ] Measurement ID: "G-KKDK7WGP01"
[16:20:37.068]  [T:0x62fe9] D: [ logJsonToFile ] [ GA4 ] API Secret    : "fPUEw5twT0m0JCHyRiP-Ww"
[16:20:37.068]  [T:0x62fe9] D: [ logJsonToFile ] [ GA4 ] Client ID     : "03a96d174f6610cbe0338e0b7c5baeb9fe6c9cbcfbc85027a2e8474f885ed1b1"
[16:20:37.068]  [T:0x62fe9] D: [ logJsonToFile ] [ GA4 ] Payload       :
: "{\n    \"client_id\": \"03a96d174f6610cbe0338e0b7c5baeb9fe6c9cbcfbc85027a2e8474f885ed1b1\",\n    \"events\": [\n        {\n            \"name\": \"app_open\",\n            \"params\": {\n                \"OS_version\": \"Mac\",\n                \"app_version\": \"v3.2.0.1006\",\n                \"connected_monitor\": \"VG2748a\",\n                \"video_port\": \"DigitalVideoTMDS3HDMI1\"\n            }\n        }\n    ]\n}\n"
[16:20:37.340]  [T:0x62fe9] D: [ logJsonToFile ] [ GA4 ] Measurement ID: "G-KKDK7WGP01"
[16:20:37.340]  [T:0x62fe9] D: [ logJsonToFile ] [ GA4 ] API Secret    : "fPUEw5twT0m0JCHyRiP-Ww"
[16:20:37.340]  [T:0x62fe9] D: [ logJsonToFile ] [ GA4 ] Client ID     : "03a96d174f6610cbe0338e0b7c5baeb9fe6c9cbcfbc85027a2e8474f885ed1b1"
[16:20:37.340]  [T:0x62fe9] D: [ logJsonToFile ] [ GA4 ] Payload       :
: "{\n    \"client_id\": \"03a96d174f6610cbe0338e0b7c5baeb9fe6c9cbcfbc85027a2e8474f885ed1b1\",\n    \"events\": [\n        {\n            \"name\": \"select_monitor\",\n            \"params\": {\n                \"OS_version\": \"Mac\",\n                \"monitor_model\": \"VG2748a\"\n            }\n        }\n    ]\n}\n"
[16:20:37.340]  [T:0x62fe9] D: [ convertToRegexPatternCommon ] "[ GA4 ] Error         : RegexCommon Validate FAIL - Invalid format: [Digital Video (TMDS) 3 HDMI 1]"
[16:20:37.340]  [T:0x62fe9] D: [ convertToRegexPatternCommon ] "[ GA4 ] Fix           : Remove unmatch characters - format: [DigitalVideoTMDS3HDMI1]"
[16:20:37.340]  [T:0x62fe9] D: [ logJsonToFile ] [ GA4 ] Measurement ID: "G-KKDK7WGP01"
[16:20:37.340]  [T:0x62fe9] D: [ logJsonToFile ] [ GA4 ] API Secret    : "fPUEw5twT0m0JCHyRiP-Ww"
[16:20:37.340]  [T:0x62fe9] D: [ logJsonToFile ] [ GA4 ] Client ID     : "03a96d174f6610cbe0338e0b7c5baeb9fe6c9cbcfbc85027a2e8474f885ed1b1"
[16:20:37.340]  [T:0x62fe9] D: [ logJsonToFile ] [ GA4 ] Payload       :
: "{\n    \"client_id\": \"03a96d174f6610cbe0338e0b7c5baeb9fe6c9cbcfbc85027a2e8474f885ed1b1\",\n    \"events\": [\n        {\n            \"name\": \"input_source\",\n            \"params\": {\n                \"OS_version\": \"Mac\",\n                \"auto_input_source\": \"on\",\n                \"manual_input_source\": \"DigitalVideoTMDS3HDMI1\"\n            }\n        }\n    ]\n}\n"
[16:20:37.340]  [T:0x62fe9] D: [ logJsonToFile ] [ GA4 ] Measurement ID: "G-KKDK7WGP01"
[16:20:37.340]  [T:0x62fe9] D: [ logJsonToFile ] [ GA4 ] API Secret    : "fPUEw5twT0m0JCHyRiP-Ww"
[16:20:37.341]  [T:0x62fe9] D: [ logJsonToFile ] [ GA4 ] Client ID     : "03a96d174f6610cbe0338e0b7c5baeb9fe6c9cbcfbc85027a2e8474f885ed1b1"
[16:20:37.341]  [T:0x62fe9] D: [ logJsonToFile ] [ GA4 ] Payload       :
: "{\n    \"client_id\": \"03a96d174f6610cbe0338e0b7c5baeb9fe6c9cbcfbc85027a2e8474f885ed1b1\",\n    \"events\": [\n        {\n            \"name\": \"screen_pivot\",\n            \"params\": {\n                \"OS_version\": \"Mac\",\n                \"auto_pivot\": \"off\"\n            }\n        }\n    ]\n}\n"
[16:20:37.341]  [T:0x62fe9] D: [ convertToRegexPatternCommon ] "[ GA4 ] Error         : RegexCommon Validate FAIL - Invalid format: [Off]"
[16:20:37.341]  [T:0x62fe9] D: [ convertToRegexPatternCommon ] "[ GA4 ] Fix           : Remove unmatch characters - format: [Off]"
[16:20:37.341]  [T:0x62fe9] D: [ logJsonToFile ] [ GA4 ] Measurement ID: "G-KKDK7WGP01"
[16:20:37.341]  [T:0x62fe9] D: [ logJsonToFile ] [ GA4 ] API Secret    : "fPUEw5twT0m0JCHyRiP-Ww"
[16:20:37.341]  [T:0x62fe9] D: [ logJsonToFile ] [ GA4 ] Client ID     : "03a96d174f6610cbe0338e0b7c5baeb9fe6c9cbcfbc85027a2e8474f885ed1b1"
[16:20:37.341]  [T:0x62fe9] D: [ logJsonToFile ] [ GA4 ] Payload       :
: "{\n    \"client_id\": \"03a96d174f6610cbe0338e0b7c5baeb9fe6c9cbcfbc85027a2e8474f885ed1b1\",\n    \"events\": [\n        {\n            \"name\": \"view_mode\",\n            \"params\": {\n                \"OS_version\": \"Mac\",\n                \"view_mode\": \"Off\"\n            }\n        }\n    ]\n}\n"
[16:20:37.815]  [T:0x62fe9] D: AppScale.scaleFactor: 1
[16:20:37.815]  [T:0x62fe9] D: AppScale.windowHeight: 787
[16:20:37.922]  [T:0x62fe9] W: Layer-backing is always enabled.  QT_MAC_WANTS_LAYER/_q_mac_wantsLayer has no effect.
[16:20:37.928]  [T:0x62fe9] D: intellgenceCondition: false
[16:20:37.928]  [T:0x62fe9] D: Width: 1000
[16:20:37.928]  [T:0x62fe9] D: Height: 787
[16:20:37.928]  [T:0x62fe9] D: Minimum Width: 1000
[16:20:37.928]  [T:0x62fe9] D: Minimum Height: 787
[16:20:37.928]  [T:0x62fe9] D: _mainApplicationWindow.x: 400
[16:20:37.928]  [T:0x62fe9] D: _mainApplicationWindow.y: 170
[16:20:37.932]  [T:0x62fe9] W: [ getVCPValue ] No VCP value
[16:20:37.932]  [T:0x62fe9] W: [ getData ] Data type is wrong CDisplayDatabaseCommand::DisplayDatabaseElements::VCPValue QVariant(QVariantList, QList(QVariant(int, 0), QVariant(QString, "Color Temperature")))
[16:20:37.933]  [T:0x62fe9] W: [ getVCPValueByIndex ] Failed to get VCP value "Color Temperature" QVariant(int, 0)
[16:20:37.933]  [T:0x62fe9] W: [ VDMCustomComboBox.qml::_selfRectangle::updateUI() ], Get wrong vcp value, value is empty, description is: Color Temperature
[16:20:37.933]  [T:0x62fe9] W: [ getVCPValueByMonitorIndex ] No VCP value
[16:20:37.933]  [T:0x62fe9] W: [ getData ] Data type is wrong CDisplayDatabaseCommand::DisplayDatabaseElements::VCPValueByMonitorIndex QVariant(QVariantList, QList(QVariant(int, 0), QVariant(QString, "Color Temperature")))
[16:20:38.045]  [T:0x62fe9] D: [VDMCustomSlider] updateUI OK, description = Brightness
[16:20:38.045]  [T:0x62fe9] D: [VDMCustomSlider] updateUI OK, description = Contrast
[16:20:38.046]  [T:0x62fe9] D: [VDMCustomSlider] updateUI OK, description = Sharpness
[16:20:38.046]  [T:0x62fe9] D: [VDMCustomSlider] updateUI OK, description = Blue Light Filter
[16:20:38.046]  [T:0x62fe9] D: [VDMCustomSlider] updateUI OK, description = Volume
[16:20:38.220]  [T:0x62fe9] D: [ operator() ] "[ GA4 ] OK            : GA4 event [view_mode] sent successfully. Response: "
[16:20:38.220]  [T:0x62fe9] D: [ operator() ] "[ GA4 ] OK            : GA4 event [input_source] sent successfully. Response: "
[16:20:38.220]  [T:0x62fe9] D: [ operator() ] "[ GA4 ] OK            : GA4 event [screen_pivot] sent successfully. Response: "
[16:20:38.220]  [T:0x62fe9] D: [ operator() ] "[ GA4 ] OK            : GA4 event [select_monitor] sent successfully. Response: "
[16:20:38.220]  [T:0x62fe9] D: [ operator() ] "[ GA4 ] OK            : GA4 event [app_open] sent successfully. Response: "
[16:20:38.245]  [T:0xd8a53] I: [ setVCPValue ] "Set VCP Name: Video Signal Auto Detect => 0x33, VCP value: On"
[16:20:38.245]  [T:0x62fe9] D: [VDMCustomSlider] updateUI OK, description = Brightness
[16:20:38.245]  [T:0x62fe9] D: [VDMCustomSlider] updateUI OK, description = Contrast
[16:20:38.245]  [T:0x62fe9] D: [VDMCustomSlider] updateUI OK, description = Sharpness
[16:20:38.245]  [T:0x62fe9] D: [VDMCustomSlider] updateUI OK, description = Blue Light Filter
[16:20:38.245]  [T:0x62fe9] D: [VDMCustomSlider] updateUI OK, description = Volume
[16:20:38.246]  [T:0x62fe9] W: [ getVCPValue ] No VCP value
[16:20:38.246]  [T:0x62fe9] W: [ getData ] Data type is wrong CDisplayDatabaseCommand::DisplayDatabaseElements::VCPValue QVariant(QVariantList, QList(QVariant(int, 0), QVariant(QString, "Color Temperature")))
[16:20:38.246]  [T:0x62fe9] W: [ getVCPValueByIndex ] Failed to get VCP value "Color Temperature" QVariant(int, 0)
[16:20:38.246]  [T:0x62fe9] W: [ VDMCustomComboBox.qml::_selfRectangle::updateUI() ], Get wrong vcp value, value is empty, description is: Color Temperature
[16:20:38.246]  [T:0x62fe9] W: [ getVCPValueByMonitorIndex ] No VCP value
[16:20:38.246]  [T:0x62fe9] W: [ getData ] Data type is wrong CDisplayDatabaseCommand::DisplayDatabaseElements::VCPValueByMonitorIndex QVariant(QVariantList, QList(QVariant(int, 0), QVariant(QString, "Color Temperature")))
[16:20:38.508]  [T:0x62fe9] D: isSupportAIMode:false
[16:20:38.509]  [T:0x62fe9] D: isSupportAIMode:false
[16:21:30.451]  [T:0x62fe9] D: [ logJsonToFile ] [ GA4 ] Measurement ID: "G-KKDK7WGP01"
[16:21:30.451]  [T:0x62fe9] D: [ logJsonToFile ] [ GA4 ] API Secret    : "fPUEw5twT0m0JCHyRiP-Ww"
[16:21:30.451]  [T:0x62fe9] D: [ logJsonToFile ] [ GA4 ] Client ID     : "03a96d174f6610cbe0338e0b7c5baeb9fe6c9cbcfbc85027a2e8474f885ed1b1"
[16:21:30.451]  [T:0x62fe9] D: [ logJsonToFile ] [ GA4 ] Payload       :
: "{\n    \"client_id\": \"03a96d174f6610cbe0338e0b7c5baeb9fe6c9cbcfbc85027a2e8474f885ed1b1\",\n    \"events\": [\n        {\n            \"name\": \"display_control\",\n            \"params\": {\n                \"OS_version\": \"Mac\",\n                \"brightness\": 1\n            }\n        }\n    ]\n}\n"
[16:21:30.474]  [T:0x62fe9] D: [ operator() ] "[ GA4 ] OK            : GA4 event [display_control] sent successfully. Response: "
[16:21:30.870]  [T:0xb49f2] I: [ setVCPValue ] "Set VCP Name: Brightness => 0x10, VCP value: 100"
[16:21:30.870]  [T:0x62fe9] D: [VDMCustomSlider] updateUI OK, description = Brightness
[16:21:30.870]  [T:0x62fe9] D: [VDMCustomSlider] updateUI OK, description = Contrast
[16:21:30.870]  [T:0x62fe9] D: [VDMCustomSlider] updateUI OK, description = Sharpness
[16:21:30.871]  [T:0x62fe9] D: [VDMCustomSlider] updateUI OK, description = Blue Light Filter
[16:21:30.871]  [T:0x62fe9] D: [VDMCustomSlider] updateUI OK, description = Volume
[16:21:30.871]  [T:0x62fe9] W: [ getVCPValue ] No VCP value
[16:21:30.871]  [T:0x62fe9] W: [ getData ] Data type is wrong CDisplayDatabaseCommand::DisplayDatabaseElements::VCPValue QVariant(QVariantList, QList(QVariant(int, 0), QVariant(QString, "Color Temperature")))
[16:21:30.871]  [T:0x62fe9] W: [ getVCPValueByIndex ] Failed to get VCP value "Color Temperature" QVariant(int, 0)
[16:21:30.871]  [T:0x62fe9] W: [ VDMCustomComboBox.qml::_selfRectangle::updateUI() ], Get wrong vcp value, value is empty, description is: Color Temperature
[16:21:30.871]  [T:0x62fe9] W: [ getVCPValueByMonitorIndex ] No VCP value
[16:21:30.871]  [T:0x62fe9] W: [ getData ] Data type is wrong CDisplayDatabaseCommand::DisplayDatabaseElements::VCPValueByMonitorIndex QVariant(QVariantList, QList(QVariant(int, 0), QVariant(QString, "Color Temperature")))
[16:22:14.149]  [T:0x62fe9] I: [ setAutoPivotThread ] AutoPivotWorkThread stopped
[16:22:14.150]  [T:0x62fe9] I: [ CleanOldLogs ] Clean logs
