===== System Information =====
Time: 2025-10-30T05:01:34.121
App: vDisplayManager
App Version: 3.2.0.1030
Qt Version: 6.5.3
OS: macOS 15.4
CPU Arch: arm64
Screen[0] Name: Built-in Retina Display
Screen[0] Size: 1800 x 1169 px
Screen[0] DPI: 72
Screen[0] Physical Size: 300.789mm x 195.346mm
Screen[1] Name: VG2748a
Screen[1] Size: 1920 x 1080 px
Screen[1] DPI: 72
Screen[1] Physical Size: 602.074mm x 338.667mm
==============================
[05:01:34.121]  [T:0x00e62] I: [ initialize ] CAppRunningNotifier server is running
[05:01:34.121]  [T:0x00e62] D: [LanguageManager] initSystemLanguage: loaded "en_US"
[05:01:34.535]  [T:0x00e62] I: [ loadGoogleInterFonts ] [Font] Loaded: ":/Resources/fonts/Inter-Regular.ttf" -> families: "Inter"
[05:01:34.537]  [T:0x00e62] I: [ loadGoogleInterFonts ] [Font] Loaded: ":/Resources/fonts/Inter-Medium.ttf" -> families: "Inter"
[05:01:34.538]  [T:0x00e62] I: [ loadGoogleInterFonts ] [Font] Loaded: ":/Resources/fonts/Inter-SemiBold.ttf" -> families: "Inter"
[05:01:34.968]  [T:0x00e62] I: [ CVsAiSensorManager ] VsAiSensor version: "1.0.8.0"
[05:01:34.990]  [T:0x00e62] I: [ importConfig ] "userConfigPath:/Users/pmsd/Library/Application Support/vDisplay Manager"
[05:01:35.428]  [T:0x00e62] I: [ init ] Initialize DisplayControl
[05:01:36.695]  [T:0x00e62] D: modelName =  "VG2748a"
[05:01:37.445]  [T:0x00e62] I: [ catchMonitors ] Monitor index:  1 / SN: "WTJ242500000" / Model Name: "VG2748a"
[05:01:37.445]  [T:0x00e62] I: [ catchMonitors ] Monitor position: 1800 / Monitor position y: 0
[05:01:37.445]  [T:0x00e62] I: [ catchMonitors ] Resolution is: 1920  *  1080
[05:01:37.445]  [T:0x00e62] I: [ catchMonitors ] Firmware version is: "M001"
[05:01:38.914]  [T:0x00e62] I: [ setVCPValue ] "Set VCP Name: Video Signal Auto Detect => 0x33, VCP value: On"
[05:01:38.915]  [T:0x00e62] I: [ syncMonitorsAction ] Sync monitor:  "VG2748a"
[05:01:39.128]  [T:0x00e62] I: [ getVCPValue ] VCP Description is  "Brightness" VCP value is  90
[05:01:39.447]  [T:0x00e62] I: [ getVCPValue ] VCP Description is  "Signal Source List" VCP value is  16385
[05:01:39.763]  [T:0x00e62] I: [ getVCPValue ] VCP Description is  "Contrast" VCP value is  70
[05:01:40.083]  [T:0x00e62] I: [ getVCPValue ] VCP Description is  "Video Signal Auto Detect" VCP value is  2 VCP option name: "On"
[05:01:40.403]  [T:0x00e62] I: [ getVCPValue ] VCP Description is  "Battery Information" VCP value is  65535
[05:01:40.730]  [T:0x00e62] I: [ getVCPValue ] VCP Description is  "Display Application" VCP value is  0 VCP option name: "Off"
[05:01:41.046]  [T:0x00e62] I: [ getVCPValue ] VCP Description is  "Advanced DCR" VCP value is  0 VCP option name: "Advanced DCR Off"
[05:01:41.367]  [T:0x00e62] I: [ getVCPValue ] VCP Description is  "Power Indicator" VCP value is  2 VCP option name: "On"
[05:01:41.689]  [T:0x00e62] I: [ getVCPValue ] VCP Description is  "Restore Factory Defaults" VCP value is  0
[05:01:42.007]  [T:0x00e62] I: [ getVCPValue ] VCP Description is  "Blue Light Filter" VCP value is  0
[05:01:42.333]  [T:0x00e62] I: [ getVCPValue ] VCP Description is  "Audio Mute" VCP value is  2 VCP option name: "Un-Mute the audio"
[05:01:42.655]  [T:0x00e62] I: [ getVCPValue ] VCP Description is  "Input Selection" VCP value is  17 VCP option name: "Digital Video (TMDS) 3 HDMI 1"
[05:01:42.970]  [T:0x00e62] I: [ getVCPValue ] VCP Description is  "Volume" VCP value is  50
[05:01:43.291]  [T:0x00e62] I: [ getVCPValue ] VCP Description is  "Sharpness" VCP value is  2
[05:01:43.392]  [T:0x00e62] W: [ getData ] Failed to get data, data is empty CDisplayDatabaseCommand::DisplayDatabaseElements::AllMonitorVCPXORMap
[05:01:43.393]  [T:0x00e62] W: [ getData ] Failed to get data, data is empty CDisplayDatabaseCommand::DisplayDatabaseElements::ALLMonitorVCPOptionMap
[05:01:43.393]  [T:0x00e62] I: [ initializeAutoScreenPivot ] connectedMonitorSet:  QSet("VG2748a,WTJ242500000")
[05:01:43.394]  [T:0x00e62] I: [ initializeAutoScreenPivot ] mAutoMonitorSet:  QSet()
[05:01:43.394]  [T:0x00e62] I: [ operator() ] Register DisplayChangeEventHandler and set callback function
[05:01:43.394]  [T:0x00e62] I: [ CMacWakeUpEventHandler ] Successful creation of WakeUp Event Handler
[05:01:43.395]  [T:0x00e62] I: [ getValue ] No such key in JSON object:  std::vector("focused_attention", "enable")
[05:01:43.396]  [T:0x00e62] I: [ setCConfigModule ] mEnableDetect from config: false
[05:01:43.396]  [T:0x00e62] D: [ convertToRegexPatternAppVersion ] "[ GA4 ] Error         : RegexAppVerion Validate FAIL - Invalid format: [3.2.0.1030]"
[05:01:43.396]  [T:0x00e62] D: [ convertToRegexPatternAppVersion ] "[ GA4 ] OK            : RegexAppVerion Validate OK: [v3.2.0.1030]"
[05:01:43.609]  [T:0x00e62] I: [ getVCPValue ] VCP Description is  "Input Selection" VCP value is  17 VCP option name: "Digital Video (TMDS) 3 HDMI 1"
[05:01:43.609]  [T:0x00e62] D: [ convertToRegexPatternCommon ] "[ GA4 ] Error         : RegexCommon Validate FAIL - Invalid format: [Digital Video (TMDS) 3 HDMI 1]"
[05:01:43.609]  [T:0x00e62] D: [ convertToRegexPatternCommon ] "[ GA4 ] Fix           : Remove unmatch characters - format: [DigitalVideoTMDS3HDMI1]"
[05:01:43.610]  [T:0x00e62] D: [ logJsonToFile ] [ GA4 ] Measurement ID: "G-KKDK7WGP01"
[05:01:43.610]  [T:0x00e62] D: [ logJsonToFile ] [ GA4 ] API Secret    : "fPUEw5twT0m0JCHyRiP-Ww"
[05:01:43.610]  [T:0x00e62] D: [ logJsonToFile ] [ GA4 ] Client ID     : "b018b7099fc58c7beb053768e111032f2e57938d601230ca1d1c528f8d063088"
[05:01:43.610]  [T:0x00e62] D: [ logJsonToFile ] [ GA4 ] Payload       :
: "{\n    \"client_id\": \"b018b7099fc58c7beb053768e111032f2e57938d601230ca1d1c528f8d063088\",\n    \"events\": [\n        {\n            \"name\": \"app_open\",\n            \"params\": {\n                \"OS_version\": \"Mac\",\n                \"app_version\": \"v3.2.0.1030\",\n                \"connected_monitor\": \"VG2748a\",\n                \"video_port\": \"DigitalVideoTMDS3HDMI1\"\n            }\n        }\n    ]\n}\n"
[05:01:43.889]  [T:0x00e62] D: [ logJsonToFile ] [ GA4 ] Measurement ID: "G-KKDK7WGP01"
[05:01:43.889]  [T:0x00e62] D: [ logJsonToFile ] [ GA4 ] API Secret    : "fPUEw5twT0m0JCHyRiP-Ww"
[05:01:43.889]  [T:0x00e62] D: [ logJsonToFile ] [ GA4 ] Client ID     : "b018b7099fc58c7beb053768e111032f2e57938d601230ca1d1c528f8d063088"
[05:01:43.889]  [T:0x00e62] D: [ logJsonToFile ] [ GA4 ] Payload       :
: "{\n    \"client_id\": \"b018b7099fc58c7beb053768e111032f2e57938d601230ca1d1c528f8d063088\",\n    \"events\": [\n        {\n            \"name\": \"select_monitor\",\n            \"params\": {\n                \"OS_version\": \"Mac\",\n                \"monitor_model\": \"VG2748a\"\n            }\n        }\n    ]\n}\n"
[05:01:43.889]  [T:0x00e62] D: [ convertToRegexPatternCommon ] "[ GA4 ] Error         : RegexCommon Validate FAIL - Invalid format: [Digital Video (TMDS) 3 HDMI 1]"
[05:01:43.889]  [T:0x00e62] D: [ convertToRegexPatternCommon ] "[ GA4 ] Fix           : Remove unmatch characters - format: [DigitalVideoTMDS3HDMI1]"
[05:01:43.889]  [T:0x00e62] D: [ logJsonToFile ] [ GA4 ] Measurement ID: "G-KKDK7WGP01"
[05:01:43.889]  [T:0x00e62] D: [ logJsonToFile ] [ GA4 ] API Secret    : "fPUEw5twT0m0JCHyRiP-Ww"
[05:01:43.889]  [T:0x00e62] D: [ logJsonToFile ] [ GA4 ] Client ID     : "b018b7099fc58c7beb053768e111032f2e57938d601230ca1d1c528f8d063088"
[05:01:43.889]  [T:0x00e62] D: [ logJsonToFile ] [ GA4 ] Payload       :
: "{\n    \"client_id\": \"b018b7099fc58c7beb053768e111032f2e57938d601230ca1d1c528f8d063088\",\n    \"events\": [\n        {\n            \"name\": \"input_source\",\n            \"params\": {\n                \"OS_version\": \"Mac\",\n                \"auto_input_source\": \"on\",\n                \"manual_input_source\": \"DigitalVideoTMDS3HDMI1\"\n            }\n        }\n    ]\n}\n"
[05:01:43.889]  [T:0x00e62] D: [ logJsonToFile ] [ GA4 ] Measurement ID: "G-KKDK7WGP01"
[05:01:43.889]  [T:0x00e62] D: [ logJsonToFile ] [ GA4 ] API Secret    : "fPUEw5twT0m0JCHyRiP-Ww"
[05:01:43.889]  [T:0x00e62] D: [ logJsonToFile ] [ GA4 ] Client ID     : "b018b7099fc58c7beb053768e111032f2e57938d601230ca1d1c528f8d063088"
[05:01:43.889]  [T:0x00e62] D: [ logJsonToFile ] [ GA4 ] Payload       :
: "{\n    \"client_id\": \"b018b7099fc58c7beb053768e111032f2e57938d601230ca1d1c528f8d063088\",\n    \"events\": [\n        {\n            \"name\": \"screen_pivot\",\n            \"params\": {\n                \"OS_version\": \"Mac\",\n                \"auto_pivot\": \"off\"\n            }\n        }\n    ]\n}\n"
[05:01:43.889]  [T:0x00e62] D: [ convertToRegexPatternCommon ] "[ GA4 ] Error         : RegexCommon Validate FAIL - Invalid format: [Off]"
[05:01:43.889]  [T:0x00e62] D: [ convertToRegexPatternCommon ] "[ GA4 ] Fix           : Remove unmatch characters - format: [Off]"
[05:01:43.889]  [T:0x00e62] D: [ logJsonToFile ] [ GA4 ] Measurement ID: "G-KKDK7WGP01"
[05:01:43.889]  [T:0x00e62] D: [ logJsonToFile ] [ GA4 ] API Secret    : "fPUEw5twT0m0JCHyRiP-Ww"
[05:01:43.889]  [T:0x00e62] D: [ logJsonToFile ] [ GA4 ] Client ID     : "b018b7099fc58c7beb053768e111032f2e57938d601230ca1d1c528f8d063088"
[05:01:43.889]  [T:0x00e62] D: [ logJsonToFile ] [ GA4 ] Payload       :
: "{\n    \"client_id\": \"b018b7099fc58c7beb053768e111032f2e57938d601230ca1d1c528f8d063088\",\n    \"events\": [\n        {\n            \"name\": \"view_mode\",\n            \"params\": {\n                \"OS_version\": \"Mac\",\n                \"view_mode\": \"Off\"\n            }\n        }\n    ]\n}\n"
[05:01:44.379]  [T:0x00e62] D: AppScale.scaleFactor: 1
[05:01:44.379]  [T:0x00e62] D: AppScale.windowHeight: 787
[05:01:44.467]  [T:0x00e62] W: Layer-backing is always enabled.  QT_MAC_WANTS_LAYER/_q_mac_wantsLayer has no effect.
[05:01:44.470]  [T:0x00e62] D: intellgenceCondition: false
[05:01:44.470]  [T:0x00e62] D: Width: 1000
[05:01:44.470]  [T:0x00e62] D: Height: 787
[05:01:44.471]  [T:0x00e62] D: Minimum Width: 1000
[05:01:44.471]  [T:0x00e62] D: Minimum Height: 787
[05:01:44.471]  [T:0x00e62] D: _mainApplicationWindow.x: 400
[05:01:44.471]  [T:0x00e62] D: _mainApplicationWindow.y: 170
[05:01:44.474]  [T:0x00e62] W: [ getVCPValue ] No VCP value
[05:01:44.475]  [T:0x00e62] W: [ getData ] Data type is wrong CDisplayDatabaseCommand::DisplayDatabaseElements::VCPValue QVariant(QVariantList, QList(QVariant(int, 0), QVariant(QString, "Color Temperature")))
[05:01:44.475]  [T:0x00e62] W: [ getVCPValueByIndex ] Failed to get VCP value "Color Temperature" QVariant(int, 0)
[05:01:44.475]  [T:0x00e62] W: [ VDMCustomComboBox.qml::_selfRectangle::updateUI() ], Get wrong vcp value, value is empty, description is: Color Temperature
[05:01:44.475]  [T:0x00e62] W: [ getVCPValueByMonitorIndex ] No VCP value
[05:01:44.475]  [T:0x00e62] W: [ getData ] Data type is wrong CDisplayDatabaseCommand::DisplayDatabaseElements::VCPValueByMonitorIndex QVariant(QVariantList, QList(QVariant(int, 0), QVariant(QString, "Color Temperature")))
[05:01:44.650]  [T:0x00e62] D: [VDMCustomSlider] updateUI OK, description = Brightness
[05:01:44.650]  [T:0x00e62] D: [VDMCustomSlider] updateUI OK, description = Contrast
[05:01:44.650]  [T:0x00e62] D: [VDMCustomSlider] updateUI OK, description = Sharpness
[05:01:44.651]  [T:0x00e62] D: [VDMCustomSlider] updateUI OK, description = Blue Light Filter
[05:01:44.651]  [T:0x00e62] D: [VDMCustomSlider] updateUI OK, description = Volume
[05:01:44.694]  [T:0x00e62] D: [ operator() ] "[ GA4 ] OK            : GA4 event [view_mode] sent successfully. Response: "
[05:01:44.695]  [T:0x00e62] D: [ operator() ] "[ GA4 ] OK            : GA4 event [screen_pivot] sent successfully. Response: "
[05:01:44.695]  [T:0x00e62] D: [ operator() ] "[ GA4 ] OK            : GA4 event [select_monitor] sent successfully. Response: "
[05:01:44.695]  [T:0x00e62] D: [ operator() ] "[ GA4 ] OK            : GA4 event [input_source] sent successfully. Response: "
[05:01:44.695]  [T:0x00e62] D: [ operator() ] "[ GA4 ] OK            : GA4 event [app_open] sent successfully. Response: "
[05:01:44.787]  [T:0xbd4c3] I: [ setVCPValue ] "Set VCP Name: Video Signal Auto Detect => 0x33, VCP value: On"
[05:01:44.787]  [T:0x00e62] D: [VDMCustomSlider] updateUI OK, description = Brightness
[05:01:44.787]  [T:0x00e62] D: [VDMCustomSlider] updateUI OK, description = Contrast
[05:01:44.787]  [T:0x00e62] D: [VDMCustomSlider] updateUI OK, description = Sharpness
[05:01:44.787]  [T:0x00e62] D: [VDMCustomSlider] updateUI OK, description = Blue Light Filter
[05:01:44.787]  [T:0x00e62] D: [VDMCustomSlider] updateUI OK, description = Volume
[05:01:44.788]  [T:0x00e62] W: [ getVCPValue ] No VCP value
[05:01:44.788]  [T:0x00e62] W: [ getData ] Data type is wrong CDisplayDatabaseCommand::DisplayDatabaseElements::VCPValue QVariant(QVariantList, QList(QVariant(int, 0), QVariant(QString, "Color Temperature")))
[05:01:44.788]  [T:0x00e62] W: [ getVCPValueByIndex ] Failed to get VCP value "Color Temperature" QVariant(int, 0)
[05:01:44.788]  [T:0x00e62] W: [ VDMCustomComboBox.qml::_selfRectangle::updateUI() ], Get wrong vcp value, value is empty, description is: Color Temperature
[05:01:44.788]  [T:0x00e62] W: [ getVCPValueByMonitorIndex ] No VCP value
[05:01:44.788]  [T:0x00e62] W: [ getData ] Data type is wrong CDisplayDatabaseCommand::DisplayDatabaseElements::VCPValueByMonitorIndex QVariant(QVariantList, QList(QVariant(int, 0), QVariant(QString, "Color Temperature")))
[05:01:45.056]  [T:0x00e62] D: isSupportAIMode:false
[05:01:45.057]  [T:0x00e62] D: isSupportAIMode:false
[05:02:10.903]  [T:0xbd4c3] I: [ setVCPValue ] "Set VCP Name: Video Signal Auto Detect => 0x33, VCP value: Off"
[05:02:10.904]  [T:0x00e62] D: [VDMCustomSlider] updateUI OK, description = Brightness
[05:02:10.904]  [T:0x00e62] D: [VDMCustomSlider] updateUI OK, description = Contrast
[05:02:10.904]  [T:0x00e62] D: [VDMCustomSlider] updateUI OK, description = Sharpness
[05:02:10.904]  [T:0x00e62] D: [VDMCustomSlider] updateUI OK, description = Blue Light Filter
[05:02:10.904]  [T:0x00e62] D: [VDMCustomSlider] updateUI OK, description = Volume
[05:02:10.904]  [T:0x00e62] W: [ getVCPValue ] No VCP value
[05:02:10.904]  [T:0x00e62] W: [ getData ] Data type is wrong CDisplayDatabaseCommand::DisplayDatabaseElements::VCPValue QVariant(QVariantList, QList(QVariant(int, 0), QVariant(QString, "Color Temperature")))
[05:02:10.904]  [T:0x00e62] W: [ getVCPValueByIndex ] Failed to get VCP value "Color Temperature" QVariant(int, 0)
[05:02:10.905]  [T:0x00e62] W: [ VDMCustomComboBox.qml::_selfRectangle::updateUI() ], Get wrong vcp value, value is empty, description is: Color Temperature
[05:02:10.905]  [T:0x00e62] W: [ getVCPValueByMonitorIndex ] No VCP value
[05:02:10.905]  [T:0x00e62] W: [ getData ] Data type is wrong CDisplayDatabaseCommand::DisplayDatabaseElements::VCPValueByMonitorIndex QVariant(QVariantList, QList(QVariant(int, 0), QVariant(QString, "Color Temperature")))
[05:02:10.905]  [T:0x00e62] D: [ convertToRegexPatternCommon ] "[ GA4 ] Error         : RegexCommon Validate FAIL - Invalid format: [Digital Video (TMDS) 3 HDMI 1]"
[05:02:10.905]  [T:0x00e62] D: [ convertToRegexPatternCommon ] "[ GA4 ] Fix           : Remove unmatch characters - format: [DigitalVideoTMDS3HDMI1]"
[05:02:10.905]  [T:0x00e62] D: [ logJsonToFile ] [ GA4 ] Measurement ID: "G-KKDK7WGP01"
[05:02:10.905]  [T:0x00e62] D: [ logJsonToFile ] [ GA4 ] API Secret    : "fPUEw5twT0m0JCHyRiP-Ww"
[05:02:10.905]  [T:0x00e62] D: [ logJsonToFile ] [ GA4 ] Client ID     : "b018b7099fc58c7beb053768e111032f2e57938d601230ca1d1c528f8d063088"
[05:02:10.905]  [T:0x00e62] D: [ logJsonToFile ] [ GA4 ] Payload       :
: "{\n    \"client_id\": \"b018b7099fc58c7beb053768e111032f2e57938d601230ca1d1c528f8d063088\",\n    \"events\": [\n        {\n            \"name\": \"input_source\",\n            \"params\": {\n                \"OS_version\": \"Mac\",\n                \"auto_input_source\": \"off\",\n                \"manual_input_source\": \"DigitalVideoTMDS3HDMI1\"\n            }\n        }\n    ]\n}\n"
[05:02:10.915]  [T:0x00e62] D: [ operator() ] "[ GA4 ] OK            : GA4 event [input_source] sent successfully. Response: "
[05:02:41.000]  [T:0x00e62] I: [ setAutoPivotThread ] AutoPivotWorkThread stopped
[05:02:42.732]  [T:0x8e083] I: [ setVCPValue ] "Set VCP Name: Restore Factory Defaults => 0x4, VCP value: 1"
[05:02:47.839]  [T:0x8e083] I: [ waitForResetMonitorReady ] reset monitor is not connect : 0
[05:02:47.839]  [T:0x8e083] I: [ init ] Initialize DisplayControl
[05:02:49.251]  [T:0x8e083] I: [ syncMonitorsAction ] Sync monitor:  "VG2748a"
[05:02:49.503]  [T:0x8e083] I: [ getVCPValue ] VCP Description is  "Brightness" VCP value is  90
[05:02:49.806]  [T:0x8e083] I: [ getVCPValue ] VCP Description is  "Signal Source List" VCP value is  16385
[05:02:50.113]  [T:0x8e083] I: [ getVCPValue ] VCP Description is  "Contrast" VCP value is  70
[05:02:50.421]  [T:0x8e083] I: [ getVCPValue ] VCP Description is  "Video Signal Auto Detect" VCP value is  2 VCP option name: "On"
[05:02:50.723]  [T:0x8e083] I: [ getVCPValue ] VCP Description is  "Battery Information" VCP value is  65535
[05:02:51.027]  [T:0x8e083] I: [ getVCPValue ] VCP Description is  "Display Application" VCP value is  0 VCP option name: "Off"
[05:02:51.331]  [T:0x8e083] I: [ getVCPValue ] VCP Description is  "Advanced DCR" VCP value is  0 VCP option name: "Advanced DCR Off"
[05:02:51.634]  [T:0x8e083] I: [ getVCPValue ] VCP Description is  "Power Indicator" VCP value is  2 VCP option name: "On"
[05:02:51.938]  [T:0x8e083] I: [ getVCPValue ] VCP Description is  "Restore Factory Defaults" VCP value is  0
[05:02:52.244]  [T:0x8e083] I: [ getVCPValue ] VCP Description is  "Blue Light Filter" VCP value is  0
[05:02:52.549]  [T:0x8e083] I: [ getVCPValue ] VCP Description is  "Audio Mute" VCP value is  2 VCP option name: "Un-Mute the audio"
[05:02:52.858]  [T:0x8e083] I: [ getVCPValue ] VCP Description is  "Input Selection" VCP value is  17 VCP option name: "Digital Video (TMDS) 3 HDMI 1"
[05:02:53.160]  [T:0x8e083] I: [ getVCPValue ] VCP Description is  "Volume" VCP value is  50
[05:02:53.467]  [T:0x8e083] I: [ getVCPValue ] VCP Description is  "Sharpness" VCP value is  2
[05:02:53.568]  [T:0x00e62] D: [VDMCustomSlider] updateUI OK, description = Brightness
[05:02:53.568]  [T:0x00e62] D: [VDMCustomSlider] updateUI OK, description = Contrast
[05:02:53.568]  [T:0x00e62] D: [VDMCustomSlider] updateUI OK, description = Sharpness
[05:02:53.568]  [T:0x00e62] D: [VDMCustomSlider] updateUI OK, description = Blue Light Filter
[05:02:53.568]  [T:0x00e62] D: [VDMCustomSlider] updateUI OK, description = Volume
[05:02:53.568]  [T:0x00e62] W: [ getVCPValue ] No VCP value
[05:02:53.568]  [T:0x00e62] W: [ getData ] Data type is wrong CDisplayDatabaseCommand::DisplayDatabaseElements::VCPValue QVariant(QVariantList, QList(QVariant(int, 0), QVariant(QString, "Color Temperature")))
[05:02:53.568]  [T:0x00e62] W: [ getVCPValueByIndex ] Failed to get VCP value "Color Temperature" QVariant(int, 0)
[05:02:53.568]  [T:0x00e62] W: [ VDMCustomComboBox.qml::_selfRectangle::updateUI() ], Get wrong vcp value, value is empty, description is: Color Temperature
[05:02:53.569]  [T:0x00e62] W: [ getVCPValueByMonitorIndex ] No VCP value
[05:02:53.569]  [T:0x00e62] W: [ getData ] Data type is wrong CDisplayDatabaseCommand::DisplayDatabaseElements::VCPValueByMonitorIndex QVariant(QVariantList, QList(QVariant(int, 0), QVariant(QString, "Color Temperature")))
[05:02:53.876]  [T:0x8e083] I: [ setVCPValue ] "Set VCP Name: Video Signal Auto Detect => 0x33, VCP value: On"
[05:02:53.877]  [T:0x00e62] D: [VDMCustomSlider] updateUI OK, description = Brightness
[05:02:53.877]  [T:0x00e62] D: [VDMCustomSlider] updateUI OK, description = Contrast
[05:02:53.877]  [T:0x00e62] D: [VDMCustomSlider] updateUI OK, description = Sharpness
[05:02:53.877]  [T:0x00e62] D: [VDMCustomSlider] updateUI OK, description = Blue Light Filter
[05:02:53.877]  [T:0x00e62] D: [VDMCustomSlider] updateUI OK, description = Volume
[05:02:53.877]  [T:0x00e62] W: [ getVCPValue ] No VCP value
[05:02:53.877]  [T:0x00e62] W: [ getData ] Data type is wrong CDisplayDatabaseCommand::DisplayDatabaseElements::VCPValue QVariant(QVariantList, QList(QVariant(int, 0), QVariant(QString, "Color Temperature")))
[05:02:53.877]  [T:0x00e62] W: [ getVCPValueByIndex ] Failed to get VCP value "Color Temperature" QVariant(int, 0)
[05:02:53.877]  [T:0x00e62] W: [ VDMCustomComboBox.qml::_selfRectangle::updateUI() ], Get wrong vcp value, value is empty, description is: Color Temperature
[05:02:53.877]  [T:0x00e62] W: [ getVCPValueByMonitorIndex ] No VCP value
[05:02:53.877]  [T:0x00e62] W: [ getData ] Data type is wrong CDisplayDatabaseCommand::DisplayDatabaseElements::VCPValueByMonitorIndex QVariant(QVariantList, QList(QVariant(int, 0), QVariant(QString, "Color Temperature")))
[05:02:53.877]  [T:0x00e62] D: [ convertToRegexPatternCommon ] "[ GA4 ] Error         : RegexCommon Validate FAIL - Invalid format: [Digital Video (TMDS) 3 HDMI 1]"
[05:02:53.877]  [T:0x00e62] D: [ convertToRegexPatternCommon ] "[ GA4 ] Fix           : Remove unmatch characters - format: [DigitalVideoTMDS3HDMI1]"
[05:02:53.878]  [T:0x00e62] D: [ logJsonToFile ] [ GA4 ] Measurement ID: "G-KKDK7WGP01"
[05:02:53.878]  [T:0x00e62] D: [ logJsonToFile ] [ GA4 ] API Secret    : "fPUEw5twT0m0JCHyRiP-Ww"
[05:02:53.878]  [T:0x00e62] D: [ logJsonToFile ] [ GA4 ] Client ID     : "b018b7099fc58c7beb053768e111032f2e57938d601230ca1d1c528f8d063088"
[05:02:53.878]  [T:0x00e62] D: [ logJsonToFile ] [ GA4 ] Payload       :
: "{\n    \"client_id\": \"b018b7099fc58c7beb053768e111032f2e57938d601230ca1d1c528f8d063088\",\n    \"events\": [\n        {\n            \"name\": \"input_source\",\n            \"params\": {\n                \"OS_version\": \"Mac\",\n                \"auto_input_source\": \"on\",\n                \"manual_input_source\": \"DigitalVideoTMDS3HDMI1\"\n            }\n        }\n    ]\n}\n"
[05:02:54.134]  [T:0x00e62] D: [VDMCustomSlider] updateUI OK, description = Brightness
[05:02:54.134]  [T:0x00e62] D: [VDMCustomSlider] updateUI OK, description = Contrast
[05:02:54.134]  [T:0x00e62] D: [VDMCustomSlider] updateUI OK, description = Sharpness
[05:02:54.134]  [T:0x00e62] D: [VDMCustomSlider] updateUI OK, description = Blue Light Filter
[05:02:54.135]  [T:0x00e62] D: [VDMCustomSlider] updateUI OK, description = Volume
[05:02:54.135]  [T:0x00e62] W: [ getVCPValue ] No VCP value
[05:02:54.135]  [T:0x00e62] W: [ getData ] Data type is wrong CDisplayDatabaseCommand::DisplayDatabaseElements::VCPValue QVariant(QVariantList, QList(QVariant(int, 0), QVariant(QString, "Color Temperature")))
[05:02:54.135]  [T:0x00e62] W: [ getVCPValueByIndex ] Failed to get VCP value "Color Temperature" QVariant(int, 0)
[05:02:54.135]  [T:0x00e62] W: [ VDMCustomComboBox.qml::_selfRectangle::updateUI() ], Get wrong vcp value, value is empty, description is: Color Temperature
[05:02:54.135]  [T:0x00e62] W: [ getVCPValueByMonitorIndex ] No VCP value
[05:02:54.135]  [T:0x00e62] W: [ getData ] Data type is wrong CDisplayDatabaseCommand::DisplayDatabaseElements::VCPValueByMonitorIndex QVariant(QVariantList, QList(QVariant(int, 0), QVariant(QString, "Color Temperature")))
[05:02:54.135]  [T:0x00e62] D: intellgenceCondition: false
[05:02:54.140]  [T:0x00e62] W: [ getVCPValue ] No VCP value
[05:02:54.141]  [T:0x00e62] W: [ getData ] Data type is wrong CDisplayDatabaseCommand::DisplayDatabaseElements::VCPValue QVariant(QVariantList, QList(QVariant(int, 0), QVariant(QString, "Color Temperature")))
[05:02:54.141]  [T:0x00e62] W: [ getVCPValueByIndex ] Failed to get VCP value "Color Temperature" QVariant(int, 0)
[05:02:54.141]  [T:0x00e62] W: [ VDMCustomComboBox.qml::_selfRectangle::updateUI() ], Get wrong vcp value, value is empty, description is: Color Temperature
[05:02:54.141]  [T:0x00e62] W: [ getVCPValueByMonitorIndex ] No VCP value
[05:02:54.141]  [T:0x00e62] W: [ getData ] Data type is wrong CDisplayDatabaseCommand::DisplayDatabaseElements::VCPValueByMonitorIndex QVariant(QVariantList, QList(QVariant(int, 0), QVariant(QString, "Color Temperature")))
[05:02:54.141]  [T:0x00e62] D: isSupportAIMode:false
[05:02:54.141]  [T:0x00e62] D: [VDMCustomSlider] updateUI OK, description = Brightness
[05:02:54.141]  [T:0x00e62] D: [VDMCustomSlider] updateUI OK, description = Contrast
[05:02:54.141]  [T:0x00e62] D: [VDMCustomSlider] updateUI OK, description = Sharpness
[05:02:54.142]  [T:0x00e62] D: [VDMCustomSlider] updateUI OK, description = Blue Light Filter
[05:02:54.142]  [T:0x00e62] D: [VDMCustomSlider] updateUI OK, description = Volume
[05:02:54.142]  [T:0x00e62] W: [ getVCPValue ] No VCP value
[05:02:54.142]  [T:0x00e62] W: [ getData ] Data type is wrong CDisplayDatabaseCommand::DisplayDatabaseElements::VCPValue QVariant(QVariantList, QList(QVariant(int, 0), QVariant(QString, "Color Temperature")))
[05:02:54.142]  [T:0x00e62] W: [ getVCPValueByIndex ] Failed to get VCP value "Color Temperature" QVariant(int, 0)
[05:02:54.142]  [T:0x00e62] W: [ VDMCustomComboBox.qml::_selfRectangle::updateUI() ], Get wrong vcp value, value is empty, description is: Color Temperature
[05:02:54.142]  [T:0x00e62] W: [ getVCPValueByMonitorIndex ] No VCP value
[05:02:54.142]  [T:0x00e62] W: [ getData ] Data type is wrong CDisplayDatabaseCommand::DisplayDatabaseElements::VCPValueByMonitorIndex QVariant(QVariantList, QList(QVariant(int, 0), QVariant(QString, "Color Temperature")))
[05:02:54.398]  [T:0x00e62] D: [VDMCustomSlider] updateUI OK, description = Brightness
[05:02:54.399]  [T:0x00e62] D: [VDMCustomSlider] updateUI OK, description = Contrast
[05:02:54.399]  [T:0x00e62] D: [VDMCustomSlider] updateUI OK, description = Sharpness
[05:02:54.400]  [T:0x00e62] D: [VDMCustomSlider] updateUI OK, description = Blue Light Filter
[05:02:54.400]  [T:0x00e62] D: [VDMCustomSlider] updateUI OK, description = Volume
[05:02:54.400]  [T:0x00e62] W: [ getVCPValue ] No VCP value
[05:02:54.400]  [T:0x00e62] W: [ getData ] Data type is wrong CDisplayDatabaseCommand::DisplayDatabaseElements::VCPValue QVariant(QVariantList, QList(QVariant(int, 0), QVariant(QString, "Color Temperature")))
[05:02:54.400]  [T:0x00e62] W: [ getVCPValueByIndex ] Failed to get VCP value "Color Temperature" QVariant(int, 0)
[05:02:54.401]  [T:0x00e62] W: [ VDMCustomComboBox.qml::_selfRectangle::updateUI() ], Get wrong vcp value, value is empty, description is: Color Temperature
[05:02:54.401]  [T:0x00e62] W: [ getVCPValueByMonitorIndex ] No VCP value
[05:02:54.401]  [T:0x00e62] W: [ getData ] Data type is wrong CDisplayDatabaseCommand::DisplayDatabaseElements::VCPValueByMonitorIndex QVariant(QVariantList, QList(QVariant(int, 0), QVariant(QString, "Color Temperature")))
[05:02:54.401]  [T:0x00e62] D: intellgenceCondition: false
[05:02:54.403]  [T:0x00e62] D: [VDMCustomSlider] updateUI OK, description = Brightness
[05:02:54.403]  [T:0x00e62] D: [VDMCustomSlider] updateUI OK, description = Contrast
[05:02:54.403]  [T:0x00e62] D: [VDMCustomSlider] updateUI OK, description = Sharpness
[05:02:54.403]  [T:0x00e62] D: [VDMCustomSlider] updateUI OK, description = Blue Light Filter
[05:02:54.404]  [T:0x00e62] D: [VDMCustomSlider] updateUI OK, description = Volume
[05:02:54.412]  [T:0x00e62] D: [ operator() ] "[ GA4 ] OK            : GA4 event [input_source] sent successfully. Response: "
[05:03:46.203]  [T:0x00e62] D: [ logJsonToFile ] [ GA4 ] Measurement ID: "G-KKDK7WGP01"
[05:03:46.203]  [T:0x00e62] D: [ logJsonToFile ] [ GA4 ] API Secret    : "fPUEw5twT0m0JCHyRiP-Ww"
[05:03:46.203]  [T:0x00e62] D: [ logJsonToFile ] [ GA4 ] Client ID     : "b018b7099fc58c7beb053768e111032f2e57938d601230ca1d1c528f8d063088"
[05:03:46.203]  [T:0x00e62] D: [ logJsonToFile ] [ GA4 ] Payload       :
: "{\n    \"client_id\": \"b018b7099fc58c7beb053768e111032f2e57938d601230ca1d1c528f8d063088\",\n    \"events\": [\n        {\n            \"name\": \"display_control\",\n            \"params\": {\n                \"OS_version\": \"Mac\",\n                \"brightness\": 1\n            }\n        }\n    ]\n}\n"
[05:03:46.214]  [T:0x00e62] D: [ operator() ] "[ GA4 ] OK            : GA4 event [display_control] sent successfully. Response: "
[05:03:46.305]  [T:0xf2fda] I: SoftwareDimming is on, software_dimming_value =  0
[05:03:46.624]  [T:0xf2fda] I: [ setVCPValue ] "Set VCP Name: Brightness => 0x10, VCP value: 0"
[05:03:46.624]  [T:0xf2fda] I: [Write DB VCPValue] "90" Value =  "0"
[05:03:46.624]  [T:0x00e62] D: [VDMCustomSlider] updateUI OK, description = Brightness
[05:03:46.625]  [T:0x00e62] D: [VDMCustomSlider] updateUI OK, description = Contrast
[05:03:46.625]  [T:0x00e62] D: [VDMCustomSlider] updateUI OK, description = Sharpness
[05:03:46.625]  [T:0x00e62] D: [VDMCustomSlider] updateUI OK, description = Blue Light Filter
[05:03:46.625]  [T:0x00e62] D: [VDMCustomSlider] updateUI OK, description = Volume
[05:03:46.625]  [T:0x00e62] W: [ getVCPValue ] No VCP value
[05:03:46.625]  [T:0x00e62] W: [ getData ] Data type is wrong CDisplayDatabaseCommand::DisplayDatabaseElements::VCPValue QVariant(QVariantList, QList(QVariant(int, 0), QVariant(QString, "Color Temperature")))
[05:03:46.625]  [T:0x00e62] W: [ getVCPValueByIndex ] Failed to get VCP value "Color Temperature" QVariant(int, 0)
[05:03:46.625]  [T:0x00e62] W: [ VDMCustomComboBox.qml::_selfRectangle::updateUI() ], Get wrong vcp value, value is empty, description is: Color Temperature
[05:03:46.625]  [T:0x00e62] W: [ getVCPValueByMonitorIndex ] No VCP value
[05:03:46.625]  [T:0x00e62] W: [ getData ] Data type is wrong CDisplayDatabaseCommand::DisplayDatabaseElements::VCPValueByMonitorIndex QVariant(QVariantList, QList(QVariant(int, 0), QVariant(QString, "Color Temperature")))
[05:04:07.666]  [T:0x00e62] D: [ logJsonToFile ] [ GA4 ] Measurement ID: "G-KKDK7WGP01"
[05:04:07.667]  [T:0x00e62] D: [ logJsonToFile ] [ GA4 ] API Secret    : "fPUEw5twT0m0JCHyRiP-Ww"
[05:04:07.667]  [T:0x00e62] D: [ logJsonToFile ] [ GA4 ] Client ID     : "b018b7099fc58c7beb053768e111032f2e57938d601230ca1d1c528f8d063088"
[05:04:07.667]  [T:0x00e62] D: [ logJsonToFile ] [ GA4 ] Payload       :
: "{\n    \"client_id\": \"b018b7099fc58c7beb053768e111032f2e57938d601230ca1d1c528f8d063088\",\n    \"events\": [\n        {\n            \"name\": \"display_control\",\n            \"params\": {\n                \"OS_version\": \"Mac\",\n                \"contrast\": 1\n            }\n        }\n    ]\n}\n"
[05:04:07.677]  [T:0x00e62] D: [ operator() ] "[ GA4 ] OK            : GA4 event [display_control] sent successfully. Response: "
[05:04:08.084]  [T:0xf2fda] I: [ setVCPValue ] "Set VCP Name: Contrast => 0x12, VCP value: 0"
[05:04:08.084]  [T:0x00e62] D: [VDMCustomSlider] updateUI OK, description = Brightness
[05:04:08.084]  [T:0x00e62] D: [VDMCustomSlider] updateUI OK, description = Contrast
[05:04:08.084]  [T:0x00e62] D: [VDMCustomSlider] updateUI OK, description = Sharpness
[05:04:08.085]  [T:0x00e62] D: [VDMCustomSlider] updateUI OK, description = Blue Light Filter
[05:04:08.085]  [T:0x00e62] D: [VDMCustomSlider] updateUI OK, description = Volume
[05:04:08.085]  [T:0x00e62] W: [ getVCPValue ] No VCP value
[05:04:08.085]  [T:0x00e62] W: [ getData ] Data type is wrong CDisplayDatabaseCommand::DisplayDatabaseElements::VCPValue QVariant(QVariantList, QList(QVariant(int, 0), QVariant(QString, "Color Temperature")))
[05:04:08.085]  [T:0x00e62] W: [ getVCPValueByIndex ] Failed to get VCP value "Color Temperature" QVariant(int, 0)
[05:04:08.085]  [T:0x00e62] W: [ VDMCustomComboBox.qml::_selfRectangle::updateUI() ], Get wrong vcp value, value is empty, description is: Color Temperature
[05:04:08.085]  [T:0x00e62] W: [ getVCPValueByMonitorIndex ] No VCP value
[05:04:08.085]  [T:0x00e62] W: [ getData ] Data type is wrong CDisplayDatabaseCommand::DisplayDatabaseElements::VCPValueByMonitorIndex QVariant(QVariantList, QList(QVariant(int, 0), QVariant(QString, "Color Temperature")))
[05:05:34.434]  [T:0x13bb7] I: [ setVCPValue ] "Set VCP Name: Video Signal Auto Detect => 0x33, VCP value: Off"
[05:05:34.435]  [T:0x00e62] D: [VDMCustomSlider] updateUI OK, description = Brightness
[05:05:34.435]  [T:0x00e62] D: [VDMCustomSlider] updateUI OK, description = Contrast
[05:05:34.435]  [T:0x00e62] D: [VDMCustomSlider] updateUI OK, description = Sharpness
[05:05:34.436]  [T:0x00e62] D: [VDMCustomSlider] updateUI OK, description = Blue Light Filter
[05:05:34.436]  [T:0x00e62] D: [VDMCustomSlider] updateUI OK, description = Volume
[05:05:34.436]  [T:0x00e62] W: [ getVCPValue ] No VCP value
[05:05:34.436]  [T:0x00e62] W: [ getData ] Data type is wrong CDisplayDatabaseCommand::DisplayDatabaseElements::VCPValue QVariant(QVariantList, QList(QVariant(int, 0), QVariant(QString, "Color Temperature")))
[05:05:34.436]  [T:0x00e62] W: [ getVCPValueByIndex ] Failed to get VCP value "Color Temperature" QVariant(int, 0)
[05:05:34.436]  [T:0x00e62] W: [ VDMCustomComboBox.qml::_selfRectangle::updateUI() ], Get wrong vcp value, value is empty, description is: Color Temperature
[05:05:34.436]  [T:0x00e62] W: [ getVCPValueByMonitorIndex ] No VCP value
[05:05:34.436]  [T:0x00e62] W: [ getData ] Data type is wrong CDisplayDatabaseCommand::DisplayDatabaseElements::VCPValueByMonitorIndex QVariant(QVariantList, QList(QVariant(int, 0), QVariant(QString, "Color Temperature")))
[05:05:34.436]  [T:0x00e62] D: [ convertToRegexPatternCommon ] "[ GA4 ] Error         : RegexCommon Validate FAIL - Invalid format: [Digital Video (TMDS) 3 HDMI 1]"
[05:05:34.436]  [T:0x00e62] D: [ convertToRegexPatternCommon ] "[ GA4 ] Fix           : Remove unmatch characters - format: [DigitalVideoTMDS3HDMI1]"
[05:05:34.436]  [T:0x00e62] D: [ logJsonToFile ] [ GA4 ] Measurement ID: "G-KKDK7WGP01"
[05:05:34.436]  [T:0x00e62] D: [ logJsonToFile ] [ GA4 ] API Secret    : "fPUEw5twT0m0JCHyRiP-Ww"
[05:05:34.436]  [T:0x00e62] D: [ logJsonToFile ] [ GA4 ] Client ID     : "b018b7099fc58c7beb053768e111032f2e57938d601230ca1d1c528f8d063088"
[05:05:34.436]  [T:0x00e62] D: [ logJsonToFile ] [ GA4 ] Payload       :
: "{\n    \"client_id\": \"b018b7099fc58c7beb053768e111032f2e57938d601230ca1d1c528f8d063088\",\n    \"events\": [\n        {\n            \"name\": \"input_source\",\n            \"params\": {\n                \"OS_version\": \"Mac\",\n                \"auto_input_source\": \"off\",\n                \"manual_input_source\": \"DigitalVideoTMDS3HDMI1\"\n            }\n        }\n    ]\n}\n"
[05:05:34.446]  [T:0x00e62] D: [ operator() ] "[ GA4 ] OK            : GA4 event [input_source] sent successfully. Response: "
[05:06:05.268]  [T:0x00e62] I: [ setAutoPivotThread ] AutoPivotWorkThread stopped
[05:06:07.024]  [T:0x13bb7] I: [ setVCPValue ] "Set VCP Name: Restore Factory Defaults => 0x4, VCP value: 1"
[05:06:12.133]  [T:0x13bb7] I: [ waitForResetMonitorReady ] reset monitor is not connect : 0
[05:06:12.133]  [T:0x13bb7] I: [ init ] Initialize DisplayControl
[05:06:13.544]  [T:0x13bb7] I: [ syncMonitorsAction ] Sync monitor:  "VG2748a"
[05:06:13.800]  [T:0x13bb7] I: [ getVCPValue ] VCP Description is  "Brightness" VCP value is  90
[05:06:14.108]  [T:0x13bb7] I: [ getVCPValue ] VCP Description is  "Signal Source List" VCP value is  16385
[05:06:14.411]  [T:0x13bb7] I: [ getVCPValue ] VCP Description is  "Contrast" VCP value is  70
[05:06:14.718]  [T:0x13bb7] I: [ getVCPValue ] VCP Description is  "Video Signal Auto Detect" VCP value is  2 VCP option name: "On"
[05:06:15.022]  [T:0x13bb7] I: [ getVCPValue ] VCP Description is  "Battery Information" VCP value is  65535
[05:06:15.333]  [T:0x13bb7] I: [ getVCPValue ] VCP Description is  "Display Application" VCP value is  0 VCP option name: "Off"
[05:06:15.644]  [T:0x13bb7] I: [ getVCPValue ] VCP Description is  "Advanced DCR" VCP value is  0 VCP option name: "Advanced DCR Off"
[05:06:15.952]  [T:0x13bb7] I: [ getVCPValue ] VCP Description is  "Power Indicator" VCP value is  2 VCP option name: "On"
[05:06:16.256]  [T:0x13bb7] I: [ getVCPValue ] VCP Description is  "Restore Factory Defaults" VCP value is  0
[05:06:16.563]  [T:0x13bb7] I: [ getVCPValue ] VCP Description is  "Blue Light Filter" VCP value is  0
[05:06:16.873]  [T:0x13bb7] I: [ getVCPValue ] VCP Description is  "Audio Mute" VCP value is  2 VCP option name: "Un-Mute the audio"
[05:06:17.181]  [T:0x13bb7] I: [ getVCPValue ] VCP Description is  "Input Selection" VCP value is  17 VCP option name: "Digital Video (TMDS) 3 HDMI 1"
[05:06:17.484]  [T:0x13bb7] I: [ getVCPValue ] VCP Description is  "Volume" VCP value is  50
[05:06:17.790]  [T:0x13bb7] I: [ getVCPValue ] VCP Description is  "Sharpness" VCP value is  2
[05:06:17.891]  [T:0x00e62] D: [VDMCustomSlider] updateUI OK, description = Brightness
[05:06:17.892]  [T:0x00e62] D: [VDMCustomSlider] updateUI OK, description = Contrast
[05:06:17.892]  [T:0x00e62] D: [VDMCustomSlider] updateUI OK, description = Sharpness
[05:06:17.892]  [T:0x00e62] D: [VDMCustomSlider] updateUI OK, description = Blue Light Filter
[05:06:17.893]  [T:0x00e62] D: [VDMCustomSlider] updateUI OK, description = Volume
[05:06:17.893]  [T:0x00e62] W: [ getVCPValue ] No VCP value
[05:06:17.893]  [T:0x00e62] W: [ getData ] Data type is wrong CDisplayDatabaseCommand::DisplayDatabaseElements::VCPValue QVariant(QVariantList, QList(QVariant(int, 0), QVariant(QString, "Color Temperature")))
[05:06:17.893]  [T:0x00e62] W: [ getVCPValueByIndex ] Failed to get VCP value "Color Temperature" QVariant(int, 0)
[05:06:17.893]  [T:0x00e62] W: [ VDMCustomComboBox.qml::_selfRectangle::updateUI() ], Get wrong vcp value, value is empty, description is: Color Temperature
[05:06:17.893]  [T:0x00e62] W: [ getVCPValueByMonitorIndex ] No VCP value
[05:06:17.893]  [T:0x00e62] W: [ getData ] Data type is wrong CDisplayDatabaseCommand::DisplayDatabaseElements::VCPValueByMonitorIndex QVariant(QVariantList, QList(QVariant(int, 0), QVariant(QString, "Color Temperature")))
[05:06:18.204]  [T:0x13bb7] I: [ setVCPValue ] "Set VCP Name: Video Signal Auto Detect => 0x33, VCP value: On"
[05:06:18.204]  [T:0x00e62] D: [VDMCustomSlider] updateUI OK, description = Brightness
[05:06:18.204]  [T:0x00e62] D: [VDMCustomSlider] updateUI OK, description = Contrast
[05:06:18.205]  [T:0x00e62] D: [VDMCustomSlider] updateUI OK, description = Sharpness
[05:06:18.205]  [T:0x00e62] D: [VDMCustomSlider] updateUI OK, description = Blue Light Filter
[05:06:18.205]  [T:0x00e62] D: [VDMCustomSlider] updateUI OK, description = Volume
[05:06:18.205]  [T:0x00e62] W: [ getVCPValue ] No VCP value
[05:06:18.205]  [T:0x00e62] W: [ getData ] Data type is wrong CDisplayDatabaseCommand::DisplayDatabaseElements::VCPValue QVariant(QVariantList, QList(QVariant(int, 0), QVariant(QString, "Color Temperature")))
[05:06:18.205]  [T:0x00e62] W: [ getVCPValueByIndex ] Failed to get VCP value "Color Temperature" QVariant(int, 0)
[05:06:18.205]  [T:0x00e62] W: [ VDMCustomComboBox.qml::_selfRectangle::updateUI() ], Get wrong vcp value, value is empty, description is: Color Temperature
[05:06:18.205]  [T:0x00e62] W: [ getVCPValueByMonitorIndex ] No VCP value
[05:06:18.205]  [T:0x00e62] W: [ getData ] Data type is wrong CDisplayDatabaseCommand::DisplayDatabaseElements::VCPValueByMonitorIndex QVariant(QVariantList, QList(QVariant(int, 0), QVariant(QString, "Color Temperature")))
[05:06:18.205]  [T:0x00e62] D: [ convertToRegexPatternCommon ] "[ GA4 ] Error         : RegexCommon Validate FAIL - Invalid format: [Digital Video (TMDS) 3 HDMI 1]"
[05:06:18.205]  [T:0x00e62] D: [ convertToRegexPatternCommon ] "[ GA4 ] Fix           : Remove unmatch characters - format: [DigitalVideoTMDS3HDMI1]"
[05:06:18.205]  [T:0x00e62] D: [ logJsonToFile ] [ GA4 ] Measurement ID: "G-KKDK7WGP01"
[05:06:18.205]  [T:0x00e62] D: [ logJsonToFile ] [ GA4 ] API Secret    : "fPUEw5twT0m0JCHyRiP-Ww"
[05:06:18.205]  [T:0x00e62] D: [ logJsonToFile ] [ GA4 ] Client ID     : "b018b7099fc58c7beb053768e111032f2e57938d601230ca1d1c528f8d063088"
[05:06:18.205]  [T:0x00e62] D: [ logJsonToFile ] [ GA4 ] Payload       :
: "{\n    \"client_id\": \"b018b7099fc58c7beb053768e111032f2e57938d601230ca1d1c528f8d063088\",\n    \"events\": [\n        {\n            \"name\": \"input_source\",\n            \"params\": {\n                \"OS_version\": \"Mac\",\n                \"auto_input_source\": \"on\",\n                \"manual_input_source\": \"DigitalVideoTMDS3HDMI1\"\n            }\n        }\n    ]\n}\n"
[05:06:18.458]  [T:0x00e62] D: [VDMCustomSlider] updateUI OK, description = Brightness
[05:06:18.459]  [T:0x00e62] D: [VDMCustomSlider] updateUI OK, description = Contrast
[05:06:18.459]  [T:0x00e62] D: [VDMCustomSlider] updateUI OK, description = Sharpness
[05:06:18.460]  [T:0x00e62] D: [VDMCustomSlider] updateUI OK, description = Blue Light Filter
[05:06:18.460]  [T:0x00e62] D: [VDMCustomSlider] updateUI OK, description = Volume
[05:06:18.461]  [T:0x00e62] W: [ getVCPValue ] No VCP value
[05:06:18.461]  [T:0x00e62] W: [ getData ] Data type is wrong CDisplayDatabaseCommand::DisplayDatabaseElements::VCPValue QVariant(QVariantList, QList(QVariant(int, 0), QVariant(QString, "Color Temperature")))
[05:06:18.461]  [T:0x00e62] W: [ getVCPValueByIndex ] Failed to get VCP value "Color Temperature" QVariant(int, 0)
[05:06:18.461]  [T:0x00e62] W: [ VDMCustomComboBox.qml::_selfRectangle::updateUI() ], Get wrong vcp value, value is empty, description is: Color Temperature
[05:06:18.461]  [T:0x00e62] W: [ getVCPValueByMonitorIndex ] No VCP value
[05:06:18.462]  [T:0x00e62] W: [ getData ] Data type is wrong CDisplayDatabaseCommand::DisplayDatabaseElements::VCPValueByMonitorIndex QVariant(QVariantList, QList(QVariant(int, 0), QVariant(QString, "Color Temperature")))
[05:06:18.462]  [T:0x00e62] D: intellgenceCondition: false
[05:06:18.468]  [T:0x00e62] W: [ getVCPValue ] No VCP value
[05:06:18.468]  [T:0x00e62] W: [ getData ] Data type is wrong CDisplayDatabaseCommand::DisplayDatabaseElements::VCPValue QVariant(QVariantList, QList(QVariant(int, 0), QVariant(QString, "Color Temperature")))
[05:06:18.468]  [T:0x00e62] W: [ getVCPValueByIndex ] Failed to get VCP value "Color Temperature" QVariant(int, 0)
[05:06:18.468]  [T:0x00e62] W: [ VDMCustomComboBox.qml::_selfRectangle::updateUI() ], Get wrong vcp value, value is empty, description is: Color Temperature
[05:06:18.468]  [T:0x00e62] W: [ getVCPValueByMonitorIndex ] No VCP value
[05:06:18.469]  [T:0x00e62] W: [ getData ] Data type is wrong CDisplayDatabaseCommand::DisplayDatabaseElements::VCPValueByMonitorIndex QVariant(QVariantList, QList(QVariant(int, 0), QVariant(QString, "Color Temperature")))
[05:06:18.469]  [T:0x00e62] D: isSupportAIMode:false
[05:06:18.469]  [T:0x00e62] D: [VDMCustomSlider] updateUI OK, description = Brightness
[05:06:18.469]  [T:0x00e62] D: [VDMCustomSlider] updateUI OK, description = Contrast
[05:06:18.469]  [T:0x00e62] D: [VDMCustomSlider] updateUI OK, description = Sharpness
[05:06:18.469]  [T:0x00e62] D: [VDMCustomSlider] updateUI OK, description = Blue Light Filter
[05:06:18.470]  [T:0x00e62] D: [VDMCustomSlider] updateUI OK, description = Volume
[05:06:18.470]  [T:0x00e62] W: [ getVCPValue ] No VCP value
[05:06:18.470]  [T:0x00e62] W: [ getData ] Data type is wrong CDisplayDatabaseCommand::DisplayDatabaseElements::VCPValue QVariant(QVariantList, QList(QVariant(int, 0), QVariant(QString, "Color Temperature")))
[05:06:18.470]  [T:0x00e62] W: [ getVCPValueByIndex ] Failed to get VCP value "Color Temperature" QVariant(int, 0)
[05:06:18.470]  [T:0x00e62] W: [ VDMCustomComboBox.qml::_selfRectangle::updateUI() ], Get wrong vcp value, value is empty, description is: Color Temperature
[05:06:18.470]  [T:0x00e62] W: [ getVCPValueByMonitorIndex ] No VCP value
[05:06:18.470]  [T:0x00e62] W: [ getData ] Data type is wrong CDisplayDatabaseCommand::DisplayDatabaseElements::VCPValueByMonitorIndex QVariant(QVariantList, QList(QVariant(int, 0), QVariant(QString, "Color Temperature")))
[05:06:18.728]  [T:0x00e62] D: [VDMCustomSlider] updateUI OK, description = Brightness
[05:06:18.728]  [T:0x00e62] D: [VDMCustomSlider] updateUI OK, description = Contrast
[05:06:18.728]  [T:0x00e62] D: [VDMCustomSlider] updateUI OK, description = Sharpness
[05:06:18.729]  [T:0x00e62] D: [VDMCustomSlider] updateUI OK, description = Blue Light Filter
[05:06:18.729]  [T:0x00e62] D: [VDMCustomSlider] updateUI OK, description = Volume
[05:06:18.729]  [T:0x00e62] W: [ getVCPValue ] No VCP value
[05:06:18.729]  [T:0x00e62] W: [ getData ] Data type is wrong CDisplayDatabaseCommand::DisplayDatabaseElements::VCPValue QVariant(QVariantList, QList(QVariant(int, 0), QVariant(QString, "Color Temperature")))
[05:06:18.730]  [T:0x00e62] W: [ getVCPValueByIndex ] Failed to get VCP value "Color Temperature" QVariant(int, 0)
[05:06:18.730]  [T:0x00e62] W: [ VDMCustomComboBox.qml::_selfRectangle::updateUI() ], Get wrong vcp value, value is empty, description is: Color Temperature
[05:06:18.730]  [T:0x00e62] W: [ getVCPValueByMonitorIndex ] No VCP value
[05:06:18.730]  [T:0x00e62] W: [ getData ] Data type is wrong CDisplayDatabaseCommand::DisplayDatabaseElements::VCPValueByMonitorIndex QVariant(QVariantList, QList(QVariant(int, 0), QVariant(QString, "Color Temperature")))
[05:06:18.730]  [T:0x00e62] D: intellgenceCondition: false
[05:06:18.732]  [T:0x00e62] D: [VDMCustomSlider] updateUI OK, description = Brightness
[05:06:18.733]  [T:0x00e62] D: [VDMCustomSlider] updateUI OK, description = Contrast
[05:06:18.733]  [T:0x00e62] D: [VDMCustomSlider] updateUI OK, description = Sharpness
[05:06:18.733]  [T:0x00e62] D: [VDMCustomSlider] updateUI OK, description = Blue Light Filter
[05:06:18.733]  [T:0x00e62] D: [VDMCustomSlider] updateUI OK, description = Volume
[05:06:18.741]  [T:0x00e62] D: [ operator() ] "[ GA4 ] OK            : GA4 event [input_source] sent successfully. Response: "
[05:08:24.808]  [T:0x13bb7] I: [ setVCPValue ] "Set VCP Name: Video Signal Auto Detect => 0x33, VCP value: Off"
[05:08:24.808]  [T:0x00e62] D: [VDMCustomSlider] updateUI OK, description = Brightness
[05:08:24.808]  [T:0x00e62] D: [VDMCustomSlider] updateUI OK, description = Contrast
[05:08:24.808]  [T:0x00e62] D: [VDMCustomSlider] updateUI OK, description = Sharpness
[05:08:24.808]  [T:0x00e62] D: [VDMCustomSlider] updateUI OK, description = Blue Light Filter
[05:08:24.808]  [T:0x00e62] D: [VDMCustomSlider] updateUI OK, description = Volume
[05:08:24.808]  [T:0x00e62] W: [ getVCPValue ] No VCP value
[05:08:24.808]  [T:0x00e62] W: [ getData ] Data type is wrong CDisplayDatabaseCommand::DisplayDatabaseElements::VCPValue QVariant(QVariantList, QList(QVariant(int, 0), QVariant(QString, "Color Temperature")))
[05:08:24.809]  [T:0x00e62] W: [ getVCPValueByIndex ] Failed to get VCP value "Color Temperature" QVariant(int, 0)
[05:08:24.809]  [T:0x00e62] W: [ VDMCustomComboBox.qml::_selfRectangle::updateUI() ], Get wrong vcp value, value is empty, description is: Color Temperature
[05:08:24.809]  [T:0x00e62] W: [ getVCPValueByMonitorIndex ] No VCP value
[05:08:24.809]  [T:0x00e62] W: [ getData ] Data type is wrong CDisplayDatabaseCommand::DisplayDatabaseElements::VCPValueByMonitorIndex QVariant(QVariantList, QList(QVariant(int, 0), QVariant(QString, "Color Temperature")))
[05:08:24.809]  [T:0x00e62] D: [ convertToRegexPatternCommon ] "[ GA4 ] Error         : RegexCommon Validate FAIL - Invalid format: [Digital Video (TMDS) 3 HDMI 1]"
[05:08:24.809]  [T:0x00e62] D: [ convertToRegexPatternCommon ] "[ GA4 ] Fix           : Remove unmatch characters - format: [DigitalVideoTMDS3HDMI1]"
[05:08:24.809]  [T:0x00e62] D: [ logJsonToFile ] [ GA4 ] Measurement ID: "G-KKDK7WGP01"
[05:08:24.809]  [T:0x00e62] D: [ logJsonToFile ] [ GA4 ] API Secret    : "fPUEw5twT0m0JCHyRiP-Ww"
[05:08:24.809]  [T:0x00e62] D: [ logJsonToFile ] [ GA4 ] Client ID     : "b018b7099fc58c7beb053768e111032f2e57938d601230ca1d1c528f8d063088"
[05:08:24.809]  [T:0x00e62] D: [ logJsonToFile ] [ GA4 ] Payload       :
: "{\n    \"client_id\": \"b018b7099fc58c7beb053768e111032f2e57938d601230ca1d1c528f8d063088\",\n    \"events\": [\n        {\n            \"name\": \"input_source\",\n            \"params\": {\n                \"OS_version\": \"Mac\",\n                \"auto_input_source\": \"off\",\n                \"manual_input_source\": \"DigitalVideoTMDS3HDMI1\"\n            }\n        }\n    ]\n}\n"
[05:08:24.845]  [T:0x00e62] D: [ operator() ] "[ GA4 ] OK            : GA4 event [input_source] sent successfully. Response: "
[05:11:39.997]  [T:0x00e62] D: [ logJsonToFile ] [ GA4 ] Measurement ID: "G-KKDK7WGP01"
[05:11:39.998]  [T:0x00e62] D: [ logJsonToFile ] [ GA4 ] API Secret    : "fPUEw5twT0m0JCHyRiP-Ww"
[05:11:39.998]  [T:0x00e62] D: [ logJsonToFile ] [ GA4 ] Client ID     : "b018b7099fc58c7beb053768e111032f2e57938d601230ca1d1c528f8d063088"
[05:11:39.998]  [T:0x00e62] D: [ logJsonToFile ] [ GA4 ] Payload       :
: "{\n    \"client_id\": \"b018b7099fc58c7beb053768e111032f2e57938d601230ca1d1c528f8d063088\",\n    \"events\": [\n        {\n            \"name\": \"screen_pivot\",\n            \"params\": {\n                \"OS_version\": \"Mac\",\n                \"auto_pivot\": \"off\",\n                \"pivot_angle\": -90\n            }\n        }\n    ]\n}\n"
[05:11:39.998]  [T:0x00e62] D: [ VDMScreenPivotButton.qml::_selfMouseArea::onClicked ] Enter click screen pivot, rotation: -90
[05:11:40.062]  [T:0x00e62] D: [ operator() ] "[ GA4 ] OK            : GA4 event [screen_pivot] sent successfully. Response: "
[05:11:40.227]  [T:0x00e62] I: [ init ] Initialize DisplayControl
[05:11:41.435]  [T:0x00e62] I: [ syncAllMonitorGeometry ] Monitor index:  0 / SN: "" / Model Name: ""
[05:11:41.435]  [T:0x00e62] I: [ syncAllMonitorGeometry ] Sync monitor position: 0 / Monitor position y: 0
[05:11:41.435]  [T:0x00e62] I: [ syncAllMonitorGeometry ] Sync Resolution: -1759893924  *  631009280
[05:11:41.435]  [T:0x00e62] I: [ syncAllMonitorGeometry ] Monitor index:  1 / SN: "WTJ242500000" / Model Name: "VG2748a"
[05:11:41.435]  [T:0x00e62] I: [ syncAllMonitorGeometry ] Sync monitor position: 1800 / Monitor position y: 0
[05:11:41.435]  [T:0x00e62] I: [ syncAllMonitorGeometry ] Sync Resolution: 1920  *  1080
[05:12:49.023]  [T:0x00e62] D: [ logJsonToFile ] [ GA4 ] Measurement ID: "G-KKDK7WGP01"
[05:12:49.024]  [T:0x00e62] D: [ logJsonToFile ] [ GA4 ] API Secret    : "fPUEw5twT0m0JCHyRiP-Ww"
[05:12:49.024]  [T:0x00e62] D: [ logJsonToFile ] [ GA4 ] Client ID     : "b018b7099fc58c7beb053768e111032f2e57938d601230ca1d1c528f8d063088"
[05:12:49.024]  [T:0x00e62] D: [ logJsonToFile ] [ GA4 ] Payload       :
: "{\n    \"client_id\": \"b018b7099fc58c7beb053768e111032f2e57938d601230ca1d1c528f8d063088\",\n    \"events\": [\n        {\n            \"name\": \"screen_pivot\",\n            \"params\": {\n                \"OS_version\": \"Mac\",\n                \"auto_pivot\": \"off\",\n                \"pivot_angle\": 90\n            }\n        }\n    ]\n}\n"
[05:12:49.024]  [T:0x00e62] D: [ VDMScreenPivotButton.qml::_selfMouseArea::onClicked ] Enter click screen pivot, rotation: 90
[05:12:49.047]  [T:0x00e62] D: [ operator() ] "[ GA4 ] OK            : GA4 event [screen_pivot] sent successfully. Response: "
[05:12:49.188]  [T:0x00e62] I: [ init ] Initialize DisplayControl
[05:12:50.402]  [T:0x00e62] I: [ syncAllMonitorGeometry ] Monitor index:  0 / SN: "" / Model Name: ""
[05:12:50.402]  [T:0x00e62] I: [ syncAllMonitorGeometry ] Sync monitor position: 0 / Monitor position y: 0
[05:12:50.403]  [T:0x00e62] I: [ syncAllMonitorGeometry ] Sync Resolution: -1759893924  *  343982080
[05:12:50.403]  [T:0x00e62] I: [ syncAllMonitorGeometry ] Monitor index:  1 / SN: "WTJ242500000" / Model Name: "VG2748a"
[05:12:50.403]  [T:0x00e62] I: [ syncAllMonitorGeometry ] Sync monitor position: 1800 / Monitor position y: 0
[05:12:50.403]  [T:0x00e62] I: [ syncAllMonitorGeometry ] Sync Resolution: 1920  *  1080
[05:14:23.173]  [T:0x00e62] D: [ logJsonToFile ] [ GA4 ] Measurement ID: "G-KKDK7WGP01"
[05:14:23.173]  [T:0x00e62] D: [ logJsonToFile ] [ GA4 ] API Secret    : "fPUEw5twT0m0JCHyRiP-Ww"
[05:14:23.173]  [T:0x00e62] D: [ logJsonToFile ] [ GA4 ] Client ID     : "b018b7099fc58c7beb053768e111032f2e57938d601230ca1d1c528f8d063088"
[05:14:23.173]  [T:0x00e62] D: [ logJsonToFile ] [ GA4 ] Payload       :
: "{\n    \"client_id\": \"b018b7099fc58c7beb053768e111032f2e57938d601230ca1d1c528f8d063088\",\n    \"events\": [\n        {\n            \"name\": \"screen_pivot\",\n            \"params\": {\n                \"OS_version\": \"Mac\",\n                \"auto_pivot\": \"off\",\n                \"pivot_angle\": 90\n            }\n        }\n    ]\n}\n"
[05:14:23.174]  [T:0x00e62] D: [ VDMScreenPivotButton.qml::_selfMouseArea::onClicked ] Enter click screen pivot, rotation: 90
[05:14:23.199]  [T:0x00e62] D: [ operator() ] "[ GA4 ] OK            : GA4 event [screen_pivot] sent successfully. Response: "
[05:14:23.343]  [T:0x00e62] I: [ init ] Initialize DisplayControl
[05:14:24.559]  [T:0x00e62] I: [ syncAllMonitorGeometry ] Monitor index:  0 / SN: "" / Model Name: ""
[05:14:24.559]  [T:0x00e62] I: [ syncAllMonitorGeometry ] Sync monitor position: 0 / Monitor position y: 0
[05:14:24.560]  [T:0x00e62] I: [ syncAllMonitorGeometry ] Sync Resolution: -1759893924  *  360912384
[05:14:24.560]  [T:0x00e62] I: [ syncAllMonitorGeometry ] Monitor index:  1 / SN: "WTJ242500000" / Model Name: "VG2748a"
[05:14:24.560]  [T:0x00e62] I: [ syncAllMonitorGeometry ] Sync monitor position: 1800 / Monitor position y: 0
[05:14:24.560]  [T:0x00e62] I: [ syncAllMonitorGeometry ] Sync Resolution: 1920  *  1080
[05:15:48.095]  [T:0x00e62] D: [ logJsonToFile ] [ GA4 ] Measurement ID: "G-KKDK7WGP01"
[05:15:48.095]  [T:0x00e62] D: [ logJsonToFile ] [ GA4 ] API Secret    : "fPUEw5twT0m0JCHyRiP-Ww"
[05:15:48.095]  [T:0x00e62] D: [ logJsonToFile ] [ GA4 ] Client ID     : "b018b7099fc58c7beb053768e111032f2e57938d601230ca1d1c528f8d063088"
[05:15:48.095]  [T:0x00e62] D: [ logJsonToFile ] [ GA4 ] Payload       :
: "{\n    \"client_id\": \"b018b7099fc58c7beb053768e111032f2e57938d601230ca1d1c528f8d063088\",\n    \"events\": [\n        {\n            \"name\": \"screen_pivot\",\n            \"params\": {\n                \"OS_version\": \"Mac\",\n                \"auto_pivot\": \"off\",\n                \"pivot_angle\": 0\n            }\n        }\n    ]\n}\n"
[05:15:48.096]  [T:0x00e62] D: [ VDMScreenPivotButton.qml::_selfMouseArea::onClicked ] Enter click screen pivot, rotation: 0
[05:15:48.104]  [T:0x00e62] D: [ operator() ] "[ GA4 ] OK            : GA4 event [screen_pivot] sent successfully. Response: "
[05:15:48.461]  [T:0x00e62] I: [ init ] Initialize DisplayControl
[05:15:49.680]  [T:0x00e62] I: [ syncAllMonitorGeometry ] Monitor index:  0 / SN: "" / Model Name: ""
[05:15:49.680]  [T:0x00e62] I: [ syncAllMonitorGeometry ] Sync monitor position: 0 / Monitor position y: 0
[05:15:49.681]  [T:0x00e62] I: [ syncAllMonitorGeometry ] Sync Resolution: -1759893924  *  319352320
[05:15:49.681]  [T:0x00e62] I: [ syncAllMonitorGeometry ] Monitor index:  1 / SN: "WTJ242500000" / Model Name: "VG2748a"
[05:15:49.681]  [T:0x00e62] I: [ syncAllMonitorGeometry ] Sync monitor position: 1800 / Monitor position y: 0
[05:15:49.681]  [T:0x00e62] I: [ syncAllMonitorGeometry ] Sync Resolution: 1920  *  1080
[05:17:22.209]  [T:0x00e62] D: [ logJsonToFile ] [ GA4 ] Measurement ID: "G-KKDK7WGP01"
[05:17:22.210]  [T:0x00e62] D: [ logJsonToFile ] [ GA4 ] API Secret    : "fPUEw5twT0m0JCHyRiP-Ww"
[05:17:22.210]  [T:0x00e62] D: [ logJsonToFile ] [ GA4 ] Client ID     : "b018b7099fc58c7beb053768e111032f2e57938d601230ca1d1c528f8d063088"
[05:17:22.210]  [T:0x00e62] D: [ logJsonToFile ] [ GA4 ] Payload       :
: "{\n    \"client_id\": \"b018b7099fc58c7beb053768e111032f2e57938d601230ca1d1c528f8d063088\",\n    \"events\": [\n        {\n            \"name\": \"screen_pivot\",\n            \"params\": {\n                \"OS_version\": \"Mac\",\n                \"auto_pivot\": \"off\",\n                \"pivot_angle\": -90\n            }\n        }\n    ]\n}\n"
[05:17:22.210]  [T:0x00e62] D: [ VDMScreenPivotButton.qml::_selfMouseArea::onClicked ] Enter click screen pivot, rotation: -90
[05:17:22.235]  [T:0x00e62] D: [ operator() ] "[ GA4 ] OK            : GA4 event [screen_pivot] sent successfully. Response: "
[05:17:22.375]  [T:0x00e62] I: [ init ] Initialize DisplayControl
[05:17:23.591]  [T:0x00e62] I: [ syncAllMonitorGeometry ] Monitor index:  0 / SN: "" / Model Name: ""
[05:17:23.591]  [T:0x00e62] I: [ syncAllMonitorGeometry ] Sync monitor position: 0 / Monitor position y: 0
[05:17:23.591]  [T:0x00e62] I: [ syncAllMonitorGeometry ] Sync Resolution: -1759893924  *  319341056
[05:17:23.591]  [T:0x00e62] I: [ syncAllMonitorGeometry ] Monitor index:  1 / SN: "WTJ242500000" / Model Name: "VG2748a"
[05:17:23.591]  [T:0x00e62] I: [ syncAllMonitorGeometry ] Sync monitor position: 1800 / Monitor position y: 0
[05:17:23.591]  [T:0x00e62] I: [ syncAllMonitorGeometry ] Sync Resolution: 1920  *  1080
[05:18:56.434]  [T:0x00e62] D: [ logJsonToFile ] [ GA4 ] Measurement ID: "G-KKDK7WGP01"
[05:18:56.434]  [T:0x00e62] D: [ logJsonToFile ] [ GA4 ] API Secret    : "fPUEw5twT0m0JCHyRiP-Ww"
[05:18:56.434]  [T:0x00e62] D: [ logJsonToFile ] [ GA4 ] Client ID     : "b018b7099fc58c7beb053768e111032f2e57938d601230ca1d1c528f8d063088"
[05:18:56.435]  [T:0x00e62] D: [ logJsonToFile ] [ GA4 ] Payload       :
: "{\n    \"client_id\": \"b018b7099fc58c7beb053768e111032f2e57938d601230ca1d1c528f8d063088\",\n    \"events\": [\n        {\n            \"name\": \"screen_pivot\",\n            \"params\": {\n                \"OS_version\": \"Mac\",\n                \"auto_pivot\": \"off\",\n                \"pivot_angle\": -90\n            }\n        }\n    ]\n}\n"
[05:18:56.435]  [T:0x00e62] D: [ VDMScreenPivotButton.qml::_selfMouseArea::onClicked ] Enter click screen pivot, rotation: -90
[05:18:56.458]  [T:0x00e62] D: [ operator() ] "[ GA4 ] OK            : GA4 event [screen_pivot] sent successfully. Response: "
[05:18:56.603]  [T:0x00e62] I: [ init ] Initialize DisplayControl
[05:18:57.816]  [T:0x00e62] I: [ syncAllMonitorGeometry ] Monitor index:  0 / SN: "" / Model Name: ""
[05:18:57.817]  [T:0x00e62] I: [ syncAllMonitorGeometry ] Sync monitor position: 0 / Monitor position y: 0
[05:18:57.817]  [T:0x00e62] I: [ syncAllMonitorGeometry ] Sync Resolution: -1759893924  *  319545344
[05:18:57.817]  [T:0x00e62] I: [ syncAllMonitorGeometry ] Monitor index:  1 / SN: "WTJ242500000" / Model Name: "VG2748a"
[05:18:57.818]  [T:0x00e62] I: [ syncAllMonitorGeometry ] Sync monitor position: 1800 / Monitor position y: 0
[05:18:57.818]  [T:0x00e62] I: [ syncAllMonitorGeometry ] Sync Resolution: 1920  *  1080
[05:20:21.276]  [T:0x00e62] D: [ logJsonToFile ] [ GA4 ] Measurement ID: "G-KKDK7WGP01"
[05:20:21.277]  [T:0x00e62] D: [ logJsonToFile ] [ GA4 ] API Secret    : "fPUEw5twT0m0JCHyRiP-Ww"
[05:20:21.277]  [T:0x00e62] D: [ logJsonToFile ] [ GA4 ] Client ID     : "b018b7099fc58c7beb053768e111032f2e57938d601230ca1d1c528f8d063088"
[05:20:21.277]  [T:0x00e62] D: [ logJsonToFile ] [ GA4 ] Payload       :
: "{\n    \"client_id\": \"b018b7099fc58c7beb053768e111032f2e57938d601230ca1d1c528f8d063088\",\n    \"events\": [\n        {\n            \"name\": \"screen_pivot\",\n            \"params\": {\n                \"OS_version\": \"Mac\",\n                \"auto_pivot\": \"off\",\n                \"pivot_angle\": 0\n            }\n        }\n    ]\n}\n"
[05:20:21.277]  [T:0x00e62] D: [ VDMScreenPivotButton.qml::_selfMouseArea::onClicked ] Enter click screen pivot, rotation: 0
[05:20:21.286]  [T:0x00e62] D: [ operator() ] "[ GA4 ] OK            : GA4 event [screen_pivot] sent successfully. Response: "
[05:20:21.632]  [T:0x00e62] I: [ init ] Initialize DisplayControl
[05:20:22.851]  [T:0x00e62] I: [ syncAllMonitorGeometry ] Monitor index:  0 / SN: "" / Model Name: ""
[05:20:22.851]  [T:0x00e62] I: [ syncAllMonitorGeometry ] Sync monitor position: 0 / Monitor position y: 0
[05:20:22.851]  [T:0x00e62] I: [ syncAllMonitorGeometry ] Sync Resolution: -1759893924  *  319340544
[05:20:22.851]  [T:0x00e62] I: [ syncAllMonitorGeometry ] Monitor index:  1 / SN: "WTJ242500000" / Model Name: "VG2748a"
[05:20:22.851]  [T:0x00e62] I: [ syncAllMonitorGeometry ] Sync monitor position: 1800 / Monitor position y: 0
[05:20:22.851]  [T:0x00e62] I: [ syncAllMonitorGeometry ] Sync Resolution: 1920  *  1080
[05:22:12.911]  [T:0x00e62] D: [ logJsonToFile ] [ GA4 ] Measurement ID: "G-KKDK7WGP01"
[05:22:12.912]  [T:0x00e62] D: [ logJsonToFile ] [ GA4 ] API Secret    : "fPUEw5twT0m0JCHyRiP-Ww"
[05:22:12.912]  [T:0x00e62] D: [ logJsonToFile ] [ GA4 ] Client ID     : "b018b7099fc58c7beb053768e111032f2e57938d601230ca1d1c528f8d063088"
[05:22:12.912]  [T:0x00e62] D: [ logJsonToFile ] [ GA4 ] Payload       :
: "{\n    \"client_id\": \"b018b7099fc58c7beb053768e111032f2e57938d601230ca1d1c528f8d063088\",\n    \"events\": [\n        {\n            \"name\": \"display_control\",\n            \"params\": {\n                \"OS_version\": \"Mac\",\n                \"brightness\": 1\n            }\n        }\n    ]\n}\n"
[05:22:12.921]  [T:0x00e62] D: [ operator() ] "[ GA4 ] OK            : GA4 event [display_control] sent successfully. Response: "
[05:22:13.014]  [T:0xf4c73] I: SoftwareDimming is on, software_dimming_value =  0
[05:22:13.327]  [T:0xf4c73] I: [ setVCPValue ] "Set VCP Name: Brightness => 0x10, VCP value: 0"
[05:22:13.327]  [T:0xf4c73] I: [Write DB VCPValue] "90" Value =  "0"
[05:22:13.328]  [T:0x00e62] D: [VDMCustomSlider] updateUI OK, description = Brightness
[05:22:13.328]  [T:0x00e62] D: [VDMCustomSlider] updateUI OK, description = Contrast
[05:22:13.328]  [T:0x00e62] D: [VDMCustomSlider] updateUI OK, description = Sharpness
[05:22:13.328]  [T:0x00e62] D: [VDMCustomSlider] updateUI OK, description = Blue Light Filter
[05:22:13.328]  [T:0x00e62] D: [VDMCustomSlider] updateUI OK, description = Volume
[05:22:13.328]  [T:0x00e62] W: [ getVCPValue ] No VCP value
[05:22:13.328]  [T:0x00e62] W: [ getData ] Data type is wrong CDisplayDatabaseCommand::DisplayDatabaseElements::VCPValue QVariant(QVariantList, QList(QVariant(int, 0), QVariant(QString, "Color Temperature")))
[05:22:13.328]  [T:0x00e62] W: [ getVCPValueByIndex ] Failed to get VCP value "Color Temperature" QVariant(int, 0)
[05:22:13.328]  [T:0x00e62] W: [ VDMCustomComboBox.qml::_selfRectangle::updateUI() ], Get wrong vcp value, value is empty, description is: Color Temperature
[05:22:13.328]  [T:0x00e62] W: [ getVCPValueByMonitorIndex ] No VCP value
[05:22:13.328]  [T:0x00e62] W: [ getData ] Data type is wrong CDisplayDatabaseCommand::DisplayDatabaseElements::VCPValueByMonitorIndex QVariant(QVariantList, QList(QVariant(int, 0), QVariant(QString, "Color Temperature")))
[05:23:05.919]  [T:0x00e62] D: [ logJsonToFile ] [ GA4 ] Measurement ID: "G-KKDK7WGP01"
[05:23:05.920]  [T:0x00e62] D: [ logJsonToFile ] [ GA4 ] API Secret    : "fPUEw5twT0m0JCHyRiP-Ww"
[05:23:05.920]  [T:0x00e62] D: [ logJsonToFile ] [ GA4 ] Client ID     : "b018b7099fc58c7beb053768e111032f2e57938d601230ca1d1c528f8d063088"
[05:23:05.920]  [T:0x00e62] D: [ logJsonToFile ] [ GA4 ] Payload       :
: "{\n    \"client_id\": \"b018b7099fc58c7beb053768e111032f2e57938d601230ca1d1c528f8d063088\",\n    \"events\": [\n        {\n            \"name\": \"display_control\",\n            \"params\": {\n                \"OS_version\": \"Mac\",\n                \"brightness\": 1\n            }\n        }\n    ]\n}\n"
[05:23:05.928]  [T:0x00e62] D: [ operator() ] "[ GA4 ] OK            : GA4 event [display_control] sent successfully. Response: "
[05:23:06.022]  [T:0xf4c73] I: SoftwareDimming is on, software_dimming_value =  100
[05:23:06.336]  [T:0xf4c73] I: [ setVCPValue ] "Set VCP Name: Brightness => 0x10, VCP value: 100"
[05:23:06.337]  [T:0xf4c73] I: [Write DB VCPValue] "0" Value =  "100"
[05:23:06.337]  [T:0x00e62] D: [VDMCustomSlider] updateUI OK, description = Brightness
[05:23:06.337]  [T:0x00e62] D: [VDMCustomSlider] updateUI OK, description = Contrast
[05:23:06.337]  [T:0x00e62] D: [VDMCustomSlider] updateUI OK, description = Sharpness
[05:23:06.337]  [T:0x00e62] D: [VDMCustomSlider] updateUI OK, description = Blue Light Filter
[05:23:06.337]  [T:0x00e62] D: [VDMCustomSlider] updateUI OK, description = Volume
[05:23:06.337]  [T:0x00e62] W: [ getVCPValue ] No VCP value
[05:23:06.337]  [T:0x00e62] W: [ getData ] Data type is wrong CDisplayDatabaseCommand::DisplayDatabaseElements::VCPValue QVariant(QVariantList, QList(QVariant(int, 0), QVariant(QString, "Color Temperature")))
[05:23:06.337]  [T:0x00e62] W: [ getVCPValueByIndex ] Failed to get VCP value "Color Temperature" QVariant(int, 0)
[05:23:06.337]  [T:0x00e62] W: [ VDMCustomComboBox.qml::_selfRectangle::updateUI() ], Get wrong vcp value, value is empty, description is: Color Temperature
[05:23:06.337]  [T:0x00e62] W: [ getVCPValueByMonitorIndex ] No VCP value
[05:23:06.337]  [T:0x00e62] W: [ getData ] Data type is wrong CDisplayDatabaseCommand::DisplayDatabaseElements::VCPValueByMonitorIndex QVariant(QVariantList, QList(QVariant(int, 0), QVariant(QString, "Color Temperature")))
[05:23:58.603]  [T:0x00e62] D: [ logJsonToFile ] [ GA4 ] Measurement ID: "G-KKDK7WGP01"
[05:23:58.604]  [T:0x00e62] D: [ logJsonToFile ] [ GA4 ] API Secret    : "fPUEw5twT0m0JCHyRiP-Ww"
[05:23:58.604]  [T:0x00e62] D: [ logJsonToFile ] [ GA4 ] Client ID     : "b018b7099fc58c7beb053768e111032f2e57938d601230ca1d1c528f8d063088"
[05:23:58.604]  [T:0x00e62] D: [ logJsonToFile ] [ GA4 ] Payload       :
: "{\n    \"client_id\": \"b018b7099fc58c7beb053768e111032f2e57938d601230ca1d1c528f8d063088\",\n    \"events\": [\n        {\n            \"name\": \"display_control\",\n            \"params\": {\n                \"OS_version\": \"Mac\",\n                \"contrast\": 1\n            }\n        }\n    ]\n}\n"
[05:23:58.612]  [T:0x00e62] D: [ operator() ] "[ GA4 ] OK            : GA4 event [display_control] sent successfully. Response: "
[05:23:59.029]  [T:0xf4c73] I: [ setVCPValue ] "Set VCP Name: Contrast => 0x12, VCP value: 0"
[05:23:59.029]  [T:0x00e62] D: [VDMCustomSlider] updateUI OK, description = Brightness
[05:23:59.029]  [T:0x00e62] D: [VDMCustomSlider] updateUI OK, description = Contrast
[05:23:59.029]  [T:0x00e62] D: [VDMCustomSlider] updateUI OK, description = Sharpness
[05:23:59.029]  [T:0x00e62] D: [VDMCustomSlider] updateUI OK, description = Blue Light Filter
[05:23:59.030]  [T:0x00e62] D: [VDMCustomSlider] updateUI OK, description = Volume
[05:23:59.030]  [T:0x00e62] W: [ getVCPValue ] No VCP value
[05:23:59.030]  [T:0x00e62] W: [ getData ] Data type is wrong CDisplayDatabaseCommand::DisplayDatabaseElements::VCPValue QVariant(QVariantList, QList(QVariant(int, 0), QVariant(QString, "Color Temperature")))
[05:23:59.030]  [T:0x00e62] W: [ getVCPValueByIndex ] Failed to get VCP value "Color Temperature" QVariant(int, 0)
[05:23:59.030]  [T:0x00e62] W: [ VDMCustomComboBox.qml::_selfRectangle::updateUI() ], Get wrong vcp value, value is empty, description is: Color Temperature
[05:23:59.030]  [T:0x00e62] W: [ getVCPValueByMonitorIndex ] No VCP value
[05:23:59.030]  [T:0x00e62] W: [ getData ] Data type is wrong CDisplayDatabaseCommand::DisplayDatabaseElements::VCPValueByMonitorIndex QVariant(QVariantList, QList(QVariant(int, 0), QVariant(QString, "Color Temperature")))
[05:24:49.049]  [T:0x00e62] D: [ logJsonToFile ] [ GA4 ] Measurement ID: "G-KKDK7WGP01"
[05:24:49.049]  [T:0x00e62] D: [ logJsonToFile ] [ GA4 ] API Secret    : "fPUEw5twT0m0JCHyRiP-Ww"
[05:24:49.049]  [T:0x00e62] D: [ logJsonToFile ] [ GA4 ] Client ID     : "b018b7099fc58c7beb053768e111032f2e57938d601230ca1d1c528f8d063088"
[05:24:49.049]  [T:0x00e62] D: [ logJsonToFile ] [ GA4 ] Payload       :
: "{\n    \"client_id\": \"b018b7099fc58c7beb053768e111032f2e57938d601230ca1d1c528f8d063088\",\n    \"events\": [\n        {\n            \"name\": \"display_control\",\n            \"params\": {\n                \"OS_version\": \"Mac\",\n                \"contrast\": 1\n            }\n        }\n    ]\n}\n"
[05:24:49.058]  [T:0x00e62] D: [ operator() ] "[ GA4 ] OK            : GA4 event [display_control] sent successfully. Response: "
[05:24:49.465]  [T:0xf4c73] I: [ setVCPValue ] "Set VCP Name: Contrast => 0x12, VCP value: 100"
[05:24:49.465]  [T:0x00e62] D: [VDMCustomSlider] updateUI OK, description = Brightness
[05:24:49.465]  [T:0x00e62] D: [VDMCustomSlider] updateUI OK, description = Contrast
[05:24:49.465]  [T:0x00e62] D: [VDMCustomSlider] updateUI OK, description = Sharpness
[05:24:49.466]  [T:0x00e62] D: [VDMCustomSlider] updateUI OK, description = Blue Light Filter
[05:24:49.466]  [T:0x00e62] D: [VDMCustomSlider] updateUI OK, description = Volume
[05:24:49.466]  [T:0x00e62] W: [ getVCPValue ] No VCP value
[05:24:49.466]  [T:0x00e62] W: [ getData ] Data type is wrong CDisplayDatabaseCommand::DisplayDatabaseElements::VCPValue QVariant(QVariantList, QList(QVariant(int, 0), QVariant(QString, "Color Temperature")))
[05:24:49.466]  [T:0x00e62] W: [ getVCPValueByIndex ] Failed to get VCP value "Color Temperature" QVariant(int, 0)
[05:24:49.466]  [T:0x00e62] W: [ VDMCustomComboBox.qml::_selfRectangle::updateUI() ], Get wrong vcp value, value is empty, description is: Color Temperature
[05:24:49.466]  [T:0x00e62] W: [ getVCPValueByMonitorIndex ] No VCP value
[05:24:49.466]  [T:0x00e62] W: [ getData ] Data type is wrong CDisplayDatabaseCommand::DisplayDatabaseElements::VCPValueByMonitorIndex QVariant(QVariantList, QList(QVariant(int, 0), QVariant(QString, "Color Temperature")))
[05:25:39.605]  [T:0x00e62] D: [ logJsonToFile ] [ GA4 ] Measurement ID: "G-KKDK7WGP01"
[05:25:39.605]  [T:0x00e62] D: [ logJsonToFile ] [ GA4 ] API Secret    : "fPUEw5twT0m0JCHyRiP-Ww"
[05:25:39.605]  [T:0x00e62] D: [ logJsonToFile ] [ GA4 ] Client ID     : "b018b7099fc58c7beb053768e111032f2e57938d601230ca1d1c528f8d063088"
[05:25:39.605]  [T:0x00e62] D: [ logJsonToFile ] [ GA4 ] Payload       :
: "{\n    \"client_id\": \"b018b7099fc58c7beb053768e111032f2e57938d601230ca1d1c528f8d063088\",\n    \"events\": [\n        {\n            \"name\": \"display_control\",\n            \"params\": {\n                \"OS_version\": \"Mac\",\n                \"sharpness\": 1\n            }\n        }\n    ]\n}\n"
[05:25:39.614]  [T:0x00e62] D: [ operator() ] "[ GA4 ] OK            : GA4 event [display_control] sent successfully. Response: "
[05:25:40.025]  [T:0xf4c73] I: [ setVCPValue ] "Set VCP Name: Sharpness => 0x87, VCP value: 0"
[05:25:40.025]  [T:0x00e62] D: [VDMCustomSlider] updateUI OK, description = Brightness
[05:25:40.026]  [T:0x00e62] D: [VDMCustomSlider] updateUI OK, description = Contrast
[05:25:40.026]  [T:0x00e62] D: [VDMCustomSlider] updateUI OK, description = Sharpness
[05:25:40.026]  [T:0x00e62] D: [VDMCustomSlider] updateUI OK, description = Blue Light Filter
[05:25:40.026]  [T:0x00e62] D: [VDMCustomSlider] updateUI OK, description = Volume
[05:25:40.026]  [T:0x00e62] W: [ getVCPValue ] No VCP value
[05:25:40.026]  [T:0x00e62] W: [ getData ] Data type is wrong CDisplayDatabaseCommand::DisplayDatabaseElements::VCPValue QVariant(QVariantList, QList(QVariant(int, 0), QVariant(QString, "Color Temperature")))
[05:25:40.026]  [T:0x00e62] W: [ getVCPValueByIndex ] Failed to get VCP value "Color Temperature" QVariant(int, 0)
[05:25:40.026]  [T:0x00e62] W: [ VDMCustomComboBox.qml::_selfRectangle::updateUI() ], Get wrong vcp value, value is empty, description is: Color Temperature
[05:25:40.026]  [T:0x00e62] W: [ getVCPValueByMonitorIndex ] No VCP value
[05:25:40.026]  [T:0x00e62] W: [ getData ] Data type is wrong CDisplayDatabaseCommand::DisplayDatabaseElements::VCPValueByMonitorIndex QVariant(QVariantList, QList(QVariant(int, 0), QVariant(QString, "Color Temperature")))
[05:26:29.972]  [T:0x00e62] D: [ logJsonToFile ] [ GA4 ] Measurement ID: "G-KKDK7WGP01"
[05:26:29.972]  [T:0x00e62] D: [ logJsonToFile ] [ GA4 ] API Secret    : "fPUEw5twT0m0JCHyRiP-Ww"
[05:26:29.972]  [T:0x00e62] D: [ logJsonToFile ] [ GA4 ] Client ID     : "b018b7099fc58c7beb053768e111032f2e57938d601230ca1d1c528f8d063088"
[05:26:29.972]  [T:0x00e62] D: [ logJsonToFile ] [ GA4 ] Payload       :
: "{\n    \"client_id\": \"b018b7099fc58c7beb053768e111032f2e57938d601230ca1d1c528f8d063088\",\n    \"events\": [\n        {\n            \"name\": \"display_control\",\n            \"params\": {\n                \"OS_version\": \"Mac\",\n                \"sharpness\": 1\n            }\n        }\n    ]\n}\n"
[05:26:29.980]  [T:0x00e62] D: [ operator() ] "[ GA4 ] OK            : GA4 event [display_control] sent successfully. Response: "
[05:26:30.392]  [T:0xf4c73] I: [ setVCPValue ] "Set VCP Name: Sharpness => 0x87, VCP value: 4"
[05:26:30.392]  [T:0x00e62] D: [VDMCustomSlider] updateUI OK, description = Brightness
[05:26:30.392]  [T:0x00e62] D: [VDMCustomSlider] updateUI OK, description = Contrast
[05:26:30.392]  [T:0x00e62] D: [VDMCustomSlider] updateUI OK, description = Sharpness
[05:26:30.392]  [T:0x00e62] D: [VDMCustomSlider] updateUI OK, description = Blue Light Filter
[05:26:30.393]  [T:0x00e62] D: [VDMCustomSlider] updateUI OK, description = Volume
[05:26:30.393]  [T:0x00e62] W: [ getVCPValue ] No VCP value
[05:26:30.393]  [T:0x00e62] W: [ getData ] Data type is wrong CDisplayDatabaseCommand::DisplayDatabaseElements::VCPValue QVariant(QVariantList, QList(QVariant(int, 0), QVariant(QString, "Color Temperature")))
[05:26:30.393]  [T:0x00e62] W: [ getVCPValueByIndex ] Failed to get VCP value "Color Temperature" QVariant(int, 0)
[05:26:30.393]  [T:0x00e62] W: [ VDMCustomComboBox.qml::_selfRectangle::updateUI() ], Get wrong vcp value, value is empty, description is: Color Temperature
[05:26:30.393]  [T:0x00e62] W: [ getVCPValueByMonitorIndex ] No VCP value
[05:26:30.393]  [T:0x00e62] W: [ getData ] Data type is wrong CDisplayDatabaseCommand::DisplayDatabaseElements::VCPValueByMonitorIndex QVariant(QVariantList, QList(QVariant(int, 0), QVariant(QString, "Color Temperature")))
[05:28:10.915]  [T:0x00e62] D: [ logJsonToFile ] [ GA4 ] Measurement ID: "G-KKDK7WGP01"
[05:28:10.916]  [T:0x00e62] D: [ logJsonToFile ] [ GA4 ] API Secret    : "fPUEw5twT0m0JCHyRiP-Ww"
[05:28:10.916]  [T:0x00e62] D: [ logJsonToFile ] [ GA4 ] Client ID     : "b018b7099fc58c7beb053768e111032f2e57938d601230ca1d1c528f8d063088"
[05:28:10.916]  [T:0x00e62] D: [ logJsonToFile ] [ GA4 ] Payload       :
: "{\n    \"client_id\": \"b018b7099fc58c7beb053768e111032f2e57938d601230ca1d1c528f8d063088\",\n    \"events\": [\n        {\n            \"name\": \"display_control\",\n            \"params\": {\n                \"OS_version\": \"Mac\",\n                \"blue_light_filter\": 1\n            }\n        }\n    ]\n}\n"
[05:28:10.924]  [T:0x00e62] D: [ operator() ] "[ GA4 ] OK            : GA4 event [display_control] sent successfully. Response: "
[05:28:11.336]  [T:0x13bb7] I: [ setVCPValue ] "Set VCP Name: Blue Light Filter => 0xE2, VCP value: 100"
[05:28:11.336]  [T:0x00e62] D: [VDMCustomSlider] updateUI OK, description = Brightness
[05:28:11.337]  [T:0x00e62] D: [VDMCustomSlider] updateUI OK, description = Contrast
[05:28:11.337]  [T:0x00e62] D: [VDMCustomSlider] updateUI OK, description = Sharpness
[05:28:11.337]  [T:0x00e62] D: [VDMCustomSlider] updateUI OK, description = Blue Light Filter
[05:28:11.337]  [T:0x00e62] D: [VDMCustomSlider] updateUI OK, description = Volume
[05:28:11.337]  [T:0x00e62] W: [ getVCPValue ] No VCP value
[05:28:11.337]  [T:0x00e62] W: [ getData ] Data type is wrong CDisplayDatabaseCommand::DisplayDatabaseElements::VCPValue QVariant(QVariantList, QList(QVariant(int, 0), QVariant(QString, "Color Temperature")))
[05:28:11.337]  [T:0x00e62] W: [ getVCPValueByIndex ] Failed to get VCP value "Color Temperature" QVariant(int, 0)
[05:28:11.337]  [T:0x00e62] W: [ VDMCustomComboBox.qml::_selfRectangle::updateUI() ], Get wrong vcp value, value is empty, description is: Color Temperature
[05:28:11.337]  [T:0x00e62] W: [ getVCPValueByMonitorIndex ] No VCP value
[05:28:11.337]  [T:0x00e62] W: [ getData ] Data type is wrong CDisplayDatabaseCommand::DisplayDatabaseElements::VCPValueByMonitorIndex QVariant(QVariantList, QList(QVariant(int, 0), QVariant(QString, "Color Temperature")))
[05:29:01.976]  [T:0x00e62] I: [ setVCPValue ] "Set VCP Name: Volume => 0x62, VCP value: "
[05:29:02.395]  [T:0x2ca4b] I: [ setVCPValue ] "Set VCP Name: Volume => 0x62, VCP value: 0"
[05:29:02.396]  [T:0x00e62] D: [VDMCustomSlider] updateUI OK, description = Brightness
[05:29:02.396]  [T:0x00e62] D: [VDMCustomSlider] updateUI OK, description = Contrast
[05:29:02.396]  [T:0x00e62] D: [VDMCustomSlider] updateUI OK, description = Sharpness
[05:29:02.396]  [T:0x00e62] D: [VDMCustomSlider] updateUI OK, description = Blue Light Filter
[05:29:02.396]  [T:0x00e62] D: [VDMCustomSlider] updateUI OK, description = Volume
[05:29:02.396]  [T:0x00e62] W: [ getVCPValue ] No VCP value
[05:29:02.396]  [T:0x00e62] W: [ getData ] Data type is wrong CDisplayDatabaseCommand::DisplayDatabaseElements::VCPValue QVariant(QVariantList, QList(QVariant(int, 0), QVariant(QString, "Color Temperature")))
[05:29:02.396]  [T:0x00e62] W: [ getVCPValueByIndex ] Failed to get VCP value "Color Temperature" QVariant(int, 0)
[05:29:02.396]  [T:0x00e62] W: [ VDMCustomComboBox.qml::_selfRectangle::updateUI() ], Get wrong vcp value, value is empty, description is: Color Temperature
[05:29:02.396]  [T:0x00e62] W: [ getVCPValueByMonitorIndex ] No VCP value
[05:29:02.396]  [T:0x00e62] W: [ getData ] Data type is wrong CDisplayDatabaseCommand::DisplayDatabaseElements::VCPValueByMonitorIndex QVariant(QVariantList, QList(QVariant(int, 0), QVariant(QString, "Color Temperature")))
[05:29:52.267]  [T:0x00e62] I: [ setVCPValue ] "Set VCP Name: Volume => 0x62, VCP value: "
[05:29:52.268]  [T:0x00e62] D: [ logJsonToFile ] [ GA4 ] Measurement ID: "G-KKDK7WGP01"
[05:29:52.269]  [T:0x00e62] D: [ logJsonToFile ] [ GA4 ] API Secret    : "fPUEw5twT0m0JCHyRiP-Ww"
[05:29:52.269]  [T:0x00e62] D: [ logJsonToFile ] [ GA4 ] Client ID     : "b018b7099fc58c7beb053768e111032f2e57938d601230ca1d1c528f8d063088"
[05:29:52.269]  [T:0x00e62] D: [ logJsonToFile ] [ GA4 ] Payload       :
: "{\n    \"client_id\": \"b018b7099fc58c7beb053768e111032f2e57938d601230ca1d1c528f8d063088\",\n    \"events\": [\n        {\n            \"name\": \"display_control\",\n            \"params\": {\n                \"OS_version\": \"Mac\",\n                \"volume\": 1\n            }\n        }\n    ]\n}\n"
[05:29:52.280]  [T:0x00e62] D: [ operator() ] "[ GA4 ] OK            : GA4 event [display_control] sent successfully. Response: "
[05:29:52.687]  [T:0x2ca4b] I: [ setVCPValue ] "Set VCP Name: Volume => 0x62, VCP value: 100"
[05:29:52.688]  [T:0x00e62] D: [VDMCustomSlider] updateUI OK, description = Brightness
[05:29:52.688]  [T:0x00e62] D: [VDMCustomSlider] updateUI OK, description = Contrast
[05:29:52.688]  [T:0x00e62] D: [VDMCustomSlider] updateUI OK, description = Sharpness
[05:29:52.688]  [T:0x00e62] D: [VDMCustomSlider] updateUI OK, description = Blue Light Filter
[05:29:52.688]  [T:0x00e62] D: [VDMCustomSlider] updateUI OK, description = Volume
[05:29:52.688]  [T:0x00e62] W: [ getVCPValue ] No VCP value
[05:29:52.688]  [T:0x00e62] W: [ getData ] Data type is wrong CDisplayDatabaseCommand::DisplayDatabaseElements::VCPValue QVariant(QVariantList, QList(QVariant(int, 0), QVariant(QString, "Color Temperature")))
[05:29:52.688]  [T:0x00e62] W: [ getVCPValueByIndex ] Failed to get VCP value "Color Temperature" QVariant(int, 0)
[05:29:52.688]  [T:0x00e62] W: [ VDMCustomComboBox.qml::_selfRectangle::updateUI() ], Get wrong vcp value, value is empty, description is: Color Temperature
[05:29:52.688]  [T:0x00e62] W: [ getVCPValueByMonitorIndex ] No VCP value
[05:29:52.688]  [T:0x00e62] W: [ getData ] Data type is wrong CDisplayDatabaseCommand::DisplayDatabaseElements::VCPValueByMonitorIndex QVariant(QVariantList, QList(QVariant(int, 0), QVariant(QString, "Color Temperature")))
[05:46:08.290]  [T:0x2ca4b] I: [ setVCPValue ] "Set VCP Name: Video Signal Auto Detect => 0x33, VCP value: On"
[05:46:08.291]  [T:0x00e62] D: [VDMCustomSlider] updateUI OK, description = Brightness
[05:46:08.291]  [T:0x00e62] D: [VDMCustomSlider] updateUI OK, description = Contrast
[05:46:08.291]  [T:0x00e62] D: [VDMCustomSlider] updateUI OK, description = Sharpness
[05:46:08.291]  [T:0x00e62] D: [VDMCustomSlider] updateUI OK, description = Blue Light Filter
[05:46:08.291]  [T:0x00e62] D: [VDMCustomSlider] updateUI OK, description = Volume
[05:46:08.291]  [T:0x00e62] W: [ getVCPValue ] No VCP value
[05:46:08.291]  [T:0x00e62] W: [ getData ] Data type is wrong CDisplayDatabaseCommand::DisplayDatabaseElements::VCPValue QVariant(QVariantList, QList(QVariant(int, 0), QVariant(QString, "Color Temperature")))
[05:46:08.291]  [T:0x00e62] W: [ getVCPValueByIndex ] Failed to get VCP value "Color Temperature" QVariant(int, 0)
[05:46:08.291]  [T:0x00e62] W: [ VDMCustomComboBox.qml::_selfRectangle::updateUI() ], Get wrong vcp value, value is empty, description is: Color Temperature
[05:46:08.291]  [T:0x00e62] W: [ getVCPValueByMonitorIndex ] No VCP value
[05:46:08.291]  [T:0x00e62] W: [ getData ] Data type is wrong CDisplayDatabaseCommand::DisplayDatabaseElements::VCPValueByMonitorIndex QVariant(QVariantList, QList(QVariant(int, 0), QVariant(QString, "Color Temperature")))
[05:46:08.292]  [T:0x00e62] D: [ convertToRegexPatternCommon ] "[ GA4 ] Error         : RegexCommon Validate FAIL - Invalid format: [Digital Video (TMDS) 3 HDMI 1]"
[05:46:08.292]  [T:0x00e62] D: [ convertToRegexPatternCommon ] "[ GA4 ] Fix           : Remove unmatch characters - format: [DigitalVideoTMDS3HDMI1]"
[05:46:08.292]  [T:0x00e62] D: [ logJsonToFile ] [ GA4 ] Measurement ID: "G-KKDK7WGP01"
[05:46:08.292]  [T:0x00e62] D: [ logJsonToFile ] [ GA4 ] API Secret    : "fPUEw5twT0m0JCHyRiP-Ww"
[05:46:08.292]  [T:0x00e62] D: [ logJsonToFile ] [ GA4 ] Client ID     : "b018b7099fc58c7beb053768e111032f2e57938d601230ca1d1c528f8d063088"
[05:46:08.292]  [T:0x00e62] D: [ logJsonToFile ] [ GA4 ] Payload       :
: "{\n    \"client_id\": \"b018b7099fc58c7beb053768e111032f2e57938d601230ca1d1c528f8d063088\",\n    \"events\": [\n        {\n            \"name\": \"input_source\",\n            \"params\": {\n                \"OS_version\": \"Mac\",\n                \"auto_input_source\": \"on\",\n                \"manual_input_source\": \"DigitalVideoTMDS3HDMI1\"\n            }\n        }\n    ]\n}\n"
[05:46:08.468]  [T:0x00e62] D: [ operator() ] "[ GA4 ] OK            : GA4 event [input_source] sent successfully. Response: "
[05:46:39.033]  [T:0x00e62] I: [ setAutoPivotThread ] AutoPivotWorkThread stopped
[05:46:40.776]  [T:0xf4c73] I: [ setVCPValue ] "Set VCP Name: Restore Factory Defaults => 0x4, VCP value: 1"
[05:46:45.879]  [T:0xf4c73] I: [ waitForResetMonitorReady ] reset monitor is not connect : 0
[05:46:45.879]  [T:0xf4c73] I: [ init ] Initialize DisplayControl
[05:46:47.292]  [T:0xf4c73] I: [ syncMonitorsAction ] Sync monitor:  "VG2748a"
[05:46:47.544]  [T:0xf4c73] I: [ getVCPValue ] VCP Description is  "Brightness" VCP value is  90
[05:46:47.852]  [T:0xf4c73] I: [ getVCPValue ] VCP Description is  "Signal Source List" VCP value is  16385
[05:46:48.158]  [T:0xf4c73] I: [ getVCPValue ] VCP Description is  "Contrast" VCP value is  70
[05:46:48.468]  [T:0xf4c73] I: [ getVCPValue ] VCP Description is  "Video Signal Auto Detect" VCP value is  2 VCP option name: "On"
[05:46:48.776]  [T:0xf4c73] I: [ getVCPValue ] VCP Description is  "Battery Information" VCP value is  65535
[05:46:49.085]  [T:0xf4c73] I: [ getVCPValue ] VCP Description is  "Display Application" VCP value is  0 VCP option name: "Off"
[05:46:49.398]  [T:0xf4c73] I: [ getVCPValue ] VCP Description is  "Advanced DCR" VCP value is  0 VCP option name: "Advanced DCR Off"
[05:46:49.707]  [T:0xf4c73] I: [ getVCPValue ] VCP Description is  "Power Indicator" VCP value is  2 VCP option name: "On"
[05:46:50.015]  [T:0xf4c73] I: [ getVCPValue ] VCP Description is  "Restore Factory Defaults" VCP value is  0
[05:46:50.325]  [T:0xf4c73] I: [ getVCPValue ] VCP Description is  "Blue Light Filter" VCP value is  0
[05:46:50.631]  [T:0xf4c73] I: [ getVCPValue ] VCP Description is  "Audio Mute" VCP value is  2 VCP option name: "Un-Mute the audio"
[05:46:50.943]  [T:0xf4c73] I: [ getVCPValue ] VCP Description is  "Input Selection" VCP value is  17 VCP option name: "Digital Video (TMDS) 3 HDMI 1"
[05:46:51.250]  [T:0xf4c73] I: [ getVCPValue ] VCP Description is  "Volume" VCP value is  50
[05:46:51.553]  [T:0xf4c73] I: [ getVCPValue ] VCP Description is  "Sharpness" VCP value is  2
[05:46:51.654]  [T:0x00e62] D: [VDMCustomSlider] updateUI OK, description = Brightness
[05:46:51.654]  [T:0x00e62] D: [VDMCustomSlider] updateUI OK, description = Contrast
[05:46:51.654]  [T:0x00e62] D: [VDMCustomSlider] updateUI OK, description = Sharpness
[05:46:51.654]  [T:0x00e62] D: [VDMCustomSlider] updateUI OK, description = Blue Light Filter
[05:46:51.654]  [T:0x00e62] D: [VDMCustomSlider] updateUI OK, description = Volume
[05:46:51.654]  [T:0x00e62] W: [ getVCPValue ] No VCP value
[05:46:51.655]  [T:0x00e62] W: [ getData ] Data type is wrong CDisplayDatabaseCommand::DisplayDatabaseElements::VCPValue QVariant(QVariantList, QList(QVariant(int, 0), QVariant(QString, "Color Temperature")))
[05:46:51.655]  [T:0x00e62] W: [ getVCPValueByIndex ] Failed to get VCP value "Color Temperature" QVariant(int, 0)
[05:46:51.655]  [T:0x00e62] W: [ VDMCustomComboBox.qml::_selfRectangle::updateUI() ], Get wrong vcp value, value is empty, description is: Color Temperature
[05:46:51.655]  [T:0x00e62] W: [ getVCPValueByMonitorIndex ] No VCP value
[05:46:51.655]  [T:0x00e62] W: [ getData ] Data type is wrong CDisplayDatabaseCommand::DisplayDatabaseElements::VCPValueByMonitorIndex QVariant(QVariantList, QList(QVariant(int, 0), QVariant(QString, "Color Temperature")))
[05:46:51.867]  [T:0x00e62] D: [VDMCustomSlider] updateUI OK, description = Brightness
[05:46:51.868]  [T:0x00e62] D: [VDMCustomSlider] updateUI OK, description = Contrast
[05:46:51.868]  [T:0x00e62] D: [VDMCustomSlider] updateUI OK, description = Sharpness
[05:46:51.868]  [T:0x00e62] D: [VDMCustomSlider] updateUI OK, description = Blue Light Filter
[05:46:51.869]  [T:0x00e62] D: [VDMCustomSlider] updateUI OK, description = Volume
[05:46:51.869]  [T:0x00e62] W: [ getVCPValue ] No VCP value
[05:46:51.869]  [T:0x00e62] W: [ getData ] Data type is wrong CDisplayDatabaseCommand::DisplayDatabaseElements::VCPValue QVariant(QVariantList, QList(QVariant(int, 0), QVariant(QString, "Color Temperature")))
[05:46:51.869]  [T:0x00e62] W: [ getVCPValueByIndex ] Failed to get VCP value "Color Temperature" QVariant(int, 0)
[05:46:51.869]  [T:0x00e62] W: [ VDMCustomComboBox.qml::_selfRectangle::updateUI() ], Get wrong vcp value, value is empty, description is: Color Temperature
[05:46:51.870]  [T:0x00e62] W: [ getVCPValueByMonitorIndex ] No VCP value
[05:46:51.870]  [T:0x00e62] W: [ getData ] Data type is wrong CDisplayDatabaseCommand::DisplayDatabaseElements::VCPValueByMonitorIndex QVariant(QVariantList, QList(QVariant(int, 0), QVariant(QString, "Color Temperature")))
[05:46:51.870]  [T:0x00e62] D: intellgenceCondition: false
[05:46:51.878]  [T:0x00e62] W: [ getVCPValue ] No VCP value
[05:46:51.878]  [T:0x00e62] W: [ getData ] Data type is wrong CDisplayDatabaseCommand::DisplayDatabaseElements::VCPValue QVariant(QVariantList, QList(QVariant(int, 0), QVariant(QString, "Color Temperature")))
[05:46:51.878]  [T:0x00e62] W: [ getVCPValueByIndex ] Failed to get VCP value "Color Temperature" QVariant(int, 0)
[05:46:51.878]  [T:0x00e62] W: [ VDMCustomComboBox.qml::_selfRectangle::updateUI() ], Get wrong vcp value, value is empty, description is: Color Temperature
[05:46:51.878]  [T:0x00e62] W: [ getVCPValueByMonitorIndex ] No VCP value
[05:46:51.878]  [T:0x00e62] W: [ getData ] Data type is wrong CDisplayDatabaseCommand::DisplayDatabaseElements::VCPValueByMonitorIndex QVariant(QVariantList, QList(QVariant(int, 0), QVariant(QString, "Color Temperature")))
[05:46:51.878]  [T:0x00e62] D: isSupportAIMode:false
[05:46:51.878]  [T:0x00e62] D: [VDMCustomSlider] updateUI OK, description = Brightness
[05:46:51.879]  [T:0x00e62] D: [VDMCustomSlider] updateUI OK, description = Contrast
[05:46:51.879]  [T:0x00e62] D: [VDMCustomSlider] updateUI OK, description = Sharpness
[05:46:51.879]  [T:0x00e62] D: [VDMCustomSlider] updateUI OK, description = Blue Light Filter
[05:46:51.879]  [T:0x00e62] D: [VDMCustomSlider] updateUI OK, description = Volume
[05:46:51.879]  [T:0x00e62] W: [ getVCPValue ] No VCP value
[05:46:51.879]  [T:0x00e62] W: [ getData ] Data type is wrong CDisplayDatabaseCommand::DisplayDatabaseElements::VCPValue QVariant(QVariantList, QList(QVariant(int, 0), QVariant(QString, "Color Temperature")))
[05:46:51.879]  [T:0x00e62] W: [ getVCPValueByIndex ] Failed to get VCP value "Color Temperature" QVariant(int, 0)
[05:46:51.880]  [T:0x00e62] W: [ VDMCustomComboBox.qml::_selfRectangle::updateUI() ], Get wrong vcp value, value is empty, description is: Color Temperature
[05:46:51.880]  [T:0x00e62] W: [ getVCPValueByMonitorIndex ] No VCP value
[05:46:51.880]  [T:0x00e62] W: [ getData ] Data type is wrong CDisplayDatabaseCommand::DisplayDatabaseElements::VCPValueByMonitorIndex QVariant(QVariantList, QList(QVariant(int, 0), QVariant(QString, "Color Temperature")))
[05:46:52.135]  [T:0x00e62] D: [VDMCustomSlider] updateUI OK, description = Brightness
[05:46:52.135]  [T:0x00e62] D: [VDMCustomSlider] updateUI OK, description = Contrast
[05:46:52.135]  [T:0x00e62] D: [VDMCustomSlider] updateUI OK, description = Sharpness
[05:46:52.136]  [T:0x00e62] D: [VDMCustomSlider] updateUI OK, description = Blue Light Filter
[05:46:52.136]  [T:0x00e62] D: [VDMCustomSlider] updateUI OK, description = Volume
[05:46:52.136]  [T:0x00e62] W: [ getVCPValue ] No VCP value
[05:46:52.136]  [T:0x00e62] W: [ getData ] Data type is wrong CDisplayDatabaseCommand::DisplayDatabaseElements::VCPValue QVariant(QVariantList, QList(QVariant(int, 0), QVariant(QString, "Color Temperature")))
[05:46:52.136]  [T:0x00e62] W: [ getVCPValueByIndex ] Failed to get VCP value "Color Temperature" QVariant(int, 0)
[05:46:52.136]  [T:0x00e62] W: [ VDMCustomComboBox.qml::_selfRectangle::updateUI() ], Get wrong vcp value, value is empty, description is: Color Temperature
[05:46:52.137]  [T:0x00e62] W: [ getVCPValueByMonitorIndex ] No VCP value
[05:46:52.137]  [T:0x00e62] W: [ getData ] Data type is wrong CDisplayDatabaseCommand::DisplayDatabaseElements::VCPValueByMonitorIndex QVariant(QVariantList, QList(QVariant(int, 0), QVariant(QString, "Color Temperature")))
[05:46:52.137]  [T:0x00e62] D: intellgenceCondition: false
[05:46:52.138]  [T:0x00e62] D: [VDMCustomSlider] updateUI OK, description = Brightness
[05:46:52.139]  [T:0x00e62] D: [VDMCustomSlider] updateUI OK, description = Contrast
[05:46:52.139]  [T:0x00e62] D: [VDMCustomSlider] updateUI OK, description = Sharpness
[05:46:52.139]  [T:0x00e62] D: [VDMCustomSlider] updateUI OK, description = Blue Light Filter
[05:46:52.139]  [T:0x00e62] D: [VDMCustomSlider] updateUI OK, description = Volume
[05:47:27.265]  [T:0x00e62] I: [ setAutoPivotThread ] AutoPivotWorkThread stopped
[05:47:27.270]  [T:0x00e62] I: [ CleanOldLogs ] Clean logs
